2025-08-05 12:55:41,040 - INFO - 🚀 Starting Comprehensive CAD/RMS Pipeline...
2025-08-05 12:55:41,041 - INFO - 🔍 Discovering export files...
2025-08-05 12:55:41,044 - INFO -    Found 4 CAD export files
2025-08-05 12:55:41,044 - INFO -    Found 2 RMS export files
2025-08-05 12:55:41,045 - INFO -    CAD: 2024_CAD_ALL.xlsx (15.5 MB)
2025-08-05 12:55:41,045 - INFO -    CAD: 2024_CAD_ALL_zoned.xlsx (16.0 MB)
2025-08-05 12:55:41,046 - INFO -    CAD: 25_01_to_25_07_20_CAD.xlsx (9.2 MB)
2025-08-05 12:55:41,047 - INFO -    CAD: 25_01_to_25_07_20_CAD_zoned.xlsx (8.9 MB)
2025-08-05 12:55:41,047 - INFO -    RMS: 2024_ALL_RMS.xlsx (6.3 MB)
2025-08-05 12:55:41,048 - INFO -    RMS: 2025_01_25_07_20_RMS.xlsx (3.4 MB)
2025-08-05 12:55:41,048 - INFO - 📋 Checking processing state...
2025-08-05 12:55:41,056 - INFO -    Found 4 previously processed files
2025-08-05 12:55:41,056 - INFO -    New CAD files to process: 3
2025-08-05 12:55:41,056 - INFO -    New RMS files to process: 1
2025-08-05 12:55:41,056 - INFO - 🔄 Combining CAD export files...
2025-08-05 12:55:41,057 - INFO -    Processing CAD file: 2024_CAD_ALL_zoned.xlsx
2025-08-05 12:56:01,343 - INFO -       Loaded 110,313 CAD records
2025-08-05 12:56:01,344 - INFO -    Processing CAD file: 25_01_to_25_07_20_CAD.xlsx
2025-08-05 12:56:15,937 - INFO -       Loaded 60,844 CAD records
2025-08-05 12:56:15,937 - INFO -    Processing CAD file: 25_01_to_25_07_20_CAD_zoned.xlsx
2025-08-05 12:56:25,143 - INFO -       Loaded 60,844 CAD records
2025-08-05 12:56:25,251 - INFO -    Combined total: 232,001 CAD records
2025-08-05 12:56:25,251 - INFO - 🧹 Deduplicating CAD data...
2025-08-05 12:56:25,300 - INFO -    Removed 101,712 duplicate CAD records
2025-08-05 12:56:25,341 - INFO - 🔄 Combining RMS export files...
2025-08-05 12:56:25,341 - INFO -    Processing RMS file: 2025_01_25_07_20_RMS.xlsx
2025-08-05 12:56:28,342 - INFO -       Loaded 13,991 RMS records
2025-08-05 12:56:28,343 - INFO -    Combined total: 13,991 RMS records
2025-08-05 12:56:28,343 - INFO - 🧹 Deduplicating RMS data...
2025-08-05 12:56:28,348 - INFO -    Removed 2 duplicate RMS records
2025-08-05 12:56:28,350 - INFO - 🔧 Processing and enhancing CAD data...
2025-08-05 12:56:28,537 - INFO -    Enhanced 130,289 CAD records
2025-08-05 12:56:28,538 - INFO - 🔧 Processing and enhancing RMS data...
2025-08-05 12:56:28,544 - INFO - 📋 Extracting supplement information...
2025-08-05 12:56:28,567 - INFO -    Base cases: 8,944, Supplements: 5,045
2025-08-05 12:56:29,343 - INFO -    Enhanced 13,989 RMS records
2025-08-05 12:56:29,343 - INFO - 🔗 Integrating CAD and RMS data...
2025-08-05 12:56:29,384 - ERROR -    Integration failed: Passing 'suffixes' which cause duplicate columns {'Grid_x'} is not allowed.
2025-08-05 12:56:29,385 - INFO - 💾 Saving pipeline outputs...
2025-08-05 12:57:20,130 - INFO -    Saved enhanced CAD: pipeline_enhanced_cad_20250805_125629.xlsx
2025-08-05 12:57:26,366 - INFO -    Saved enhanced RMS: pipeline_enhanced_rms_20250805_125629.xlsx
2025-08-05 12:57:26,368 - INFO - 📝 Updating pipeline state...
2025-08-05 12:57:26,372 - INFO -    Updated state with 8 total processed files
2025-08-05 12:57:26,372 - INFO - ✅ Comprehensive pipeline completed in 105.3 seconds
