2025-08-01 11:52:22,545 - INFO - ================================================================================
2025-08-01 11:52:22,546 - INFO - SCRPA AUTOMATED GEOCODING - 20250801_115222
2025-08-01 11:52:22,546 - INFO - ================================================================================
2025-08-01 11:52:22,546 - INFO - Setting up ArcGIS environment...
2025-08-01 11:52:23,225 - INFO - Workspace set: C:\Users\carucci_r\OneDrive - City of Hackensack\01_DataSources\SCRPA_Time_v2\temp_geocoding_auto
2025-08-01 11:52:23,225 - INFO - Coordinate system: NAD_1983_StatePlane_New_Jersey_FIPS_2900_Feet (EPSG:3424)
2025-08-01 11:52:23,226 - ERROR - ArcGIS environment setup failed: ArcGIS Pro template not found: C:\Users\carucci_r\OneDrive - City of Hackensack\01_DataSources\SCRPA_Time_v2\10_Refrence_Files\7_Day_Template_SCRPA_Time.aprx
2025-08-01 11:52:23,226 - INFO - Starting complete automated SCRPA geocoding workflow...
2025-08-01 11:52:23,226 - INFO - Creating processing geodatabase...
2025-08-01 11:52:23,952 - INFO - Processing geodatabase created: C:\Users\carucci_r\OneDrive - City of Hackensack\01_DataSources\SCRPA_Time_v2\temp_geocoding_auto\SCRPA_Geocoding_20250801_115222.gdb
2025-08-01 11:52:23,952 - INFO - Importing address data...
2025-08-01 11:52:23,952 - ERROR - Address data import failed: TableToTable() got an unexpected keyword argument 'in_table'
2025-08-01 11:52:23,952 - ERROR - FATAL ERROR - Automated geocoding failed: Failed to import address data
2025-08-01 11:52:23,955 - ERROR - Traceback: Traceback (most recent call last):
  File "C:\Users\carucci_r\OneDrive - City of Hackensack\01_DataSources\SCRPA_Time_v2\01_scripts\SCRPA_Automated_Geocoding_Complete.py", line 836, in execute_complete_automation
    raise Exception("Failed to import address data")
Exception: Failed to import address data

2025-08-01 11:52:23,955 - INFO - Generating automation report...
2025-08-01 11:52:23,958 - INFO - Automation reports generated:
2025-08-01 11:52:23,958 - INFO -   JSON Report: C:\Users\carucci_r\OneDrive - City of Hackensack\01_DataSources\SCRPA_Time_v2\03_output\automated_geocoding_report_20250801_115222.json
2025-08-01 11:52:23,960 - INFO -   Summary Report: C:\Users\carucci_r\OneDrive - City of Hackensack\01_DataSources\SCRPA_Time_v2\03_output\automated_geocoding_summary_20250801_115222.md
2025-08-01 11:52:23,960 - INFO - Cleaning up temporary processing files...
2025-08-01 11:52:24,274 - INFO - Processing geodatabase removed
