2025-08-04 21:36:46,841 - ComprehensiveSCRPAFixV8_5 - INFO - === Comprehensive SCRPA Fix V8.5 - Cycle Calendar Integration Version ===
2025-08-04 21:36:47,431 - ComprehensiveSCRPAFixV8_5 - INFO - Loaded call type reference: 592 records
2025-08-04 21:36:47,431 - ComprehensiveSCRPAFixV8_5 - INFO - Reference file columns: ['Incident', 'Category Type', 'Response Type']
2025-08-04 21:36:47,432 - ComprehensiveSCRPAFixV8_5 - INFO - Incident column forced to string type with 592 records
2025-08-04 21:36:47,539 - ComprehensiveSCRPAFixV8_5 - INFO - Loaded zone/grid reference: 1368 records
2025-08-04 21:36:47,555 - ComprehensiveSCRPAFixV8_5 - INFO - Loaded cycle calendar: 52 records
2025-08-04 21:36:47,556 - ComprehensiveSCRPAFixV8_5 - INFO - Cycle calendar columns: ['Report_Due_Date', '7_Day_Start', '7_Day_End', '28_Day_Start', '28_Day_End', 'Report_Name']
2025-08-04 21:36:47,558 - ComprehensiveSCRPAFixV8_5 - INFO - Current cycle: C08W31, Date: 20250804
2025-08-04 21:36:47,559 - ComprehensiveSCRPAFixV8_5 - INFO - 🧪 Running Performance Monitoring Demo
2025-08-04 21:36:47,559 - ComprehensiveSCRPAFixV8_5 - INFO - 🚀 Starting Performance Test Demo... (Memory: 99.9MB)
2025-08-04 21:36:47,559 - ComprehensiveSCRPAFixV8_5 - INFO - 🚀 Starting Large DataFrame Creation... (Memory: 99.9MB)
2025-08-04 21:36:47,562 - ComprehensiveSCRPAFixV8_5 - INFO - ⚡ Completed Large DataFrame Creation (Fast):
2025-08-04 21:36:47,562 - ComprehensiveSCRPAFixV8_5 - INFO -   ⏱️ Duration: 0.00s
2025-08-04 21:36:47,562 - ComprehensiveSCRPAFixV8_5 - INFO -   💾 Memory: 100.9MB (Δ+1.0MB)
2025-08-04 21:36:47,569 - ComprehensiveSCRPAFixV8_5 - INFO - 💾 Test DataFrame memory optimized: 0.7MB → 0.1MB (saved 0.6MB)
2025-08-04 21:36:47,569 - ComprehensiveSCRPAFixV8_5 - INFO - 🚀 Starting DataFrame Operations... (Memory: 101.1MB)
2025-08-04 21:36:47,574 - ComprehensiveSCRPAFixV8_5 - INFO - ⚡ Completed DataFrame Operations (Fast):
2025-08-04 21:36:47,575 - ComprehensiveSCRPAFixV8_5 - INFO -   ⏱️ Duration: 0.01s
2025-08-04 21:36:47,575 - ComprehensiveSCRPAFixV8_5 - INFO -   💾 Memory: 101.3MB (Δ+0.2MB)
2025-08-04 21:36:47,607 - ComprehensiveSCRPAFixV8_5 - INFO - 📊 System Performance Summary: {'memory_rss_mb': 101.3203125, 'memory_vms_mb': 813.8671875, 'cpu_percent': 0.0, 'num_threads': 26, 'system_memory_percent': 70.3, 'system_cpu_percent': 25.8}
2025-08-04 21:36:47,625 - ComprehensiveSCRPAFixV8_5 - INFO - ⚡ Completed Performance Test Demo (Fast):
2025-08-04 21:36:47,625 - ComprehensiveSCRPAFixV8_5 - INFO -   ⏱️ Duration: 0.07s
2025-08-04 21:36:47,626 - ComprehensiveSCRPAFixV8_5 - INFO -   💾 Memory: 101.3MB (Δ+1.4MB)
2025-08-04 21:36:47,626 - ComprehensiveSCRPAFixV8_5 - INFO - ✅ Performance monitoring demo completed successfully
2025-08-04 21:36:47,626 - ComprehensiveSCRPAFixV8_5 - INFO - 🧪 Testing chunked processing functionality
2025-08-04 21:36:47,627 - ComprehensiveSCRPAFixV8_5 - INFO - 🚀 Starting Creating test dataset... (Memory: 101.4MB)
2025-08-04 21:36:47,645 - ComprehensiveSCRPAFixV8_5 - INFO - 📁 Created test file: C:\Users\carucci_r\OneDrive - City of Hackensack\01_DataSources\SCRPA_Time_v2\03_output\temp\test_large_dataset_2500_rows.csv (2,500 rows)
2025-08-04 21:36:47,645 - ComprehensiveSCRPAFixV8_5 - INFO - ⚡ Completed Creating test dataset (Fast):
2025-08-04 21:36:47,646 - ComprehensiveSCRPAFixV8_5 - INFO -   ⏱️ Duration: 0.02s
2025-08-04 21:36:47,646 - ComprehensiveSCRPAFixV8_5 - INFO -   💾 Memory: 102.1MB (Δ+0.7MB)
2025-08-04 21:36:47,647 - ComprehensiveSCRPAFixV8_5 - INFO - 🚀 Starting Chunked processing test... (Memory: 102.1MB)
2025-08-04 21:36:47,651 - ComprehensiveSCRPAFixV8_5 - INFO - 📚 Processing large dataset: 2500 rows in chunks of 500
2025-08-04 21:36:47,652 - ComprehensiveSCRPAFixV8_5 - INFO - 🚀 Starting Chunked processing (2500 rows)... (Memory: 102.1MB)
2025-08-04 21:36:47,658 - ComprehensiveSCRPAFixV8_5 - INFO - 🚀 Starting Chunk 1... (Memory: 103.8MB)
2025-08-04 21:36:47,682 - ComprehensiveSCRPAFixV8_5 - INFO - 📊 Progress: 500/2,500 rows (20.0%)
2025-08-04 21:36:47,682 - ComprehensiveSCRPAFixV8_5 - INFO - ⚡ Completed Chunk 1 (Fast):
2025-08-04 21:36:47,683 - ComprehensiveSCRPAFixV8_5 - INFO -   ⏱️ Duration: 0.02s
2025-08-04 21:36:47,683 - ComprehensiveSCRPAFixV8_5 - INFO -   💾 Memory: 103.9MB (Δ+0.1MB)
2025-08-04 21:36:47,687 - ComprehensiveSCRPAFixV8_5 - INFO - 🚀 Starting Chunk 2... (Memory: 104.0MB)
2025-08-04 21:36:47,706 - ComprehensiveSCRPAFixV8_5 - INFO - 📊 Progress: 1,000/2,500 rows (40.0%)
2025-08-04 21:36:47,706 - ComprehensiveSCRPAFixV8_5 - INFO - ⚡ Completed Chunk 2 (Fast):
2025-08-04 21:36:47,707 - ComprehensiveSCRPAFixV8_5 - INFO -   ⏱️ Duration: 0.02s
2025-08-04 21:36:47,707 - ComprehensiveSCRPAFixV8_5 - INFO -   💾 Memory: 104.1MB (Δ+0.1MB)
2025-08-04 21:36:47,711 - ComprehensiveSCRPAFixV8_5 - INFO - 🚀 Starting Chunk 3... (Memory: 104.2MB)
2025-08-04 21:36:47,733 - ComprehensiveSCRPAFixV8_5 - INFO - 📊 Progress: 1,500/2,500 rows (60.0%)
2025-08-04 21:36:47,733 - ComprehensiveSCRPAFixV8_5 - INFO - ⚡ Completed Chunk 3 (Fast):
2025-08-04 21:36:47,734 - ComprehensiveSCRPAFixV8_5 - INFO -   ⏱️ Duration: 0.02s
2025-08-04 21:36:47,734 - ComprehensiveSCRPAFixV8_5 - INFO -   💾 Memory: 104.2MB (Δ+0.0MB)
2025-08-04 21:36:47,738 - ComprehensiveSCRPAFixV8_5 - INFO - 🚀 Starting Chunk 4... (Memory: 104.6MB)
2025-08-04 21:36:47,756 - ComprehensiveSCRPAFixV8_5 - INFO - 📊 Progress: 2,000/2,500 rows (80.0%)
2025-08-04 21:36:47,756 - ComprehensiveSCRPAFixV8_5 - INFO - ⚡ Completed Chunk 4 (Fast):
2025-08-04 21:36:47,757 - ComprehensiveSCRPAFixV8_5 - INFO -   ⏱️ Duration: 0.02s
2025-08-04 21:36:47,757 - ComprehensiveSCRPAFixV8_5 - INFO -   💾 Memory: 104.6MB (Δ+0.0MB)
2025-08-04 21:36:47,761 - ComprehensiveSCRPAFixV8_5 - INFO - 🚀 Starting Chunk 5... (Memory: 103.8MB)
2025-08-04 21:36:47,778 - ComprehensiveSCRPAFixV8_5 - INFO - 📊 Progress: 2,500/2,500 rows (100.0%)
2025-08-04 21:36:47,778 - ComprehensiveSCRPAFixV8_5 - INFO - ⚡ Completed Chunk 5 (Fast):
2025-08-04 21:36:47,779 - ComprehensiveSCRPAFixV8_5 - INFO -   ⏱️ Duration: 0.02s
2025-08-04 21:36:47,779 - ComprehensiveSCRPAFixV8_5 - INFO -   💾 Memory: 103.8MB (Δ+0.0MB)
2025-08-04 21:36:47,780 - ComprehensiveSCRPAFixV8_5 - INFO - 🔗 Combining processed chunks...
2025-08-04 21:36:47,807 - ComprehensiveSCRPAFixV8_5 - INFO - ⚡ Completed Chunked processing (2500 rows) (Fast):
2025-08-04 21:36:47,807 - ComprehensiveSCRPAFixV8_5 - INFO -   ⏱️ Duration: 0.15s
2025-08-04 21:36:47,807 - ComprehensiveSCRPAFixV8_5 - INFO -   💾 Memory: 103.0MB (Δ+1.0MB)
2025-08-04 21:36:47,808 - ComprehensiveSCRPAFixV8_5 - INFO - ✅ Large dataset processing complete: 2,500 total records
2025-08-04 21:36:47,808 - ComprehensiveSCRPAFixV8_5 - INFO - ⚡ Completed Chunked processing test (Fast):
2025-08-04 21:36:47,809 - ComprehensiveSCRPAFixV8_5 - INFO -   ⏱️ Duration: 0.16s
2025-08-04 21:36:47,809 - ComprehensiveSCRPAFixV8_5 - INFO -   💾 Memory: 103.0MB (Δ+1.0MB)
2025-08-04 21:36:47,809 - ComprehensiveSCRPAFixV8_5 - INFO - ✅ Chunked processing test validation:
2025-08-04 21:36:47,810 - ComprehensiveSCRPAFixV8_5 - INFO -   📊 Original rows: 2,500
2025-08-04 21:36:47,810 - ComprehensiveSCRPAFixV8_5 - INFO -   📊 Processed rows: 2,500
2025-08-04 21:36:47,810 - ComprehensiveSCRPAFixV8_5 - INFO -   📊 Columns: 8
2025-08-04 21:36:47,812 - ComprehensiveSCRPAFixV8_5 - INFO -   📊 Memory usage: 0.6MB
2025-08-04 21:36:47,812 - ComprehensiveSCRPAFixV8_5 - INFO - ✅ Data integrity check PASSED
2025-08-04 21:36:47,813 - ComprehensiveSCRPAFixV8_5 - INFO - 🗑️ Cleaned up test file: test_large_dataset_2500_rows.csv
2025-08-04 21:36:47,813 - ComprehensiveSCRPAFixV8_5 - INFO - ✅ Chunked processing test completed
2025-08-04 21:36:47,813 - ComprehensiveSCRPAFixV8_5 - INFO - 🧪 Testing large file writing functionality
2025-08-04 21:36:47,814 - ComprehensiveSCRPAFixV8_5 - INFO - 🚀 Starting Creating large test dataset... (Memory: 103.0MB)
2025-08-04 21:36:47,821 - ComprehensiveSCRPAFixV8_5 - INFO - 📊 Created large test dataset: 5,000 rows, 10 columns
2025-08-04 21:36:47,826 - ComprehensiveSCRPAFixV8_5 - INFO - 📊 Memory usage: 2.2MB
2025-08-04 21:36:47,827 - ComprehensiveSCRPAFixV8_5 - INFO - ⚡ Completed Creating large test dataset (Fast):
2025-08-04 21:36:47,827 - ComprehensiveSCRPAFixV8_5 - INFO -   ⏱️ Duration: 0.01s
2025-08-04 21:36:47,827 - ComprehensiveSCRPAFixV8_5 - INFO -   💾 Memory: 104.9MB (Δ+1.9MB)
2025-08-04 21:36:47,827 - ComprehensiveSCRPAFixV8_5 - INFO - 💾 Writing large CSV: 5,000 rows in chunks of 1,000
2025-08-04 21:36:47,828 - ComprehensiveSCRPAFixV8_5 - INFO - 🚀 Starting Large CSV write (5,000 rows)... (Memory: 104.9MB)
2025-08-04 21:36:47,836 - ComprehensiveSCRPAFixV8_5 - INFO - 📝 Write progress: 1,000/5,000 rows (20.0%)
2025-08-04 21:36:47,842 - ComprehensiveSCRPAFixV8_5 - INFO - 📝 Write progress: 2,000/5,000 rows (40.0%)
2025-08-04 21:36:47,856 - ComprehensiveSCRPAFixV8_5 - INFO - 📝 Write progress: 3,000/5,000 rows (60.0%)
2025-08-04 21:36:47,862 - ComprehensiveSCRPAFixV8_5 - INFO - 📝 Write progress: 4,000/5,000 rows (80.0%)
2025-08-04 21:36:47,870 - ComprehensiveSCRPAFixV8_5 - INFO - 📝 Write progress: 5,000/5,000 rows (100.0%)
2025-08-04 21:36:47,871 - ComprehensiveSCRPAFixV8_5 - INFO - ⚡ Completed Large CSV write (5,000 rows) (Fast):
2025-08-04 21:36:47,871 - ComprehensiveSCRPAFixV8_5 - INFO -   ⏱️ Duration: 0.04s
2025-08-04 21:36:47,871 - ComprehensiveSCRPAFixV8_5 - INFO -   💾 Memory: 105.1MB (Δ+0.2MB)
2025-08-04 21:36:47,872 - ComprehensiveSCRPAFixV8_5 - INFO - ✅ Large CSV write complete: C:\Users\carucci_r\OneDrive - City of Hackensack\01_DataSources\SCRPA_Time_v2\03_output\temp\test_large_export_5000_rows.csv
2025-08-04 21:36:47,872 - ComprehensiveSCRPAFixV8_5 - INFO - ✅ CSV file created: 0.7MB
2025-08-04 21:36:47,882 - ComprehensiveSCRPAFixV8_5 - INFO - ✅ CSV verification: 5 sample rows read successfully
2025-08-04 21:36:47,882 - ComprehensiveSCRPAFixV8_5 - INFO - 📊 Writing large Excel: 5,000 rows in chunks of 1,000
2025-08-04 21:36:47,882 - ComprehensiveSCRPAFixV8_5 - INFO - 🚀 Starting Large Excel write (5,000 rows)... (Memory: 106.1MB)
2025-08-04 21:36:47,913 - ComprehensiveSCRPAFixV8_5 - INFO - 📝 Excel write progress: 1,000/5,000 rows (20.0%)
2025-08-04 21:36:47,934 - ComprehensiveSCRPAFixV8_5 - INFO - 📝 Excel write progress: 2,000/5,000 rows (40.0%)
2025-08-04 21:36:47,957 - ComprehensiveSCRPAFixV8_5 - INFO - 📝 Excel write progress: 3,000/5,000 rows (60.0%)
2025-08-04 21:36:47,981 - ComprehensiveSCRPAFixV8_5 - INFO - 📝 Excel write progress: 4,000/5,000 rows (80.0%)
2025-08-04 21:36:48,029 - ComprehensiveSCRPAFixV8_5 - INFO - 📝 Excel write progress: 5,000/5,000 rows (100.0%)
2025-08-04 21:36:48,420 - ComprehensiveSCRPAFixV8_5 - INFO - ⚡ Completed Large Excel write (5,000 rows) (Fast):
2025-08-04 21:36:48,420 - ComprehensiveSCRPAFixV8_5 - INFO -   ⏱️ Duration: 0.54s
2025-08-04 21:36:48,420 - ComprehensiveSCRPAFixV8_5 - INFO -   💾 Memory: 120.4MB (Δ+14.3MB)
2025-08-04 21:36:48,421 - ComprehensiveSCRPAFixV8_5 - INFO - ✅ Large Excel write complete: C:\Users\carucci_r\OneDrive - City of Hackensack\01_DataSources\SCRPA_Time_v2\03_output\temp\test_large_export_5000_rows.xlsx
2025-08-04 21:36:48,421 - ComprehensiveSCRPAFixV8_5 - INFO - ✅ Excel file created: 0.3MB
2025-08-04 21:36:48,423 - ComprehensiveSCRPAFixV8_5 - INFO - 🗑️ Cleaned up test file: test_large_export_5000_rows.csv
2025-08-04 21:36:48,425 - ComprehensiveSCRPAFixV8_5 - INFO - 🗑️ Cleaned up test file: test_large_export_5000_rows.xlsx
2025-08-04 21:36:48,425 - ComprehensiveSCRPAFixV8_5 - INFO - ✅ Large file writing test completed
2025-08-04 21:36:48,426 - ComprehensiveSCRPAFixV8_5 - INFO - 🚀 Starting Complete SCRPA Pipeline V8.5... (Memory: 119.1MB)
2025-08-04 21:36:48,427 - ComprehensiveSCRPAFixV8_5 - INFO - Starting Comprehensive SCRPA Fix V8.5 pipeline...
2025-08-04 21:36:48,427 - ComprehensiveSCRPAFixV8_5 - INFO - ⚡ Completed Complete SCRPA Pipeline V8.5 (Fast):
2025-08-04 21:36:48,427 - ComprehensiveSCRPAFixV8_5 - INFO -   ⏱️ Duration: 0.00s
2025-08-04 21:36:48,428 - ComprehensiveSCRPAFixV8_5 - INFO -   💾 Memory: 119.1MB (Δ+0.0MB)
2025-08-04 21:36:48,429 - ComprehensiveSCRPAFixV8_5 - INFO - Latest CAD file: 2025_08_01_19_38_12_SCRPA_CAD.xlsx
2025-08-04 21:36:48,429 - ComprehensiveSCRPAFixV8_5 - INFO - Latest RMS file: 2025_08_01_19_38_12_SCRPA_RMS.xlsx
2025-08-04 21:36:48,430 - ComprehensiveSCRPAFixV8_5 - INFO - 🚀 Starting RMS Data Processing - 2025_08_01_19_38_12_SCRPA_RMS.xlsx... (Memory: 119.1MB)
2025-08-04 21:36:48,431 - ComprehensiveSCRPAFixV8_5 - INFO - Processing RMS data: 2025_08_01_19_38_12_SCRPA_RMS.xlsx
2025-08-04 21:36:48,431 - ComprehensiveSCRPAFixV8_5 - INFO - 🚀 Starting RMS File Loading... (Memory: 119.1MB)
2025-08-04 21:36:48,468 - ComprehensiveSCRPAFixV8_5 - INFO - Loaded RMS file with 140 rows and 31 columns
2025-08-04 21:36:48,469 - ComprehensiveSCRPAFixV8_5 - INFO - RMS columns found: ['Case Number', 'Incident Date', 'Incident Time', 'Incident Date_Between', 'Incident Time_Between', 'Report Date', 'Report Time', 'Incident Type_1', 'Incident Type_2', 'Incident Type_3', 'FullAddress', 'Grid', 'Zone', 'Narrative', 'Total Value Stolen', 'Total Value Recover', 'Registration 1', 'Make1', 'Model1', 'Reg State 1', 'Registration 2', 'Reg State 2', 'Make2', 'Model2', 'Reviewed By', 'CompleteCalc', 'Officer of Record', 'Squad', 'Det_Assigned', 'Case_Status', 'NIBRS Classification']
2025-08-04 21:36:48,469 - ComprehensiveSCRPAFixV8_5 - INFO - ⚡ Completed RMS File Loading (Fast):
2025-08-04 21:36:48,469 - ComprehensiveSCRPAFixV8_5 - INFO -   ⏱️ Duration: 0.04s
2025-08-04 21:36:48,469 - ComprehensiveSCRPAFixV8_5 - INFO -   💾 Memory: 119.1MB (Δ+0.0MB)
2025-08-04 21:36:48,470 - ComprehensiveSCRPAFixV8_5 - INFO - 🚀 Starting RMS Header Normalization & Column Mapping... (Memory: 119.1MB)
2025-08-04 21:36:48,470 - ComprehensiveSCRPAFixV8_5 - INFO - Normalized RMS headers to lowercase snake_case: ['case_number', 'incident_date', 'incident_time', 'incident_date_between', 'incident_time_between', 'report_date', 'report_time', 'incident_type_1', 'incident_type_2', 'incident_type_3', 'full_address', 'grid', 'zone', 'narrative', 'total_value_stolen', 'total_value_recover', 'registration_1', 'make_1', 'model_1', 'reg_state_1', 'registration_2', 'reg_state_2', 'make_2', 'model_2', 'reviewed_by', 'complete_calc', 'officer_of_record', 'squad', 'det_assigned', 'case_status', 'nibrs_classification']
2025-08-04 21:36:48,471 - ComprehensiveSCRPAFixV8_5 - INFO - ⚡ Completed RMS Header Normalization & Column Mapping (Fast):
2025-08-04 21:36:48,471 - ComprehensiveSCRPAFixV8_5 - INFO -   ⏱️ Duration: 0.00s
2025-08-04 21:36:48,472 - ComprehensiveSCRPAFixV8_5 - INFO -   💾 Memory: 119.2MB (Δ+0.0MB)
2025-08-04 21:36:48,472 - ComprehensiveSCRPAFixV8_5 - INFO - ⚡ Completed RMS Data Processing - 2025_08_01_19_38_12_SCRPA_RMS.xlsx (Fast):
2025-08-04 21:36:48,472 - ComprehensiveSCRPAFixV8_5 - INFO -   ⏱️ Duration: 0.04s
2025-08-04 21:36:48,472 - ComprehensiveSCRPAFixV8_5 - INFO -   💾 Memory: 119.2MB (Δ+0.0MB)
2025-08-04 21:36:48,473 - ComprehensiveSCRPAFixV8_5 - INFO - Applied column mapping: {}
2025-08-04 21:36:48,518 - ComprehensiveSCRPAFixV8_5 - INFO - Available date columns: ['incident_date', 'incident_date_between', 'report_date']
2025-08-04 21:36:48,518 - ComprehensiveSCRPAFixV8_5 - INFO - incident_date populated: 136/140
2025-08-04 21:36:48,519 - ComprehensiveSCRPAFixV8_5 - INFO - Sample incident_date values: [Timestamp('2025-01-03 00:00:00'), Timestamp('2025-01-07 00:00:00'), Timestamp('2025-01-06 00:00:00')]
2025-08-04 21:36:48,519 - ComprehensiveSCRPAFixV8_5 - INFO - incident_date_between populated: 62/140
2025-08-04 21:36:48,520 - ComprehensiveSCRPAFixV8_5 - INFO - Sample incident_date_between values: [Timestamp('2025-01-04 00:00:00'), Timestamp('2025-01-10 00:00:00'), Timestamp('2025-01-16 00:00:00')]
2025-08-04 21:36:48,520 - ComprehensiveSCRPAFixV8_5 - INFO - report_date populated: 140/140
2025-08-04 21:36:48,520 - ComprehensiveSCRPAFixV8_5 - INFO - Sample report_date values: [Timestamp('2025-01-04 00:00:00'), Timestamp('2025-01-10 00:00:00'), Timestamp('2025-01-10 00:00:00')]
2025-08-04 21:36:48,522 - ComprehensiveSCRPAFixV8_5 - INFO - Incident dates after cascading: 140/140
2025-08-04 21:36:48,523 - ComprehensiveSCRPAFixV8_5 - INFO - Sample cascaded dates: [datetime.date(2025, 1, 3), datetime.date(2025, 1, 7), datetime.date(2025, 1, 6), datetime.date(2025, 1, 13), datetime.date(2025, 1, 14)]
2025-08-04 21:36:48,527 - ComprehensiveSCRPAFixV8_5 - INFO - Sample incident_date values: [datetime.date(2025, 1, 3), datetime.date(2025, 1, 7), datetime.date(2025, 1, 6), datetime.date(2025, 1, 13), datetime.date(2025, 1, 14)]
2025-08-04 21:36:48,527 - ComprehensiveSCRPAFixV8_5 - INFO - Null incident_date count: 0
2025-08-04 21:36:48,528 - ComprehensiveSCRPAFixV8_5 - INFO - Date types: object
2025-08-04 21:36:48,529 - ComprehensiveSCRPAFixV8_5 - INFO - Period calculation results: {'YTD': 115, '28-Day': 20, '7-Day': 4, 'Historical': 1}
2025-08-04 21:36:48,532 - ComprehensiveSCRPAFixV8_5 - INFO - Date/Period Analysis Summary:
2025-08-04 21:36:48,532 - ComprehensiveSCRPAFixV8_5 - INFO -   - 7-Day period records: 4
2025-08-04 21:36:48,533 - ComprehensiveSCRPAFixV8_5 - INFO -   - 28-Day period records: 20
2025-08-04 21:36:48,533 - ComprehensiveSCRPAFixV8_5 - INFO -   - YTD period records: 115
2025-08-04 21:36:48,533 - ComprehensiveSCRPAFixV8_5 - INFO -   - Historical period records: 1
2025-08-04 21:36:48,533 - ComprehensiveSCRPAFixV8_5 - INFO - ✅ Date processing working correctly - mix of periods found
2025-08-04 21:36:48,670 - ComprehensiveSCRPAFixV8_5 - INFO - ✅ RMS header validation PASSED: All 46 columns follow lowercase snake_case
2025-08-04 21:36:48,670 - ComprehensiveSCRPAFixV8_5 - INFO - RMS headers validation passed - all headers are lowercase snake_case
2025-08-04 21:36:48,672 - ComprehensiveSCRPAFixV8_5 - INFO - RMS records before filtering: 140
2025-08-04 21:36:48,672 - ComprehensiveSCRPAFixV8_5 - INFO - Period distribution: {'YTD': 115, '28-Day': 20, '7-Day': 4, 'Historical': 1}
2025-08-04 21:36:48,673 - ComprehensiveSCRPAFixV8_5 - INFO - Non-historical records: 139
2025-08-04 21:36:48,673 - ComprehensiveSCRPAFixV8_5 - INFO - Sample case numbers: ['25-000813', '25-002564', '25-002635', '25-003362', '25-003813']
2025-08-04 21:36:48,674 - ComprehensiveSCRPAFixV8_5 - INFO - Records with excluded case number '25-057654': 1
2025-08-04 21:36:48,674 - ComprehensiveSCRPAFixV8_5 - INFO - Incident dates populated: 140/140
2025-08-04 21:36:48,675 - ComprehensiveSCRPAFixV8_5 - INFO - Sample incident dates: [Timestamp('2025-01-03 00:00:00'), Timestamp('2025-01-07 00:00:00'), Timestamp('2025-01-06 00:00:00'), Timestamp('2025-01-13 00:00:00'), Timestamp('2025-01-14 00:00:00')]
2025-08-04 21:36:48,675 - ComprehensiveSCRPAFixV8_5 - INFO - Date range: 2017-06-20 00:00:00 to 2025-07-31 00:00:00
2025-08-04 21:36:48,676 - ComprehensiveSCRPAFixV8_5 - INFO - After case number filter: 139/140 records
2025-08-04 21:36:48,676 - ComprehensiveSCRPAFixV8_5 - INFO - After period filter: 138/140 records
2025-08-04 21:36:48,676 - ComprehensiveSCRPAFixV8_5 - INFO - RMS processing complete: 138 records after filtering
2025-08-04 21:36:48,677 - ComprehensiveSCRPAFixV8_5 - INFO - Final RMS columns: ['case_number', 'incident_date', 'incident_time', 'time_of_day', 'time_of_day_sort_order', 'period', 'season', 'day_of_week', 'day_type', 'location', 'block', 'grid', 'post', 'incident_type', 'all_incidents', 'vehicle_1', 'vehicle_2', 'vehicle_1_and_vehicle_2', 'narrative', 'total_value_stolen', 'squad', 'officer_of_record', 'nibrs_classification', 'cycle_name']
2025-08-04 21:36:48,677 - ComprehensiveSCRPAFixV8_5 - INFO - REMOVED CAD-specific columns: incident_type, crime_category, response_type
2025-08-04 21:36:48,747 - ComprehensiveSCRPAFixV8_5 - INFO - Found 30 duplicate incidents in reference file.
2025-08-04 21:36:48,747 - ComprehensiveSCRPAFixV8_5 - INFO - Applying priority-based duplicate resolution:
2025-08-04 21:36:48,748 - ComprehensiveSCRPAFixV8_5 - INFO -   'DOMESTIC DISPUTE': 3 variants -> keeping highest priority
2025-08-04 21:36:48,748 - ComprehensiveSCRPAFixV8_5 - INFO -   'SHOPLIFTING 2C:20-11': 3 variants -> keeping highest priority
2025-08-04 21:36:48,749 - ComprehensiveSCRPAFixV8_5 - INFO -   'SIMPLE ASSAULT 2C:12-1A': 4 variants -> keeping highest priority
2025-08-04 21:36:48,749 - ComprehensiveSCRPAFixV8_5 - INFO -   'TARGETED AREA PATROL': 3 variants -> keeping highest priority
2025-08-04 21:36:48,749 - ComprehensiveSCRPAFixV8_5 - INFO -   'TERRORISTIC THREATS 2C:12-3': 3 variants -> keeping highest priority
2025-08-04 21:36:48,750 - ComprehensiveSCRPAFixV8_5 - INFO -   'WEAPONS SEIZURE - 2C:25-21D': 2 variants -> keeping highest priority
2025-08-04 21:36:48,750 - ComprehensiveSCRPAFixV8_5 - INFO -   'WEATHER ALERTS': 2 variants -> keeping highest priority
2025-08-04 21:36:48,750 - ComprehensiveSCRPAFixV8_5 - INFO -   'WELFARE CHECK': 2 variants -> keeping highest priority
2025-08-04 21:36:48,750 - ComprehensiveSCRPAFixV8_5 - INFO -   'WIDESPREAD DAMAGE - 2C:17-2': 2 variants -> keeping highest priority
2025-08-04 21:36:48,750 - ComprehensiveSCRPAFixV8_5 - INFO -   'WIRE DOWN': 2 variants -> keeping highest priority
2025-08-04 21:36:48,751 - ComprehensiveSCRPAFixV8_5 - INFO -   'WITNESS TAMPERING - 2C:28-5': 2 variants -> keeping highest priority
2025-08-04 21:36:48,751 - ComprehensiveSCRPAFixV8_5 - INFO -   'WRONGFUL IMPERSONATING - 2C:21-1': 2 variants -> keeping highest priority
2025-08-04 21:36:48,755 - ComprehensiveSCRPAFixV8_5 - INFO - Priority-based resolution completed: 30 duplicates resolved
2025-08-04 21:36:48,769 - ComprehensiveSCRPAFixV8_5 - INFO - Enhanced call type reference loaded successfully:
2025-08-04 21:36:48,770 - ComprehensiveSCRPAFixV8_5 - INFO -   - Total records: 592
2025-08-04 21:36:48,770 - ComprehensiveSCRPAFixV8_5 - INFO -   - Unique incidents: 574
2025-08-04 21:36:48,770 - ComprehensiveSCRPAFixV8_5 - INFO -   - Duplicates found: 30
2025-08-04 21:36:48,770 - ComprehensiveSCRPAFixV8_5 - INFO -   - Duplicates resolved: 30
2025-08-04 21:36:48,770 - ComprehensiveSCRPAFixV8_5 - INFO -   - Normalized columns: ['incident', 'category_type', 'response_type']
2025-08-04 21:36:48,771 - ComprehensiveSCRPAFixV8_5 - INFO - 🚀 Starting CAD Data Processing - 2025_08_01_19_38_12_SCRPA_CAD.xlsx... (Memory: 115.4MB)
2025-08-04 21:36:48,771 - ComprehensiveSCRPAFixV8_5 - INFO - Processing CAD data: 2025_08_01_19_38_12_SCRPA_CAD.xlsx
2025-08-04 21:36:48,771 - ComprehensiveSCRPAFixV8_5 - INFO - ⚡ Completed CAD Data Processing - 2025_08_01_19_38_12_SCRPA_CAD.xlsx (Fast):
2025-08-04 21:36:48,771 - ComprehensiveSCRPAFixV8_5 - INFO -   ⏱️ Duration: 0.00s
2025-08-04 21:36:48,771 - ComprehensiveSCRPAFixV8_5 - INFO -   💾 Memory: 115.4MB (Δ+0.0MB)
2025-08-04 21:36:48,811 - ComprehensiveSCRPAFixV8_5 - INFO - Loaded CAD file with 115 rows and 20 columns
2025-08-04 21:36:48,812 - ComprehensiveSCRPAFixV8_5 - INFO - CAD columns found: ['ReportNumberNew', 'Incident', 'How Reported', 'FullAddress2', 'PDZone', 'Grid', 'Time of Call', 'cYear', 'cMonth', 'HourMinuetsCalc', 'DayofWeek', 'Time Dispatched', 'Time Out', 'Time In', 'Time Spent', 'Time Response', 'Officer', 'Disposition', 'Response Type', 'CADNotes']
2025-08-04 21:36:48,812 - ComprehensiveSCRPAFixV8_5 - INFO - Applied dtype={'How Reported': str} to prevent Excel auto-parsing '9-1-1' as date
2025-08-04 21:36:48,814 - ComprehensiveSCRPAFixV8_5 - INFO - Applied enhanced fixes to prevent '9-1-1' date conversion
2025-08-04 21:36:48,815 - ComprehensiveSCRPAFixV8_5 - INFO - Applied column mapping: {'ReportNumberNew': 'case_number', 'Incident': 'incident', 'How Reported': 'how_reported', 'FullAddress2': 'full_address_raw', 'PDZone': 'post', 'Grid': 'grid_raw', 'Time of Call': 'time_of_call', 'cYear': 'call_year', 'cMonth': 'call_month', 'HourMinuetsCalc': 'hour_minutes_calc', 'DayofWeek': 'day_of_week_raw', 'Time Dispatched': 'time_dispatched', 'Time Out': 'time_out', 'Time In': 'time_in', 'Time Spent': 'time_spent_raw', 'Time Response': 'time_response_raw', 'Officer': 'officer', 'Disposition': 'disposition', 'Response Type': 'response_type_fallback', 'CADNotes': 'cad_notes_raw'}
2025-08-04 21:36:48,815 - ComprehensiveSCRPAFixV8_5 - INFO - Normalized CAD headers to lowercase snake_case: ['case_number', 'incident', 'how_reported', 'full_address_raw', 'post', 'grid_raw', 'time_of_call', 'call_year', 'call_month', 'hour_minutes_calc', 'day_of_week_raw', 'time_dispatched', 'time_out', 'time_in', 'time_spent_raw', 'time_response_raw', 'officer', 'disposition', 'response_type_fallback', 'cad_notes_raw']
2025-08-04 21:36:48,827 - ComprehensiveSCRPAFixV8_5 - INFO - Starting proper CallType_Categories.xlsx mapping for 115 CAD records
2025-08-04 21:36:48,828 - ComprehensiveSCRPAFixV8_5 - INFO - Sample incident values: ['Motor Vehicle Theft - 2C:20-3', 'Criminal Sexual Contact - 2C:14-3a', 'Burglary - Auto - 2C:18-2', 'Burglary - Residence - 2C:18-2', 'Motor Vehicle Theft - 2C:20-3']
2025-08-04 21:36:48,852 - ComprehensiveSCRPAFixV8_5 - INFO - Loaded CallType_Categories.xlsx with 592 records
2025-08-04 21:36:48,852 - ComprehensiveSCRPAFixV8_5 - INFO - CallType columns: ['Incident', 'Category Type', 'Response Type']
2025-08-04 21:36:48,869 - ComprehensiveSCRPAFixV8_5 - INFO - Created mapping dictionary with 574 entries
2025-08-04 21:36:48,870 - ComprehensiveSCRPAFixV8_5 - INFO - CallType_Categories.xlsx mapping results:
2025-08-04 21:36:48,871 - ComprehensiveSCRPAFixV8_5 - INFO -   - Total incidents: 115
2025-08-04 21:36:48,871 - ComprehensiveSCRPAFixV8_5 - INFO -   - Mapped incidents: 115
2025-08-04 21:36:48,871 - ComprehensiveSCRPAFixV8_5 - INFO -   - Unmapped incidents: 0
2025-08-04 21:36:48,872 - ComprehensiveSCRPAFixV8_5 - INFO -   - Mapping rate: 100.0%
2025-08-04 21:36:48,872 - ComprehensiveSCRPAFixV8_5 - INFO - Category type distribution: {'Criminal Incidents': 115}
2025-08-04 21:36:48,873 - ComprehensiveSCRPAFixV8_5 - INFO - Top 10 response types: {'Emergency': 81, 'Routine': 34}
2025-08-04 21:36:48,874 - ComprehensiveSCRPAFixV8_5 - INFO - Final column coverage:
2025-08-04 21:36:48,874 - ComprehensiveSCRPAFixV8_5 - INFO -   - response_type coverage: 100.0%
2025-08-04 21:36:48,874 - ComprehensiveSCRPAFixV8_5 - INFO -   - category_type coverage: 100.0%
2025-08-04 21:36:48,884 - ComprehensiveSCRPAFixV8_5 - INFO - Grid processing: 108/115 records have grid values
2025-08-04 21:36:48,929 - ComprehensiveSCRPAFixV8_5 - INFO - CAD notes parsing complete: 115 records processed
2025-08-04 21:36:49,046 - ComprehensiveSCRPAFixV8_5 - INFO - CAD response_type populated in 115/115 records
2025-08-04 21:36:49,047 - ComprehensiveSCRPAFixV8_5 - INFO - CAD grid populated in 108/115 records
2025-08-04 21:36:49,047 - ComprehensiveSCRPAFixV8_5 - INFO - CAD post populated in 111/115 records
2025-08-04 21:36:49,048 - ComprehensiveSCRPAFixV8_5 - INFO - ✅ CAD header validation PASSED: All 36 columns follow lowercase snake_case
2025-08-04 21:36:49,048 - ComprehensiveSCRPAFixV8_5 - INFO - CAD headers validation passed - all headers are lowercase snake_case
2025-08-04 21:36:49,049 - ComprehensiveSCRPAFixV8_5 - INFO - CAD processing complete: 115 records
2025-08-04 21:36:49,050 - ComprehensiveSCRPAFixV8_5 - INFO - Final CAD columns: ['case_number', 'incident', 'response_type', 'category_type', 'response_type_cad', 'category_type_cad', 'how_reported', 'location', 'block', 'grid', 'post', 'time_of_call', 'time_dispatched', 'time_out', 'time_in', 'time_spent_minutes', 'time_response_minutes', 'time_spent_formatted', 'time_response_formatted', 'officer', 'disposition', 'cad_notes_cleaned', 'cad_username', 'cad_timestamp', 'cycle_name']
2025-08-04 21:36:49,083 - ComprehensiveSCRPAFixV8_5 - INFO - ✅ RMS header validation PASSED: All 24 columns follow lowercase snake_case
2025-08-04 21:36:49,083 - ComprehensiveSCRPAFixV8_5 - INFO - 💾 Writing standard CSV: 138 rows
2025-08-04 21:36:49,089 - ComprehensiveSCRPAFixV8_5 - INFO - RMS data saved: C:\Users\carucci_r\OneDrive - City of Hackensack\01_DataSources\SCRPA_Time_v2\04_powerbi\C08W31_20250804_7Day_rms_data_standardized.csv
2025-08-04 21:36:49,091 - ComprehensiveSCRPAFixV8_5 - INFO - ✅ CAD header validation PASSED: All 25 columns follow lowercase snake_case
2025-08-04 21:36:49,092 - ComprehensiveSCRPAFixV8_5 - INFO - 💾 Writing standard CSV: 115 rows
2025-08-04 21:36:49,098 - ComprehensiveSCRPAFixV8_5 - INFO - CAD data saved: C:\Users\carucci_r\OneDrive - City of Hackensack\01_DataSources\SCRPA_Time_v2\04_powerbi\C08W31_20250804_7Day_cad_data_standardized_v2.csv
2025-08-04 21:36:49,099 - ComprehensiveSCRPAFixV8_5 - INFO - ✅ CAD Data header validation PASSED: All 25 columns follow lowercase snake_case
2025-08-04 21:36:49,099 - ComprehensiveSCRPAFixV8_5 - INFO - ================================================================================
2025-08-04 21:36:49,099 - ComprehensiveSCRPAFixV8_5 - INFO - COMPREHENSIVE QC REPORT - CAD INCIDENT MAPPING
2025-08-04 21:36:49,099 - ComprehensiveSCRPAFixV8_5 - INFO - ================================================================================
2025-08-04 21:36:49,099 - ComprehensiveSCRPAFixV8_5 - INFO - 1. REFERENCE FILE VALIDATION
2025-08-04 21:36:49,100 - ComprehensiveSCRPAFixV8_5 - INFO - OK Reference file loaded: 592 records
2025-08-04 21:36:49,100 - ComprehensiveSCRPAFixV8_5 - INFO - OK Unique incidents: 574
2025-08-04 21:36:49,100 - ComprehensiveSCRPAFixV8_5 - INFO - OK Duplicates found: 30
2025-08-04 21:36:49,100 - ComprehensiveSCRPAFixV8_5 - INFO - OK Duplicates resolved: 30 (deterministic)
2025-08-04 21:36:49,100 - ComprehensiveSCRPAFixV8_5 - INFO - OK Resolution method: priority_based_deterministic
2025-08-04 21:36:49,101 - ComprehensiveSCRPAFixV8_5 - INFO - 
2025-08-04 21:36:49,101 - ComprehensiveSCRPAFixV8_5 - INFO - 2. MAPPING PERFORMANCE VALIDATION
2025-08-04 21:36:49,102 - ComprehensiveSCRPAFixV8_5 - INFO - OK Mapping success rate: 100.0% (>= 98.0%)
2025-08-04 21:36:49,102 - ComprehensiveSCRPAFixV8_5 - INFO - OK Mapped incidents: 115/115
2025-08-04 21:36:49,102 - ComprehensiveSCRPAFixV8_5 - INFO - 
2025-08-04 21:36:49,102 - ComprehensiveSCRPAFixV8_5 - INFO - 3. DATA QUALITY VALIDATION
2025-08-04 21:36:49,103 - ComprehensiveSCRPAFixV8_5 - INFO - OK All required columns present
2025-08-04 21:36:49,103 - ComprehensiveSCRPAFixV8_5 - INFO - OK Total records: 115
2025-08-04 21:36:49,103 - ComprehensiveSCRPAFixV8_5 - INFO - OK Incident populated: 115/115
2025-08-04 21:36:49,103 - ComprehensiveSCRPAFixV8_5 - INFO - OK Response type (CAD) populated: 115/115
2025-08-04 21:36:49,103 - ComprehensiveSCRPAFixV8_5 - INFO - OK Category type (CAD) populated: 115/115
2025-08-04 21:36:49,104 - ComprehensiveSCRPAFixV8_5 - INFO - OK No data loss: record count maintained
2025-08-04 21:36:49,104 - ComprehensiveSCRPAFixV8_5 - INFO - 
2025-08-04 21:36:49,104 - ComprehensiveSCRPAFixV8_5 - INFO - 4. HEADER COMPLIANCE VALIDATION
2025-08-04 21:36:49,104 - ComprehensiveSCRPAFixV8_5 - INFO - OK All headers lowercase snake_case: 25/25
2025-08-04 21:36:49,105 - ComprehensiveSCRPAFixV8_5 - INFO - 
2025-08-04 21:36:49,105 - ComprehensiveSCRPAFixV8_5 - INFO - 6. OVERALL QC STATUS
2025-08-04 21:36:49,105 - ComprehensiveSCRPAFixV8_5 - INFO - SUCCESS OVERALL STATUS: PASS - All validations successful
2025-08-04 21:36:49,106 - ComprehensiveSCRPAFixV8_5 - INFO - OK CAD incident mapping pipeline is fully operational
2025-08-04 21:36:49,106 - ComprehensiveSCRPAFixV8_5 - INFO - OK Ready for production use
2025-08-04 21:36:49,106 - ComprehensiveSCRPAFixV8_5 - INFO - ================================================================================
2025-08-04 21:36:49,107 - ComprehensiveSCRPAFixV8_5 - INFO - Enhanced QC Report Status: PASS
2025-08-04 21:36:49,107 - ComprehensiveSCRPAFixV8_5 - INFO - All QC validations passed successfully
2025-08-04 21:36:49,107 - ComprehensiveSCRPAFixV8_5 - INFO - Starting CAD-RMS matching: RMS=138 records, CAD=115 records
2025-08-04 21:36:49,113 - ComprehensiveSCRPAFixV8_5 - INFO - Implementing CAD-first, RMS-fallback logic for response_type and category_type...
2025-08-04 21:36:49,120 - ComprehensiveSCRPAFixV8_5 - INFO - CAD-first logic results:
2025-08-04 21:36:49,120 - ComprehensiveSCRPAFixV8_5 - INFO -   - response_type_cad populated: 87
2025-08-04 21:36:49,120 - ComprehensiveSCRPAFixV8_5 - INFO -   - category_type_cad populated: 87
2025-08-04 21:36:49,121 - ComprehensiveSCRPAFixV8_5 - INFO -   - Final response_type populated: 87
2025-08-04 21:36:49,121 - ComprehensiveSCRPAFixV8_5 - INFO -   - Final category_type populated: 87
2025-08-04 21:36:49,122 - ComprehensiveSCRPAFixV8_5 - INFO - CAD-RMS matching complete:
2025-08-04 21:36:49,122 - ComprehensiveSCRPAFixV8_5 - INFO -   - Final record count: 138 (matches RMS input)
2025-08-04 21:36:49,123 - ComprehensiveSCRPAFixV8_5 - INFO -   - CAD matches found: 87
2025-08-04 21:36:49,123 - ComprehensiveSCRPAFixV8_5 - INFO -   - Match rate: 63.0%
2025-08-04 21:36:49,133 - ComprehensiveSCRPAFixV8_5 - INFO - ✅ Joined CAD-RMS header validation PASSED: All 26 columns follow lowercase snake_case
2025-08-04 21:36:49,133 - ComprehensiveSCRPAFixV8_5 - INFO - 💾 Writing standard CSV: 138 rows
2025-08-04 21:36:49,137 - ComprehensiveSCRPAFixV8_5 - INFO - Joined data saved: C:\Users\carucci_r\OneDrive - City of Hackensack\01_DataSources\SCRPA_Time_v2\04_powerbi\C08W31_20250804_7Day_cad_rms_matched_standardized.csv
2025-08-04 21:36:49,138 - ComprehensiveSCRPAFixV8_5 - INFO - ✅ CAD Data header validation PASSED: All 25 columns follow lowercase snake_case
2025-08-04 21:36:49,139 - ComprehensiveSCRPAFixV8_5 - INFO - ================================================================================
2025-08-04 21:36:49,139 - ComprehensiveSCRPAFixV8_5 - INFO - COMPREHENSIVE QC REPORT - CAD INCIDENT MAPPING
2025-08-04 21:36:49,139 - ComprehensiveSCRPAFixV8_5 - INFO - ================================================================================
2025-08-04 21:36:49,140 - ComprehensiveSCRPAFixV8_5 - INFO - 1. REFERENCE FILE VALIDATION
2025-08-04 21:36:49,140 - ComprehensiveSCRPAFixV8_5 - INFO - OK Reference file loaded: 592 records
2025-08-04 21:36:49,140 - ComprehensiveSCRPAFixV8_5 - INFO - OK Unique incidents: 574
2025-08-04 21:36:49,140 - ComprehensiveSCRPAFixV8_5 - INFO - OK Duplicates found: 30
2025-08-04 21:36:49,141 - ComprehensiveSCRPAFixV8_5 - INFO - OK Duplicates resolved: 30 (deterministic)
2025-08-04 21:36:49,141 - ComprehensiveSCRPAFixV8_5 - INFO - OK Resolution method: priority_based_deterministic
2025-08-04 21:36:49,141 - ComprehensiveSCRPAFixV8_5 - INFO - 
2025-08-04 21:36:49,141 - ComprehensiveSCRPAFixV8_5 - INFO - 2. MAPPING PERFORMANCE VALIDATION
2025-08-04 21:36:49,142 - ComprehensiveSCRPAFixV8_5 - INFO - OK Mapping success rate: 100.0% (>= 98.0%)
2025-08-04 21:36:49,142 - ComprehensiveSCRPAFixV8_5 - INFO - OK Mapped incidents: 115/115
2025-08-04 21:36:49,142 - ComprehensiveSCRPAFixV8_5 - INFO - 
2025-08-04 21:36:49,142 - ComprehensiveSCRPAFixV8_5 - INFO - 3. DATA QUALITY VALIDATION
2025-08-04 21:36:49,142 - ComprehensiveSCRPAFixV8_5 - INFO - OK All required columns present
2025-08-04 21:36:49,143 - ComprehensiveSCRPAFixV8_5 - INFO - OK Total records: 115
2025-08-04 21:36:49,143 - ComprehensiveSCRPAFixV8_5 - INFO - OK Incident populated: 115/115
2025-08-04 21:36:49,143 - ComprehensiveSCRPAFixV8_5 - INFO - OK Response type (CAD) populated: 115/115
2025-08-04 21:36:49,143 - ComprehensiveSCRPAFixV8_5 - INFO - OK Category type (CAD) populated: 115/115
2025-08-04 21:36:49,144 - ComprehensiveSCRPAFixV8_5 - INFO - OK No data loss: record count maintained
2025-08-04 21:36:49,144 - ComprehensiveSCRPAFixV8_5 - INFO - 
2025-08-04 21:36:49,144 - ComprehensiveSCRPAFixV8_5 - INFO - 4. HEADER COMPLIANCE VALIDATION
2025-08-04 21:36:49,144 - ComprehensiveSCRPAFixV8_5 - INFO - OK All headers lowercase snake_case: 25/25
2025-08-04 21:36:49,145 - ComprehensiveSCRPAFixV8_5 - INFO - 
2025-08-04 21:36:49,145 - ComprehensiveSCRPAFixV8_5 - INFO - 6. OVERALL QC STATUS
2025-08-04 21:36:49,145 - ComprehensiveSCRPAFixV8_5 - INFO - SUCCESS OVERALL STATUS: PASS - All validations successful
2025-08-04 21:36:49,145 - ComprehensiveSCRPAFixV8_5 - INFO - OK CAD incident mapping pipeline is fully operational
2025-08-04 21:36:49,146 - ComprehensiveSCRPAFixV8_5 - INFO - OK Ready for production use
2025-08-04 21:36:49,146 - ComprehensiveSCRPAFixV8_5 - INFO - ================================================================================
2025-08-04 21:36:49,146 - ComprehensiveSCRPAFixV8_5 - INFO - Enhanced QC Report Status: PASS
2025-08-04 21:36:49,146 - ComprehensiveSCRPAFixV8_5 - INFO - All QC validations passed successfully
2025-08-04 21:36:49,147 - ComprehensiveSCRPAFixV8_5 - INFO - Starting 7-Day SCRPA incident export...
2025-08-04 21:36:49,148 - ComprehensiveSCRPAFixV8_5 - INFO - 7-Day period records found: 4
2025-08-04 21:36:49,166 - ComprehensiveSCRPAFixV8_5 - INFO - Multi-Column Filtering Validation Results:
2025-08-04 21:36:49,166 - ComprehensiveSCRPAFixV8_5 - INFO -   - Available search columns: 4
2025-08-04 21:36:49,166 - ComprehensiveSCRPAFixV8_5 - INFO -   - Total unique crime matches: 0
2025-08-04 21:36:49,167 - ComprehensiveSCRPAFixV8_5 - INFO -   - Filtering accuracy: 0.0%
2025-08-04 21:36:49,167 - ComprehensiveSCRPAFixV8_5 - INFO -   - incident_type: 0 total matches
2025-08-04 21:36:49,167 - ComprehensiveSCRPAFixV8_5 - INFO -   - all_incidents: 0 total matches
2025-08-04 21:36:49,167 - ComprehensiveSCRPAFixV8_5 - INFO -   - vehicle_1: 0 total matches
2025-08-04 21:36:49,168 - ComprehensiveSCRPAFixV8_5 - INFO -   - vehicle_2: 0 total matches
2025-08-04 21:36:49,168 - ComprehensiveSCRPAFixV8_5 - INFO - Validation completed - filtering accuracy: 0.0%
2025-08-04 21:36:49,170 - ComprehensiveSCRPAFixV8_5 - INFO - After multi-column crime filtering: 0 records
2025-08-04 21:36:49,171 - ComprehensiveSCRPAFixV8_5 - INFO - Case-insensitive 7-day period records found: 4
2025-08-04 21:36:49,193 - ComprehensiveSCRPAFixV8_5 - INFO - Multi-Column Filtering Validation Results:
2025-08-04 21:36:49,194 - ComprehensiveSCRPAFixV8_5 - INFO -   - Available search columns: 4
2025-08-04 21:36:49,194 - ComprehensiveSCRPAFixV8_5 - INFO -   - Total unique crime matches: 0
2025-08-04 21:36:49,195 - ComprehensiveSCRPAFixV8_5 - INFO -   - Filtering accuracy: 0.0%
2025-08-04 21:36:49,195 - ComprehensiveSCRPAFixV8_5 - INFO -   - incident_type: 0 total matches
2025-08-04 21:36:49,195 - ComprehensiveSCRPAFixV8_5 - INFO -   - all_incidents: 0 total matches
2025-08-04 21:36:49,196 - ComprehensiveSCRPAFixV8_5 - INFO -   - vehicle_1: 0 total matches
2025-08-04 21:36:49,196 - ComprehensiveSCRPAFixV8_5 - INFO -   - vehicle_2: 0 total matches
2025-08-04 21:36:49,196 - ComprehensiveSCRPAFixV8_5 - INFO - Fallback method validation - filtering accuracy: 0.0%
2025-08-04 21:36:49,197 - ComprehensiveSCRPAFixV8_5 - INFO - After multi-column crime filtering: 0 records
2025-08-04 21:36:49,198 - ComprehensiveSCRPAFixV8_5 - INFO - Trying date-based filtering as fallback...
2025-08-04 21:36:49,203 - ComprehensiveSCRPAFixV8_5 - INFO - Date-based filtering (last 7 days): 4 records found
2025-08-04 21:36:49,205 - ComprehensiveSCRPAFixV8_5 - INFO - After multi-column crime filtering: 0 records
2025-08-04 21:36:49,206 - ComprehensiveSCRPAFixV8_5 - WARNING - No 7-Day incidents found matching crime categories
2025-08-04 21:36:49,206 - ComprehensiveSCRPAFixV8_5 - INFO - Filtering method attempted: Date-based filtering (last 7 days) with multi-column filtering
2025-08-04 21:36:49,206 - ComprehensiveSCRPAFixV8_5 - INFO - ============================================================
2025-08-04 21:36:49,207 - ComprehensiveSCRPAFixV8_5 - INFO - COMPREHENSIVE SCRPA FIX V8.5 COMPLETE - VALIDATION SUMMARY
2025-08-04 21:36:49,207 - ComprehensiveSCRPAFixV8_5 - INFO - ============================================================
2025-08-04 21:36:49,207 - ComprehensiveSCRPAFixV8_5 - INFO - ✅ RMS records processed: 138
2025-08-04 21:36:49,208 - ComprehensiveSCRPAFixV8_5 - INFO - ✅ CAD records processed: 115
2025-08-04 21:36:49,208 - ComprehensiveSCRPAFixV8_5 - INFO - ✅ Matched records: 138 (RMS as master)
2025-08-04 21:36:49,208 - ComprehensiveSCRPAFixV8_5 - WARNING - ⚠️ RECORD COUNT VALIDATION: Expected 135, got 138
2025-08-04 21:36:49,209 - ComprehensiveSCRPAFixV8_5 - INFO - ✅ COLUMN NAMING VALIDATION: PASSED (all lowercase_with_underscores)
2025-08-04 21:36:49,209 - ComprehensiveSCRPAFixV8_5 - INFO - ✅ CAD columns with _cad suffix: 0
2025-08-04 21:36:49,209 - ComprehensiveSCRPAFixV8_5 - WARNING - ⚠️ CRITICAL COLUMNS VALIDATION: Missing columns: ['response_type_cad', 'grid_cad', 'post_cad']
2025-08-04 21:36:49,210 - ComprehensiveSCRPAFixV8_5 - INFO - 🔍 Running comprehensive filtering validation...
2025-08-04 21:36:49,210 - ComprehensiveSCRPAFixV8_5 - INFO - Starting comprehensive filtering validation...
2025-08-04 21:36:49,210 - ComprehensiveSCRPAFixV8_5 - INFO - Testing column coverage for filtering...
2025-08-04 21:36:49,211 - ComprehensiveSCRPAFixV8_5 - INFO - Testing crime pattern matching...
2025-08-04 21:36:49,241 - ComprehensiveSCRPAFixV8_5 - INFO - Testing multi-column search function...
2025-08-04 21:36:49,242 - ComprehensiveSCRPAFixV8_5 - INFO - Testing filtering on real data...
2025-08-04 21:36:49,245 - ComprehensiveSCRPAFixV8_5 - INFO - Testing backward compatibility...
2025-08-04 21:36:49,246 - ComprehensiveSCRPAFixV8_5 - INFO - Comprehensive filtering validation complete:
2025-08-04 21:36:49,247 - ComprehensiveSCRPAFixV8_5 - INFO -   - Overall status: WARNING
2025-08-04 21:36:49,247 - ComprehensiveSCRPAFixV8_5 - INFO -   - Failed tests: 0
2025-08-04 21:36:49,247 - ComprehensiveSCRPAFixV8_5 - INFO -   - Warning tests: 12
2025-08-04 21:36:49,248 - ComprehensiveSCRPAFixV8_5 - INFO -   - Recommendations: 10
2025-08-04 21:36:49,248 - ComprehensiveSCRPAFixV8_5 - WARNING - ⚠️ COMPREHENSIVE FILTERING VALIDATION: WARNING
2025-08-04 21:36:49,248 - ComprehensiveSCRPAFixV8_5 - INFO - ✅ 7-Day records: 4
2025-08-04 21:36:49,249 - ComprehensiveSCRPAFixV8_5 - INFO - ✅ Filtered crime incidents: 0
2025-08-04 21:36:49,249 - ComprehensiveSCRPAFixV8_5 - INFO - ✅ Filtering rate: 0.0%
2025-08-04 21:36:49,249 - ComprehensiveSCRPAFixV8_5 - WARNING - ⚠️ Filtering validation recommendations:
2025-08-04 21:36:49,250 - ComprehensiveSCRPAFixV8_5 - WARNING -    - Low data coverage in incident_type: 0.0%
2025-08-04 21:36:49,250 - ComprehensiveSCRPAFixV8_5 - WARNING -    - Low data coverage in all_incidents: 0.0%
2025-08-04 21:36:49,250 - ComprehensiveSCRPAFixV8_5 - WARNING -    - Low data coverage in vehicle_2: 2.9%
2025-08-04 21:36:49,250 - ComprehensiveSCRPAFixV8_5 - WARNING -    - No matches found for Motor Vehicle Theft - check pattern definitions
2025-08-04 21:36:49,251 - ComprehensiveSCRPAFixV8_5 - WARNING -    - No matches found for Burglary - Auto - check pattern definitions
2025-08-04 21:36:49,251 - ComprehensiveSCRPAFixV8_5 - WARNING -    - No matches found for Burglary - Commercial - check pattern definitions
2025-08-04 21:36:49,251 - ComprehensiveSCRPAFixV8_5 - WARNING -    - No matches found for Burglary - Residence - check pattern definitions
2025-08-04 21:36:49,252 - ComprehensiveSCRPAFixV8_5 - WARNING -    - No matches found for Robbery - check pattern definitions
2025-08-04 21:36:49,252 - ComprehensiveSCRPAFixV8_5 - WARNING -    - No matches found for Sexual Offenses - check pattern definitions
2025-08-04 21:36:49,252 - ComprehensiveSCRPAFixV8_5 - WARNING -    - No crime incidents found in 7-Day period - check data and filtering logic
2025-08-04 21:36:49,253 - ComprehensiveSCRPAFixV8_5 - INFO - ✅ Output directory: C:\Users\carucci_r\OneDrive - City of Hackensack\01_DataSources\SCRPA_Time_v2\04_powerbi
2025-08-04 21:36:49,253 - ComprehensiveSCRPAFixV8_5 - INFO - ============================================================
2025-08-04 21:36:49,253 - ComprehensiveSCRPAFixV8_5 - INFO - Running comprehensive export consistency validation...
2025-08-04 21:36:49,255 - ComprehensiveSCRPAFixV8_5 - INFO - Found 4 CSV files for validation
2025-08-04 21:36:49,255 - ComprehensiveSCRPAFixV8_5 - INFO - ======================================================================
2025-08-04 21:36:49,255 - ComprehensiveSCRPAFixV8_5 - INFO - COMPREHENSIVE EXPORT CONSISTENCY VALIDATION
2025-08-04 21:36:49,256 - ComprehensiveSCRPAFixV8_5 - INFO - ======================================================================
2025-08-04 21:36:49,263 - ComprehensiveSCRPAFixV8_5 - INFO - Analyzing: C08W31_20250804_7Day_rms_data_standardized.csv (138 rows, 24 columns)
2025-08-04 21:36:49,263 - ComprehensiveSCRPAFixV8_5 - INFO - ✅ C08W31_20250804_7Day_rms_data_standardized.csv header validation PASSED: All 24 columns follow lowercase snake_case
2025-08-04 21:36:49,263 - ComprehensiveSCRPAFixV8_5 - INFO -   Headers: All 24 columns follow lowercase_snake_case
2025-08-04 21:36:49,277 - ComprehensiveSCRPAFixV8_5 - INFO -   Data Types: 15 string, 9 numeric, 0 datetime, 0 mixed
2025-08-04 21:36:49,278 - ComprehensiveSCRPAFixV8_5 - WARNING -   Data Quality Issues: 10
2025-08-04 21:36:49,278 - ComprehensiveSCRPAFixV8_5 - WARNING -     - Column 'incident_time' has high null percentage: 100.0%
2025-08-04 21:36:49,278 - ComprehensiveSCRPAFixV8_5 - WARNING -     - Column 'location' has high null percentage: 100.0%
2025-08-04 21:36:49,279 - ComprehensiveSCRPAFixV8_5 - WARNING -     - Column 'grid' has high null percentage: 100.0%
2025-08-04 21:36:49,289 - ComprehensiveSCRPAFixV8_5 - WARNING -   Power BI Issues: 1
2025-08-04 21:36:49,289 - ComprehensiveSCRPAFixV8_5 - WARNING -     - Completely empty columns found: incident_time, location, grid, post, incident_type
2025-08-04 21:36:49,295 - ComprehensiveSCRPAFixV8_5 - INFO - Analyzing: C08W31_20250804_7Day_cad_data_standardized.csv (115 rows, 23 columns)
2025-08-04 21:36:49,295 - ComprehensiveSCRPAFixV8_5 - INFO - ✅ C08W31_20250804_7Day_cad_data_standardized.csv header validation PASSED: All 23 columns follow lowercase snake_case
2025-08-04 21:36:49,296 - ComprehensiveSCRPAFixV8_5 - INFO -   Headers: All 23 columns follow lowercase_snake_case
2025-08-04 21:36:49,305 - ComprehensiveSCRPAFixV8_5 - INFO -   Data Types: 19 string, 4 numeric, 0 datetime, 0 mixed
2025-08-04 21:36:49,305 - ComprehensiveSCRPAFixV8_5 - WARNING -   Data Quality Issues: 1
2025-08-04 21:36:49,305 - ComprehensiveSCRPAFixV8_5 - WARNING -     - Column 'cad_notes_cleaned' has high null percentage: 100.0%
2025-08-04 21:36:49,317 - ComprehensiveSCRPAFixV8_5 - WARNING -   Power BI Issues: 1
2025-08-04 21:36:49,317 - ComprehensiveSCRPAFixV8_5 - WARNING -     - Completely empty columns found: cad_notes_cleaned
2025-08-04 21:36:49,325 - ComprehensiveSCRPAFixV8_5 - INFO - Analyzing: C08W31_20250804_7Day_cad_rms_matched_standardized.csv (138 rows, 26 columns)
2025-08-04 21:36:49,325 - ComprehensiveSCRPAFixV8_5 - INFO - ✅ C08W31_20250804_7Day_cad_rms_matched_standardized.csv header validation PASSED: All 26 columns follow lowercase snake_case
2025-08-04 21:36:49,325 - ComprehensiveSCRPAFixV8_5 - INFO -   Headers: All 26 columns follow lowercase_snake_case
2025-08-04 21:36:49,332 - ComprehensiveSCRPAFixV8_5 - INFO -   Data Types: 17 string, 9 numeric, 0 datetime, 0 mixed
2025-08-04 21:36:49,332 - ComprehensiveSCRPAFixV8_5 - WARNING -   Data Quality Issues: 10
2025-08-04 21:36:49,333 - ComprehensiveSCRPAFixV8_5 - WARNING -     - Column 'incident_time' has high null percentage: 100.0%
2025-08-04 21:36:49,333 - ComprehensiveSCRPAFixV8_5 - WARNING -     - Column 'location' has high null percentage: 100.0%
2025-08-04 21:36:49,333 - ComprehensiveSCRPAFixV8_5 - WARNING -     - Column 'grid' has high null percentage: 100.0%
2025-08-04 21:36:49,341 - ComprehensiveSCRPAFixV8_5 - WARNING -   Power BI Issues: 1
2025-08-04 21:36:49,341 - ComprehensiveSCRPAFixV8_5 - WARNING -     - Completely empty columns found: incident_time, location, grid, post, incident_type
2025-08-04 21:36:49,349 - ComprehensiveSCRPAFixV8_5 - INFO - Analyzing: C08W31_20250804_7Day_cad_data_standardized_v2.csv (115 rows, 25 columns)
2025-08-04 21:36:49,349 - ComprehensiveSCRPAFixV8_5 - INFO - ✅ C08W31_20250804_7Day_cad_data_standardized_v2.csv header validation PASSED: All 25 columns follow lowercase snake_case
2025-08-04 21:36:49,349 - ComprehensiveSCRPAFixV8_5 - INFO -   Headers: All 25 columns follow lowercase_snake_case
2025-08-04 21:36:49,359 - ComprehensiveSCRPAFixV8_5 - INFO -   Data Types: 22 string, 3 numeric, 0 datetime, 0 mixed
2025-08-04 21:36:49,360 - ComprehensiveSCRPAFixV8_5 - WARNING -   Data Quality Issues: 1
2025-08-04 21:36:49,360 - ComprehensiveSCRPAFixV8_5 - WARNING -     - Column 'cad_username' contains mixed numeric/string data
2025-08-04 21:36:49,368 - ComprehensiveSCRPAFixV8_5 - INFO -   Power BI Ready: No import issues detected
2025-08-04 21:36:49,369 - ComprehensiveSCRPAFixV8_5 - INFO - Cross-File Compatibility Analysis:
2025-08-04 21:36:49,369 - ComprehensiveSCRPAFixV8_5 - INFO -   Total unique columns across all files: 43
2025-08-04 21:36:49,370 - ComprehensiveSCRPAFixV8_5 - INFO -   Common columns across all files: 6
2025-08-04 21:36:49,370 - ComprehensiveSCRPAFixV8_5 - INFO -   C08W31_20250804_7Day_rms_data_standardized.csv specific columns: 18
2025-08-04 21:36:49,370 - ComprehensiveSCRPAFixV8_5 - INFO -     - vehicle_1_and_vehicle_2, incident_time, nibrs_classification, incident_type, period (and 13 more)
2025-08-04 21:36:49,370 - ComprehensiveSCRPAFixV8_5 - INFO -   C08W31_20250804_7Day_cad_data_standardized.csv specific columns: 17
2025-08-04 21:36:49,371 - ComprehensiveSCRPAFixV8_5 - INFO -     - time_of_call, cad_notes_cleaned, officer, incident, time_in (and 12 more)
2025-08-04 21:36:49,371 - ComprehensiveSCRPAFixV8_5 - INFO -   C08W31_20250804_7Day_cad_rms_matched_standardized.csv specific columns: 20
2025-08-04 21:36:49,371 - ComprehensiveSCRPAFixV8_5 - INFO -     - incident_time, category_type, nibrs_classification, time_of_day_sort_order, day_type (and 15 more)
2025-08-04 21:36:49,371 - ComprehensiveSCRPAFixV8_5 - INFO -   C08W31_20250804_7Day_cad_data_standardized_v2.csv specific columns: 19
2025-08-04 21:36:49,371 - ComprehensiveSCRPAFixV8_5 - INFO -     - time_of_call, officer, category_type, how_reported, time_response_formatted (and 14 more)
2025-08-04 21:36:49,372 - ComprehensiveSCRPAFixV8_5 - WARNING -   Inconsistent data types in 2 common columns:
2025-08-04 21:36:49,372 - ComprehensiveSCRPAFixV8_5 - WARNING -     - location: {'C08W31_20250804_7Day_rms_data_standardized.csv': 'float64', 'C08W31_20250804_7Day_cad_data_standardized.csv': 'object', 'C08W31_20250804_7Day_cad_rms_matched_standardized.csv': 'float64', 'C08W31_20250804_7Day_cad_data_standardized_v2.csv': 'object'}
2025-08-04 21:36:49,372 - ComprehensiveSCRPAFixV8_5 - WARNING -     - grid: {'C08W31_20250804_7Day_rms_data_standardized.csv': 'float64', 'C08W31_20250804_7Day_cad_data_standardized.csv': 'object', 'C08W31_20250804_7Day_cad_rms_matched_standardized.csv': 'float64', 'C08W31_20250804_7Day_cad_data_standardized_v2.csv': 'object'}
2025-08-04 21:36:49,373 - ComprehensiveSCRPAFixV8_5 - INFO - ======================================================================
2025-08-04 21:36:49,373 - ComprehensiveSCRPAFixV8_5 - INFO - EXPORT CONSISTENCY VALIDATION SUMMARY
2025-08-04 21:36:49,373 - ComprehensiveSCRPAFixV8_5 - INFO - ======================================================================
2025-08-04 21:36:49,374 - ComprehensiveSCRPAFixV8_5 - INFO - Overall Status: WARNING
2025-08-04 21:36:49,374 - ComprehensiveSCRPAFixV8_5 - INFO - Files Validated: 4
2025-08-04 21:36:49,374 - ComprehensiveSCRPAFixV8_5 - INFO - Issues Found: 5
2025-08-04 21:36:49,374 - ComprehensiveSCRPAFixV8_5 - INFO - Power BI Ready Files: 1/4
2025-08-04 21:36:49,375 - ComprehensiveSCRPAFixV8_5 - INFO - Recommendations:
2025-08-04 21:36:49,375 - ComprehensiveSCRPAFixV8_5 - INFO -   - Review header naming conventions to ensure lowercase_snake_case compliance
2025-08-04 21:36:49,375 - ComprehensiveSCRPAFixV8_5 - INFO -   - Standardize data types for common columns across all files
2025-08-04 21:36:49,376 - ComprehensiveSCRPAFixV8_5 - INFO -   - Address Power BI compatibility issues before import
2025-08-04 21:36:49,376 - ComprehensiveSCRPAFixV8_5 - INFO -   - C08W31_20250804_7Day_rms_data_standardized.csv: Consider reviewing columns with >75% null values: incident_time, location, grid
2025-08-04 21:36:49,376 - ComprehensiveSCRPAFixV8_5 - INFO -   - C08W31_20250804_7Day_cad_data_standardized.csv: Consider reviewing columns with >75% null values: cad_notes_cleaned
2025-08-04 21:36:49,376 - ComprehensiveSCRPAFixV8_5 - INFO - ======================================================================
2025-08-04 21:36:49,377 - ComprehensiveSCRPAFixV8_5 - WARNING - ⚠️ Export validation completed with warnings - review before Power BI import
