2025-08-05 16:43:26,351 - ComprehensiveSCRPAFixV8_5 - INFO - === Comprehensive SCRPA Fix V8.5 - Cycle Calendar Integration Version ===
2025-08-05 16:43:27,007 - ComprehensiveSCRPAFixV8_5 - INFO - Loaded call type reference: 592 records
2025-08-05 16:43:27,007 - ComprehensiveSCRPAFixV8_5 - INFO - Reference file columns: ['Incident', 'Category Type', 'Response Type']
2025-08-05 16:43:27,008 - ComprehensiveSCRPAFixV8_5 - INFO - Incident column forced to string type with 592 records
2025-08-05 16:43:27,113 - ComprehensiveSCRPAFixV8_5 - INFO - Loaded zone/grid reference: 1368 records
2025-08-05 16:43:27,126 - ComprehensiveSCRPAFixV8_5 - INFO - Loaded cycle calendar: 52 records
2025-08-05 16:43:27,126 - ComprehensiveSCRPAFixV8_5 - INFO - Cycle calendar columns: ['Report_Due_Date', '7_Day_Start', '7_Day_End', '28_Day_Start', '28_Day_End', 'Report_Name']
2025-08-05 16:43:27,128 - ComprehensiveSCRPAFixV8_5 - INFO - Current cycle: C08W32, Date: 20250805
2025-08-05 16:43:27,128 - ComprehensiveSCRPAFixV8_5 - INFO - 🚀 Starting Complete SCRPA Pipeline V8.5... (Memory: 95.6MB)
2025-08-05 16:43:27,128 - ComprehensiveSCRPAFixV8_5 - INFO - Starting Comprehensive SCRPA Fix V8.5 pipeline...
2025-08-05 16:43:27,129 - ComprehensiveSCRPAFixV8_5 - INFO - ⚡ Completed Complete SCRPA Pipeline V8.5 (Fast):
2025-08-05 16:43:27,129 - ComprehensiveSCRPAFixV8_5 - INFO -   ⏱️ Duration: 0.00s
2025-08-05 16:43:27,129 - ComprehensiveSCRPAFixV8_5 - INFO -   💾 Memory: 95.6MB (Δ+0.0MB)
2025-08-05 16:43:27,130 - ComprehensiveSCRPAFixV8_5 - INFO - Latest CAD file: 2025_08_01_19_38_12_SCRPA_CAD.xlsx
2025-08-05 16:43:27,131 - ComprehensiveSCRPAFixV8_5 - INFO - Latest RMS file: 2025_08_01_19_38_12_SCRPA_RMS.xlsx
2025-08-05 16:43:27,131 - ComprehensiveSCRPAFixV8_5 - INFO - 🚀 Starting RMS Data Processing - 2025_08_01_19_38_12_SCRPA_RMS.xlsx... (Memory: 95.6MB)
2025-08-05 16:43:27,131 - ComprehensiveSCRPAFixV8_5 - INFO - Processing RMS data: 2025_08_01_19_38_12_SCRPA_RMS.xlsx
2025-08-05 16:43:27,131 - ComprehensiveSCRPAFixV8_5 - INFO - 🚀 Starting RMS File Loading... (Memory: 95.6MB)
2025-08-05 16:43:27,173 - ComprehensiveSCRPAFixV8_5 - INFO - Loaded RMS file with 140 rows and 31 columns
2025-08-05 16:43:27,173 - ComprehensiveSCRPAFixV8_5 - INFO - ⚡ Completed RMS File Loading (Fast):
2025-08-05 16:43:27,173 - ComprehensiveSCRPAFixV8_5 - INFO -   ⏱️ Duration: 0.04s
2025-08-05 16:43:27,173 - ComprehensiveSCRPAFixV8_5 - INFO -   💾 Memory: 96.0MB (Δ+0.4MB)
2025-08-05 16:43:27,174 - ComprehensiveSCRPAFixV8_5 - INFO - Normalized RMS headers: ['case_number', 'incident_date', 'incident_time', 'incident_date_between', 'incident_time_between', 'report_date', 'report_time', 'incident_type_1', 'incident_type_2', 'incident_type_3', 'full_address', 'grid', 'zone', 'narrative', 'total_value_stolen', 'total_value_recover', 'registration_1', 'make_1', 'model_1', 'reg_state_1', 'registration_2', 'reg_state_2', 'make_2', 'model_2', 'reviewed_by', 'complete_calc', 'officer_of_record', 'squad', 'det_assigned', 'case_status', 'nibrs_classification']
2025-08-05 16:43:27,175 - ComprehensiveSCRPAFixV8_5 - INFO - Applied column mapping to 31 columns.
2025-08-05 16:43:27,219 - ComprehensiveSCRPAFixV8_5 - INFO - Cascaded incident dates populated: 140/140
2025-08-05 16:43:27,224 - ComprehensiveSCRPAFixV8_5 - INFO - Cascaded incident times populated: 140/140
2025-08-05 16:43:27,225 - ComprehensiveSCRPAFixV8_5 - INFO - Time of Day populated: 140/140
2025-08-05 16:43:27,332 - ComprehensiveSCRPAFixV8_5 - INFO - Formatted incident_date to mm/dd/yy
2025-08-05 16:43:27,333 - ComprehensiveSCRPAFixV8_5 - WARNING - Removing Jersey City address: 128 Christopher Columbus Drive, Jersey City, NJ 07302, Hackensack, NJ, 07601
2025-08-05 16:43:27,334 - ComprehensiveSCRPAFixV8_5 - INFO - Address validation: 139/140 addresses validated
2025-08-05 16:43:27,409 - ComprehensiveSCRPAFixV8_5 - INFO - After case status filter: 120 records
2025-08-05 16:43:27,410 - ComprehensiveSCRPAFixV8_5 - INFO - RMS processing complete: 119 records after filtering from 140
2025-08-05 16:43:27,446 - ComprehensiveSCRPAFixV8_5 - INFO - ⚡ Completed RMS Data Processing - 2025_08_01_19_38_12_SCRPA_RMS.xlsx (Fast):
2025-08-05 16:43:27,447 - ComprehensiveSCRPAFixV8_5 - INFO -   ⏱️ Duration: 0.31s
2025-08-05 16:43:27,447 - ComprehensiveSCRPAFixV8_5 - INFO -   💾 Memory: 97.5MB (Δ+1.9MB)
2025-08-05 16:43:27,447 - ComprehensiveSCRPAFixV8_5 - INFO - 🚀 Starting CAD Data Processing - 2025_08_01_19_38_12_SCRPA_CAD.xlsx... (Memory: 97.5MB)
2025-08-05 16:43:27,447 - ComprehensiveSCRPAFixV8_5 - INFO - Processing CAD data: 2025_08_01_19_38_12_SCRPA_CAD.xlsx
2025-08-05 16:43:27,448 - ComprehensiveSCRPAFixV8_5 - INFO - ⚡ Completed CAD Data Processing - 2025_08_01_19_38_12_SCRPA_CAD.xlsx (Fast):
2025-08-05 16:43:27,448 - ComprehensiveSCRPAFixV8_5 - INFO -   ⏱️ Duration: 0.00s
2025-08-05 16:43:27,448 - ComprehensiveSCRPAFixV8_5 - INFO -   💾 Memory: 97.5MB (Δ+0.0MB)
2025-08-05 16:43:27,488 - ComprehensiveSCRPAFixV8_5 - INFO - Loaded CAD file with 115 rows and 20 columns
2025-08-05 16:43:27,488 - ComprehensiveSCRPAFixV8_5 - INFO - Applied dtype={'How Reported': str} to prevent Excel auto-parsing '9-1-1' as date
2025-08-05 16:43:27,489 - ComprehensiveSCRPAFixV8_5 - INFO - Applied enhanced fixes to prevent '9-1-1' date conversion
2025-08-05 16:43:27,685 - ComprehensiveSCRPAFixV8_5 - INFO - CAD processing complete: 115 records
2025-08-05 16:43:27,713 - ComprehensiveSCRPAFixV8_5 - INFO - 💾 Writing standard CSV: 119 rows
2025-08-05 16:43:27,721 - ComprehensiveSCRPAFixV8_5 - INFO - RMS data saved: C:\Users\carucci_r\OneDrive - City of Hackensack\01_DataSources\SCRPA_Time_v2\04_powerbi\C08W32_20250805_7Day_rms_data_standardized_v3.csv
2025-08-05 16:43:27,723 - ComprehensiveSCRPAFixV8_5 - INFO - 💾 Writing standard CSV: 115 rows
2025-08-05 16:43:27,729 - ComprehensiveSCRPAFixV8_5 - INFO - CAD data saved: C:\Users\carucci_r\OneDrive - City of Hackensack\01_DataSources\SCRPA_Time_v2\04_powerbi\C08W32_20250805_7Day_cad_data_standardized_v2.csv
2025-08-05 16:43:27,730 - ComprehensiveSCRPAFixV8_5 - INFO - Starting CAD-RMS matching: RMS=119 records, CAD=115 records
2025-08-05 16:43:27,733 - ComprehensiveSCRPAFixV8_5 - ERROR - Fatal error in main execution: 'response_type'
Traceback (most recent call last):
  File "C:\Users\carucci_r\AppData\Local\Programs\Python\Python312\Lib\site-packages\pandas\core\indexes\base.py", line 3791, in get_loc
    return self._engine.get_loc(casted_key)
           ^^^^^^^^^^^^^^^^^^^^^^^^^^^^^^^^
  File "index.pyx", line 152, in pandas._libs.index.IndexEngine.get_loc
  File "index.pyx", line 181, in pandas._libs.index.IndexEngine.get_loc
  File "pandas\_libs\hashtable_class_helper.pxi", line 7080, in pandas._libs.hashtable.PyObjectHashTable.get_item
  File "pandas\_libs\hashtable_class_helper.pxi", line 7088, in pandas._libs.hashtable.PyObjectHashTable.get_item
KeyError: 'response_type'

The above exception was the direct cause of the following exception:

Traceback (most recent call last):
  File "C:\Users\carucci_r\OneDrive - City of Hackensack\01_DataSources\SCRPA_Time_v2\01_scripts\SCRPA_Fix_v9_Standardized.py", line 2648, in <module>
    results = processor.process_final_pipeline()
              ^^^^^^^^^^^^^^^^^^^^^^^^^^^^^^^^^^
  File "C:\Users\carucci_r\OneDrive - City of Hackensack\01_DataSources\SCRPA_Time_v2\01_scripts\SCRPA_Fix_v9_Standardized.py", line 2504, in process_final_pipeline
    joined_result = self.create_cad_rms_matched_dataset(rms_data, cad_data, output_dir)
                    ^^^^^^^^^^^^^^^^^^^^^^^^^^^^^^^^^^^^^^^^^^^^^^^^^^^^^^^^^^^^^^^^^^^
  File "C:\Users\carucci_r\OneDrive - City of Hackensack\01_DataSources\SCRPA_Time_v2\01_scripts\SCRPA_Fix_v9_Standardized.py", line 2541, in create_cad_rms_matched_dataset
    joined_data['response_type'] = joined_data['response_type_cad'].fillna(joined_data['response_type'])
                                                                           ~~~~~~~~~~~^^^^^^^^^^^^^^^^^
  File "C:\Users\carucci_r\AppData\Local\Programs\Python\Python312\Lib\site-packages\pandas\core\frame.py", line 3893, in __getitem__
    indexer = self.columns.get_loc(key)
              ^^^^^^^^^^^^^^^^^^^^^^^^^
  File "C:\Users\carucci_r\AppData\Local\Programs\Python\Python312\Lib\site-packages\pandas\core\indexes\base.py", line 3798, in get_loc
    raise KeyError(key) from err
KeyError: 'response_type'
