2025-08-01 11:25:20,271 - ComprehensiveSCRPAFixV8_0 - INFO - === Comprehensive SCRPA Fix V8.0 - Column Standardization Version ===
2025-08-01 11:25:20,705 - ComprehensiveSCRPAFixV8_0 - INFO - Loaded call type reference: 592 records
2025-08-01 11:25:20,775 - ComprehensiveSCRPAFixV8_0 - INFO - Loaded zone/grid reference: 1368 records
2025-08-01 11:25:20,775 - ComprehensiveSCRPAFixV8_0 - INFO - Starting Comprehensive SCRPA Fix V8.0 pipeline...
2025-08-01 11:25:20,776 - ComprehensiveSCRPAFixV8_0 - INFO - Latest cad file: 2025_07_29_13_02_40_SCRPA_CAD.xlsx
2025-08-01 11:25:20,786 - ComprehensiveSCRPAFixV8_0 - INFO - Latest rms file: 2025_07_29_13_02_46_SCRPA_RMS.xlsx
2025-08-01 11:25:20,786 - ComprehensiveSCRPAFixV8_0 - INFO - Processing RMS data: 2025_07_29_13_02_46_SCRPA_RMS.xlsx
2025-08-01 11:25:20,810 - ComprehensiveSCRPAFixV8_0 - INFO - Loaded RMS file with 136 rows and 31 columns
2025-08-01 11:25:20,810 - ComprehensiveSCRPAFixV8_0 - INFO - RMS columns found: ['Case Number', 'Incident Date', 'Incident Time', 'Incident Date_Between', 'Incident Time_Between', 'Report Date', 'Report Time', 'Incident Type_1', 'Incident Type_2', 'Incident Type_3', 'FullAddress', 'Grid', 'Zone', 'Narrative', 'Total Value Stolen', 'Total Value Recover', 'Registration 1', 'Make1', 'Model1', 'Reg State 1', 'Registration 2', 'Reg State 2', 'Make2', 'Model2', 'Reviewed By', 'CompleteCalc', 'Officer of Record', 'Squad', 'Det_Assigned', 'Case_Status', 'NIBRS Classification']
2025-08-01 11:25:20,811 - ComprehensiveSCRPAFixV8_0 - INFO - Applied column mapping: {'Case Number': 'case_number', 'Incident Date': 'incident_date_raw', 'Incident Time': 'incident_time_raw', 'Incident Date_Between': 'incident_date_between_raw', 'Incident Time_Between': 'incident_time_between_raw', 'Report Date': 'report_date_raw', 'Report Time': 'report_time_raw', 'Incident Type_1': 'incident_type_1_raw', 'Incident Type_2': 'incident_type_2_raw', 'Incident Type_3': 'incident_type_3_raw', 'FullAddress': 'full_address_raw', 'Grid': 'grid_raw', 'Zone': 'zone_raw', 'Narrative': 'narrative_raw', 'Total Value Stolen': 'total_value_stolen', 'Total Value Recover': 'total_value_recovered', 'Registration 1': 'registration_1', 'Make1': 'make_1', 'Model1': 'model_1', 'Reg State 1': 'reg_state_1', 'Registration 2': 'registration_2', 'Reg State 2': 'reg_state_2', 'Make2': 'make_2', 'Model2': 'model_2', 'Reviewed By': 'reviewed_by', 'CompleteCalc': 'complete_calc', 'Officer of Record': 'officer_of_record', 'Squad': 'squad', 'Det_Assigned': 'det_assigned', 'Case_Status': 'case_status', 'NIBRS Classification': 'nibrs_classification'}
2025-08-01 11:25:20,845 - ComprehensiveSCRPAFixV8_0 - WARNING - Removing Jersey City address: 128 Christopher Columbus Drive, Jersey City, NJ 07302, Hackensack, NJ, 07601
2025-08-01 11:25:20,877 - ComprehensiveSCRPAFixV8_0 - INFO - RMS processing complete: 134 records after filtering
2025-08-01 11:25:20,878 - ComprehensiveSCRPAFixV8_0 - INFO - Final RMS columns: ['case_number', 'incident_date', 'incident_time', 'time_of_day', 'period', 'season', 'day_of_week', 'day_type', 'location', 'block', 'grid', 'post', 'incident_type', 'all_incidents', 'vehicle_1', 'vehicle_2', 'vehicle_1_and_vehicle_2', 'narrative', 'total_value_stolen', 'total_value_recovered', 'squad', 'officer_of_record', 'nibrs_classification']
2025-08-01 11:25:20,878 - ComprehensiveSCRPAFixV8_0 - INFO - REMOVED CAD-specific columns: incident_type, crime_category, response_type
2025-08-01 11:25:20,878 - ComprehensiveSCRPAFixV8_0 - INFO - Processing CAD data: 2025_07_29_13_02_40_SCRPA_CAD.xlsx
2025-08-01 11:25:20,897 - ComprehensiveSCRPAFixV8_0 - INFO - Loaded CAD file with 114 rows and 20 columns
2025-08-01 11:25:20,898 - ComprehensiveSCRPAFixV8_0 - INFO - CAD columns found: ['ReportNumberNew', 'Incident', 'How Reported', 'FullAddress2', 'PDZone', 'Grid', 'Time of Call', 'cYear', 'cMonth', 'HourMinuetsCalc', 'DayofWeek', 'Time Dispatched', 'Time Out', 'Time In', 'Time Spent', 'Time Response', 'Officer', 'Disposition', 'Response Type', 'CADNotes']
2025-08-01 11:25:20,898 - ComprehensiveSCRPAFixV8_0 - INFO - Applied column mapping: {'ReportNumberNew': 'case_number', 'Incident': 'incident_raw', 'How Reported': 'how_reported', 'FullAddress2': 'full_address_raw', 'PDZone': 'post', 'Grid': 'grid_raw', 'Time of Call': 'time_of_call', 'cYear': 'call_year', 'cMonth': 'call_month', 'HourMinuetsCalc': 'hour_minutes_calc', 'DayofWeek': 'day_of_week_raw', 'Time Dispatched': 'time_dispatched', 'Time Out': 'time_out', 'Time In': 'time_in', 'Time Spent': 'time_spent_raw', 'Time Response': 'time_response_raw', 'Officer': 'officer', 'Disposition': 'disposition', 'Response Type': 'response_type_fallback', 'CADNotes': 'cad_notes_raw'}
2025-08-01 11:25:20,949 - ComprehensiveSCRPAFixV8_0 - INFO - CAD response_type populated in 114/114 records
2025-08-01 11:25:20,949 - ComprehensiveSCRPAFixV8_0 - INFO - CAD grid populated in 107/114 records
2025-08-01 11:25:20,950 - ComprehensiveSCRPAFixV8_0 - INFO - CAD post populated in 110/114 records
2025-08-01 11:25:20,950 - ComprehensiveSCRPAFixV8_0 - INFO - CAD processing complete: 114 records
2025-08-01 11:25:20,950 - ComprehensiveSCRPAFixV8_0 - INFO - Final CAD columns: ['case_number', 'response_type', 'category_type', 'how_reported', 'location', 'block', 'grid', 'post', 'time_of_call', 'time_dispatched', 'time_out', 'time_in', 'time_spent_minutes', 'time_response_minutes', 'time_spent_formatted', 'time_response_formatted', 'officer', 'disposition']
2025-08-01 11:25:20,957 - ComprehensiveSCRPAFixV8_0 - INFO - RMS data saved: C:\Users\carucci_r\OneDrive - City of Hackensack\01_DataSources\SCRPA_Time_v2\04_powerbi\rms_data_standardized.csv
2025-08-01 11:25:20,960 - ComprehensiveSCRPAFixV8_0 - INFO - CAD data saved: C:\Users\carucci_r\OneDrive - City of Hackensack\01_DataSources\SCRPA_Time_v2\04_powerbi\cad_data_standardized.csv
2025-08-01 11:25:20,964 - ComprehensiveSCRPAFixV8_0 - INFO - Crimes data saved: C:\Users\carucci_r\OneDrive - City of Hackensack\01_DataSources\SCRPA_Time_v2\04_powerbi\all_crimes_standardized.csv - Records: 134
2025-08-01 11:25:20,964 - ComprehensiveSCRPAFixV8_0 - INFO - Starting CAD-RMS matching: RMS=134 records, CAD=114 records
2025-08-01 11:25:20,968 - ComprehensiveSCRPAFixV8_0 - INFO - CAD-RMS matching complete:
2025-08-01 11:25:20,968 - ComprehensiveSCRPAFixV8_0 - INFO -   - Final record count: 134 (matches RMS input)
2025-08-01 11:25:20,968 - ComprehensiveSCRPAFixV8_0 - INFO -   - CAD matches found: 86
2025-08-01 11:25:20,969 - ComprehensiveSCRPAFixV8_0 - INFO -   - Match rate: 64.2%
2025-08-01 11:25:20,974 - ComprehensiveSCRPAFixV8_0 - INFO - Joined data saved: C:\Users\carucci_r\OneDrive - City of Hackensack\01_DataSources\SCRPA_Time_v2\04_powerbi\cad_rms_matched_standardized.csv
2025-08-01 11:25:20,975 - ComprehensiveSCRPAFixV8_0 - ERROR - Fatal error in main execution: 'rms_data'
Traceback (most recent call last):
  File "C:\Users\carucci_r\AppData\Local\Programs\Python\Python312\Lib\site-packages\pandas\core\indexes\base.py", line 3791, in get_loc
    return self._engine.get_loc(casted_key)
           ^^^^^^^^^^^^^^^^^^^^^^^^^^^^^^^^
  File "index.pyx", line 152, in pandas._libs.index.IndexEngine.get_loc
  File "index.pyx", line 181, in pandas._libs.index.IndexEngine.get_loc
  File "pandas\_libs\hashtable_class_helper.pxi", line 7080, in pandas._libs.hashtable.PyObjectHashTable.get_item
  File "pandas\_libs\hashtable_class_helper.pxi", line 7088, in pandas._libs.hashtable.PyObjectHashTable.get_item
KeyError: 'rms_data'

The above exception was the direct cause of the following exception:

Traceback (most recent call last):
  File "C:\Users\carucci_r\OneDrive - City of Hackensack\01_DataSources\SCRPA_Time_v2\01_scripts\Comprehensive_SCRPA_Fix_v8.0_Standardized.py", line 1355, in <module>
    if not results['rms_data'].empty:
           ~~~~~~~^^^^^^^^^^^^
  File "C:\Users\carucci_r\AppData\Local\Programs\Python\Python312\Lib\site-packages\pandas\core\frame.py", line 3893, in __getitem__
    indexer = self.columns.get_loc(key)
              ^^^^^^^^^^^^^^^^^^^^^^^^^
  File "C:\Users\carucci_r\AppData\Local\Programs\Python\Python312\Lib\site-packages\pandas\core\indexes\base.py", line 3798, in get_loc
    raise KeyError(key) from err
KeyError: 'rms_data'
