2025-07-29 14:11:53,089 - ComprehensiveSCRPAFixV8_0 - INFO - === Comprehensive SCRPA Fix V8.0 - Column Standardization Version ===
2025-07-29 14:11:53,609 - ComprehensiveSCRPAFixV8_0 - INFO - Loaded call type reference: 592 records
2025-07-29 14:11:53,610 - ComprehensiveSCRPAFixV8_0 - INFO - Starting Comprehensive SCRPA Fix V8.0 pipeline...
2025-07-29 14:11:53,612 - ComprehensiveSCRPAFixV8_0 - INFO - Latest cad file: 25_01_to_25_07_20_CAD_zoned.xlsx
2025-07-29 14:11:53,612 - ComprehensiveSCRPAFixV8_0 - INFO - Latest rms file: 2025_07_29_13_02_46_SCRPA_RMS.xlsx
2025-07-29 14:11:53,613 - ComprehensiveSCRPAFixV8_0 - INFO - Processing RMS data: 2025_07_29_13_02_46_SCRPA_RMS.xlsx
2025-07-29 14:11:53,646 - ComprehensiveSCRPAFixV8_0 - INFO - Loaded RMS file with 136 rows and 31 columns
2025-07-29 14:11:53,707 - ComprehensiveSCRPAFixV8_0 - INFO - RMS processing complete: 134 records after filtering
2025-07-29 14:11:53,708 - ComprehensiveSCRPAFixV8_0 - INFO - Processing CAD data: 25_01_to_25_07_20_CAD_zoned.xlsx
2025-07-29 14:11:59,957 - ComprehensiveSCRPAFixV8_0 - INFO - Loaded CAD file with 60844 rows and 24 columns
2025-07-29 14:12:29,673 - ComprehensiveSCRPAFixV8_0 - ERROR - Fatal error in main execution: 'Grid_Raw'
Traceback (most recent call last):
  File "C:\Users\carucci_r\AppData\Local\Programs\Python\Python312\Lib\site-packages\pandas\core\indexes\base.py", line 3791, in get_loc
    return self._engine.get_loc(casted_key)
           ^^^^^^^^^^^^^^^^^^^^^^^^^^^^^^^^
  File "index.pyx", line 152, in pandas._libs.index.IndexEngine.get_loc
  File "index.pyx", line 181, in pandas._libs.index.IndexEngine.get_loc
  File "pandas\_libs\hashtable_class_helper.pxi", line 7080, in pandas._libs.hashtable.PyObjectHashTable.get_item
  File "pandas\_libs\hashtable_class_helper.pxi", line 7088, in pandas._libs.hashtable.PyObjectHashTable.get_item
KeyError: 'Grid_Raw'

The above exception was the direct cause of the following exception:

Traceback (most recent call last):
  File "c:\Users\carucci_r\OneDrive - City of Hackensack\01_DataSources\SCRPA_Time_v2\01_scripts\Comprehensive_SCRPA_Fix_v8.0_Standardized.py", line 755, in <module>
    results = processor.process_final_pipeline()
              ^^^^^^^^^^^^^^^^^^^^^^^^^^^^^^^^^^
  File "c:\Users\carucci_r\OneDrive - City of Hackensack\01_DataSources\SCRPA_Time_v2\01_scripts\Comprehensive_SCRPA_Fix_v8.0_Standardized.py", line 604, in process_final_pipeline
    cad_data = self.process_cad_data(latest_files['cad'])
               ^^^^^^^^^^^^^^^^^^^^^^^^^^^^^^^^^^^^^^^^^^
  File "c:\Users\carucci_r\OneDrive - City of Hackensack\01_DataSources\SCRPA_Time_v2\01_scripts\Comprehensive_SCRPA_Fix_v8.0_Standardized.py", line 533, in process_cad_data
    cad_df['Grid'] = cad_df['Grid_Raw']
                     ~~~~~~^^^^^^^^^^^^
  File "C:\Users\carucci_r\AppData\Local\Programs\Python\Python312\Lib\site-packages\pandas\core\frame.py", line 3893, in __getitem__
    indexer = self.columns.get_loc(key)
              ^^^^^^^^^^^^^^^^^^^^^^^^^
  File "C:\Users\carucci_r\AppData\Local\Programs\Python\Python312\Lib\site-packages\pandas\core\indexes\base.py", line 3798, in get_loc
    raise KeyError(key) from err
KeyError: 'Grid_Raw'
