2025-07-29 14:00:13,958 - ComprehensiveSCRPAFixV7_3 - INFO - Comprehensive SCRPA Fix V7.3 initialized.
2025-07-29 14:00:13,959 - ComprehensiveSCRPAFixV7_3 - WARNING - Call type reference file not found. Will use fallback categorization.
2025-07-29 14:00:13,959 - ComprehensiveSCRPAFixV7_3 - INFO - Starting Comprehensive SCRPA Fix V7.3 pipeline...
2025-07-29 14:00:13,959 - ComprehensiveSCRPAFixV7_3 - INFO - Latest cad file: 2025_07_29_13_02_40_SCRPA_CAD.xlsx
2025-07-29 14:00:13,960 - ComprehensiveSCRPAFixV7_3 - INFO - Latest rms file: 2025_07_29_13_02_46_SCRPA_RMS.xlsx
2025-07-29 14:00:13,960 - ComprehensiveSCRPAFixV7_3 - INFO - Processing CAD data: 2025_07_29_13_02_40_SCRPA_CAD.xlsx
2025-07-29 14:00:14,427 - ComprehensiveSCRPAFixV7_3 - INFO - Formatting datetime columns: ['Time of Call']
2025-07-29 14:00:14,434 - ComprehensiveSCRPAFixV7_3 - INFO - Formatting time-only columns: ['Time Dispatched', 'Time Out', 'Time In', 'Time Spent', 'Time Response']
2025-07-29 14:00:14,438 - ComprehensiveSCRPAFixV7_3 - INFO - Cleaning 'How Reported' column.
2025-07-29 14:00:14,453 - ComprehensiveSCRPAFixV7_3 - WARNING - Applying fallback crime categorization.
2025-07-29 14:00:14,454 - ComprehensiveSCRPAFixV7_3 - INFO - CAD processing complete: 114 records.
2025-07-29 14:00:14,454 - ComprehensiveSCRPAFixV7_3 - INFO - Processing RMS data: 2025_07_29_13_02_46_SCRPA_RMS.xlsx
2025-07-29 14:00:14,524 - ComprehensiveSCRPAFixV7_3 - INFO - Applied uppercase to vehicle data.
2025-07-29 14:00:14,538 - ComprehensiveSCRPAFixV7_3 - INFO - Created derived vehicle columns.
2025-07-29 14:00:14,538 - ComprehensiveSCRPAFixV7_3 - WARNING - Applying fallback crime categorization.
2025-07-29 14:00:14,540 - ComprehensiveSCRPAFixV7_3 - INFO - RMS processing complete: 136 records.
2025-07-29 14:00:14,569 - ComprehensiveSCRPAFixV7_3 - INFO - ============================================================
2025-07-29 14:00:14,569 - ComprehensiveSCRPAFixV7_3 - INFO - COMPREHENSIVE SCRPA FIX V7.3 COMPLETE
2025-07-29 14:00:14,569 - ComprehensiveSCRPAFixV7_3 - INFO - ✅ Total records processed: 250
2025-07-29 14:00:14,569 - ComprehensiveSCRPAFixV7_3 - INFO - ✅ Null/Empty CaseNumbers: 0
2025-07-29 14:00:14,569 - ComprehensiveSCRPAFixV7_3 - INFO - ✅ Output file: C:\Users\carucci_r\OneDrive - City of Hackensack\01_DataSources\SCRPA_Time_v2\04_powerbi\enhanced_scrpa_data_v7_3_final.csv
2025-07-29 14:00:14,570 - ComprehensiveSCRPAFixV7_3 - INFO - ============================================================
