2025-07-31 03:44:45,648 - ComprehensiveSCRPAFixV8_0 - INFO - === Comprehensive SCRPA Fix V8.0 - Column Standardization Version ===
2025-07-31 03:44:46,041 - ComprehensiveSCRPAFixV8_0 - INFO - Loaded call type reference: 592 records
2025-07-31 03:44:46,042 - ComprehensiveSCRPAFixV8_0 - INFO - Starting Comprehensive SCRPA Fix V8.0 pipeline...
2025-07-31 03:44:46,043 - ComprehensiveSCRPAFixV8_0 - INFO - Latest cad file: 25_01_to_25_07_20_CAD_zoned.xlsx
2025-07-31 03:44:46,044 - ComprehensiveSCRPAFixV8_0 - INFO - Latest rms file: 2025_07_29_13_02_46_SCRPA_RMS.xlsx
2025-07-31 03:44:46,045 - ComprehensiveSCRPAFixV8_0 - INFO - Processing RMS data: 2025_07_29_13_02_46_SCRPA_RMS.xlsx
2025-07-31 03:44:46,080 - ComprehensiveSCRPAFixV8_0 - INFO - Loaded RMS file with 136 rows and 31 columns
2025-07-31 03:44:46,081 - ComprehensiveSCRPAFixV8_0 - INFO - RMS columns found: ['Case Number', 'Incident Date', 'Incident Time', 'Incident Date_Between', 'Incident Time_Between', 'Report Date', 'Report Time', 'Incident Type_1', 'Incident Type_2', 'Incident Type_3', 'FullAddress', 'Grid', 'Zone', 'Narrative', 'Total Value Stolen', 'Total Value Recover', 'Registration 1', 'Make1', 'Model1', 'Reg State 1', 'Registration 2', 'Reg State 2', 'Make2', 'Model2', 'Reviewed By', 'CompleteCalc', 'Officer of Record', 'Squad', 'Det_Assigned', 'Case_Status', 'NIBRS Classification']
2025-07-31 03:44:46,082 - ComprehensiveSCRPAFixV8_0 - INFO - Applied column mapping: {'Case Number': 'Case_Number', 'Incident Date': 'Incident_Date_Raw', 'Incident Time': 'Incident_Time_Raw', 'Incident Date_Between': 'Incident_Date_Between_Raw', 'Incident Time_Between': 'Incident_Time_Between_Raw', 'Report Date': 'Report_Date_Raw', 'Report Time': 'Report_Time_Raw', 'Incident Type_1': 'Incident_Type_1_Raw', 'Incident Type_2': 'Incident_Type_2_Raw', 'Incident Type_3': 'Incident_Type_3_Raw', 'FullAddress': 'Full_Address_Raw', 'Grid': 'Grid_Raw', 'Zone': 'Zone_Raw', 'Narrative': 'Narrative_Raw', 'Total Value Stolen': 'Total_Value_Stolen', 'Total Value Recover': 'Total_Value_Recovered', 'Registration 1': 'Registration_1', 'Make1': 'Make_1', 'Model1': 'Model_1', 'Reg State 1': 'Reg_State_1', 'Registration 2': 'Registration_2', 'Reg State 2': 'Reg_State_2', 'Make2': 'Make_2', 'Model2': 'Model_2', 'Reviewed By': 'Reviewed_By', 'CompleteCalc': 'Complete_Calc', 'Officer of Record': 'Officer_Of_Record', 'Squad': 'Squad', 'Det_Assigned': 'Det_Assigned', 'Case_Status': 'Case_Status', 'NIBRS Classification': 'NIBRS_Classification'}
2025-07-31 03:44:46,143 - ComprehensiveSCRPAFixV8_0 - INFO - RMS processing complete: 134 records after filtering
2025-07-31 03:44:46,143 - ComprehensiveSCRPAFixV8_0 - INFO - Final RMS columns: ['Case_Number', 'Incident_Date', 'Incident_Time', 'Time_Of_Day', 'Period', 'Season', 'Day_Of_Week', 'Day_Type', 'Location', 'Block', 'Grid', 'Post', 'All_Incidents', 'Incident_Type', 'Crime_Category', 'Vehicle_1', 'Vehicle_2', 'Vehicle_1_And_Vehicle_2', 'Narrative', 'Total_Value_Stolen', 'Total_Value_Recovered', 'Squad', 'Officer_Of_Record', 'NIBRS_Classification']
2025-07-31 03:44:46,144 - ComprehensiveSCRPAFixV8_0 - INFO - Processing CAD data: 25_01_to_25_07_20_CAD_zoned.xlsx
2025-07-31 03:44:56,255 - ComprehensiveSCRPAFixV8_0 - INFO - Loaded CAD file with 60844 rows and 24 columns
2025-07-31 03:44:56,257 - ComprehensiveSCRPAFixV8_0 - INFO - CAD columns found: ['ReportNumberNew', 'Incident', 'How Reported', 'FullAddress2', 'PDZone_x', 'Grid_x', 'Time of Call', 'cYear', 'cMonth', 'HourMinuetsCalc', 'DayofWeek', 'Time Dispatched', 'Time Out', 'Time In', 'Time Spent', 'Time Response', 'Officer', 'Disposition', 'Response Type', 'CADNotes', 'CleanAddress', 'LookupAddress', 'Grid_y', 'PDZone_y']
2025-07-31 03:44:56,277 - ComprehensiveSCRPAFixV8_0 - INFO - Applied column mapping: {'ReportNumberNew': 'Case_Number', 'Incident': 'Response_Type_Raw', 'How Reported': 'How_Reported', 'FullAddress2': 'Full_Address_Raw', 'Time of Call': 'Time_Of_Call', 'cYear': 'Call_Year', 'cMonth': 'Call_Month', 'HourMinuetsCalc': 'Hour_Minutes_Calc', 'DayofWeek': 'Day_Of_Week_Raw', 'Time Dispatched': 'Time_Dispatched', 'Time Out': 'Time_Out', 'Time In': 'Time_In', 'Time Spent': 'Time_Spent_Raw', 'Time Response': 'Time_Response_Raw', 'Officer': 'Officer', 'Disposition': 'Disposition', 'Response Type': 'Response_Type', 'CADNotes': 'CAD_Notes_Raw'}
2025-07-31 03:46:19,487 - ComprehensiveSCRPAFixV8_0 - INFO - CAD processing complete: 60844 records
2025-07-31 03:46:19,489 - ComprehensiveSCRPAFixV8_0 - INFO - Final CAD columns: ['Case_Number', 'Response_Type', 'How_Reported', 'Location', 'Block', 'Grid', 'Post', 'Time_Of_Call', 'Time_Dispatched', 'Time_Out', 'Time_In', 'Time_Spent_Minutes', 'Time_Response_Minutes', 'Officer', 'Disposition', 'CAD_Notes_Cleaned']
2025-07-31 03:46:19,545 - ComprehensiveSCRPAFixV8_0 - ERROR - Fatal error in main execution: [Errno 13] Permission denied: 'C:\\Users\\carucci_r\\OneDrive - City of Hackensack\\01_DataSources\\SCRPA_Time_v2\\04_powerbi\\rms_data_standardized.csv'
Traceback (most recent call last):
  File "<ipython-input-1-5d90e15bfbd2>", line 814, in <module>
    results = processor.process_final_pipeline()
  File "<ipython-input-1-5d90e15bfbd2>", line 658, in process_final_pipeline
    rms_data.to_csv(rms_output, index=False, encoding='utf-8')
    ~~~~~~~~~~~~~~~^^^^^^^^^^^^^^^^^^^^^^^^^^^^^^^^^^^^^^^^^^^
  File "C:\Users\carucci_r\AppData\Roaming\Python\Python313\site-packages\pandas\util\_decorators.py", line 333, in wrapper
    return func(*args, **kwargs)
  File "C:\Users\carucci_r\AppData\Roaming\Python\Python313\site-packages\pandas\core\generic.py", line 3986, in to_csv
    return DataFrameRenderer(formatter).to_csv(
           ~~~~~~~~~~~~~~~~~~~~~~~~~~~~~~~~~~~^
        path_or_buf,
        ^^^^^^^^^^^^
    ...<14 lines>...
        storage_options=storage_options,
        ^^^^^^^^^^^^^^^^^^^^^^^^^^^^^^^^
    )
    ^
  File "C:\Users\carucci_r\AppData\Roaming\Python\Python313\site-packages\pandas\io\formats\format.py", line 1014, in to_csv
    csv_formatter.save()
    ~~~~~~~~~~~~~~~~~~^^
  File "C:\Users\carucci_r\AppData\Roaming\Python\Python313\site-packages\pandas\io\formats\csvs.py", line 251, in save
    with get_handle(
         ~~~~~~~~~~^
        self.filepath_or_buffer,
        ^^^^^^^^^^^^^^^^^^^^^^^^
    ...<4 lines>...
        storage_options=self.storage_options,
        ^^^^^^^^^^^^^^^^^^^^^^^^^^^^^^^^^^^^^
    ) as handles:
    ^
  File "C:\Users\carucci_r\AppData\Roaming\Python\Python313\site-packages\pandas\io\common.py", line 873, in get_handle
    handle = open(
        handle,
    ...<3 lines>...
        newline="",
    )
PermissionError: [Errno 13] Permission denied: 'C:\\Users\\carucci_r\\OneDrive - City of Hackensack\\01_DataSources\\SCRPA_Time_v2\\04_powerbi\\rms_data_standardized.csv'
