2025-08-03 22:42:58,221 - ComprehensiveSCRPAFixV8_5 - INFO - === Comprehensive SCRPA Fix V8.5 - Cycle Calendar Integration Version ===
2025-08-03 22:42:58,391 - ComprehensiveSCRPAFixV8_5 - INFO - Loaded call type reference: 592 records
2025-08-03 22:42:58,391 - ComprehensiveSCRPAFixV8_5 - INFO - Reference file columns after standardization: ['incident', 'category_type', 'response_type']
2025-08-03 22:42:58,436 - ComprehensiveSCRPAFixV8_5 - INFO - Loaded zone/grid reference: 1368 records
2025-08-03 22:42:58,442 - ComprehensiveSCRPAFixV8_5 - INFO - Loaded cycle calendar: 52 records
2025-08-03 22:42:58,444 - ComprehensiveSCRPAFixV8_5 - INFO - Cycle calendar columns: ['Report_Due_Date', '7_Day_Start', '7_Day_End', '28_Day_Start', '28_Day_End', 'Report_Name']
2025-08-03 22:42:58,445 - ComprehensiveSCRPAFixV8_5 - INFO - Current cycle: C08W31, Date: 20250803
2025-08-03 22:42:58,446 - ComprehensiveSCRPAFixV8_5 - INFO - Starting Comprehensive SCRPA Fix V8.5 pipeline...
2025-08-03 22:42:58,446 - ComprehensiveSCRPAFixV8_5 - INFO - Latest CAD file: 2025_08_01_19_38_12_SCRPA_CAD.xlsx
2025-08-03 22:42:58,447 - ComprehensiveSCRPAFixV8_5 - INFO - Latest RMS file: 2025_08_01_19_38_12_SCRPA_RMS.xlsx
2025-08-03 22:42:58,447 - ComprehensiveSCRPAFixV8_5 - INFO - Processing RMS data: 2025_08_01_19_38_12_SCRPA_RMS.xlsx
2025-08-03 22:42:58,467 - ComprehensiveSCRPAFixV8_5 - INFO - Loaded RMS file with 140 rows and 31 columns
2025-08-03 22:42:58,467 - ComprehensiveSCRPAFixV8_5 - INFO - RMS columns found: ['Case Number', 'Incident Date', 'Incident Time', 'Incident Date_Between', 'Incident Time_Between', 'Report Date', 'Report Time', 'Incident Type_1', 'Incident Type_2', 'Incident Type_3', 'FullAddress', 'Grid', 'Zone', 'Narrative', 'Total Value Stolen', 'Total Value Recover', 'Registration 1', 'Make1', 'Model1', 'Reg State 1', 'Registration 2', 'Reg State 2', 'Make2', 'Model2', 'Reviewed By', 'CompleteCalc', 'Officer of Record', 'Squad', 'Det_Assigned', 'Case_Status', 'NIBRS Classification']
2025-08-03 22:42:58,467 - ComprehensiveSCRPAFixV8_5 - INFO - Normalized RMS headers to lowercase snake_case: ['case_number', 'incident_date', 'incident_time', 'incident_date_between', 'incident_time_between', 'report_date', 'report_time', 'incident_type_1', 'incident_type_2', 'incident_type_3', 'full_address', 'grid', 'zone', 'narrative', 'total_value_stolen', 'total_value_recover', 'registration_1', 'make_1', 'model_1', 'reg_state_1', 'registration_2', 'reg_state_2', 'make_2', 'model_2', 'reviewed_by', 'complete_calc', 'officer_of_record', 'squad', 'det_assigned', 'case_status', 'nibrs_classification']
2025-08-03 22:42:58,468 - ComprehensiveSCRPAFixV8_5 - INFO - Applied column mapping: {}
2025-08-03 22:42:58,495 - ComprehensiveSCRPAFixV8_5 - INFO - Available date columns: ['incident_date', 'incident_date_between', 'report_date']
2025-08-03 22:42:58,495 - ComprehensiveSCRPAFixV8_5 - WARNING - Missing expected date columns: ['incident_date_raw', 'incident_date_between_raw', 'report_date_raw']
2025-08-03 22:42:58,497 - ComprehensiveSCRPAFixV8_5 - INFO - Incident dates after cascading: 140/140
2025-08-03 22:42:58,498 - ComprehensiveSCRPAFixV8_5 - INFO - Sample cascaded dates: [datetime.date(2025, 1, 3), datetime.date(2025, 1, 7), datetime.date(2025, 1, 6), datetime.date(2025, 1, 13), datetime.date(2025, 1, 14)]
2025-08-03 22:42:58,500 - ComprehensiveSCRPAFixV8_5 - INFO - Sample incident_date values: [datetime.date(2025, 1, 3), datetime.date(2025, 1, 7), datetime.date(2025, 1, 6), datetime.date(2025, 1, 13), datetime.date(2025, 1, 14)]
2025-08-03 22:42:58,500 - ComprehensiveSCRPAFixV8_5 - INFO - Null incident_date count: 0
2025-08-03 22:42:58,500 - ComprehensiveSCRPAFixV8_5 - INFO - Date types: object
2025-08-03 22:42:58,501 - ComprehensiveSCRPAFixV8_5 - INFO - Period calculation results: {'YTD': 115, '28-Day': 18, '7-Day': 6, 'Historical': 1}
2025-08-03 22:42:58,502 - ComprehensiveSCRPAFixV8_5 - INFO - Date/Period Analysis Summary:
2025-08-03 22:42:58,503 - ComprehensiveSCRPAFixV8_5 - INFO -   - 7-Day period records: 6
2025-08-03 22:42:58,503 - ComprehensiveSCRPAFixV8_5 - INFO -   - 28-Day period records: 18
2025-08-03 22:42:58,503 - ComprehensiveSCRPAFixV8_5 - INFO -   - YTD period records: 115
2025-08-03 22:42:58,503 - ComprehensiveSCRPAFixV8_5 - INFO -   - Historical period records: 1
2025-08-03 22:42:58,503 - ComprehensiveSCRPAFixV8_5 - INFO - ✅ Date processing working correctly - mix of periods found
2025-08-03 22:42:58,587 - ComprehensiveSCRPAFixV8_5 - INFO - ✅ RMS header validation PASSED: All 49 columns follow lowercase snake_case
2025-08-03 22:42:58,587 - ComprehensiveSCRPAFixV8_5 - INFO - RMS headers validation passed - all headers are lowercase snake_case
2025-08-03 22:42:58,588 - ComprehensiveSCRPAFixV8_5 - INFO - RMS records before filtering: 140
2025-08-03 22:42:58,588 - ComprehensiveSCRPAFixV8_5 - INFO - Period distribution: {'YTD': 115, '28-Day': 18, '7-Day': 6, 'Historical': 1}
2025-08-03 22:42:58,589 - ComprehensiveSCRPAFixV8_5 - INFO - Non-historical records: 139
2025-08-03 22:42:58,589 - ComprehensiveSCRPAFixV8_5 - INFO - Sample case numbers: ['25-000813', '25-002564', '25-002635', '25-003362', '25-003813']
2025-08-03 22:42:58,589 - ComprehensiveSCRPAFixV8_5 - INFO - Records with excluded case number '25-057654': 1
2025-08-03 22:42:58,589 - ComprehensiveSCRPAFixV8_5 - INFO - Incident dates populated: 140/140
2025-08-03 22:42:58,589 - ComprehensiveSCRPAFixV8_5 - INFO - Sample incident dates: [datetime.date(2025, 1, 3), datetime.date(2025, 1, 7), datetime.date(2025, 1, 6), datetime.date(2025, 1, 13), datetime.date(2025, 1, 14)]
2025-08-03 22:42:58,589 - ComprehensiveSCRPAFixV8_5 - INFO - Date range: 2017-06-20 to 2025-07-31
2025-08-03 22:42:58,590 - ComprehensiveSCRPAFixV8_5 - INFO - After case number filter: 139/140 records
2025-08-03 22:42:58,590 - ComprehensiveSCRPAFixV8_5 - INFO - After period filter: 138/140 records
2025-08-03 22:42:58,590 - ComprehensiveSCRPAFixV8_5 - INFO - RMS processing complete: 138 records after filtering
2025-08-03 22:42:58,590 - ComprehensiveSCRPAFixV8_5 - INFO - Final RMS columns: ['case_number', 'incident_date', 'incident_time', 'time_of_day', 'time_of_day_sort_order', 'period', 'season', 'day_of_week', 'day_type', 'location', 'block', 'grid', 'post', 'incident_type', 'all_incidents', 'vehicle_1', 'vehicle_2', 'vehicle_1_and_vehicle_2', 'narrative', 'total_value_stolen', 'squad', 'officer_of_record', 'nibrs_classification', 'cycle_name']
2025-08-03 22:42:58,590 - ComprehensiveSCRPAFixV8_5 - INFO - REMOVED CAD-specific columns: incident_type, crime_category, response_type
2025-08-03 22:42:58,605 - ComprehensiveSCRPAFixV8_5 - INFO - Found 30 duplicate incidents in reference file.
2025-08-03 22:42:58,605 - ComprehensiveSCRPAFixV8_5 - INFO - Applying priority-based duplicate resolution:
2025-08-03 22:42:58,605 - ComprehensiveSCRPAFixV8_5 - INFO -   'DOMESTIC DISPUTE': 3 variants -> keeping highest priority
2025-08-03 22:42:58,605 - ComprehensiveSCRPAFixV8_5 - INFO -   'SHOPLIFTING 2C:20-11': 3 variants -> keeping highest priority
2025-08-03 22:42:58,605 - ComprehensiveSCRPAFixV8_5 - INFO -   'SIMPLE ASSAULT 2C:12-1A': 4 variants -> keeping highest priority
2025-08-03 22:42:58,605 - ComprehensiveSCRPAFixV8_5 - INFO -   'TARGETED AREA PATROL': 3 variants -> keeping highest priority
2025-08-03 22:42:58,605 - ComprehensiveSCRPAFixV8_5 - INFO -   'TERRORISTIC THREATS 2C:12-3': 3 variants -> keeping highest priority
2025-08-03 22:42:58,605 - ComprehensiveSCRPAFixV8_5 - INFO -   'WEAPONS SEIZURE - 2C:25-21D': 2 variants -> keeping highest priority
2025-08-03 22:42:58,605 - ComprehensiveSCRPAFixV8_5 - INFO -   'WEATHER ALERTS': 2 variants -> keeping highest priority
2025-08-03 22:42:58,605 - ComprehensiveSCRPAFixV8_5 - INFO -   'WELFARE CHECK': 2 variants -> keeping highest priority
2025-08-03 22:42:58,605 - ComprehensiveSCRPAFixV8_5 - INFO -   'WIDESPREAD DAMAGE - 2C:17-2': 2 variants -> keeping highest priority
2025-08-03 22:42:58,605 - ComprehensiveSCRPAFixV8_5 - INFO -   'WIRE DOWN': 2 variants -> keeping highest priority
2025-08-03 22:42:58,605 - ComprehensiveSCRPAFixV8_5 - INFO -   'WITNESS TAMPERING - 2C:28-5': 2 variants -> keeping highest priority
2025-08-03 22:42:58,606 - ComprehensiveSCRPAFixV8_5 - INFO -   'WRONGFUL IMPERSONATING - 2C:21-1': 2 variants -> keeping highest priority
2025-08-03 22:42:58,608 - ComprehensiveSCRPAFixV8_5 - INFO - Priority-based resolution completed: 30 duplicates resolved
2025-08-03 22:42:58,617 - ComprehensiveSCRPAFixV8_5 - INFO - Enhanced call type reference loaded successfully:
2025-08-03 22:42:58,617 - ComprehensiveSCRPAFixV8_5 - INFO -   - Total records: 592
2025-08-03 22:42:58,617 - ComprehensiveSCRPAFixV8_5 - INFO -   - Unique incidents: 574
2025-08-03 22:42:58,617 - ComprehensiveSCRPAFixV8_5 - INFO -   - Duplicates found: 30
2025-08-03 22:42:58,617 - ComprehensiveSCRPAFixV8_5 - INFO -   - Duplicates resolved: 30
2025-08-03 22:42:58,617 - ComprehensiveSCRPAFixV8_5 - INFO -   - Normalized columns: ['incident', 'category_type', 'response_type']
2025-08-03 22:42:58,617 - ComprehensiveSCRPAFixV8_5 - INFO - Processing CAD data: 2025_08_01_19_38_12_SCRPA_CAD.xlsx
2025-08-03 22:42:58,634 - ComprehensiveSCRPAFixV8_5 - INFO - Loaded CAD file with 115 rows and 20 columns
2025-08-03 22:42:58,634 - ComprehensiveSCRPAFixV8_5 - INFO - CAD columns found: ['ReportNumberNew', 'Incident', 'How Reported', 'FullAddress2', 'PDZone', 'Grid', 'Time of Call', 'cYear', 'cMonth', 'HourMinuetsCalc', 'DayofWeek', 'Time Dispatched', 'Time Out', 'Time In', 'Time Spent', 'Time Response', 'Officer', 'Disposition', 'Response Type', 'CADNotes']
2025-08-03 22:42:58,634 - ComprehensiveSCRPAFixV8_5 - INFO - Applied column mapping: {'ReportNumberNew': 'case_number', 'Incident': 'incident', 'How Reported': 'how_reported', 'FullAddress2': 'full_address_raw', 'PDZone': 'post', 'Grid': 'grid_raw', 'Time of Call': 'time_of_call', 'cYear': 'call_year', 'cMonth': 'call_month', 'HourMinuetsCalc': 'hour_minutes_calc', 'DayofWeek': 'day_of_week_raw', 'Time Dispatched': 'time_dispatched', 'Time Out': 'time_out', 'Time In': 'time_in', 'Time Spent': 'time_spent_raw', 'Time Response': 'time_response_raw', 'Officer': 'officer', 'Disposition': 'disposition', 'Response Type': 'response_type_fallback', 'CADNotes': 'cad_notes_raw'}
2025-08-03 22:42:58,634 - ComprehensiveSCRPAFixV8_5 - INFO - Normalized CAD headers to lowercase snake_case: ['case_number', 'incident', 'how_reported', 'full_address_raw', 'post', 'grid_raw', 'time_of_call', 'call_year', 'call_month', 'hour_minutes_calc', 'day_of_week_raw', 'time_dispatched', 'time_out', 'time_in', 'time_spent_raw', 'time_response_raw', 'officer', 'disposition', 'response_type_fallback', 'cad_notes_raw']
2025-08-03 22:42:58,641 - ComprehensiveSCRPAFixV8_5 - INFO - Starting enhanced call type mapping for 115 CAD records
2025-08-03 22:42:58,642 - ComprehensiveSCRPAFixV8_5 - INFO - Sample incident values: ['Motor Vehicle Theft - 2C:20-3', 'Criminal Sexual Contact - 2C:14-3a', 'Burglary - Auto - 2C:18-2', 'Burglary - Residence - 2C:18-2', 'Motor Vehicle Theft - 2C:20-3']
2025-08-03 22:42:58,643 - ComprehensiveSCRPAFixV8_5 - INFO - Unified column coverage:
2025-08-03 22:42:58,643 - ComprehensiveSCRPAFixV8_5 - INFO -   - response_type coverage: 100.0%
2025-08-03 22:42:58,643 - ComprehensiveSCRPAFixV8_5 - INFO -   - category_type coverage: 100.0%
2025-08-03 22:42:58,643 - ComprehensiveSCRPAFixV8_5 - INFO - Enhanced mapping results:
2025-08-03 22:42:58,643 - ComprehensiveSCRPAFixV8_5 - INFO -   - Total incidents: 115
2025-08-03 22:42:58,643 - ComprehensiveSCRPAFixV8_5 - INFO -   - Mapped incidents: 115
2025-08-03 22:42:58,643 - ComprehensiveSCRPAFixV8_5 - INFO -   - Unmapped incidents: 0
2025-08-03 22:42:58,643 - ComprehensiveSCRPAFixV8_5 - INFO -   - Mapping rate: 100.0%
2025-08-03 22:42:58,644 - ComprehensiveSCRPAFixV8_5 - INFO - Category type distribution: {'Criminal Incidents': 115}
2025-08-03 22:42:58,644 - ComprehensiveSCRPAFixV8_5 - INFO - Top 10 response types: {'Emergency': 81, 'Routine': 34}
2025-08-03 22:42:58,709 - ComprehensiveSCRPAFixV8_5 - INFO - CAD response_type populated in 115/115 records
2025-08-03 22:42:58,710 - ComprehensiveSCRPAFixV8_5 - INFO - CAD grid populated in 108/115 records
2025-08-03 22:42:58,710 - ComprehensiveSCRPAFixV8_5 - INFO - CAD post populated in 111/115 records
2025-08-03 22:42:58,710 - ComprehensiveSCRPAFixV8_5 - INFO - ✅ CAD header validation PASSED: All 36 columns follow lowercase snake_case
2025-08-03 22:42:58,710 - ComprehensiveSCRPAFixV8_5 - INFO - CAD headers validation passed - all headers are lowercase snake_case
2025-08-03 22:42:58,711 - ComprehensiveSCRPAFixV8_5 - INFO - CAD processing complete: 115 records
2025-08-03 22:42:58,711 - ComprehensiveSCRPAFixV8_5 - INFO - Final CAD columns: ['case_number', 'incident', 'response_type', 'category_type', 'response_type_cad', 'category_type_cad', 'how_reported', 'location', 'block', 'grid', 'post', 'time_of_call', 'time_dispatched', 'time_out', 'time_in', 'time_spent_minutes', 'time_response_minutes', 'time_spent_formatted', 'time_response_formatted', 'officer', 'disposition', 'cad_notes_cleaned', 'cad_notes_username', 'cad_notes_timestamp', 'cycle_name']
2025-08-03 22:42:58,715 - ComprehensiveSCRPAFixV8_5 - INFO - RMS data saved: C:\Users\carucci_r\OneDrive - City of Hackensack\01_DataSources\SCRPA_Time_v2\04_powerbi\C08W31_20250803_7Day_rms_data_standardized.csv
2025-08-03 22:42:58,718 - ComprehensiveSCRPAFixV8_5 - INFO - CAD data saved: C:\Users\carucci_r\OneDrive - City of Hackensack\01_DataSources\SCRPA_Time_v2\04_powerbi\C08W31_20250803_7Day_cad_data_standardized.csv
2025-08-03 22:42:58,719 - ComprehensiveSCRPAFixV8_5 - INFO - ✅ CAD Data header validation PASSED: All 25 columns follow lowercase snake_case
2025-08-03 22:42:58,719 - ComprehensiveSCRPAFixV8_5 - INFO - ================================================================================
2025-08-03 22:42:58,719 - ComprehensiveSCRPAFixV8_5 - INFO - COMPREHENSIVE QC REPORT - CAD INCIDENT MAPPING
2025-08-03 22:42:58,719 - ComprehensiveSCRPAFixV8_5 - INFO - ================================================================================
2025-08-03 22:42:58,719 - ComprehensiveSCRPAFixV8_5 - INFO - 1. REFERENCE FILE VALIDATION
2025-08-03 22:42:58,719 - ComprehensiveSCRPAFixV8_5 - INFO - OK Reference file loaded: 592 records
2025-08-03 22:42:58,719 - ComprehensiveSCRPAFixV8_5 - INFO - OK Unique incidents: 574
2025-08-03 22:42:58,719 - ComprehensiveSCRPAFixV8_5 - INFO - OK Duplicates found: 30
2025-08-03 22:42:58,719 - ComprehensiveSCRPAFixV8_5 - INFO - OK Duplicates resolved: 30 (deterministic)
2025-08-03 22:42:58,719 - ComprehensiveSCRPAFixV8_5 - INFO - OK Resolution method: priority_based_deterministic
2025-08-03 22:42:58,719 - ComprehensiveSCRPAFixV8_5 - INFO - 
2025-08-03 22:42:58,719 - ComprehensiveSCRPAFixV8_5 - INFO - 2. MAPPING PERFORMANCE VALIDATION
2025-08-03 22:42:58,719 - ComprehensiveSCRPAFixV8_5 - INFO - OK Mapping success rate: 100.0% (>= 98.0%)
2025-08-03 22:42:58,719 - ComprehensiveSCRPAFixV8_5 - INFO - OK Mapped incidents: 115/115
2025-08-03 22:42:58,719 - ComprehensiveSCRPAFixV8_5 - INFO - 
2025-08-03 22:42:58,719 - ComprehensiveSCRPAFixV8_5 - INFO - 3. DATA QUALITY VALIDATION
2025-08-03 22:42:58,719 - ComprehensiveSCRPAFixV8_5 - INFO - OK All required columns present
2025-08-03 22:42:58,719 - ComprehensiveSCRPAFixV8_5 - INFO - OK Total records: 115
2025-08-03 22:42:58,719 - ComprehensiveSCRPAFixV8_5 - INFO - OK Incident populated: 115/115
2025-08-03 22:42:58,719 - ComprehensiveSCRPAFixV8_5 - INFO - OK Response type (CAD) populated: 115/115
2025-08-03 22:42:58,719 - ComprehensiveSCRPAFixV8_5 - INFO - OK Category type (CAD) populated: 115/115
2025-08-03 22:42:58,719 - ComprehensiveSCRPAFixV8_5 - INFO - OK No data loss: record count maintained
2025-08-03 22:42:58,720 - ComprehensiveSCRPAFixV8_5 - INFO - 
2025-08-03 22:42:58,720 - ComprehensiveSCRPAFixV8_5 - INFO - 4. HEADER COMPLIANCE VALIDATION
2025-08-03 22:42:58,720 - ComprehensiveSCRPAFixV8_5 - INFO - OK All headers lowercase snake_case: 25/25
2025-08-03 22:42:58,720 - ComprehensiveSCRPAFixV8_5 - INFO - 
2025-08-03 22:42:58,720 - ComprehensiveSCRPAFixV8_5 - INFO - 6. OVERALL QC STATUS
2025-08-03 22:42:58,720 - ComprehensiveSCRPAFixV8_5 - INFO - SUCCESS OVERALL STATUS: PASS - All validations successful
2025-08-03 22:42:58,720 - ComprehensiveSCRPAFixV8_5 - INFO - OK CAD incident mapping pipeline is fully operational
2025-08-03 22:42:58,720 - ComprehensiveSCRPAFixV8_5 - INFO - OK Ready for production use
2025-08-03 22:42:58,720 - ComprehensiveSCRPAFixV8_5 - INFO - ================================================================================
2025-08-03 22:42:58,720 - ComprehensiveSCRPAFixV8_5 - INFO - Enhanced QC Report Status: PASS
2025-08-03 22:42:58,720 - ComprehensiveSCRPAFixV8_5 - INFO - All QC validations passed successfully
2025-08-03 22:42:58,720 - ComprehensiveSCRPAFixV8_5 - INFO - Starting CAD-RMS matching: RMS=138 records, CAD=115 records
2025-08-03 22:42:58,723 - ComprehensiveSCRPAFixV8_5 - INFO - Implementing CAD-first, RMS-fallback logic for response_type and category_type...
2025-08-03 22:42:58,725 - ComprehensiveSCRPAFixV8_5 - INFO - CAD-first logic results:
2025-08-03 22:42:58,725 - ComprehensiveSCRPAFixV8_5 - INFO -   - response_type_cad populated: 87
2025-08-03 22:42:58,725 - ComprehensiveSCRPAFixV8_5 - INFO -   - category_type_cad populated: 87
2025-08-03 22:42:58,725 - ComprehensiveSCRPAFixV8_5 - INFO -   - Final response_type populated: 87
2025-08-03 22:42:58,725 - ComprehensiveSCRPAFixV8_5 - INFO -   - Final category_type populated: 87
2025-08-03 22:42:58,725 - ComprehensiveSCRPAFixV8_5 - INFO - CAD-RMS matching complete:
2025-08-03 22:42:58,725 - ComprehensiveSCRPAFixV8_5 - INFO -   - Final record count: 138 (matches RMS input)
2025-08-03 22:42:58,725 - ComprehensiveSCRPAFixV8_5 - INFO -   - CAD matches found: 87
2025-08-03 22:42:58,725 - ComprehensiveSCRPAFixV8_5 - INFO -   - Match rate: 63.0%
2025-08-03 22:42:58,728 - ComprehensiveSCRPAFixV8_5 - INFO - Joined data saved: C:\Users\carucci_r\OneDrive - City of Hackensack\01_DataSources\SCRPA_Time_v2\04_powerbi\C08W31_20250803_7Day_cad_rms_matched_standardized.csv
2025-08-03 22:42:58,729 - ComprehensiveSCRPAFixV8_5 - INFO - ✅ CAD Data header validation PASSED: All 25 columns follow lowercase snake_case
2025-08-03 22:42:58,729 - ComprehensiveSCRPAFixV8_5 - INFO - ================================================================================
2025-08-03 22:42:58,729 - ComprehensiveSCRPAFixV8_5 - INFO - COMPREHENSIVE QC REPORT - CAD INCIDENT MAPPING
2025-08-03 22:42:58,729 - ComprehensiveSCRPAFixV8_5 - INFO - ================================================================================
2025-08-03 22:42:58,729 - ComprehensiveSCRPAFixV8_5 - INFO - 1. REFERENCE FILE VALIDATION
2025-08-03 22:42:58,729 - ComprehensiveSCRPAFixV8_5 - INFO - OK Reference file loaded: 592 records
2025-08-03 22:42:58,729 - ComprehensiveSCRPAFixV8_5 - INFO - OK Unique incidents: 574
2025-08-03 22:42:58,729 - ComprehensiveSCRPAFixV8_5 - INFO - OK Duplicates found: 30
2025-08-03 22:42:58,729 - ComprehensiveSCRPAFixV8_5 - INFO - OK Duplicates resolved: 30 (deterministic)
2025-08-03 22:42:58,729 - ComprehensiveSCRPAFixV8_5 - INFO - OK Resolution method: priority_based_deterministic
2025-08-03 22:42:58,729 - ComprehensiveSCRPAFixV8_5 - INFO - 
2025-08-03 22:42:58,729 - ComprehensiveSCRPAFixV8_5 - INFO - 2. MAPPING PERFORMANCE VALIDATION
2025-08-03 22:42:58,729 - ComprehensiveSCRPAFixV8_5 - INFO - OK Mapping success rate: 100.0% (>= 98.0%)
2025-08-03 22:42:58,729 - ComprehensiveSCRPAFixV8_5 - INFO - OK Mapped incidents: 115/115
2025-08-03 22:42:58,729 - ComprehensiveSCRPAFixV8_5 - INFO - 
2025-08-03 22:42:58,729 - ComprehensiveSCRPAFixV8_5 - INFO - 3. DATA QUALITY VALIDATION
2025-08-03 22:42:58,729 - ComprehensiveSCRPAFixV8_5 - INFO - OK All required columns present
2025-08-03 22:42:58,729 - ComprehensiveSCRPAFixV8_5 - INFO - OK Total records: 115
2025-08-03 22:42:58,729 - ComprehensiveSCRPAFixV8_5 - INFO - OK Incident populated: 115/115
2025-08-03 22:42:58,729 - ComprehensiveSCRPAFixV8_5 - INFO - OK Response type (CAD) populated: 115/115
2025-08-03 22:42:58,729 - ComprehensiveSCRPAFixV8_5 - INFO - OK Category type (CAD) populated: 115/115
2025-08-03 22:42:58,729 - ComprehensiveSCRPAFixV8_5 - INFO - OK No data loss: record count maintained
2025-08-03 22:42:58,730 - ComprehensiveSCRPAFixV8_5 - INFO - 
2025-08-03 22:42:58,730 - ComprehensiveSCRPAFixV8_5 - INFO - 4. HEADER COMPLIANCE VALIDATION
2025-08-03 22:42:58,730 - ComprehensiveSCRPAFixV8_5 - INFO - OK All headers lowercase snake_case: 25/25
2025-08-03 22:42:58,730 - ComprehensiveSCRPAFixV8_5 - INFO - 
2025-08-03 22:42:58,730 - ComprehensiveSCRPAFixV8_5 - INFO - 6. OVERALL QC STATUS
2025-08-03 22:42:58,730 - ComprehensiveSCRPAFixV8_5 - INFO - SUCCESS OVERALL STATUS: PASS - All validations successful
2025-08-03 22:42:58,730 - ComprehensiveSCRPAFixV8_5 - INFO - OK CAD incident mapping pipeline is fully operational
2025-08-03 22:42:58,730 - ComprehensiveSCRPAFixV8_5 - INFO - OK Ready for production use
2025-08-03 22:42:58,730 - ComprehensiveSCRPAFixV8_5 - INFO - ================================================================================
2025-08-03 22:42:58,730 - ComprehensiveSCRPAFixV8_5 - INFO - Enhanced QC Report Status: PASS
2025-08-03 22:42:58,730 - ComprehensiveSCRPAFixV8_5 - INFO - All QC validations passed successfully
2025-08-03 22:42:58,730 - ComprehensiveSCRPAFixV8_5 - INFO - Starting 7-Day SCRPA incident export...
2025-08-03 22:42:58,730 - ComprehensiveSCRPAFixV8_5 - INFO - 7-Day period records found: 6
2025-08-03 22:42:58,732 - ComprehensiveSCRPAFixV8_5 - INFO - After multi-column crime filtering: 3 records
2025-08-03 22:42:58,732 - ComprehensiveSCRPAFixV8_5 - INFO - 7-Day filtering complete: 3 incidents found using Exact period match with multi-column filtering
2025-08-03 22:42:58,733 - ComprehensiveSCRPAFixV8_5 - INFO - 7-Day incident breakdown by crime type:
2025-08-03 22:42:58,733 - ComprehensiveSCRPAFixV8_5 - INFO -   - Motor Vehicle Theft: 1 incidents
2025-08-03 22:42:58,733 - ComprehensiveSCRPAFixV8_5 - INFO -   - Burglary - Auto: 2 incidents
2025-08-03 22:42:58,735 - ComprehensiveSCRPAFixV8_5 - INFO - 7-Day SCRPA export complete:
2025-08-03 22:42:58,735 - ComprehensiveSCRPAFixV8_5 - INFO -   - File: C:\Users\carucci_r\OneDrive - City of Hackensack\01_DataSources\SCRPA_Time_v2\04_powerbi\C08W31_20250803_7Day_SCRPA_Incidents.csv
2025-08-03 22:42:58,735 - ComprehensiveSCRPAFixV8_5 - INFO -   - Total incidents exported: 3
2025-08-03 22:42:58,735 - ComprehensiveSCRPAFixV8_5 - INFO -   - Filtering method used: Exact period match with multi-column filtering
2025-08-03 22:42:58,735 - ComprehensiveSCRPAFixV8_5 - INFO -   - Crime types: Motor Vehicle Theft, Burglary - Auto
2025-08-03 22:42:58,735 - ComprehensiveSCRPAFixV8_5 - INFO -   - Breakdown: 1 Motor Vehicle Theft, 2 Burglary - Auto
2025-08-03 22:42:58,735 - ComprehensiveSCRPAFixV8_5 - INFO - ============================================================
2025-08-03 22:42:58,735 - ComprehensiveSCRPAFixV8_5 - INFO - COMPREHENSIVE SCRPA FIX V8.5 COMPLETE - VALIDATION SUMMARY
2025-08-03 22:42:58,735 - ComprehensiveSCRPAFixV8_5 - INFO - ============================================================
2025-08-03 22:42:58,735 - ComprehensiveSCRPAFixV8_5 - INFO - ✅ RMS records processed: 138
2025-08-03 22:42:58,735 - ComprehensiveSCRPAFixV8_5 - INFO - ✅ CAD records processed: 115
2025-08-03 22:42:58,735 - ComprehensiveSCRPAFixV8_5 - INFO - ✅ Matched records: 138 (RMS as master)
2025-08-03 22:42:58,735 - ComprehensiveSCRPAFixV8_5 - WARNING - ⚠️ RECORD COUNT VALIDATION: Expected 135, got 138
2025-08-03 22:42:58,735 - ComprehensiveSCRPAFixV8_5 - INFO - ✅ COLUMN NAMING VALIDATION: PASSED (all lowercase_with_underscores)
2025-08-03 22:42:58,735 - ComprehensiveSCRPAFixV8_5 - INFO - ✅ CAD columns with _cad suffix: 25
2025-08-03 22:42:58,736 - ComprehensiveSCRPAFixV8_5 - INFO - ✅ CRITICAL COLUMNS VALIDATION: PASSED
2025-08-03 22:42:58,736 - ComprehensiveSCRPAFixV8_5 - INFO - 🔍 Running comprehensive filtering validation...
2025-08-03 22:42:58,736 - ComprehensiveSCRPAFixV8_5 - INFO - Starting comprehensive filtering validation...
2025-08-03 22:42:58,736 - ComprehensiveSCRPAFixV8_5 - INFO - Testing column coverage for filtering...
2025-08-03 22:42:58,736 - ComprehensiveSCRPAFixV8_5 - INFO - Testing crime pattern matching...
2025-08-03 22:42:58,748 - ComprehensiveSCRPAFixV8_5 - INFO - Testing multi-column search function...
2025-08-03 22:42:58,748 - ComprehensiveSCRPAFixV8_5 - INFO - Testing filtering on real data...
2025-08-03 22:42:58,749 - ComprehensiveSCRPAFixV8_5 - INFO - Testing backward compatibility...
2025-08-03 22:42:58,750 - ComprehensiveSCRPAFixV8_5 - INFO - Comprehensive filtering validation complete:
2025-08-03 22:42:58,750 - ComprehensiveSCRPAFixV8_5 - INFO -   - Overall status: WARNING
2025-08-03 22:42:58,750 - ComprehensiveSCRPAFixV8_5 - INFO -   - Failed tests: 0
2025-08-03 22:42:58,750 - ComprehensiveSCRPAFixV8_5 - INFO -   - Warning tests: 12
2025-08-03 22:42:58,750 - ComprehensiveSCRPAFixV8_5 - INFO -   - Recommendations: 9
2025-08-03 22:42:58,750 - ComprehensiveSCRPAFixV8_5 - WARNING - ⚠️ COMPREHENSIVE FILTERING VALIDATION: WARNING
2025-08-03 22:42:58,750 - ComprehensiveSCRPAFixV8_5 - INFO - ✅ 7-Day records: 6
2025-08-03 22:42:58,750 - ComprehensiveSCRPAFixV8_5 - INFO - ✅ Filtered crime incidents: 3
2025-08-03 22:42:58,750 - ComprehensiveSCRPAFixV8_5 - INFO - ✅ Filtering rate: 50.0%
2025-08-03 22:42:58,750 - ComprehensiveSCRPAFixV8_5 - INFO - ✅ Crime distribution:
2025-08-03 22:42:58,750 - ComprehensiveSCRPAFixV8_5 - INFO -    - Motor Vehicle Theft: 1
2025-08-03 22:42:58,750 - ComprehensiveSCRPAFixV8_5 - INFO -    - Burglary - Auto: 2
2025-08-03 22:42:58,750 - ComprehensiveSCRPAFixV8_5 - WARNING - ⚠️ Filtering validation recommendations:
2025-08-03 22:42:58,750 - ComprehensiveSCRPAFixV8_5 - WARNING -    - Low data coverage in incident_type: 0.0%
2025-08-03 22:42:58,750 - ComprehensiveSCRPAFixV8_5 - WARNING -    - Low data coverage in all_incidents: 0.0%
2025-08-03 22:42:58,750 - ComprehensiveSCRPAFixV8_5 - WARNING -    - Low data coverage in vehicle_2: 2.9%
2025-08-03 22:42:58,750 - ComprehensiveSCRPAFixV8_5 - WARNING -    - No matches found for Motor Vehicle Theft - check pattern definitions
2025-08-03 22:42:58,750 - ComprehensiveSCRPAFixV8_5 - WARNING -    - No matches found for Burglary - Auto - check pattern definitions
2025-08-03 22:42:58,750 - ComprehensiveSCRPAFixV8_5 - WARNING -    - No matches found for Burglary - Commercial - check pattern definitions
2025-08-03 22:42:58,750 - ComprehensiveSCRPAFixV8_5 - WARNING -    - No matches found for Burglary - Residence - check pattern definitions
2025-08-03 22:42:58,750 - ComprehensiveSCRPAFixV8_5 - WARNING -    - No matches found for Robbery - check pattern definitions
2025-08-03 22:42:58,750 - ComprehensiveSCRPAFixV8_5 - WARNING -    - No matches found for Sexual Offenses - check pattern definitions
2025-08-03 22:42:58,750 - ComprehensiveSCRPAFixV8_5 - INFO - ✅ Output directory: C:\Users\carucci_r\OneDrive - City of Hackensack\01_DataSources\SCRPA_Time_v2\04_powerbi
2025-08-03 22:42:58,750 - ComprehensiveSCRPAFixV8_5 - INFO - ============================================================
