2025-08-05 01:27:57,882 - ComprehensiveSCRPAFixV8_5 - INFO - === Comprehensive SCRPA Fix V8.5 - Cycle Calendar Integration Version ===
2025-08-05 01:27:58,207 - ComprehensiveSCRPAFixV8_5 - INFO - Loaded call type reference: 592 records
2025-08-05 01:27:58,208 - ComprehensiveSCRPAFixV8_5 - INFO - Reference file columns: ['Incident', 'Category Type', 'Response Type']
2025-08-05 01:27:58,209 - ComprehensiveSCRPAFixV8_5 - INFO - Incident column forced to string type with 592 records
2025-08-05 01:27:58,291 - ComprehensiveSCRPAFixV8_5 - INFO - Loaded zone/grid reference: 1368 records
2025-08-05 01:27:58,302 - ComprehensiveSCRPAFixV8_5 - INFO - Loaded cycle calendar: 52 records
2025-08-05 01:27:58,303 - ComprehensiveSCRPAFixV8_5 - INFO - Cycle calendar columns: ['Report_Due_Date', '7_Day_Start', '7_Day_End', '28_Day_Start', '28_Day_End', 'Report_Name']
2025-08-05 01:27:58,309 - ComprehensiveSCRPAFixV8_5 - INFO - Current cycle: C08W32, Date: 20250805
2025-08-05 01:27:58,309 - ComprehensiveSCRPAFixV8_5 - INFO - 🧪 Running Performance Monitoring Demo
2025-08-05 01:27:58,310 - ComprehensiveSCRPAFixV8_5 - INFO - 🚀 Starting Performance Test Demo... (Memory: 98.3MB)
2025-08-05 01:27:58,310 - ComprehensiveSCRPAFixV8_5 - INFO - 🚀 Starting Large DataFrame Creation... (Memory: 98.3MB)
2025-08-05 01:27:58,313 - ComprehensiveSCRPAFixV8_5 - INFO - ⚡ Completed Large DataFrame Creation (Fast):
2025-08-05 01:27:58,314 - ComprehensiveSCRPAFixV8_5 - INFO -   ⏱️ Duration: 0.00s
2025-08-05 01:27:58,314 - ComprehensiveSCRPAFixV8_5 - INFO -   💾 Memory: 99.4MB (Δ+1.0MB)
2025-08-05 01:27:58,331 - ComprehensiveSCRPAFixV8_5 - INFO - 💾 Test DataFrame memory optimized: 0.7MB → 0.1MB (saved 0.6MB)
2025-08-05 01:27:58,332 - ComprehensiveSCRPAFixV8_5 - INFO - 🚀 Starting DataFrame Operations... (Memory: 99.6MB)
2025-08-05 01:27:58,345 - ComprehensiveSCRPAFixV8_5 - INFO - ⚡ Completed DataFrame Operations (Fast):
2025-08-05 01:27:58,346 - ComprehensiveSCRPAFixV8_5 - INFO -   ⏱️ Duration: 0.01s
2025-08-05 01:27:58,346 - ComprehensiveSCRPAFixV8_5 - INFO -   💾 Memory: 99.8MB (Δ+0.2MB)
2025-08-05 01:27:58,363 - ComprehensiveSCRPAFixV8_5 - INFO - 📊 System Performance Summary: {'memory_rss_mb': 99.8203125, 'memory_vms_mb': 426.1015625, 'cpu_percent': 0.0, 'num_threads': 15, 'system_memory_percent': 74.6, 'system_cpu_percent': 29.5}
2025-08-05 01:27:58,431 - ComprehensiveSCRPAFixV8_5 - INFO - ⚡ Completed Performance Test Demo (Fast):
2025-08-05 01:27:58,432 - ComprehensiveSCRPAFixV8_5 - INFO -   ⏱️ Duration: 0.12s
2025-08-05 01:27:58,432 - ComprehensiveSCRPAFixV8_5 - INFO -   💾 Memory: 100.6MB (Δ+2.2MB)
2025-08-05 01:27:58,432 - ComprehensiveSCRPAFixV8_5 - INFO - ✅ Performance monitoring demo completed successfully
2025-08-05 01:27:58,432 - ComprehensiveSCRPAFixV8_5 - INFO - 🧪 Testing chunked processing functionality
2025-08-05 01:27:58,433 - ComprehensiveSCRPAFixV8_5 - INFO - 🚀 Starting Creating test dataset... (Memory: 100.6MB)
2025-08-05 01:27:58,465 - ComprehensiveSCRPAFixV8_5 - INFO - 📁 Created test file: C:\Users\carucci_r\OneDrive - City of Hackensack\01_DataSources\SCRPA_Time_v2\03_output\temp\test_large_dataset_2500_rows.csv (2,500 rows)
2025-08-05 01:27:58,465 - ComprehensiveSCRPAFixV8_5 - INFO - ⚡ Completed Creating test dataset (Fast):
2025-08-05 01:27:58,466 - ComprehensiveSCRPAFixV8_5 - INFO -   ⏱️ Duration: 0.03s
2025-08-05 01:27:58,466 - ComprehensiveSCRPAFixV8_5 - INFO -   💾 Memory: 101.3MB (Δ+0.7MB)
2025-08-05 01:27:58,467 - ComprehensiveSCRPAFixV8_5 - INFO - 🚀 Starting Chunked processing test... (Memory: 101.3MB)
2025-08-05 01:27:58,511 - ComprehensiveSCRPAFixV8_5 - INFO - 📚 Processing large dataset: 2500 rows in chunks of 500
2025-08-05 01:27:58,512 - ComprehensiveSCRPAFixV8_5 - INFO - 🚀 Starting Chunked processing (2500 rows)... (Memory: 101.3MB)
2025-08-05 01:27:58,522 - ComprehensiveSCRPAFixV8_5 - INFO - 🚀 Starting Chunk 1... (Memory: 102.6MB)
2025-08-05 01:27:58,549 - ComprehensiveSCRPAFixV8_5 - INFO - 📊 Progress: 500/2,500 rows (20.0%)
2025-08-05 01:27:58,550 - ComprehensiveSCRPAFixV8_5 - INFO - ⚡ Completed Chunk 1 (Fast):
2025-08-05 01:27:58,550 - ComprehensiveSCRPAFixV8_5 - INFO -   ⏱️ Duration: 0.03s
2025-08-05 01:27:58,550 - ComprehensiveSCRPAFixV8_5 - INFO -   💾 Memory: 102.6MB (Δ+0.0MB)
2025-08-05 01:27:58,563 - ComprehensiveSCRPAFixV8_5 - INFO - 🚀 Starting Chunk 2... (Memory: 102.8MB)
2025-08-05 01:27:58,582 - ComprehensiveSCRPAFixV8_5 - INFO - 📊 Progress: 1,000/2,500 rows (40.0%)
2025-08-05 01:27:58,582 - ComprehensiveSCRPAFixV8_5 - INFO - ⚡ Completed Chunk 2 (Fast):
2025-08-05 01:27:58,582 - ComprehensiveSCRPAFixV8_5 - INFO -   ⏱️ Duration: 0.02s
2025-08-05 01:27:58,582 - ComprehensiveSCRPAFixV8_5 - INFO -   💾 Memory: 102.8MB (Δ+0.1MB)
2025-08-05 01:27:58,594 - ComprehensiveSCRPAFixV8_5 - INFO - 🚀 Starting Chunk 3... (Memory: 102.9MB)
2025-08-05 01:27:58,614 - ComprehensiveSCRPAFixV8_5 - INFO - 📊 Progress: 1,500/2,500 rows (60.0%)
2025-08-05 01:27:58,615 - ComprehensiveSCRPAFixV8_5 - INFO - ⚡ Completed Chunk 3 (Fast):
2025-08-05 01:27:58,615 - ComprehensiveSCRPAFixV8_5 - INFO -   ⏱️ Duration: 0.02s
2025-08-05 01:27:58,615 - ComprehensiveSCRPAFixV8_5 - INFO -   💾 Memory: 102.9MB (Δ+0.0MB)
2025-08-05 01:27:58,625 - ComprehensiveSCRPAFixV8_5 - INFO - 🚀 Starting Chunk 4... (Memory: 102.8MB)
2025-08-05 01:27:58,647 - ComprehensiveSCRPAFixV8_5 - INFO - 📊 Progress: 2,000/2,500 rows (80.0%)
2025-08-05 01:27:58,648 - ComprehensiveSCRPAFixV8_5 - INFO - ⚡ Completed Chunk 4 (Fast):
2025-08-05 01:27:58,648 - ComprehensiveSCRPAFixV8_5 - INFO -   ⏱️ Duration: 0.02s
2025-08-05 01:27:58,648 - ComprehensiveSCRPAFixV8_5 - INFO -   💾 Memory: 102.9MB (Δ+0.0MB)
2025-08-05 01:27:58,657 - ComprehensiveSCRPAFixV8_5 - INFO - 🚀 Starting Chunk 5... (Memory: 103.0MB)
2025-08-05 01:27:58,679 - ComprehensiveSCRPAFixV8_5 - INFO - 📊 Progress: 2,500/2,500 rows (100.0%)
2025-08-05 01:27:58,680 - ComprehensiveSCRPAFixV8_5 - INFO - ⚡ Completed Chunk 5 (Fast):
2025-08-05 01:27:58,680 - ComprehensiveSCRPAFixV8_5 - INFO -   ⏱️ Duration: 0.02s
2025-08-05 01:27:58,680 - ComprehensiveSCRPAFixV8_5 - INFO -   💾 Memory: 103.0MB (Δ+0.0MB)
2025-08-05 01:27:58,681 - ComprehensiveSCRPAFixV8_5 - INFO - 🔗 Combining processed chunks...
2025-08-05 01:27:58,764 - ComprehensiveSCRPAFixV8_5 - INFO - ⚡ Completed Chunked processing (2500 rows) (Fast):
2025-08-05 01:27:58,774 - ComprehensiveSCRPAFixV8_5 - INFO -   ⏱️ Duration: 0.25s
2025-08-05 01:27:58,776 - ComprehensiveSCRPAFixV8_5 - INFO -   💾 Memory: 101.6MB (Δ+0.4MB)
2025-08-05 01:27:58,780 - ComprehensiveSCRPAFixV8_5 - INFO - ✅ Large dataset processing complete: 2,500 total records
2025-08-05 01:27:58,781 - ComprehensiveSCRPAFixV8_5 - INFO - ⚡ Completed Chunked processing test (Fast):
2025-08-05 01:27:58,789 - ComprehensiveSCRPAFixV8_5 - INFO -   ⏱️ Duration: 0.31s
2025-08-05 01:27:58,792 - ComprehensiveSCRPAFixV8_5 - INFO -   💾 Memory: 101.6MB (Δ+0.4MB)
2025-08-05 01:27:58,795 - ComprehensiveSCRPAFixV8_5 - INFO - ✅ Chunked processing test validation:
2025-08-05 01:27:58,795 - ComprehensiveSCRPAFixV8_5 - INFO -   📊 Original rows: 2,500
2025-08-05 01:27:58,795 - ComprehensiveSCRPAFixV8_5 - INFO -   📊 Processed rows: 2,500
2025-08-05 01:27:58,796 - ComprehensiveSCRPAFixV8_5 - INFO -   📊 Columns: 8
2025-08-05 01:27:58,799 - ComprehensiveSCRPAFixV8_5 - INFO -   📊 Memory usage: 0.6MB
2025-08-05 01:27:58,807 - ComprehensiveSCRPAFixV8_5 - INFO - ✅ Data integrity check PASSED
2025-08-05 01:27:58,813 - ComprehensiveSCRPAFixV8_5 - INFO - 🗑️ Cleaned up test file: test_large_dataset_2500_rows.csv
2025-08-05 01:27:58,814 - ComprehensiveSCRPAFixV8_5 - INFO - ✅ Chunked processing test completed
2025-08-05 01:27:58,815 - ComprehensiveSCRPAFixV8_5 - INFO - 🧪 Testing large file writing functionality
2025-08-05 01:27:58,823 - ComprehensiveSCRPAFixV8_5 - INFO - 🚀 Starting Creating large test dataset... (Memory: 101.6MB)
2025-08-05 01:27:58,858 - ComprehensiveSCRPAFixV8_5 - INFO - 📊 Created large test dataset: 5,000 rows, 10 columns
2025-08-05 01:27:58,878 - ComprehensiveSCRPAFixV8_5 - INFO - 📊 Memory usage: 2.2MB
2025-08-05 01:27:58,880 - ComprehensiveSCRPAFixV8_5 - INFO - ⚡ Completed Creating large test dataset (Fast):
2025-08-05 01:27:58,881 - ComprehensiveSCRPAFixV8_5 - INFO -   ⏱️ Duration: 0.06s
2025-08-05 01:27:58,881 - ComprehensiveSCRPAFixV8_5 - INFO -   💾 Memory: 103.1MB (Δ+1.5MB)
2025-08-05 01:27:58,882 - ComprehensiveSCRPAFixV8_5 - INFO - 💾 Writing large CSV: 5,000 rows in chunks of 1,000
2025-08-05 01:27:58,893 - ComprehensiveSCRPAFixV8_5 - INFO - 🚀 Starting Large CSV write (5,000 rows)... (Memory: 103.1MB)
2025-08-05 01:27:58,921 - ComprehensiveSCRPAFixV8_5 - INFO - 📝 Write progress: 1,000/5,000 rows (20.0%)
2025-08-05 01:27:58,956 - ComprehensiveSCRPAFixV8_5 - INFO - 📝 Write progress: 2,000/5,000 rows (40.0%)
2025-08-05 01:27:58,978 - ComprehensiveSCRPAFixV8_5 - INFO - 📝 Write progress: 3,000/5,000 rows (60.0%)
2025-08-05 01:27:58,996 - ComprehensiveSCRPAFixV8_5 - INFO - 📝 Write progress: 4,000/5,000 rows (80.0%)
2025-08-05 01:27:59,014 - ComprehensiveSCRPAFixV8_5 - INFO - 📝 Write progress: 5,000/5,000 rows (100.0%)
2025-08-05 01:27:59,015 - ComprehensiveSCRPAFixV8_5 - INFO - ⚡ Completed Large CSV write (5,000 rows) (Fast):
2025-08-05 01:27:59,016 - ComprehensiveSCRPAFixV8_5 - INFO -   ⏱️ Duration: 0.13s
2025-08-05 01:27:59,016 - ComprehensiveSCRPAFixV8_5 - INFO -   💾 Memory: 103.3MB (Δ+0.2MB)
2025-08-05 01:27:59,017 - ComprehensiveSCRPAFixV8_5 - INFO - ✅ Large CSV write complete: C:\Users\carucci_r\OneDrive - City of Hackensack\01_DataSources\SCRPA_Time_v2\03_output\temp\test_large_export_5000_rows.csv
2025-08-05 01:27:59,018 - ComprehensiveSCRPAFixV8_5 - INFO - ✅ CSV file created: 0.7MB
2025-08-05 01:27:59,060 - ComprehensiveSCRPAFixV8_5 - INFO - ✅ CSV verification: 5 sample rows read successfully
2025-08-05 01:27:59,061 - ComprehensiveSCRPAFixV8_5 - INFO - 📊 Writing large Excel: 5,000 rows in chunks of 1,000
2025-08-05 01:27:59,061 - ComprehensiveSCRPAFixV8_5 - INFO - 🚀 Starting Large Excel write (5,000 rows)... (Memory: 104.4MB)
2025-08-05 01:27:59,120 - ComprehensiveSCRPAFixV8_5 - INFO - 📝 Excel write progress: 1,000/5,000 rows (20.0%)
2025-08-05 01:27:59,245 - ComprehensiveSCRPAFixV8_5 - INFO - 📝 Excel write progress: 2,000/5,000 rows (40.0%)
2025-08-05 01:27:59,351 - ComprehensiveSCRPAFixV8_5 - INFO - 📝 Excel write progress: 3,000/5,000 rows (60.0%)
2025-08-05 01:27:59,464 - ComprehensiveSCRPAFixV8_5 - INFO - 📝 Excel write progress: 4,000/5,000 rows (80.0%)
2025-08-05 01:27:59,497 - ComprehensiveSCRPAFixV8_5 - INFO - 📝 Excel write progress: 5,000/5,000 rows (100.0%)
2025-08-05 01:28:00,346 - ComprehensiveSCRPAFixV8_5 - INFO - ✅ Completed Large Excel write (5,000 rows) (Good):
2025-08-05 01:28:00,346 - ComprehensiveSCRPAFixV8_5 - INFO -   ⏱️ Duration: 1.29s
2025-08-05 01:28:00,346 - ComprehensiveSCRPAFixV8_5 - INFO -   💾 Memory: 118.6MB (Δ+14.2MB)
2025-08-05 01:28:00,347 - ComprehensiveSCRPAFixV8_5 - INFO - ✅ Large Excel write complete: C:\Users\carucci_r\OneDrive - City of Hackensack\01_DataSources\SCRPA_Time_v2\03_output\temp\test_large_export_5000_rows.xlsx
2025-08-05 01:28:00,347 - ComprehensiveSCRPAFixV8_5 - INFO - ✅ Excel file created: 0.3MB
2025-08-05 01:28:00,355 - ComprehensiveSCRPAFixV8_5 - INFO - 🗑️ Cleaned up test file: test_large_export_5000_rows.csv
2025-08-05 01:28:00,359 - ComprehensiveSCRPAFixV8_5 - INFO - 🗑️ Cleaned up test file: test_large_export_5000_rows.xlsx
2025-08-05 01:28:00,360 - ComprehensiveSCRPAFixV8_5 - INFO - ✅ Large file writing test completed
2025-08-05 01:28:00,362 - ComprehensiveSCRPAFixV8_5 - INFO - 🚀 Starting Complete SCRPA Pipeline V8.5... (Memory: 116.6MB)
2025-08-05 01:28:00,363 - ComprehensiveSCRPAFixV8_5 - INFO - Starting Comprehensive SCRPA Fix V8.5 pipeline...
2025-08-05 01:28:00,363 - ComprehensiveSCRPAFixV8_5 - INFO - ⚡ Completed Complete SCRPA Pipeline V8.5 (Fast):
2025-08-05 01:28:00,363 - ComprehensiveSCRPAFixV8_5 - INFO -   ⏱️ Duration: 0.00s
2025-08-05 01:28:00,364 - ComprehensiveSCRPAFixV8_5 - INFO -   💾 Memory: 116.6MB (Δ+0.0MB)
2025-08-05 01:28:00,369 - ComprehensiveSCRPAFixV8_5 - INFO - Latest CAD file: 2025_08_01_19_38_12_SCRPA_CAD.xlsx
2025-08-05 01:28:00,372 - ComprehensiveSCRPAFixV8_5 - INFO - Latest RMS file: 2025_08_01_19_38_12_SCRPA_RMS.xlsx
2025-08-05 01:28:00,373 - ComprehensiveSCRPAFixV8_5 - INFO - 🚀 Starting RMS Data Processing - 2025_08_01_19_38_12_SCRPA_RMS.xlsx... (Memory: 116.6MB)
2025-08-05 01:28:00,373 - ComprehensiveSCRPAFixV8_5 - INFO - Processing RMS data: 2025_08_01_19_38_12_SCRPA_RMS.xlsx
2025-08-05 01:28:00,374 - ComprehensiveSCRPAFixV8_5 - INFO - 🚀 Starting RMS File Loading... (Memory: 116.6MB)
2025-08-05 01:28:00,436 - ComprehensiveSCRPAFixV8_5 - INFO - Loaded RMS file with 140 rows and 31 columns
2025-08-05 01:28:00,437 - ComprehensiveSCRPAFixV8_5 - INFO - RMS columns found: ['Case Number', 'Incident Date', 'Incident Time', 'Incident Date_Between', 'Incident Time_Between', 'Report Date', 'Report Time', 'Incident Type_1', 'Incident Type_2', 'Incident Type_3', 'FullAddress', 'Grid', 'Zone', 'Narrative', 'Total Value Stolen', 'Total Value Recover', 'Registration 1', 'Make1', 'Model1', 'Reg State 1', 'Registration 2', 'Reg State 2', 'Make2', 'Model2', 'Reviewed By', 'CompleteCalc', 'Officer of Record', 'Squad', 'Det_Assigned', 'Case_Status', 'NIBRS Classification']
2025-08-05 01:28:00,437 - ComprehensiveSCRPAFixV8_5 - INFO - ⚡ Completed RMS File Loading (Fast):
2025-08-05 01:28:00,438 - ComprehensiveSCRPAFixV8_5 - INFO -   ⏱️ Duration: 0.06s
2025-08-05 01:28:00,438 - ComprehensiveSCRPAFixV8_5 - INFO -   💾 Memory: 116.7MB (Δ+0.1MB)
2025-08-05 01:28:00,440 - ComprehensiveSCRPAFixV8_5 - INFO - Raw time columns found: ['Incident Time', 'Incident Time_Between', 'Report Time']
2025-08-05 01:28:00,441 - ComprehensiveSCRPAFixV8_5 - INFO -   Incident Time: 135/140 populated
2025-08-05 01:28:00,442 - ComprehensiveSCRPAFixV8_5 - INFO -   Sample values: [Timedelta('0 days 21:30:00'), Timedelta('0 days 14:00:00'), Timedelta('0 days 15:30:00')]
2025-08-05 01:28:00,442 - ComprehensiveSCRPAFixV8_5 - INFO -   Sample types: ['Timedelta', 'Timedelta', 'Timedelta']
2025-08-05 01:28:00,443 - ComprehensiveSCRPAFixV8_5 - INFO -   Incident Time_Between: 61/140 populated
2025-08-05 01:28:00,443 - ComprehensiveSCRPAFixV8_5 - INFO -   Sample values: [Timedelta('0 days 06:25:00'), Timedelta('0 days 18:00:00'), Timedelta('0 days 21:16:00')]
2025-08-05 01:28:00,444 - ComprehensiveSCRPAFixV8_5 - INFO -   Sample types: ['Timedelta', 'Timedelta', 'Timedelta']
2025-08-05 01:28:00,444 - ComprehensiveSCRPAFixV8_5 - INFO -   Report Time: 140/140 populated
2025-08-05 01:28:00,445 - ComprehensiveSCRPAFixV8_5 - INFO -   Sample values: [Timedelta('0 days 10:59:09'), Timedelta('0 days 14:20:51'), Timedelta('0 days 19:49:52')]
2025-08-05 01:28:00,445 - ComprehensiveSCRPAFixV8_5 - INFO -   Sample types: ['Timedelta', 'Timedelta', 'Timedelta']
2025-08-05 01:28:00,445 - ComprehensiveSCRPAFixV8_5 - INFO - 🚀 Starting RMS Header Normalization & Column Mapping... (Memory: 116.7MB)
2025-08-05 01:28:00,446 - ComprehensiveSCRPAFixV8_5 - INFO - Normalized RMS headers to lowercase snake_case: ['case_number', 'incident_date', 'incident_time', 'incident_date_between', 'incident_time_between', 'report_date', 'report_time', 'incident_type_1', 'incident_type_2', 'incident_type_3', 'full_address', 'grid', 'zone', 'narrative', 'total_value_stolen', 'total_value_recover', 'registration_1', 'make_1', 'model_1', 'reg_state_1', 'registration_2', 'reg_state_2', 'make_2', 'model_2', 'reviewed_by', 'complete_calc', 'officer_of_record', 'squad', 'det_assigned', 'case_status', 'nibrs_classification']
2025-08-05 01:28:00,447 - ComprehensiveSCRPAFixV8_5 - INFO - ⚡ Completed RMS Header Normalization & Column Mapping (Fast):
2025-08-05 01:28:00,447 - ComprehensiveSCRPAFixV8_5 - INFO -   ⏱️ Duration: 0.00s
2025-08-05 01:28:00,447 - ComprehensiveSCRPAFixV8_5 - INFO -   💾 Memory: 116.8MB (Δ+0.0MB)
2025-08-05 01:28:00,448 - ComprehensiveSCRPAFixV8_5 - INFO - ⚡ Completed RMS Data Processing - 2025_08_01_19_38_12_SCRPA_RMS.xlsx (Fast):
2025-08-05 01:28:00,451 - ComprehensiveSCRPAFixV8_5 - INFO -   ⏱️ Duration: 0.07s
2025-08-05 01:28:00,453 - ComprehensiveSCRPAFixV8_5 - INFO -   💾 Memory: 116.8MB (Δ+0.1MB)
2025-08-05 01:28:00,453 - ComprehensiveSCRPAFixV8_5 - INFO - Applied column mapping: {'full_address': 'full_address_raw'}
2025-08-05 01:28:00,455 - ComprehensiveSCRPAFixV8_5 - INFO - Mapped incident_time: 135/140 populated
2025-08-05 01:28:00,456 - ComprehensiveSCRPAFixV8_5 - INFO -   Sample values: [Timedelta('0 days 21:30:00'), Timedelta('0 days 14:00:00'), Timedelta('0 days 15:30:00')]
2025-08-05 01:28:00,456 - ComprehensiveSCRPAFixV8_5 - INFO -   Sample types: ['Timedelta', 'Timedelta', 'Timedelta']
2025-08-05 01:28:00,457 - ComprehensiveSCRPAFixV8_5 - INFO - Mapped incident_time_between: 61/140 populated
2025-08-05 01:28:00,458 - ComprehensiveSCRPAFixV8_5 - INFO -   Sample values: [Timedelta('0 days 06:25:00'), Timedelta('0 days 18:00:00'), Timedelta('0 days 21:16:00')]
2025-08-05 01:28:00,458 - ComprehensiveSCRPAFixV8_5 - INFO -   Sample types: ['Timedelta', 'Timedelta', 'Timedelta']
2025-08-05 01:28:00,459 - ComprehensiveSCRPAFixV8_5 - INFO - Mapped report_time: 140/140 populated
2025-08-05 01:28:00,460 - ComprehensiveSCRPAFixV8_5 - INFO -   Sample values: [Timedelta('0 days 10:59:09'), Timedelta('0 days 14:20:51'), Timedelta('0 days 19:49:52')]
2025-08-05 01:28:00,475 - ComprehensiveSCRPAFixV8_5 - INFO -   Sample types: ['Timedelta', 'Timedelta', 'Timedelta']
2025-08-05 01:28:00,557 - ComprehensiveSCRPAFixV8_5 - INFO - Available date columns: ['incident_date', 'incident_date_between', 'report_date']
2025-08-05 01:28:00,558 - ComprehensiveSCRPAFixV8_5 - INFO - incident_date populated: 136/140
2025-08-05 01:28:00,559 - ComprehensiveSCRPAFixV8_5 - INFO - Sample incident_date values: [Timestamp('2025-01-03 00:00:00'), Timestamp('2025-01-07 00:00:00'), Timestamp('2025-01-06 00:00:00')]
2025-08-05 01:28:00,560 - ComprehensiveSCRPAFixV8_5 - INFO - incident_date_between populated: 62/140
2025-08-05 01:28:00,560 - ComprehensiveSCRPAFixV8_5 - INFO - Sample incident_date_between values: [Timestamp('2025-01-04 00:00:00'), Timestamp('2025-01-10 00:00:00'), Timestamp('2025-01-16 00:00:00')]
2025-08-05 01:28:00,561 - ComprehensiveSCRPAFixV8_5 - INFO - report_date populated: 140/140
2025-08-05 01:28:00,561 - ComprehensiveSCRPAFixV8_5 - INFO - Sample report_date values: [Timestamp('2025-01-04 00:00:00'), Timestamp('2025-01-10 00:00:00'), Timestamp('2025-01-10 00:00:00')]
2025-08-05 01:28:00,572 - ComprehensiveSCRPAFixV8_5 - INFO - Incident dates after cascading and formatting: 140/140
2025-08-05 01:28:00,575 - ComprehensiveSCRPAFixV8_5 - INFO - Sample formatted dates: ['01/03/25', '01/07/25', '01/06/25', '01/13/25', '01/14/25']
2025-08-05 01:28:00,577 - ComprehensiveSCRPAFixV8_5 - INFO - Time cascade inputs - Primary: 135, Secondary: 61, Tertiary: 140
2025-08-05 01:28:00,578 - ComprehensiveSCRPAFixV8_5 - INFO - Time cascade validation - t1 (incident_time): 135/140 valid
2025-08-05 01:28:00,579 - ComprehensiveSCRPAFixV8_5 - INFO - Time cascade validation - t2 (incident_time_between): 61/140 valid
2025-08-05 01:28:00,579 - ComprehensiveSCRPAFixV8_5 - INFO - Time cascade validation - t3 (report_time): 140/140 valid
2025-08-05 01:28:00,579 - ComprehensiveSCRPAFixV8_5 - INFO - Sample t1 times: ['21:30:00', '14:00:00', '15:30:00']
2025-08-05 01:28:00,580 - ComprehensiveSCRPAFixV8_5 - INFO - Sample t2 times: ['06:25:00', '18:00:00', '21:16:00']
2025-08-05 01:28:00,580 - ComprehensiveSCRPAFixV8_5 - INFO - Sample t3 times: ['10:59:09', '14:20:51', '19:49:52']
2025-08-05 01:28:00,581 - ComprehensiveSCRPAFixV8_5 - INFO - Time cascade result: 140/140 valid times
2025-08-05 01:28:00,583 - ComprehensiveSCRPAFixV8_5 - INFO - Final incident_time populated: 140/140
2025-08-05 01:28:00,588 - ComprehensiveSCRPAFixV8_5 - INFO - Sample final formatted times: ['21:30:00', '14:00:00', '15:30:00', '12:05:00', '15:22:34']
2025-08-05 01:28:00,593 - ComprehensiveSCRPAFixV8_5 - INFO - Time of day distribution: {'12:00-15:59 Afternoon': 37, '20:00-23:59 Night': 30, '16:00-19:59 Evening Peak': 23, '08:00-11:59 Morning Peak': 21, '00:00-03:59 Early Morning': 15, '04:00-07:59 Morning': 14}
2025-08-05 01:28:00,594 - ComprehensiveSCRPAFixV8_5 - INFO - Time of day validation - Unknown: 0, Valid times: 140
2025-08-05 01:28:00,596 - ComprehensiveSCRPAFixV8_5 - INFO - Time of day sort order distribution: {1: 15, 2: 14, 3: 21, 4: 37, 5: 23, 6: 30}
2025-08-05 01:28:00,635 - ComprehensiveSCRPAFixV8_5 - INFO - Sample incident_date values: ['01/03/25', '01/07/25', '01/06/25', '01/13/25', '01/14/25']
2025-08-05 01:28:00,637 - ComprehensiveSCRPAFixV8_5 - INFO - Null incident_date count: 0
2025-08-05 01:28:00,638 - ComprehensiveSCRPAFixV8_5 - INFO - Date types: object
2025-08-05 01:28:00,639 - ComprehensiveSCRPAFixV8_5 - INFO - Period calc - Date: 2025-01-03, Days diff: 214
2025-08-05 01:28:00,641 - ComprehensiveSCRPAFixV8_5 - INFO - Period calc - Date: 2025-01-07, Days diff: 210
2025-08-05 01:28:00,642 - ComprehensiveSCRPAFixV8_5 - INFO - Period calc - Date: 2025-01-06, Days diff: 211
2025-08-05 01:28:00,643 - ComprehensiveSCRPAFixV8_5 - INFO - Period calc - Date: 2025-01-13, Days diff: 204
2025-08-05 01:28:00,643 - ComprehensiveSCRPAFixV8_5 - INFO - Period calc - Date: 2025-01-14, Days diff: 203
2025-08-05 01:28:00,670 - ComprehensiveSCRPAFixV8_5 - INFO - Period calculation results: {'YTD': 117, '28-Day': 21, '7-Day': 2}
2025-08-05 01:28:00,678 - ComprehensiveSCRPAFixV8_5 - INFO - Date/Period Analysis Summary:
2025-08-05 01:28:00,678 - ComprehensiveSCRPAFixV8_5 - INFO -   - 7-Day period records: 2
2025-08-05 01:28:00,678 - ComprehensiveSCRPAFixV8_5 - INFO -   - 28-Day period records: 21
2025-08-05 01:28:00,678 - ComprehensiveSCRPAFixV8_5 - INFO -   - YTD period records: 117
2025-08-05 01:28:00,679 - ComprehensiveSCRPAFixV8_5 - INFO -   - Historical period records: 0
2025-08-05 01:28:00,679 - ComprehensiveSCRPAFixV8_5 - INFO - ✅ Date processing working correctly - mix of periods found
2025-08-05 01:28:00,829 - ComprehensiveSCRPAFixV8_5 - WARNING - Removing Jersey City address: 128 Christopher Columbus Drive, Jersey City, NJ 07302, Hackensack, NJ, 07601
2025-08-05 01:28:00,830 - ComprehensiveSCRPAFixV8_5 - INFO - Address validation: 139/140 addresses validated
2025-08-05 01:28:00,831 - ComprehensiveSCRPAFixV8_5 - INFO - Block calculation: 140/140 blocks calculated
2025-08-05 01:28:00,892 - ComprehensiveSCRPAFixV8_5 - INFO - Grid/Post backfill: 133/140 grids, 129/140 posts
2025-08-05 01:28:00,992 - ComprehensiveSCRPAFixV8_5 - INFO - Narrative cleaning: 140/140 narratives cleaned
2025-08-05 01:28:00,993 - ComprehensiveSCRPAFixV8_5 - INFO - ✅ RMS header validation PASSED: All 50 columns follow lowercase snake_case
2025-08-05 01:28:00,993 - ComprehensiveSCRPAFixV8_5 - INFO - RMS headers validation passed - all headers are lowercase snake_case
2025-08-05 01:28:00,994 - ComprehensiveSCRPAFixV8_5 - INFO - RMS records before filtering: 140
2025-08-05 01:28:00,995 - ComprehensiveSCRPAFixV8_5 - INFO - Period distribution: {'YTD': 117, '28-Day': 21, '7-Day': 2}
2025-08-05 01:28:00,996 - ComprehensiveSCRPAFixV8_5 - INFO - Non-historical records: 140
2025-08-05 01:28:00,996 - ComprehensiveSCRPAFixV8_5 - INFO - Sample case numbers: ['25-000813', '25-002564', '25-002635', '25-003362', '25-003813']
2025-08-05 01:28:00,997 - ComprehensiveSCRPAFixV8_5 - INFO - Records with excluded case number '25-057654': 1
2025-08-05 01:28:00,997 - ComprehensiveSCRPAFixV8_5 - INFO - Incident dates populated: 140/140
2025-08-05 01:28:00,998 - ComprehensiveSCRPAFixV8_5 - INFO - Sample incident dates: ['01/03/25', '01/07/25', '01/06/25', '01/13/25', '01/14/25']
2025-08-05 01:28:01,008 - ComprehensiveSCRPAFixV8_5 - INFO - Date range: 01/03/25 to 07/31/25
2025-08-05 01:28:01,010 - ComprehensiveSCRPAFixV8_5 - INFO - After case number filter: 139/140 records
2025-08-05 01:28:01,012 - ComprehensiveSCRPAFixV8_5 - INFO - After period filter: 139/140 records
2025-08-05 01:28:01,020 - ComprehensiveSCRPAFixV8_5 - INFO - After case status filter: 120/140 records
2025-08-05 01:28:01,026 - ComprehensiveSCRPAFixV8_5 - INFO - RMS processing complete: 120 records after filtering
2025-08-05 01:28:01,027 - ComprehensiveSCRPAFixV8_5 - INFO - Final RMS columns: ['case_number', 'incident_date', 'incident_time', 'time_of_day', 'time_of_day_sort_order', 'period', 'season', 'day_of_week', 'day_type', 'location', 'block', 'grid', 'post', 'incident_type', 'all_incidents', 'vehicle_1', 'vehicle_2', 'vehicle_1_and_vehicle_2', 'narrative', 'total_value_stolen', 'squad', 'officer_of_record', 'nibrs_classification', 'cycle_name', 'case_status']
2025-08-05 01:28:01,028 - ComprehensiveSCRPAFixV8_5 - INFO - REMOVED CAD-specific columns: incident_type, crime_category, response_type
2025-08-05 01:28:01,184 - ComprehensiveSCRPAFixV8_5 - INFO - Found 30 duplicate incidents in reference file.
2025-08-05 01:28:01,185 - ComprehensiveSCRPAFixV8_5 - INFO - Applying priority-based duplicate resolution:
2025-08-05 01:28:01,186 - ComprehensiveSCRPAFixV8_5 - INFO -   'DOMESTIC DISPUTE': 3 variants -> keeping highest priority
2025-08-05 01:28:01,186 - ComprehensiveSCRPAFixV8_5 - INFO -   'SHOPLIFTING 2C:20-11': 3 variants -> keeping highest priority
2025-08-05 01:28:01,187 - ComprehensiveSCRPAFixV8_5 - INFO -   'SIMPLE ASSAULT 2C:12-1A': 4 variants -> keeping highest priority
2025-08-05 01:28:01,188 - ComprehensiveSCRPAFixV8_5 - INFO -   'TARGETED AREA PATROL': 3 variants -> keeping highest priority
2025-08-05 01:28:01,189 - ComprehensiveSCRPAFixV8_5 - INFO -   'TERRORISTIC THREATS 2C:12-3': 3 variants -> keeping highest priority
2025-08-05 01:28:01,189 - ComprehensiveSCRPAFixV8_5 - INFO -   'WEAPONS SEIZURE - 2C:25-21D': 2 variants -> keeping highest priority
2025-08-05 01:28:01,189 - ComprehensiveSCRPAFixV8_5 - INFO -   'WEATHER ALERTS': 2 variants -> keeping highest priority
2025-08-05 01:28:01,189 - ComprehensiveSCRPAFixV8_5 - INFO -   'WELFARE CHECK': 2 variants -> keeping highest priority
2025-08-05 01:28:01,189 - ComprehensiveSCRPAFixV8_5 - INFO -   'WIDESPREAD DAMAGE - 2C:17-2': 2 variants -> keeping highest priority
2025-08-05 01:28:01,189 - ComprehensiveSCRPAFixV8_5 - INFO -   'WIRE DOWN': 2 variants -> keeping highest priority
2025-08-05 01:28:01,190 - ComprehensiveSCRPAFixV8_5 - INFO -   'WITNESS TAMPERING - 2C:28-5': 2 variants -> keeping highest priority
2025-08-05 01:28:01,190 - ComprehensiveSCRPAFixV8_5 - INFO -   'WRONGFUL IMPERSONATING - 2C:21-1': 2 variants -> keeping highest priority
2025-08-05 01:28:01,193 - ComprehensiveSCRPAFixV8_5 - INFO - Priority-based resolution completed: 30 duplicates resolved
2025-08-05 01:28:01,205 - ComprehensiveSCRPAFixV8_5 - INFO - Enhanced call type reference loaded successfully:
2025-08-05 01:28:01,206 - ComprehensiveSCRPAFixV8_5 - INFO -   - Total records: 592
2025-08-05 01:28:01,206 - ComprehensiveSCRPAFixV8_5 - INFO -   - Unique incidents: 574
2025-08-05 01:28:01,206 - ComprehensiveSCRPAFixV8_5 - INFO -   - Duplicates found: 30
2025-08-05 01:28:01,206 - ComprehensiveSCRPAFixV8_5 - INFO -   - Duplicates resolved: 30
2025-08-05 01:28:01,207 - ComprehensiveSCRPAFixV8_5 - INFO -   - Normalized columns: ['incident', 'category_type', 'response_type']
2025-08-05 01:28:01,207 - ComprehensiveSCRPAFixV8_5 - INFO - 🚀 Starting CAD Data Processing - 2025_08_01_19_38_12_SCRPA_CAD.xlsx... (Memory: 113.4MB)
2025-08-05 01:28:01,207 - ComprehensiveSCRPAFixV8_5 - INFO - Processing CAD data: 2025_08_01_19_38_12_SCRPA_CAD.xlsx
2025-08-05 01:28:01,207 - ComprehensiveSCRPAFixV8_5 - INFO - ⚡ Completed CAD Data Processing - 2025_08_01_19_38_12_SCRPA_CAD.xlsx (Fast):
2025-08-05 01:28:01,207 - ComprehensiveSCRPAFixV8_5 - INFO -   ⏱️ Duration: 0.00s
2025-08-05 01:28:01,207 - ComprehensiveSCRPAFixV8_5 - INFO -   💾 Memory: 113.4MB (Δ+0.0MB)
2025-08-05 01:28:01,239 - ComprehensiveSCRPAFixV8_5 - INFO - Loaded CAD file with 115 rows and 20 columns
2025-08-05 01:28:01,239 - ComprehensiveSCRPAFixV8_5 - INFO - CAD columns found: ['ReportNumberNew', 'Incident', 'How Reported', 'FullAddress2', 'PDZone', 'Grid', 'Time of Call', 'cYear', 'cMonth', 'HourMinuetsCalc', 'DayofWeek', 'Time Dispatched', 'Time Out', 'Time In', 'Time Spent', 'Time Response', 'Officer', 'Disposition', 'Response Type', 'CADNotes']
2025-08-05 01:28:01,240 - ComprehensiveSCRPAFixV8_5 - INFO - Applied dtype={'How Reported': str} to prevent Excel auto-parsing '9-1-1' as date
2025-08-05 01:28:01,241 - ComprehensiveSCRPAFixV8_5 - INFO - Applied enhanced fixes to prevent '9-1-1' date conversion
2025-08-05 01:28:01,242 - ComprehensiveSCRPAFixV8_5 - INFO - Applied column mapping: {'ReportNumberNew': 'case_number', 'Incident': 'incident', 'How Reported': 'how_reported', 'FullAddress2': 'full_address_raw', 'PDZone': 'post', 'Grid': 'grid_raw', 'Time of Call': 'time_of_call', 'cYear': 'call_year', 'cMonth': 'call_month', 'HourMinuetsCalc': 'hour_minutes_calc', 'DayofWeek': 'day_of_week_raw', 'Time Dispatched': 'time_dispatched', 'Time Out': 'time_out', 'Time In': 'time_in', 'Time Spent': 'time_spent_raw', 'Time Response': 'time_response_raw', 'Officer': 'officer', 'Disposition': 'disposition', 'Response Type': 'response_type_fallback', 'CADNotes': 'cad_notes_raw'}
2025-08-05 01:28:01,243 - ComprehensiveSCRPAFixV8_5 - INFO - Normalized CAD headers to lowercase snake_case: ['case_number', 'incident', 'how_reported', 'full_address_raw', 'post', 'grid_raw', 'time_of_call', 'call_year', 'call_month', 'hour_minutes_calc', 'day_of_week_raw', 'time_dispatched', 'time_out', 'time_in', 'time_spent_raw', 'time_response_raw', 'officer', 'disposition', 'response_type_fallback', 'cad_notes_raw']
2025-08-05 01:28:01,252 - ComprehensiveSCRPAFixV8_5 - INFO - Starting proper CallType_Categories.xlsx mapping for 115 CAD records
2025-08-05 01:28:01,253 - ComprehensiveSCRPAFixV8_5 - INFO - Sample incident values: ['Motor Vehicle Theft - 2C:20-3', 'Criminal Sexual Contact - 2C:14-3a', 'Burglary - Auto - 2C:18-2', 'Burglary - Residence - 2C:18-2', 'Motor Vehicle Theft - 2C:20-3']
2025-08-05 01:28:01,276 - ComprehensiveSCRPAFixV8_5 - INFO - Loaded CallType_Categories.xlsx with 592 records
2025-08-05 01:28:01,277 - ComprehensiveSCRPAFixV8_5 - INFO - CallType columns: ['Incident', 'Category Type', 'Response Type']
2025-08-05 01:28:01,293 - ComprehensiveSCRPAFixV8_5 - INFO - Created mapping dictionary with 574 entries
2025-08-05 01:28:01,294 - ComprehensiveSCRPAFixV8_5 - INFO - CallType_Categories.xlsx mapping results:
2025-08-05 01:28:01,294 - ComprehensiveSCRPAFixV8_5 - INFO -   - Total incidents: 115
2025-08-05 01:28:01,295 - ComprehensiveSCRPAFixV8_5 - INFO -   - Mapped incidents: 115
2025-08-05 01:28:01,295 - ComprehensiveSCRPAFixV8_5 - INFO -   - Unmapped incidents: 0
2025-08-05 01:28:01,295 - ComprehensiveSCRPAFixV8_5 - INFO -   - Mapping rate: 100.0%
2025-08-05 01:28:01,295 - ComprehensiveSCRPAFixV8_5 - INFO - Category type distribution: {'Criminal Incidents': 115}
2025-08-05 01:28:01,296 - ComprehensiveSCRPAFixV8_5 - INFO - Top 10 response types: {'Emergency': 81, 'Routine': 34}
2025-08-05 01:28:01,296 - ComprehensiveSCRPAFixV8_5 - INFO - Final column coverage:
2025-08-05 01:28:01,297 - ComprehensiveSCRPAFixV8_5 - INFO -   - response_type coverage: 100.0%
2025-08-05 01:28:01,297 - ComprehensiveSCRPAFixV8_5 - INFO -   - category_type coverage: 100.0%
2025-08-05 01:28:01,306 - ComprehensiveSCRPAFixV8_5 - INFO - Grid processing: 108/115 records have grid values
2025-08-05 01:28:01,370 - ComprehensiveSCRPAFixV8_5 - INFO - CAD notes parsing complete: 115 records processed
2025-08-05 01:28:01,566 - ComprehensiveSCRPAFixV8_5 - INFO - CAD response_type populated in 115/115 records
2025-08-05 01:28:01,570 - ComprehensiveSCRPAFixV8_5 - INFO - CAD grid populated in 108/115 records
2025-08-05 01:28:01,571 - ComprehensiveSCRPAFixV8_5 - INFO - CAD post populated in 111/115 records
2025-08-05 01:28:01,573 - ComprehensiveSCRPAFixV8_5 - INFO - ✅ CAD header validation PASSED: All 36 columns follow lowercase snake_case
2025-08-05 01:28:01,573 - ComprehensiveSCRPAFixV8_5 - INFO - CAD headers validation passed - all headers are lowercase snake_case
2025-08-05 01:28:01,575 - ComprehensiveSCRPAFixV8_5 - INFO - CAD processing complete: 115 records
2025-08-05 01:28:01,576 - ComprehensiveSCRPAFixV8_5 - INFO - Final CAD columns: ['case_number', 'incident', 'response_type', 'category_type', 'response_type_cad', 'category_type_cad', 'how_reported', 'location', 'block', 'grid', 'post', 'time_of_call', 'time_dispatched', 'time_out', 'time_in', 'time_spent_minutes', 'time_response_minutes', 'time_spent_formatted', 'time_response_formatted', 'officer', 'disposition', 'cad_notes_cleaned', 'cad_username', 'cad_timestamp', 'cycle_name']
2025-08-05 01:28:01,676 - ComprehensiveSCRPAFixV8_5 - INFO - ✅ RMS header validation PASSED: All 25 columns follow lowercase snake_case
2025-08-05 01:28:01,676 - ComprehensiveSCRPAFixV8_5 - INFO - 💾 Writing standard CSV: 120 rows
