2025-08-05 01:12:22,081 - ComprehensiveSCRPAFixV8_5 - INFO - === Comprehensive SCRPA Fix V8.5 - Cycle Calendar Integration Version ===
2025-08-05 01:12:22,459 - ComprehensiveSCRPAFixV8_5 - INFO - Loaded call type reference: 592 records
2025-08-05 01:12:22,459 - ComprehensiveSCRPAFixV8_5 - INFO - Reference file columns: ['Incident', 'Category Type', 'Response Type']
2025-08-05 01:12:22,459 - ComprehensiveSCRPAFixV8_5 - INFO - Incident column forced to string type with 592 records
2025-08-05 01:12:22,521 - ComprehensiveSCRPAFixV8_5 - INFO - Loaded zone/grid reference: 1368 records
2025-08-05 01:12:22,531 - ComprehensiveSCRPAFixV8_5 - INFO - Loaded cycle calendar: 52 records
2025-08-05 01:12:22,531 - ComprehensiveSCRPAFixV8_5 - INFO - Cycle calendar columns: ['Report_Due_Date', '7_Day_Start', '7_Day_End', '28_Day_Start', '28_Day_End', 'Report_Name']
2025-08-05 01:12:22,532 - ComprehensiveSCRPAFixV8_5 - INFO - Current cycle: C08W32, Date: 20250805
2025-08-05 01:12:22,532 - ComprehensiveSCRPAFixV8_5 - INFO - 🧪 Running Performance Monitoring Demo
2025-08-05 01:12:22,532 - ComprehensiveSCRPAFixV8_5 - INFO - 🚀 Starting Performance Test Demo... (Memory: 98.7MB)
2025-08-05 01:12:22,532 - ComprehensiveSCRPAFixV8_5 - INFO - 🚀 Starting Large DataFrame Creation... (Memory: 98.7MB)
2025-08-05 01:12:22,536 - ComprehensiveSCRPAFixV8_5 - INFO - ⚡ Completed Large DataFrame Creation (Fast):
2025-08-05 01:12:22,537 - ComprehensiveSCRPAFixV8_5 - INFO -   ⏱️ Duration: 0.00s
2025-08-05 01:12:22,537 - ComprehensiveSCRPAFixV8_5 - INFO -   💾 Memory: 99.8MB (Δ+1.1MB)
2025-08-05 01:12:22,542 - ComprehensiveSCRPAFixV8_5 - INFO - 💾 Test DataFrame memory optimized: 0.7MB → 0.1MB (saved 0.6MB)
2025-08-05 01:12:22,542 - ComprehensiveSCRPAFixV8_5 - INFO - 🚀 Starting DataFrame Operations... (Memory: 100.1MB)
2025-08-05 01:12:22,544 - ComprehensiveSCRPAFixV8_5 - INFO - ⚡ Completed DataFrame Operations (Fast):
2025-08-05 01:12:22,545 - ComprehensiveSCRPAFixV8_5 - INFO -   ⏱️ Duration: 0.00s
2025-08-05 01:12:22,545 - ComprehensiveSCRPAFixV8_5 - INFO -   💾 Memory: 100.3MB (Δ+0.2MB)
2025-08-05 01:12:22,554 - ComprehensiveSCRPAFixV8_5 - INFO - 📊 System Performance Summary: {'memory_rss_mb': 100.3046875, 'memory_vms_mb': 426.546875, 'cpu_percent': 0.0, 'num_threads': 15, 'system_memory_percent': 81.0, 'system_cpu_percent': 35.9}
2025-08-05 01:12:22,582 - ComprehensiveSCRPAFixV8_5 - INFO - ⚡ Completed Performance Test Demo (Fast):
2025-08-05 01:12:22,582 - ComprehensiveSCRPAFixV8_5 - INFO -   ⏱️ Duration: 0.05s
2025-08-05 01:12:22,582 - ComprehensiveSCRPAFixV8_5 - INFO -   💾 Memory: 101.0MB (Δ+2.3MB)
2025-08-05 01:12:22,582 - ComprehensiveSCRPAFixV8_5 - INFO - ✅ Performance monitoring demo completed successfully
2025-08-05 01:12:22,582 - ComprehensiveSCRPAFixV8_5 - INFO - 🧪 Testing chunked processing functionality
2025-08-05 01:12:22,586 - ComprehensiveSCRPAFixV8_5 - INFO - 🚀 Starting Creating test dataset... (Memory: 101.1MB)
2025-08-05 01:12:22,609 - ComprehensiveSCRPAFixV8_5 - INFO - 📁 Created test file: C:\Users\carucci_r\OneDrive - City of Hackensack\01_DataSources\SCRPA_Time_v2\03_output\temp\test_large_dataset_2500_rows.csv (2,500 rows)
2025-08-05 01:12:22,609 - ComprehensiveSCRPAFixV8_5 - INFO - ⚡ Completed Creating test dataset (Fast):
2025-08-05 01:12:22,609 - ComprehensiveSCRPAFixV8_5 - INFO -   ⏱️ Duration: 0.02s
2025-08-05 01:12:22,609 - ComprehensiveSCRPAFixV8_5 - INFO -   💾 Memory: 101.7MB (Δ+0.7MB)
2025-08-05 01:12:22,609 - ComprehensiveSCRPAFixV8_5 - INFO - 🚀 Starting Chunked processing test... (Memory: 101.7MB)
2025-08-05 01:12:22,769 - ComprehensiveSCRPAFixV8_5 - INFO - 📚 Processing large dataset: 2500 rows in chunks of 500
2025-08-05 01:12:22,770 - ComprehensiveSCRPAFixV8_5 - INFO - 🚀 Starting Chunked processing (2500 rows)... (Memory: 101.7MB)
2025-08-05 01:12:22,776 - ComprehensiveSCRPAFixV8_5 - INFO - 🚀 Starting Chunk 1... (Memory: 102.9MB)
2025-08-05 01:12:22,790 - ComprehensiveSCRPAFixV8_5 - INFO - 📊 Progress: 500/2,500 rows (20.0%)
2025-08-05 01:12:22,790 - ComprehensiveSCRPAFixV8_5 - INFO - ⚡ Completed Chunk 1 (Fast):
2025-08-05 01:12:22,791 - ComprehensiveSCRPAFixV8_5 - INFO -   ⏱️ Duration: 0.01s
2025-08-05 01:12:22,791 - ComprehensiveSCRPAFixV8_5 - INFO -   💾 Memory: 102.9MB (Δ+0.1MB)
2025-08-05 01:12:22,794 - ComprehensiveSCRPAFixV8_5 - INFO - 🚀 Starting Chunk 2... (Memory: 103.1MB)
2025-08-05 01:12:22,808 - ComprehensiveSCRPAFixV8_5 - INFO - 📊 Progress: 1,000/2,500 rows (40.0%)
2025-08-05 01:12:22,808 - ComprehensiveSCRPAFixV8_5 - INFO - ⚡ Completed Chunk 2 (Fast):
2025-08-05 01:12:22,808 - ComprehensiveSCRPAFixV8_5 - INFO -   ⏱️ Duration: 0.01s
2025-08-05 01:12:22,808 - ComprehensiveSCRPAFixV8_5 - INFO -   💾 Memory: 103.1MB (Δ+0.1MB)
2025-08-05 01:12:22,811 - ComprehensiveSCRPAFixV8_5 - INFO - 🚀 Starting Chunk 3... (Memory: 103.2MB)
2025-08-05 01:12:22,826 - ComprehensiveSCRPAFixV8_5 - INFO - 📊 Progress: 1,500/2,500 rows (60.0%)
2025-08-05 01:12:22,826 - ComprehensiveSCRPAFixV8_5 - INFO - ⚡ Completed Chunk 3 (Fast):
2025-08-05 01:12:22,826 - ComprehensiveSCRPAFixV8_5 - INFO -   ⏱️ Duration: 0.01s
2025-08-05 01:12:22,826 - ComprehensiveSCRPAFixV8_5 - INFO -   💾 Memory: 103.2MB (Δ+0.0MB)
2025-08-05 01:12:22,829 - ComprehensiveSCRPAFixV8_5 - INFO - 🚀 Starting Chunk 4... (Memory: 103.6MB)
2025-08-05 01:12:22,842 - ComprehensiveSCRPAFixV8_5 - INFO - 📊 Progress: 2,000/2,500 rows (80.0%)
2025-08-05 01:12:22,842 - ComprehensiveSCRPAFixV8_5 - INFO - ⚡ Completed Chunk 4 (Fast):
2025-08-05 01:12:22,842 - ComprehensiveSCRPAFixV8_5 - INFO -   ⏱️ Duration: 0.01s
2025-08-05 01:12:22,842 - ComprehensiveSCRPAFixV8_5 - INFO -   💾 Memory: 103.7MB (Δ+0.0MB)
2025-08-05 01:12:22,845 - ComprehensiveSCRPAFixV8_5 - INFO - 🚀 Starting Chunk 5... (Memory: 103.8MB)
2025-08-05 01:12:22,861 - ComprehensiveSCRPAFixV8_5 - INFO - 📊 Progress: 2,500/2,500 rows (100.0%)
2025-08-05 01:12:22,861 - ComprehensiveSCRPAFixV8_5 - INFO - ⚡ Completed Chunk 5 (Fast):
2025-08-05 01:12:22,861 - ComprehensiveSCRPAFixV8_5 - INFO -   ⏱️ Duration: 0.02s
2025-08-05 01:12:22,861 - ComprehensiveSCRPAFixV8_5 - INFO -   💾 Memory: 103.8MB (Δ+0.0MB)
2025-08-05 01:12:22,861 - ComprehensiveSCRPAFixV8_5 - INFO - 🔗 Combining processed chunks...
2025-08-05 01:12:22,912 - ComprehensiveSCRPAFixV8_5 - INFO - ⚡ Completed Chunked processing (2500 rows) (Fast):
2025-08-05 01:12:22,913 - ComprehensiveSCRPAFixV8_5 - INFO -   ⏱️ Duration: 0.14s
2025-08-05 01:12:22,913 - ComprehensiveSCRPAFixV8_5 - INFO -   💾 Memory: 102.6MB (Δ+0.9MB)
2025-08-05 01:12:22,913 - ComprehensiveSCRPAFixV8_5 - INFO - ✅ Large dataset processing complete: 2,500 total records
2025-08-05 01:12:22,913 - ComprehensiveSCRPAFixV8_5 - INFO - ⚡ Completed Chunked processing test (Fast):
2025-08-05 01:12:22,913 - ComprehensiveSCRPAFixV8_5 - INFO -   ⏱️ Duration: 0.30s
2025-08-05 01:12:22,913 - ComprehensiveSCRPAFixV8_5 - INFO -   💾 Memory: 102.6MB (Δ+0.9MB)
2025-08-05 01:12:22,913 - ComprehensiveSCRPAFixV8_5 - INFO - ✅ Chunked processing test validation:
2025-08-05 01:12:22,913 - ComprehensiveSCRPAFixV8_5 - INFO -   📊 Original rows: 2,500
2025-08-05 01:12:22,913 - ComprehensiveSCRPAFixV8_5 - INFO -   📊 Processed rows: 2,500
2025-08-05 01:12:22,913 - ComprehensiveSCRPAFixV8_5 - INFO -   📊 Columns: 8
2025-08-05 01:12:22,914 - ComprehensiveSCRPAFixV8_5 - INFO -   📊 Memory usage: 0.6MB
2025-08-05 01:12:22,914 - ComprehensiveSCRPAFixV8_5 - INFO - ✅ Data integrity check PASSED
2025-08-05 01:12:22,915 - ComprehensiveSCRPAFixV8_5 - INFO - 🗑️ Cleaned up test file: test_large_dataset_2500_rows.csv
2025-08-05 01:12:22,915 - ComprehensiveSCRPAFixV8_5 - INFO - ✅ Chunked processing test completed
2025-08-05 01:12:22,915 - ComprehensiveSCRPAFixV8_5 - INFO - 🧪 Testing large file writing functionality
2025-08-05 01:12:22,921 - ComprehensiveSCRPAFixV8_5 - INFO - 🚀 Starting Creating large test dataset... (Memory: 102.6MB)
2025-08-05 01:12:22,929 - ComprehensiveSCRPAFixV8_5 - INFO - 📊 Created large test dataset: 5,000 rows, 10 columns
2025-08-05 01:12:22,934 - ComprehensiveSCRPAFixV8_5 - INFO - 📊 Memory usage: 2.2MB
2025-08-05 01:12:22,935 - ComprehensiveSCRPAFixV8_5 - INFO - ⚡ Completed Creating large test dataset (Fast):
2025-08-05 01:12:22,936 - ComprehensiveSCRPAFixV8_5 - INFO -   ⏱️ Duration: 0.01s
2025-08-05 01:12:22,936 - ComprehensiveSCRPAFixV8_5 - INFO -   💾 Memory: 103.8MB (Δ+1.2MB)
2025-08-05 01:12:22,936 - ComprehensiveSCRPAFixV8_5 - INFO - 💾 Writing large CSV: 5,000 rows in chunks of 1,000
2025-08-05 01:12:22,936 - ComprehensiveSCRPAFixV8_5 - INFO - 🚀 Starting Large CSV write (5,000 rows)... (Memory: 103.8MB)
2025-08-05 01:12:22,947 - ComprehensiveSCRPAFixV8_5 - INFO - 📝 Write progress: 1,000/5,000 rows (20.0%)
2025-08-05 01:12:22,954 - ComprehensiveSCRPAFixV8_5 - INFO - 📝 Write progress: 2,000/5,000 rows (40.0%)
2025-08-05 01:12:22,960 - ComprehensiveSCRPAFixV8_5 - INFO - 📝 Write progress: 3,000/5,000 rows (60.0%)
2025-08-05 01:12:22,966 - ComprehensiveSCRPAFixV8_5 - INFO - 📝 Write progress: 4,000/5,000 rows (80.0%)
2025-08-05 01:12:22,978 - ComprehensiveSCRPAFixV8_5 - INFO - 📝 Write progress: 5,000/5,000 rows (100.0%)
2025-08-05 01:12:22,978 - ComprehensiveSCRPAFixV8_5 - INFO - ⚡ Completed Large CSV write (5,000 rows) (Fast):
2025-08-05 01:12:22,978 - ComprehensiveSCRPAFixV8_5 - INFO -   ⏱️ Duration: 0.04s
2025-08-05 01:12:22,978 - ComprehensiveSCRPAFixV8_5 - INFO -   💾 Memory: 104.0MB (Δ+0.2MB)
2025-08-05 01:12:22,978 - ComprehensiveSCRPAFixV8_5 - INFO - ✅ Large CSV write complete: C:\Users\carucci_r\OneDrive - City of Hackensack\01_DataSources\SCRPA_Time_v2\03_output\temp\test_large_export_5000_rows.csv
2025-08-05 01:12:22,978 - ComprehensiveSCRPAFixV8_5 - INFO - ✅ CSV file created: 0.7MB
2025-08-05 01:12:23,013 - ComprehensiveSCRPAFixV8_5 - INFO - ✅ CSV verification: 5 sample rows read successfully
2025-08-05 01:12:23,014 - ComprehensiveSCRPAFixV8_5 - INFO - 📊 Writing large Excel: 5,000 rows in chunks of 1,000
2025-08-05 01:12:23,014 - ComprehensiveSCRPAFixV8_5 - INFO - 🚀 Starting Large Excel write (5,000 rows)... (Memory: 104.1MB)
2025-08-05 01:12:23,058 - ComprehensiveSCRPAFixV8_5 - INFO - 📝 Excel write progress: 1,000/5,000 rows (20.0%)
2025-08-05 01:12:23,081 - ComprehensiveSCRPAFixV8_5 - INFO - 📝 Excel write progress: 2,000/5,000 rows (40.0%)
2025-08-05 01:12:23,127 - ComprehensiveSCRPAFixV8_5 - INFO - 📝 Excel write progress: 3,000/5,000 rows (60.0%)
2025-08-05 01:12:23,195 - ComprehensiveSCRPAFixV8_5 - INFO - 📝 Excel write progress: 4,000/5,000 rows (80.0%)
2025-08-05 01:12:23,242 - ComprehensiveSCRPAFixV8_5 - INFO - 📝 Excel write progress: 5,000/5,000 rows (100.0%)
2025-08-05 01:12:24,182 - ComprehensiveSCRPAFixV8_5 - INFO - ✅ Completed Large Excel write (5,000 rows) (Good):
2025-08-05 01:12:24,183 - ComprehensiveSCRPAFixV8_5 - INFO -   ⏱️ Duration: 1.17s
2025-08-05 01:12:24,183 - ComprehensiveSCRPAFixV8_5 - INFO -   💾 Memory: 118.8MB (Δ+14.7MB)
2025-08-05 01:12:24,183 - ComprehensiveSCRPAFixV8_5 - INFO - ✅ Large Excel write complete: C:\Users\carucci_r\OneDrive - City of Hackensack\01_DataSources\SCRPA_Time_v2\03_output\temp\test_large_export_5000_rows.xlsx
2025-08-05 01:12:24,184 - ComprehensiveSCRPAFixV8_5 - INFO - ✅ Excel file created: 0.3MB
2025-08-05 01:12:24,187 - ComprehensiveSCRPAFixV8_5 - INFO - 🗑️ Cleaned up test file: test_large_export_5000_rows.csv
2025-08-05 01:12:24,191 - ComprehensiveSCRPAFixV8_5 - INFO - 🗑️ Cleaned up test file: test_large_export_5000_rows.xlsx
2025-08-05 01:12:24,191 - ComprehensiveSCRPAFixV8_5 - INFO - ✅ Large file writing test completed
2025-08-05 01:12:24,193 - ComprehensiveSCRPAFixV8_5 - INFO - 🚀 Starting Complete SCRPA Pipeline V8.5... (Memory: 117.2MB)
2025-08-05 01:12:24,193 - ComprehensiveSCRPAFixV8_5 - INFO - Starting Comprehensive SCRPA Fix V8.5 pipeline...
2025-08-05 01:12:24,193 - ComprehensiveSCRPAFixV8_5 - INFO - ⚡ Completed Complete SCRPA Pipeline V8.5 (Fast):
2025-08-05 01:12:24,193 - ComprehensiveSCRPAFixV8_5 - INFO -   ⏱️ Duration: 0.00s
2025-08-05 01:12:24,193 - ComprehensiveSCRPAFixV8_5 - INFO -   💾 Memory: 117.2MB (Δ+0.0MB)
2025-08-05 01:12:24,194 - ComprehensiveSCRPAFixV8_5 - INFO - Latest CAD file: 2025_08_01_19_38_12_SCRPA_CAD.xlsx
2025-08-05 01:12:24,207 - ComprehensiveSCRPAFixV8_5 - INFO - Latest RMS file: 2025_08_01_19_38_12_SCRPA_RMS.xlsx
2025-08-05 01:12:24,208 - ComprehensiveSCRPAFixV8_5 - INFO - 🚀 Starting RMS Data Processing - 2025_08_01_19_38_12_SCRPA_RMS.xlsx... (Memory: 117.2MB)
2025-08-05 01:12:24,209 - ComprehensiveSCRPAFixV8_5 - INFO - Processing RMS data: 2025_08_01_19_38_12_SCRPA_RMS.xlsx
2025-08-05 01:12:24,210 - ComprehensiveSCRPAFixV8_5 - INFO - 🚀 Starting RMS File Loading... (Memory: 117.2MB)
2025-08-05 01:12:24,279 - ComprehensiveSCRPAFixV8_5 - INFO - Loaded RMS file with 140 rows and 31 columns
2025-08-05 01:12:24,279 - ComprehensiveSCRPAFixV8_5 - INFO - RMS columns found: ['Case Number', 'Incident Date', 'Incident Time', 'Incident Date_Between', 'Incident Time_Between', 'Report Date', 'Report Time', 'Incident Type_1', 'Incident Type_2', 'Incident Type_3', 'FullAddress', 'Grid', 'Zone', 'Narrative', 'Total Value Stolen', 'Total Value Recover', 'Registration 1', 'Make1', 'Model1', 'Reg State 1', 'Registration 2', 'Reg State 2', 'Make2', 'Model2', 'Reviewed By', 'CompleteCalc', 'Officer of Record', 'Squad', 'Det_Assigned', 'Case_Status', 'NIBRS Classification']
2025-08-05 01:12:24,279 - ComprehensiveSCRPAFixV8_5 - INFO - ⚡ Completed RMS File Loading (Fast):
2025-08-05 01:12:24,279 - ComprehensiveSCRPAFixV8_5 - INFO -   ⏱️ Duration: 0.07s
2025-08-05 01:12:24,279 - ComprehensiveSCRPAFixV8_5 - INFO -   💾 Memory: 117.3MB (Δ+0.1MB)
2025-08-05 01:12:24,280 - ComprehensiveSCRPAFixV8_5 - INFO - 🚀 Starting RMS Header Normalization & Column Mapping... (Memory: 117.3MB)
2025-08-05 01:12:24,280 - ComprehensiveSCRPAFixV8_5 - INFO - Normalized RMS headers to lowercase snake_case: ['case_number', 'incident_date', 'incident_time', 'incident_date_between', 'incident_time_between', 'report_date', 'report_time', 'incident_type_1', 'incident_type_2', 'incident_type_3', 'full_address', 'grid', 'zone', 'narrative', 'total_value_stolen', 'total_value_recover', 'registration_1', 'make_1', 'model_1', 'reg_state_1', 'registration_2', 'reg_state_2', 'make_2', 'model_2', 'reviewed_by', 'complete_calc', 'officer_of_record', 'squad', 'det_assigned', 'case_status', 'nibrs_classification']
2025-08-05 01:12:24,280 - ComprehensiveSCRPAFixV8_5 - INFO - ⚡ Completed RMS Header Normalization & Column Mapping (Fast):
2025-08-05 01:12:24,281 - ComprehensiveSCRPAFixV8_5 - INFO -   ⏱️ Duration: 0.00s
2025-08-05 01:12:24,281 - ComprehensiveSCRPAFixV8_5 - INFO -   💾 Memory: 117.3MB (Δ+0.0MB)
2025-08-05 01:12:24,281 - ComprehensiveSCRPAFixV8_5 - INFO - ⚡ Completed RMS Data Processing - 2025_08_01_19_38_12_SCRPA_RMS.xlsx (Fast):
2025-08-05 01:12:24,281 - ComprehensiveSCRPAFixV8_5 - INFO -   ⏱️ Duration: 0.07s
2025-08-05 01:12:24,281 - ComprehensiveSCRPAFixV8_5 - INFO -   💾 Memory: 117.3MB (Δ+0.1MB)
2025-08-05 01:12:24,281 - ComprehensiveSCRPAFixV8_5 - INFO - Applied column mapping: {'full_address': 'full_address_raw'}
2025-08-05 01:12:24,342 - ComprehensiveSCRPAFixV8_5 - INFO - Available date columns: ['incident_date', 'incident_date_between', 'report_date']
2025-08-05 01:12:24,342 - ComprehensiveSCRPAFixV8_5 - INFO - incident_date populated: 136/140
2025-08-05 01:12:24,342 - ComprehensiveSCRPAFixV8_5 - INFO - Sample incident_date values: [Timestamp('2025-01-03 00:00:00'), Timestamp('2025-01-07 00:00:00'), Timestamp('2025-01-06 00:00:00')]
2025-08-05 01:12:24,343 - ComprehensiveSCRPAFixV8_5 - INFO - incident_date_between populated: 62/140
2025-08-05 01:12:24,343 - ComprehensiveSCRPAFixV8_5 - INFO - Sample incident_date_between values: [Timestamp('2025-01-04 00:00:00'), Timestamp('2025-01-10 00:00:00'), Timestamp('2025-01-16 00:00:00')]
2025-08-05 01:12:24,343 - ComprehensiveSCRPAFixV8_5 - INFO - report_date populated: 140/140
2025-08-05 01:12:24,343 - ComprehensiveSCRPAFixV8_5 - INFO - Sample report_date values: [Timestamp('2025-01-04 00:00:00'), Timestamp('2025-01-10 00:00:00'), Timestamp('2025-01-10 00:00:00')]
2025-08-05 01:12:24,345 - ComprehensiveSCRPAFixV8_5 - INFO - Incident dates after cascading and formatting: 140/140
2025-08-05 01:12:24,346 - ComprehensiveSCRPAFixV8_5 - INFO - Sample formatted dates: ['01/03/25', '01/07/25', '01/06/25', '01/13/25', '01/14/25']
2025-08-05 01:12:24,347 - ComprehensiveSCRPAFixV8_5 - INFO - Time cascade validation - t1 (incident_time): 135/140 valid
2025-08-05 01:12:24,347 - ComprehensiveSCRPAFixV8_5 - INFO - Time cascade validation - t2 (incident_time_between): 61/140 valid
2025-08-05 01:12:24,347 - ComprehensiveSCRPAFixV8_5 - INFO - Time cascade validation - t3 (report_time): 140/140 valid
2025-08-05 01:12:24,347 - ComprehensiveSCRPAFixV8_5 - INFO - Sample t1 times: ['21:30:00', '14:00:00', '15:30:00']
2025-08-05 01:12:24,347 - ComprehensiveSCRPAFixV8_5 - INFO - Sample t2 times: ['06:25:00', '18:00:00', '21:16:00']
2025-08-05 01:12:24,347 - ComprehensiveSCRPAFixV8_5 - INFO - Sample t3 times: ['10:59:09', '14:20:51', '19:49:52']
2025-08-05 01:12:24,349 - ComprehensiveSCRPAFixV8_5 - INFO - Final incident_time populated: 140/140
2025-08-05 01:12:24,353 - ComprehensiveSCRPAFixV8_5 - INFO - Sample final formatted times: ['21:30:00', '14:00:00', '15:30:00', '12:05:00', '15:22:34']
2025-08-05 01:12:24,358 - ComprehensiveSCRPAFixV8_5 - INFO - Time of day distribution: {'12:00-15:59 Afternoon': 37, '20:00-23:59 Night': 30, '16:00-19:59 Evening Peak': 23, '08:00-11:59 Morning Peak': 21, '00:00-03:59 Early Morning': 15, '04:00-07:59 Morning': 14}
2025-08-05 01:12:24,359 - ComprehensiveSCRPAFixV8_5 - INFO - Time of day validation - Unknown: 0, Valid times: 140
2025-08-05 01:12:24,360 - ComprehensiveSCRPAFixV8_5 - INFO - Time of day sort order distribution: {1: 15, 2: 14, 3: 21, 4: 37, 5: 23, 6: 30}
2025-08-05 01:12:24,383 - ComprehensiveSCRPAFixV8_5 - INFO - Sample incident_date values: ['01/03/25', '01/07/25', '01/06/25', '01/13/25', '01/14/25']
2025-08-05 01:12:24,386 - ComprehensiveSCRPAFixV8_5 - INFO - Null incident_date count: 0
2025-08-05 01:12:24,386 - ComprehensiveSCRPAFixV8_5 - INFO - Date types: object
2025-08-05 01:12:24,390 - ComprehensiveSCRPAFixV8_5 - WARNING - Period calculation error for date 2025-01-03 00:00:00: unsupported operand type(s) for -: 'datetime.date' and 'Timestamp'
2025-08-05 01:12:24,390 - ComprehensiveSCRPAFixV8_5 - WARNING - Period calculation error for date 2025-01-07 00:00:00: unsupported operand type(s) for -: 'datetime.date' and 'Timestamp'
2025-08-05 01:12:24,391 - ComprehensiveSCRPAFixV8_5 - WARNING - Period calculation error for date 2025-01-06 00:00:00: unsupported operand type(s) for -: 'datetime.date' and 'Timestamp'
2025-08-05 01:12:24,391 - ComprehensiveSCRPAFixV8_5 - WARNING - Period calculation error for date 2025-01-13 00:00:00: unsupported operand type(s) for -: 'datetime.date' and 'Timestamp'
2025-08-05 01:12:24,391 - ComprehensiveSCRPAFixV8_5 - WARNING - Period calculation error for date 2025-01-14 00:00:00: unsupported operand type(s) for -: 'datetime.date' and 'Timestamp'
2025-08-05 01:12:24,392 - ComprehensiveSCRPAFixV8_5 - WARNING - Period calculation error for date 2025-01-15 00:00:00: unsupported operand type(s) for -: 'datetime.date' and 'Timestamp'
2025-08-05 01:12:24,392 - ComprehensiveSCRPAFixV8_5 - WARNING - Period calculation error for date 2025-01-16 00:00:00: unsupported operand type(s) for -: 'datetime.date' and 'Timestamp'
2025-08-05 01:12:24,392 - ComprehensiveSCRPAFixV8_5 - WARNING - Period calculation error for date 2025-01-16 00:00:00: unsupported operand type(s) for -: 'datetime.date' and 'Timestamp'
2025-08-05 01:12:24,393 - ComprehensiveSCRPAFixV8_5 - WARNING - Period calculation error for date 2025-01-21 00:00:00: unsupported operand type(s) for -: 'datetime.date' and 'Timestamp'
2025-08-05 01:12:24,393 - ComprehensiveSCRPAFixV8_5 - WARNING - Period calculation error for date 2025-01-22 00:00:00: unsupported operand type(s) for -: 'datetime.date' and 'Timestamp'
2025-08-05 01:12:24,393 - ComprehensiveSCRPAFixV8_5 - WARNING - Period calculation error for date 2025-01-23 00:00:00: unsupported operand type(s) for -: 'datetime.date' and 'Timestamp'
2025-08-05 01:12:24,393 - ComprehensiveSCRPAFixV8_5 - WARNING - Period calculation error for date 2025-01-25 00:00:00: unsupported operand type(s) for -: 'datetime.date' and 'Timestamp'
2025-08-05 01:12:24,393 - ComprehensiveSCRPAFixV8_5 - WARNING - Period calculation error for date 2025-01-25 00:00:00: unsupported operand type(s) for -: 'datetime.date' and 'Timestamp'
2025-08-05 01:12:24,393 - ComprehensiveSCRPAFixV8_5 - WARNING - Period calculation error for date 2025-01-26 00:00:00: unsupported operand type(s) for -: 'datetime.date' and 'Timestamp'
2025-08-05 01:12:24,393 - ComprehensiveSCRPAFixV8_5 - WARNING - Period calculation error for date 2025-01-28 00:00:00: unsupported operand type(s) for -: 'datetime.date' and 'Timestamp'
2025-08-05 01:12:24,393 - ComprehensiveSCRPAFixV8_5 - WARNING - Period calculation error for date 2025-01-31 00:00:00: unsupported operand type(s) for -: 'datetime.date' and 'Timestamp'
2025-08-05 01:12:24,394 - ComprehensiveSCRPAFixV8_5 - WARNING - Period calculation error for date 2025-02-01 00:00:00: unsupported operand type(s) for -: 'datetime.date' and 'Timestamp'
2025-08-05 01:12:24,394 - ComprehensiveSCRPAFixV8_5 - WARNING - Period calculation error for date 2025-02-02 00:00:00: unsupported operand type(s) for -: 'datetime.date' and 'Timestamp'
2025-08-05 01:12:24,395 - ComprehensiveSCRPAFixV8_5 - WARNING - Period calculation error for date 2025-02-03 00:00:00: unsupported operand type(s) for -: 'datetime.date' and 'Timestamp'
2025-08-05 01:12:24,395 - ComprehensiveSCRPAFixV8_5 - WARNING - Period calculation error for date 2025-02-03 00:00:00: unsupported operand type(s) for -: 'datetime.date' and 'Timestamp'
2025-08-05 01:12:24,396 - ComprehensiveSCRPAFixV8_5 - WARNING - Period calculation error for date 2025-02-05 00:00:00: unsupported operand type(s) for -: 'datetime.date' and 'Timestamp'
2025-08-05 01:12:24,397 - ComprehensiveSCRPAFixV8_5 - WARNING - Period calculation error for date 2025-02-07 00:00:00: unsupported operand type(s) for -: 'datetime.date' and 'Timestamp'
2025-08-05 01:12:24,397 - ComprehensiveSCRPAFixV8_5 - WARNING - Period calculation error for date 2025-01-31 00:00:00: unsupported operand type(s) for -: 'datetime.date' and 'Timestamp'
2025-08-05 01:12:24,397 - ComprehensiveSCRPAFixV8_5 - WARNING - Period calculation error for date 2025-02-13 00:00:00: unsupported operand type(s) for -: 'datetime.date' and 'Timestamp'
2025-08-05 01:12:24,398 - ComprehensiveSCRPAFixV8_5 - WARNING - Period calculation error for date 2025-02-13 00:00:00: unsupported operand type(s) for -: 'datetime.date' and 'Timestamp'
2025-08-05 01:12:24,399 - ComprehensiveSCRPAFixV8_5 - WARNING - Period calculation error for date 2025-02-17 00:00:00: unsupported operand type(s) for -: 'datetime.date' and 'Timestamp'
2025-08-05 01:12:24,402 - ComprehensiveSCRPAFixV8_5 - WARNING - Period calculation error for date 2025-02-17 00:00:00: unsupported operand type(s) for -: 'datetime.date' and 'Timestamp'
2025-08-05 01:12:24,408 - ComprehensiveSCRPAFixV8_5 - WARNING - Period calculation error for date 2025-02-17 00:00:00: unsupported operand type(s) for -: 'datetime.date' and 'Timestamp'
2025-08-05 01:12:24,408 - ComprehensiveSCRPAFixV8_5 - WARNING - Period calculation error for date 2025-02-17 00:00:00: unsupported operand type(s) for -: 'datetime.date' and 'Timestamp'
2025-08-05 01:12:24,409 - ComprehensiveSCRPAFixV8_5 - WARNING - Period calculation error for date 2017-06-20 00:00:00: unsupported operand type(s) for -: 'datetime.date' and 'Timestamp'
2025-08-05 01:12:24,409 - ComprehensiveSCRPAFixV8_5 - WARNING - Period calculation error for date 2025-02-25 00:00:00: unsupported operand type(s) for -: 'datetime.date' and 'Timestamp'
2025-08-05 01:12:24,410 - ComprehensiveSCRPAFixV8_5 - WARNING - Period calculation error for date 2025-03-04 00:00:00: unsupported operand type(s) for -: 'datetime.date' and 'Timestamp'
2025-08-05 01:12:24,410 - ComprehensiveSCRPAFixV8_5 - WARNING - Period calculation error for date 2025-03-04 00:00:00: unsupported operand type(s) for -: 'datetime.date' and 'Timestamp'
2025-08-05 01:12:24,410 - ComprehensiveSCRPAFixV8_5 - WARNING - Period calculation error for date 2025-03-06 00:00:00: unsupported operand type(s) for -: 'datetime.date' and 'Timestamp'
2025-08-05 01:12:24,411 - ComprehensiveSCRPAFixV8_5 - WARNING - Period calculation error for date 2025-03-09 00:00:00: unsupported operand type(s) for -: 'datetime.date' and 'Timestamp'
2025-08-05 01:12:24,411 - ComprehensiveSCRPAFixV8_5 - WARNING - Period calculation error for date 2025-03-10 00:00:00: unsupported operand type(s) for -: 'datetime.date' and 'Timestamp'
2025-08-05 01:12:24,411 - ComprehensiveSCRPAFixV8_5 - WARNING - Period calculation error for date 2025-03-11 00:00:00: unsupported operand type(s) for -: 'datetime.date' and 'Timestamp'
2025-08-05 01:12:24,412 - ComprehensiveSCRPAFixV8_5 - WARNING - Period calculation error for date 2025-03-18 00:00:00: unsupported operand type(s) for -: 'datetime.date' and 'Timestamp'
2025-08-05 01:12:24,412 - ComprehensiveSCRPAFixV8_5 - WARNING - Period calculation error for date 2025-03-21 00:00:00: unsupported operand type(s) for -: 'datetime.date' and 'Timestamp'
2025-08-05 01:12:24,412 - ComprehensiveSCRPAFixV8_5 - WARNING - Period calculation error for date 2025-03-23 00:00:00: unsupported operand type(s) for -: 'datetime.date' and 'Timestamp'
2025-08-05 01:12:24,412 - ComprehensiveSCRPAFixV8_5 - WARNING - Period calculation error for date 2025-03-25 00:00:00: unsupported operand type(s) for -: 'datetime.date' and 'Timestamp'
2025-08-05 01:12:24,412 - ComprehensiveSCRPAFixV8_5 - WARNING - Period calculation error for date 2025-03-27 00:00:00: unsupported operand type(s) for -: 'datetime.date' and 'Timestamp'
2025-08-05 01:12:24,412 - ComprehensiveSCRPAFixV8_5 - WARNING - Period calculation error for date 2025-03-27 00:00:00: unsupported operand type(s) for -: 'datetime.date' and 'Timestamp'
2025-08-05 01:12:24,413 - ComprehensiveSCRPAFixV8_5 - WARNING - Period calculation error for date 2025-03-29 00:00:00: unsupported operand type(s) for -: 'datetime.date' and 'Timestamp'
2025-08-05 01:12:24,413 - ComprehensiveSCRPAFixV8_5 - WARNING - Period calculation error for date 2025-03-28 00:00:00: unsupported operand type(s) for -: 'datetime.date' and 'Timestamp'
2025-08-05 01:12:24,413 - ComprehensiveSCRPAFixV8_5 - WARNING - Period calculation error for date 2025-03-31 00:00:00: unsupported operand type(s) for -: 'datetime.date' and 'Timestamp'
2025-08-05 01:12:24,413 - ComprehensiveSCRPAFixV8_5 - WARNING - Period calculation error for date 2025-03-31 00:00:00: unsupported operand type(s) for -: 'datetime.date' and 'Timestamp'
2025-08-05 01:12:24,413 - ComprehensiveSCRPAFixV8_5 - WARNING - Period calculation error for date 2025-03-31 00:00:00: unsupported operand type(s) for -: 'datetime.date' and 'Timestamp'
2025-08-05 01:12:24,413 - ComprehensiveSCRPAFixV8_5 - WARNING - Period calculation error for date 2025-03-31 00:00:00: unsupported operand type(s) for -: 'datetime.date' and 'Timestamp'
2025-08-05 01:12:24,413 - ComprehensiveSCRPAFixV8_5 - WARNING - Period calculation error for date 2025-04-01 00:00:00: unsupported operand type(s) for -: 'datetime.date' and 'Timestamp'
2025-08-05 01:12:24,413 - ComprehensiveSCRPAFixV8_5 - WARNING - Period calculation error for date 2025-04-02 00:00:00: unsupported operand type(s) for -: 'datetime.date' and 'Timestamp'
2025-08-05 01:12:24,414 - ComprehensiveSCRPAFixV8_5 - WARNING - Period calculation error for date 2025-04-01 00:00:00: unsupported operand type(s) for -: 'datetime.date' and 'Timestamp'
2025-08-05 01:12:24,414 - ComprehensiveSCRPAFixV8_5 - WARNING - Period calculation error for date 2025-04-08 00:00:00: unsupported operand type(s) for -: 'datetime.date' and 'Timestamp'
2025-08-05 01:12:24,414 - ComprehensiveSCRPAFixV8_5 - WARNING - Period calculation error for date 2025-04-09 00:00:00: unsupported operand type(s) for -: 'datetime.date' and 'Timestamp'
2025-08-05 01:12:24,414 - ComprehensiveSCRPAFixV8_5 - WARNING - Period calculation error for date 2025-04-08 00:00:00: unsupported operand type(s) for -: 'datetime.date' and 'Timestamp'
2025-08-05 01:12:24,418 - ComprehensiveSCRPAFixV8_5 - WARNING - Period calculation error for date 2025-04-13 00:00:00: unsupported operand type(s) for -: 'datetime.date' and 'Timestamp'
2025-08-05 01:12:24,420 - ComprehensiveSCRPAFixV8_5 - WARNING - Period calculation error for date 2025-04-13 00:00:00: unsupported operand type(s) for -: 'datetime.date' and 'Timestamp'
2025-08-05 01:12:24,422 - ComprehensiveSCRPAFixV8_5 - WARNING - Period calculation error for date 2025-03-23 00:00:00: unsupported operand type(s) for -: 'datetime.date' and 'Timestamp'
2025-08-05 01:12:24,422 - ComprehensiveSCRPAFixV8_5 - WARNING - Period calculation error for date 2025-04-14 00:00:00: unsupported operand type(s) for -: 'datetime.date' and 'Timestamp'
2025-08-05 01:12:24,422 - ComprehensiveSCRPAFixV8_5 - WARNING - Period calculation error for date 2025-04-16 00:00:00: unsupported operand type(s) for -: 'datetime.date' and 'Timestamp'
2025-08-05 01:12:24,423 - ComprehensiveSCRPAFixV8_5 - WARNING - Period calculation error for date 2025-04-18 00:00:00: unsupported operand type(s) for -: 'datetime.date' and 'Timestamp'
2025-08-05 01:12:24,423 - ComprehensiveSCRPAFixV8_5 - WARNING - Period calculation error for date 2025-04-19 00:00:00: unsupported operand type(s) for -: 'datetime.date' and 'Timestamp'
2025-08-05 01:12:24,423 - ComprehensiveSCRPAFixV8_5 - WARNING - Period calculation error for date 2025-04-21 00:00:00: unsupported operand type(s) for -: 'datetime.date' and 'Timestamp'
2025-08-05 01:12:24,423 - ComprehensiveSCRPAFixV8_5 - WARNING - Period calculation error for date 2025-04-20 00:00:00: unsupported operand type(s) for -: 'datetime.date' and 'Timestamp'
2025-08-05 01:12:24,423 - ComprehensiveSCRPAFixV8_5 - WARNING - Period calculation error for date 2025-04-08 00:00:00: unsupported operand type(s) for -: 'datetime.date' and 'Timestamp'
2025-08-05 01:12:24,423 - ComprehensiveSCRPAFixV8_5 - WARNING - Period calculation error for date 2025-04-24 00:00:00: unsupported operand type(s) for -: 'datetime.date' and 'Timestamp'
2025-08-05 01:12:24,423 - ComprehensiveSCRPAFixV8_5 - WARNING - Period calculation error for date 2025-04-25 00:00:00: unsupported operand type(s) for -: 'datetime.date' and 'Timestamp'
2025-08-05 01:12:24,423 - ComprehensiveSCRPAFixV8_5 - WARNING - Period calculation error for date 2025-04-29 00:00:00: unsupported operand type(s) for -: 'datetime.date' and 'Timestamp'
2025-08-05 01:12:24,423 - ComprehensiveSCRPAFixV8_5 - WARNING - Period calculation error for date 2025-04-27 00:00:00: unsupported operand type(s) for -: 'datetime.date' and 'Timestamp'
2025-08-05 01:12:24,424 - ComprehensiveSCRPAFixV8_5 - WARNING - Period calculation error for date 2025-04-30 00:00:00: unsupported operand type(s) for -: 'datetime.date' and 'Timestamp'
2025-08-05 01:12:24,424 - ComprehensiveSCRPAFixV8_5 - WARNING - Period calculation error for date 2025-05-01 00:00:00: unsupported operand type(s) for -: 'datetime.date' and 'Timestamp'
2025-08-05 01:12:24,424 - ComprehensiveSCRPAFixV8_5 - WARNING - Period calculation error for date 2025-03-01 00:00:00: unsupported operand type(s) for -: 'datetime.date' and 'Timestamp'
2025-08-05 01:12:24,424 - ComprehensiveSCRPAFixV8_5 - WARNING - Period calculation error for date 2025-05-05 00:00:00: unsupported operand type(s) for -: 'datetime.date' and 'Timestamp'
2025-08-05 01:12:24,424 - ComprehensiveSCRPAFixV8_5 - WARNING - Period calculation error for date 2025-05-09 00:00:00: unsupported operand type(s) for -: 'datetime.date' and 'Timestamp'
2025-08-05 01:12:24,424 - ComprehensiveSCRPAFixV8_5 - WARNING - Period calculation error for date 2025-05-11 00:00:00: unsupported operand type(s) for -: 'datetime.date' and 'Timestamp'
2025-08-05 01:12:24,424 - ComprehensiveSCRPAFixV8_5 - WARNING - Period calculation error for date 2025-05-12 00:00:00: unsupported operand type(s) for -: 'datetime.date' and 'Timestamp'
2025-08-05 01:12:24,424 - ComprehensiveSCRPAFixV8_5 - WARNING - Period calculation error for date 2025-05-04 00:00:00: unsupported operand type(s) for -: 'datetime.date' and 'Timestamp'
2025-08-05 01:12:24,425 - ComprehensiveSCRPAFixV8_5 - WARNING - Period calculation error for date 2025-05-11 00:00:00: unsupported operand type(s) for -: 'datetime.date' and 'Timestamp'
2025-08-05 01:12:24,425 - ComprehensiveSCRPAFixV8_5 - WARNING - Period calculation error for date 2025-05-05 00:00:00: unsupported operand type(s) for -: 'datetime.date' and 'Timestamp'
2025-08-05 01:12:24,425 - ComprehensiveSCRPAFixV8_5 - WARNING - Period calculation error for date 2025-05-12 00:00:00: unsupported operand type(s) for -: 'datetime.date' and 'Timestamp'
2025-08-05 01:12:24,425 - ComprehensiveSCRPAFixV8_5 - WARNING - Period calculation error for date 2025-05-12 00:00:00: unsupported operand type(s) for -: 'datetime.date' and 'Timestamp'
2025-08-05 01:12:24,425 - ComprehensiveSCRPAFixV8_5 - WARNING - Period calculation error for date 2025-05-18 00:00:00: unsupported operand type(s) for -: 'datetime.date' and 'Timestamp'
2025-08-05 01:12:24,425 - ComprehensiveSCRPAFixV8_5 - WARNING - Period calculation error for date 2025-05-14 00:00:00: unsupported operand type(s) for -: 'datetime.date' and 'Timestamp'
2025-08-05 01:12:24,425 - ComprehensiveSCRPAFixV8_5 - WARNING - Period calculation error for date 2025-05-13 00:00:00: unsupported operand type(s) for -: 'datetime.date' and 'Timestamp'
2025-08-05 01:12:24,425 - ComprehensiveSCRPAFixV8_5 - WARNING - Period calculation error for date 2025-05-24 00:00:00: unsupported operand type(s) for -: 'datetime.date' and 'Timestamp'
2025-08-05 01:12:24,426 - ComprehensiveSCRPAFixV8_5 - WARNING - Period calculation error for date 2025-05-25 00:00:00: unsupported operand type(s) for -: 'datetime.date' and 'Timestamp'
2025-08-05 01:12:24,426 - ComprehensiveSCRPAFixV8_5 - WARNING - Period calculation error for date 2025-05-25 00:00:00: unsupported operand type(s) for -: 'datetime.date' and 'Timestamp'
2025-08-05 01:12:24,426 - ComprehensiveSCRPAFixV8_5 - WARNING - Period calculation error for date 2025-04-27 00:00:00: unsupported operand type(s) for -: 'datetime.date' and 'Timestamp'
2025-08-05 01:12:24,426 - ComprehensiveSCRPAFixV8_5 - WARNING - Period calculation error for date 2025-05-27 00:00:00: unsupported operand type(s) for -: 'datetime.date' and 'Timestamp'
2025-08-05 01:12:24,426 - ComprehensiveSCRPAFixV8_5 - WARNING - Period calculation error for date 2025-05-23 00:00:00: unsupported operand type(s) for -: 'datetime.date' and 'Timestamp'
2025-08-05 01:12:24,426 - ComprehensiveSCRPAFixV8_5 - WARNING - Period calculation error for date 2025-05-29 00:00:00: unsupported operand type(s) for -: 'datetime.date' and 'Timestamp'
2025-08-05 01:12:24,426 - ComprehensiveSCRPAFixV8_5 - WARNING - Period calculation error for date 2025-06-02 00:00:00: unsupported operand type(s) for -: 'datetime.date' and 'Timestamp'
2025-08-05 01:12:24,427 - ComprehensiveSCRPAFixV8_5 - WARNING - Period calculation error for date 2025-06-03 00:00:00: unsupported operand type(s) for -: 'datetime.date' and 'Timestamp'
2025-08-05 01:12:24,427 - ComprehensiveSCRPAFixV8_5 - WARNING - Period calculation error for date 2025-06-01 00:00:00: unsupported operand type(s) for -: 'datetime.date' and 'Timestamp'
2025-08-05 01:12:24,427 - ComprehensiveSCRPAFixV8_5 - WARNING - Period calculation error for date 2025-06-05 00:00:00: unsupported operand type(s) for -: 'datetime.date' and 'Timestamp'
2025-08-05 01:12:24,427 - ComprehensiveSCRPAFixV8_5 - WARNING - Period calculation error for date 2025-06-05 00:00:00: unsupported operand type(s) for -: 'datetime.date' and 'Timestamp'
2025-08-05 01:12:24,427 - ComprehensiveSCRPAFixV8_5 - WARNING - Period calculation error for date 2025-06-07 00:00:00: unsupported operand type(s) for -: 'datetime.date' and 'Timestamp'
2025-08-05 01:12:24,427 - ComprehensiveSCRPAFixV8_5 - WARNING - Period calculation error for date 2025-06-08 00:00:00: unsupported operand type(s) for -: 'datetime.date' and 'Timestamp'
2025-08-05 01:12:24,427 - ComprehensiveSCRPAFixV8_5 - WARNING - Period calculation error for date 2025-06-08 00:00:00: unsupported operand type(s) for -: 'datetime.date' and 'Timestamp'
2025-08-05 01:12:24,428 - ComprehensiveSCRPAFixV8_5 - WARNING - Period calculation error for date 2025-06-11 00:00:00: unsupported operand type(s) for -: 'datetime.date' and 'Timestamp'
2025-08-05 01:12:24,428 - ComprehensiveSCRPAFixV8_5 - WARNING - Period calculation error for date 2025-06-18 00:00:00: unsupported operand type(s) for -: 'datetime.date' and 'Timestamp'
2025-08-05 01:12:24,428 - ComprehensiveSCRPAFixV8_5 - WARNING - Period calculation error for date 2025-06-19 00:00:00: unsupported operand type(s) for -: 'datetime.date' and 'Timestamp'
2025-08-05 01:12:24,428 - ComprehensiveSCRPAFixV8_5 - WARNING - Period calculation error for date 2025-06-21 00:00:00: unsupported operand type(s) for -: 'datetime.date' and 'Timestamp'
2025-08-05 01:12:24,428 - ComprehensiveSCRPAFixV8_5 - WARNING - Period calculation error for date 2025-06-20 00:00:00: unsupported operand type(s) for -: 'datetime.date' and 'Timestamp'
2025-08-05 01:12:24,428 - ComprehensiveSCRPAFixV8_5 - WARNING - Period calculation error for date 2025-06-21 00:00:00: unsupported operand type(s) for -: 'datetime.date' and 'Timestamp'
2025-08-05 01:12:24,428 - ComprehensiveSCRPAFixV8_5 - WARNING - Period calculation error for date 2025-06-21 00:00:00: unsupported operand type(s) for -: 'datetime.date' and 'Timestamp'
2025-08-05 01:12:24,428 - ComprehensiveSCRPAFixV8_5 - WARNING - Period calculation error for date 2025-06-25 00:00:00: unsupported operand type(s) for -: 'datetime.date' and 'Timestamp'
2025-08-05 01:12:24,429 - ComprehensiveSCRPAFixV8_5 - WARNING - Period calculation error for date 2025-06-23 00:00:00: unsupported operand type(s) for -: 'datetime.date' and 'Timestamp'
2025-08-05 01:12:24,429 - ComprehensiveSCRPAFixV8_5 - WARNING - Period calculation error for date 2025-06-27 00:00:00: unsupported operand type(s) for -: 'datetime.date' and 'Timestamp'
2025-08-05 01:12:24,429 - ComprehensiveSCRPAFixV8_5 - WARNING - Period calculation error for date 2025-06-29 00:00:00: unsupported operand type(s) for -: 'datetime.date' and 'Timestamp'
2025-08-05 01:12:24,429 - ComprehensiveSCRPAFixV8_5 - WARNING - Period calculation error for date 2025-06-30 00:00:00: unsupported operand type(s) for -: 'datetime.date' and 'Timestamp'
2025-08-05 01:12:24,429 - ComprehensiveSCRPAFixV8_5 - WARNING - Period calculation error for date 2025-07-01 00:00:00: unsupported operand type(s) for -: 'datetime.date' and 'Timestamp'
2025-08-05 01:12:24,429 - ComprehensiveSCRPAFixV8_5 - WARNING - Period calculation error for date 2025-07-02 00:00:00: unsupported operand type(s) for -: 'datetime.date' and 'Timestamp'
2025-08-05 01:12:24,429 - ComprehensiveSCRPAFixV8_5 - WARNING - Period calculation error for date 2025-06-27 00:00:00: unsupported operand type(s) for -: 'datetime.date' and 'Timestamp'
2025-08-05 01:12:24,429 - ComprehensiveSCRPAFixV8_5 - WARNING - Period calculation error for date 2025-07-03 00:00:00: unsupported operand type(s) for -: 'datetime.date' and 'Timestamp'
2025-08-05 01:12:24,430 - ComprehensiveSCRPAFixV8_5 - WARNING - Period calculation error for date 2025-07-07 00:00:00: unsupported operand type(s) for -: 'datetime.date' and 'Timestamp'
2025-08-05 01:12:24,430 - ComprehensiveSCRPAFixV8_5 - WARNING - Period calculation error for date 2025-07-08 00:00:00: unsupported operand type(s) for -: 'datetime.date' and 'Timestamp'
2025-08-05 01:12:24,430 - ComprehensiveSCRPAFixV8_5 - WARNING - Period calculation error for date 2025-07-10 00:00:00: unsupported operand type(s) for -: 'datetime.date' and 'Timestamp'
2025-08-05 01:12:24,430 - ComprehensiveSCRPAFixV8_5 - WARNING - Period calculation error for date 2025-07-11 00:00:00: unsupported operand type(s) for -: 'datetime.date' and 'Timestamp'
2025-08-05 01:12:24,430 - ComprehensiveSCRPAFixV8_5 - WARNING - Period calculation error for date 2025-07-13 00:00:00: unsupported operand type(s) for -: 'datetime.date' and 'Timestamp'
2025-08-05 01:12:24,430 - ComprehensiveSCRPAFixV8_5 - WARNING - Period calculation error for date 2025-07-13 00:00:00: unsupported operand type(s) for -: 'datetime.date' and 'Timestamp'
2025-08-05 01:12:24,430 - ComprehensiveSCRPAFixV8_5 - WARNING - Period calculation error for date 2025-07-13 00:00:00: unsupported operand type(s) for -: 'datetime.date' and 'Timestamp'
2025-08-05 01:12:24,430 - ComprehensiveSCRPAFixV8_5 - WARNING - Period calculation error for date 2025-07-15 00:00:00: unsupported operand type(s) for -: 'datetime.date' and 'Timestamp'
2025-08-05 01:12:24,430 - ComprehensiveSCRPAFixV8_5 - WARNING - Period calculation error for date 2025-07-17 00:00:00: unsupported operand type(s) for -: 'datetime.date' and 'Timestamp'
2025-08-05 01:12:24,431 - ComprehensiveSCRPAFixV8_5 - WARNING - Period calculation error for date 2025-07-17 00:00:00: unsupported operand type(s) for -: 'datetime.date' and 'Timestamp'
2025-08-05 01:12:24,431 - ComprehensiveSCRPAFixV8_5 - WARNING - Period calculation error for date 2025-07-18 00:00:00: unsupported operand type(s) for -: 'datetime.date' and 'Timestamp'
2025-08-05 01:12:24,432 - ComprehensiveSCRPAFixV8_5 - WARNING - Period calculation error for date 2025-07-18 00:00:00: unsupported operand type(s) for -: 'datetime.date' and 'Timestamp'
2025-08-05 01:12:24,435 - ComprehensiveSCRPAFixV8_5 - WARNING - Period calculation error for date 2025-07-18 00:00:00: unsupported operand type(s) for -: 'datetime.date' and 'Timestamp'
2025-08-05 01:12:24,436 - ComprehensiveSCRPAFixV8_5 - WARNING - Period calculation error for date 2025-07-18 00:00:00: unsupported operand type(s) for -: 'datetime.date' and 'Timestamp'
2025-08-05 01:12:24,437 - ComprehensiveSCRPAFixV8_5 - WARNING - Period calculation error for date 2025-07-21 00:00:00: unsupported operand type(s) for -: 'datetime.date' and 'Timestamp'
2025-08-05 01:12:24,437 - ComprehensiveSCRPAFixV8_5 - WARNING - Period calculation error for date 2025-07-22 00:00:00: unsupported operand type(s) for -: 'datetime.date' and 'Timestamp'
2025-08-05 01:12:24,438 - ComprehensiveSCRPAFixV8_5 - WARNING - Period calculation error for date 2025-07-24 00:00:00: unsupported operand type(s) for -: 'datetime.date' and 'Timestamp'
2025-08-05 01:12:24,439 - ComprehensiveSCRPAFixV8_5 - WARNING - Period calculation error for date 2025-07-25 00:00:00: unsupported operand type(s) for -: 'datetime.date' and 'Timestamp'
2025-08-05 01:12:24,439 - ComprehensiveSCRPAFixV8_5 - WARNING - Period calculation error for date 2025-07-27 00:00:00: unsupported operand type(s) for -: 'datetime.date' and 'Timestamp'
2025-08-05 01:12:24,439 - ComprehensiveSCRPAFixV8_5 - WARNING - Period calculation error for date 2025-07-28 00:00:00: unsupported operand type(s) for -: 'datetime.date' and 'Timestamp'
2025-08-05 01:12:24,439 - ComprehensiveSCRPAFixV8_5 - WARNING - Period calculation error for date 2025-07-27 00:00:00: unsupported operand type(s) for -: 'datetime.date' and 'Timestamp'
2025-08-05 01:12:24,439 - ComprehensiveSCRPAFixV8_5 - WARNING - Period calculation error for date 2025-06-12 00:00:00: unsupported operand type(s) for -: 'datetime.date' and 'Timestamp'
2025-08-05 01:12:24,439 - ComprehensiveSCRPAFixV8_5 - WARNING - Period calculation error for date 2025-07-28 00:00:00: unsupported operand type(s) for -: 'datetime.date' and 'Timestamp'
2025-08-05 01:12:24,440 - ComprehensiveSCRPAFixV8_5 - WARNING - Period calculation error for date 2025-07-31 00:00:00: unsupported operand type(s) for -: 'datetime.date' and 'Timestamp'
2025-08-05 01:12:24,440 - ComprehensiveSCRPAFixV8_5 - WARNING - Period calculation error for date 2025-07-31 00:00:00: unsupported operand type(s) for -: 'datetime.date' and 'Timestamp'
2025-08-05 01:12:24,440 - ComprehensiveSCRPAFixV8_5 - INFO - Period calculation results: {'Historical': 140}
2025-08-05 01:12:24,442 - ComprehensiveSCRPAFixV8_5 - INFO - Date/Period Analysis Summary:
2025-08-05 01:12:24,442 - ComprehensiveSCRPAFixV8_5 - INFO -   - 7-Day period records: 0
2025-08-05 01:12:24,442 - ComprehensiveSCRPAFixV8_5 - INFO -   - 28-Day period records: 0
2025-08-05 01:12:24,442 - ComprehensiveSCRPAFixV8_5 - INFO -   - YTD period records: 0
2025-08-05 01:12:24,442 - ComprehensiveSCRPAFixV8_5 - INFO -   - Historical period records: 140
2025-08-05 01:12:24,442 - ComprehensiveSCRPAFixV8_5 - WARNING - ⚠️ ALL RECORDS DEFAULTING TO HISTORICAL - Date processing issue detected!
2025-08-05 01:12:24,560 - ComprehensiveSCRPAFixV8_5 - WARNING - Removing Jersey City address: 128 Christopher Columbus Drive, Jersey City, NJ 07302, Hackensack, NJ, 07601
2025-08-05 01:12:24,560 - ComprehensiveSCRPAFixV8_5 - INFO - Address validation: 139/140 addresses validated
2025-08-05 01:12:24,561 - ComprehensiveSCRPAFixV8_5 - INFO - Block calculation: 140/140 blocks calculated
2025-08-05 01:12:24,591 - ComprehensiveSCRPAFixV8_5 - INFO - Grid/Post backfill: 133/140 grids, 129/140 posts
2025-08-05 01:12:24,670 - ComprehensiveSCRPAFixV8_5 - INFO - Narrative cleaning: 140/140 narratives cleaned
2025-08-05 01:12:24,671 - ComprehensiveSCRPAFixV8_5 - INFO - ✅ RMS header validation PASSED: All 50 columns follow lowercase snake_case
2025-08-05 01:12:24,671 - ComprehensiveSCRPAFixV8_5 - INFO - RMS headers validation passed - all headers are lowercase snake_case
2025-08-05 01:12:24,674 - ComprehensiveSCRPAFixV8_5 - INFO - RMS records before filtering: 140
2025-08-05 01:12:24,675 - ComprehensiveSCRPAFixV8_5 - INFO - Period distribution: {'Historical': 140}
2025-08-05 01:12:24,675 - ComprehensiveSCRPAFixV8_5 - INFO - Non-historical records: 0
2025-08-05 01:12:24,675 - ComprehensiveSCRPAFixV8_5 - INFO - Sample case numbers: ['25-000813', '25-002564', '25-002635', '25-003362', '25-003813']
2025-08-05 01:12:24,675 - ComprehensiveSCRPAFixV8_5 - INFO - Records with excluded case number '25-057654': 1
2025-08-05 01:12:24,676 - ComprehensiveSCRPAFixV8_5 - INFO - Incident dates populated: 140/140
2025-08-05 01:12:24,676 - ComprehensiveSCRPAFixV8_5 - INFO - Sample incident dates: ['01/03/25', '01/07/25', '01/06/25', '01/13/25', '01/14/25']
2025-08-05 01:12:24,676 - ComprehensiveSCRPAFixV8_5 - INFO - Date range: 01/03/25 to 07/31/25
2025-08-05 01:12:24,676 - ComprehensiveSCRPAFixV8_5 - INFO - After case number filter: 139/140 records
2025-08-05 01:12:24,676 - ComprehensiveSCRPAFixV8_5 - INFO - After period filter: 0/140 records
2025-08-05 01:12:24,677 - ComprehensiveSCRPAFixV8_5 - INFO - After case status filter: 0/140 records
2025-08-05 01:12:24,677 - ComprehensiveSCRPAFixV8_5 - INFO - RMS processing complete: 0 records after filtering
2025-08-05 01:12:24,677 - ComprehensiveSCRPAFixV8_5 - INFO - Final RMS columns: ['case_number', 'incident_date', 'incident_time', 'time_of_day', 'time_of_day_sort_order', 'period', 'season', 'day_of_week', 'day_type', 'location', 'block', 'grid', 'post', 'incident_type', 'all_incidents', 'vehicle_1', 'vehicle_2', 'vehicle_1_and_vehicle_2', 'narrative', 'total_value_stolen', 'squad', 'officer_of_record', 'nibrs_classification', 'cycle_name', 'case_status']
2025-08-05 01:12:24,677 - ComprehensiveSCRPAFixV8_5 - INFO - REMOVED CAD-specific columns: incident_type, crime_category, response_type
2025-08-05 01:12:24,778 - ComprehensiveSCRPAFixV8_5 - INFO - Found 30 duplicate incidents in reference file.
2025-08-05 01:12:24,778 - ComprehensiveSCRPAFixV8_5 - INFO - Applying priority-based duplicate resolution:
2025-08-05 01:12:24,778 - ComprehensiveSCRPAFixV8_5 - INFO -   'DOMESTIC DISPUTE': 3 variants -> keeping highest priority
2025-08-05 01:12:24,778 - ComprehensiveSCRPAFixV8_5 - INFO -   'SHOPLIFTING 2C:20-11': 3 variants -> keeping highest priority
2025-08-05 01:12:24,779 - ComprehensiveSCRPAFixV8_5 - INFO -   'SIMPLE ASSAULT 2C:12-1A': 4 variants -> keeping highest priority
2025-08-05 01:12:24,779 - ComprehensiveSCRPAFixV8_5 - INFO -   'TARGETED AREA PATROL': 3 variants -> keeping highest priority
2025-08-05 01:12:24,779 - ComprehensiveSCRPAFixV8_5 - INFO -   'TERRORISTIC THREATS 2C:12-3': 3 variants -> keeping highest priority
2025-08-05 01:12:24,779 - ComprehensiveSCRPAFixV8_5 - INFO -   'WEAPONS SEIZURE - 2C:25-21D': 2 variants -> keeping highest priority
2025-08-05 01:12:24,779 - ComprehensiveSCRPAFixV8_5 - INFO -   'WEATHER ALERTS': 2 variants -> keeping highest priority
2025-08-05 01:12:24,779 - ComprehensiveSCRPAFixV8_5 - INFO -   'WELFARE CHECK': 2 variants -> keeping highest priority
2025-08-05 01:12:24,779 - ComprehensiveSCRPAFixV8_5 - INFO -   'WIDESPREAD DAMAGE - 2C:17-2': 2 variants -> keeping highest priority
2025-08-05 01:12:24,779 - ComprehensiveSCRPAFixV8_5 - INFO -   'WIRE DOWN': 2 variants -> keeping highest priority
2025-08-05 01:12:24,779 - ComprehensiveSCRPAFixV8_5 - INFO -   'WITNESS TAMPERING - 2C:28-5': 2 variants -> keeping highest priority
2025-08-05 01:12:24,779 - ComprehensiveSCRPAFixV8_5 - INFO -   'WRONGFUL IMPERSONATING - 2C:21-1': 2 variants -> keeping highest priority
2025-08-05 01:12:24,789 - ComprehensiveSCRPAFixV8_5 - INFO - Priority-based resolution completed: 30 duplicates resolved
2025-08-05 01:12:24,807 - ComprehensiveSCRPAFixV8_5 - INFO - Enhanced call type reference loaded successfully:
2025-08-05 01:12:24,807 - ComprehensiveSCRPAFixV8_5 - INFO -   - Total records: 592
2025-08-05 01:12:24,807 - ComprehensiveSCRPAFixV8_5 - INFO -   - Unique incidents: 574
2025-08-05 01:12:24,807 - ComprehensiveSCRPAFixV8_5 - INFO -   - Duplicates found: 30
2025-08-05 01:12:24,807 - ComprehensiveSCRPAFixV8_5 - INFO -   - Duplicates resolved: 30
2025-08-05 01:12:24,807 - ComprehensiveSCRPAFixV8_5 - INFO -   - Normalized columns: ['incident', 'category_type', 'response_type']
2025-08-05 01:12:24,808 - ComprehensiveSCRPAFixV8_5 - INFO - 🚀 Starting CAD Data Processing - 2025_08_01_19_38_12_SCRPA_CAD.xlsx... (Memory: 113.7MB)
2025-08-05 01:12:24,808 - ComprehensiveSCRPAFixV8_5 - INFO - Processing CAD data: 2025_08_01_19_38_12_SCRPA_CAD.xlsx
2025-08-05 01:12:24,808 - ComprehensiveSCRPAFixV8_5 - INFO - ⚡ Completed CAD Data Processing - 2025_08_01_19_38_12_SCRPA_CAD.xlsx (Fast):
2025-08-05 01:12:24,808 - ComprehensiveSCRPAFixV8_5 - INFO -   ⏱️ Duration: 0.00s
2025-08-05 01:12:24,808 - ComprehensiveSCRPAFixV8_5 - INFO -   💾 Memory: 113.7MB (Δ+0.0MB)
2025-08-05 01:12:24,852 - ComprehensiveSCRPAFixV8_5 - INFO - Loaded CAD file with 115 rows and 20 columns
2025-08-05 01:12:24,853 - ComprehensiveSCRPAFixV8_5 - INFO - CAD columns found: ['ReportNumberNew', 'Incident', 'How Reported', 'FullAddress2', 'PDZone', 'Grid', 'Time of Call', 'cYear', 'cMonth', 'HourMinuetsCalc', 'DayofWeek', 'Time Dispatched', 'Time Out', 'Time In', 'Time Spent', 'Time Response', 'Officer', 'Disposition', 'Response Type', 'CADNotes']
2025-08-05 01:12:24,853 - ComprehensiveSCRPAFixV8_5 - INFO - Applied dtype={'How Reported': str} to prevent Excel auto-parsing '9-1-1' as date
2025-08-05 01:12:24,857 - ComprehensiveSCRPAFixV8_5 - INFO - Applied enhanced fixes to prevent '9-1-1' date conversion
2025-08-05 01:12:24,857 - ComprehensiveSCRPAFixV8_5 - INFO - Applied column mapping: {'ReportNumberNew': 'case_number', 'Incident': 'incident', 'How Reported': 'how_reported', 'FullAddress2': 'full_address_raw', 'PDZone': 'post', 'Grid': 'grid_raw', 'Time of Call': 'time_of_call', 'cYear': 'call_year', 'cMonth': 'call_month', 'HourMinuetsCalc': 'hour_minutes_calc', 'DayofWeek': 'day_of_week_raw', 'Time Dispatched': 'time_dispatched', 'Time Out': 'time_out', 'Time In': 'time_in', 'Time Spent': 'time_spent_raw', 'Time Response': 'time_response_raw', 'Officer': 'officer', 'Disposition': 'disposition', 'Response Type': 'response_type_fallback', 'CADNotes': 'cad_notes_raw'}
2025-08-05 01:12:24,858 - ComprehensiveSCRPAFixV8_5 - INFO - Normalized CAD headers to lowercase snake_case: ['case_number', 'incident', 'how_reported', 'full_address_raw', 'post', 'grid_raw', 'time_of_call', 'call_year', 'call_month', 'hour_minutes_calc', 'day_of_week_raw', 'time_dispatched', 'time_out', 'time_in', 'time_spent_raw', 'time_response_raw', 'officer', 'disposition', 'response_type_fallback', 'cad_notes_raw']
2025-08-05 01:12:24,874 - ComprehensiveSCRPAFixV8_5 - INFO - Starting proper CallType_Categories.xlsx mapping for 115 CAD records
2025-08-05 01:12:24,875 - ComprehensiveSCRPAFixV8_5 - INFO - Sample incident values: ['Motor Vehicle Theft - 2C:20-3', 'Criminal Sexual Contact - 2C:14-3a', 'Burglary - Auto - 2C:18-2', 'Burglary - Residence - 2C:18-2', 'Motor Vehicle Theft - 2C:20-3']
2025-08-05 01:12:24,895 - ComprehensiveSCRPAFixV8_5 - INFO - Loaded CallType_Categories.xlsx with 592 records
2025-08-05 01:12:24,895 - ComprehensiveSCRPAFixV8_5 - INFO - CallType columns: ['Incident', 'Category Type', 'Response Type']
2025-08-05 01:12:24,912 - ComprehensiveSCRPAFixV8_5 - INFO - Created mapping dictionary with 574 entries
2025-08-05 01:12:24,913 - ComprehensiveSCRPAFixV8_5 - INFO - CallType_Categories.xlsx mapping results:
2025-08-05 01:12:24,913 - ComprehensiveSCRPAFixV8_5 - INFO -   - Total incidents: 115
2025-08-05 01:12:24,913 - ComprehensiveSCRPAFixV8_5 - INFO -   - Mapped incidents: 115
2025-08-05 01:12:24,913 - ComprehensiveSCRPAFixV8_5 - INFO -   - Unmapped incidents: 0
2025-08-05 01:12:24,913 - ComprehensiveSCRPAFixV8_5 - INFO -   - Mapping rate: 100.0%
2025-08-05 01:12:24,914 - ComprehensiveSCRPAFixV8_5 - INFO - Category type distribution: {'Criminal Incidents': 115}
2025-08-05 01:12:24,916 - ComprehensiveSCRPAFixV8_5 - INFO - Top 10 response types: {'Emergency': 81, 'Routine': 34}
2025-08-05 01:12:24,919 - ComprehensiveSCRPAFixV8_5 - INFO - Final column coverage:
2025-08-05 01:12:24,920 - ComprehensiveSCRPAFixV8_5 - INFO -   - response_type coverage: 100.0%
2025-08-05 01:12:24,920 - ComprehensiveSCRPAFixV8_5 - INFO -   - category_type coverage: 100.0%
2025-08-05 01:12:24,926 - ComprehensiveSCRPAFixV8_5 - INFO - Grid processing: 108/115 records have grid values
2025-08-05 01:12:24,981 - ComprehensiveSCRPAFixV8_5 - INFO - CAD notes parsing complete: 115 records processed
2025-08-05 01:12:25,078 - ComprehensiveSCRPAFixV8_5 - INFO - CAD response_type populated in 115/115 records
2025-08-05 01:12:25,079 - ComprehensiveSCRPAFixV8_5 - INFO - CAD grid populated in 108/115 records
2025-08-05 01:12:25,079 - ComprehensiveSCRPAFixV8_5 - INFO - CAD post populated in 111/115 records
2025-08-05 01:12:25,079 - ComprehensiveSCRPAFixV8_5 - INFO - ✅ CAD header validation PASSED: All 36 columns follow lowercase snake_case
2025-08-05 01:12:25,079 - ComprehensiveSCRPAFixV8_5 - INFO - CAD headers validation passed - all headers are lowercase snake_case
2025-08-05 01:12:25,080 - ComprehensiveSCRPAFixV8_5 - INFO - CAD processing complete: 115 records
2025-08-05 01:12:25,080 - ComprehensiveSCRPAFixV8_5 - INFO - Final CAD columns: ['case_number', 'incident', 'response_type', 'category_type', 'response_type_cad', 'category_type_cad', 'how_reported', 'location', 'block', 'grid', 'post', 'time_of_call', 'time_dispatched', 'time_out', 'time_in', 'time_spent_minutes', 'time_response_minutes', 'time_spent_formatted', 'time_response_formatted', 'officer', 'disposition', 'cad_notes_cleaned', 'cad_username', 'cad_timestamp', 'cycle_name']
2025-08-05 01:12:25,126 - ComprehensiveSCRPAFixV8_5 - INFO - ✅ CAD header validation PASSED: All 25 columns follow lowercase snake_case
2025-08-05 01:12:25,126 - ComprehensiveSCRPAFixV8_5 - INFO - 💾 Writing standard CSV: 115 rows
2025-08-05 01:12:25,132 - ComprehensiveSCRPAFixV8_5 - INFO - CAD data saved: C:\Users\carucci_r\OneDrive - City of Hackensack\01_DataSources\SCRPA_Time_v2\04_powerbi\C08W32_20250805_7Day_cad_data_standardized_v2.csv
2025-08-05 01:12:25,137 - ComprehensiveSCRPAFixV8_5 - INFO - ✅ CAD Data header validation PASSED: All 25 columns follow lowercase snake_case
2025-08-05 01:12:25,138 - ComprehensiveSCRPAFixV8_5 - INFO - ================================================================================
2025-08-05 01:12:25,138 - ComprehensiveSCRPAFixV8_5 - INFO - COMPREHENSIVE QC REPORT - CAD INCIDENT MAPPING
2025-08-05 01:12:25,138 - ComprehensiveSCRPAFixV8_5 - INFO - ================================================================================
2025-08-05 01:12:25,138 - ComprehensiveSCRPAFixV8_5 - INFO - 1. REFERENCE FILE VALIDATION
2025-08-05 01:12:25,138 - ComprehensiveSCRPAFixV8_5 - INFO - OK Reference file loaded: 592 records
2025-08-05 01:12:25,138 - ComprehensiveSCRPAFixV8_5 - INFO - OK Unique incidents: 574
2025-08-05 01:12:25,138 - ComprehensiveSCRPAFixV8_5 - INFO - OK Duplicates found: 30
2025-08-05 01:12:25,138 - ComprehensiveSCRPAFixV8_5 - INFO - OK Duplicates resolved: 30 (deterministic)
2025-08-05 01:12:25,138 - ComprehensiveSCRPAFixV8_5 - INFO - OK Resolution method: priority_based_deterministic
2025-08-05 01:12:25,138 - ComprehensiveSCRPAFixV8_5 - INFO - 
2025-08-05 01:12:25,138 - ComprehensiveSCRPAFixV8_5 - INFO - 2. MAPPING PERFORMANCE VALIDATION
2025-08-05 01:12:25,138 - ComprehensiveSCRPAFixV8_5 - INFO - OK Mapping success rate: 100.0% (>= 98.0%)
2025-08-05 01:12:25,138 - ComprehensiveSCRPAFixV8_5 - INFO - OK Mapped incidents: 115/115
2025-08-05 01:12:25,139 - ComprehensiveSCRPAFixV8_5 - INFO - 
2025-08-05 01:12:25,139 - ComprehensiveSCRPAFixV8_5 - INFO - 3. DATA QUALITY VALIDATION
2025-08-05 01:12:25,139 - ComprehensiveSCRPAFixV8_5 - INFO - OK All required columns present
2025-08-05 01:12:25,139 - ComprehensiveSCRPAFixV8_5 - INFO - OK Total records: 115
2025-08-05 01:12:25,139 - ComprehensiveSCRPAFixV8_5 - INFO - OK Incident populated: 115/115
2025-08-05 01:12:25,139 - ComprehensiveSCRPAFixV8_5 - INFO - OK Response type (CAD) populated: 115/115
2025-08-05 01:12:25,139 - ComprehensiveSCRPAFixV8_5 - INFO - OK Category type (CAD) populated: 115/115
2025-08-05 01:12:25,139 - ComprehensiveSCRPAFixV8_5 - INFO - OK No data loss: record count maintained
2025-08-05 01:12:25,139 - ComprehensiveSCRPAFixV8_5 - INFO - 
2025-08-05 01:12:25,139 - ComprehensiveSCRPAFixV8_5 - INFO - 4. HEADER COMPLIANCE VALIDATION
2025-08-05 01:12:25,139 - ComprehensiveSCRPAFixV8_5 - INFO - OK All headers lowercase snake_case: 25/25
2025-08-05 01:12:25,139 - ComprehensiveSCRPAFixV8_5 - INFO - 
2025-08-05 01:12:25,139 - ComprehensiveSCRPAFixV8_5 - INFO - 6. OVERALL QC STATUS
2025-08-05 01:12:25,139 - ComprehensiveSCRPAFixV8_5 - INFO - SUCCESS OVERALL STATUS: PASS - All validations successful
2025-08-05 01:12:25,139 - ComprehensiveSCRPAFixV8_5 - INFO - OK CAD incident mapping pipeline is fully operational
2025-08-05 01:12:25,139 - ComprehensiveSCRPAFixV8_5 - INFO - OK Ready for production use
2025-08-05 01:12:25,139 - ComprehensiveSCRPAFixV8_5 - INFO - ================================================================================
2025-08-05 01:12:25,139 - ComprehensiveSCRPAFixV8_5 - INFO - Enhanced QC Report Status: PASS
2025-08-05 01:12:25,139 - ComprehensiveSCRPAFixV8_5 - INFO - All QC validations passed successfully
2025-08-05 01:12:25,139 - ComprehensiveSCRPAFixV8_5 - INFO - ============================================================
2025-08-05 01:12:25,139 - ComprehensiveSCRPAFixV8_5 - INFO - COMPREHENSIVE SCRPA FIX V8.5 COMPLETE - VALIDATION SUMMARY
2025-08-05 01:12:25,139 - ComprehensiveSCRPAFixV8_5 - INFO - ============================================================
2025-08-05 01:12:25,139 - ComprehensiveSCRPAFixV8_5 - INFO - ✅ RMS records processed: 0
2025-08-05 01:12:25,139 - ComprehensiveSCRPAFixV8_5 - INFO - ✅ CAD records processed: 115
2025-08-05 01:12:25,139 - ComprehensiveSCRPAFixV8_5 - INFO - ✅ Output directory: C:\Users\carucci_r\OneDrive - City of Hackensack\01_DataSources\SCRPA_Time_v2\04_powerbi
2025-08-05 01:12:25,139 - ComprehensiveSCRPAFixV8_5 - INFO - ============================================================
2025-08-05 01:12:25,139 - ComprehensiveSCRPAFixV8_5 - INFO - Running comprehensive export consistency validation...
2025-08-05 01:12:25,140 - ComprehensiveSCRPAFixV8_5 - INFO - Found 4 CSV files for validation
2025-08-05 01:12:25,140 - ComprehensiveSCRPAFixV8_5 - INFO - ======================================================================
2025-08-05 01:12:25,140 - ComprehensiveSCRPAFixV8_5 - INFO - COMPREHENSIVE EXPORT CONSISTENCY VALIDATION
2025-08-05 01:12:25,140 - ComprehensiveSCRPAFixV8_5 - INFO - ======================================================================
2025-08-05 01:12:25,145 - ComprehensiveSCRPAFixV8_5 - INFO - Analyzing: C08W32_20250805_7Day_cad_rms_matched_standardized.csv (119 rows, 32 columns)
2025-08-05 01:12:25,145 - ComprehensiveSCRPAFixV8_5 - INFO - ✅ C08W32_20250805_7Day_cad_rms_matched_standardized.csv header validation PASSED: All 32 columns follow lowercase snake_case
2025-08-05 01:12:25,145 - ComprehensiveSCRPAFixV8_5 - INFO -   Headers: All 32 columns follow lowercase_snake_case
2025-08-05 01:12:25,157 - ComprehensiveSCRPAFixV8_5 - INFO -   Data Types: 28 string, 4 numeric, 0 datetime, 0 mixed
2025-08-05 01:12:25,157 - ComprehensiveSCRPAFixV8_5 - WARNING -   Data Quality Issues: 3
2025-08-05 01:12:25,157 - ComprehensiveSCRPAFixV8_5 - WARNING -     - Column 'vehicle_2' has high null percentage: 96.6%
2025-08-05 01:12:25,157 - ComprehensiveSCRPAFixV8_5 - WARNING -     - Column 'vehicle_1_and_vehicle_2' has high null percentage: 96.6%
2025-08-05 01:12:25,157 - ComprehensiveSCRPAFixV8_5 - WARNING -     - Column 'total_value_stolen' has high null percentage: 95.8%
2025-08-05 01:12:25,170 - ComprehensiveSCRPAFixV8_5 - INFO -   Power BI Ready: No import issues detected
2025-08-05 01:12:25,172 - ComprehensiveSCRPAFixV8_5 - INFO - Analyzing: C08W32_20250805_7Day_SCRPA_Incidents.csv (1 rows, 10 columns)
2025-08-05 01:12:25,172 - ComprehensiveSCRPAFixV8_5 - INFO - ✅ C08W32_20250805_7Day_SCRPA_Incidents.csv header validation PASSED: All 10 columns follow lowercase snake_case
2025-08-05 01:12:25,172 - ComprehensiveSCRPAFixV8_5 - INFO -   Headers: All 10 columns follow lowercase_snake_case
2025-08-05 01:12:25,174 - ComprehensiveSCRPAFixV8_5 - INFO -   Data Types: 10 string, 0 numeric, 0 datetime, 0 mixed
2025-08-05 01:12:25,176 - ComprehensiveSCRPAFixV8_5 - INFO -   Power BI Ready: No import issues detected
2025-08-05 01:12:25,205 - ComprehensiveSCRPAFixV8_5 - INFO - Analyzing: C08W32_20250805_7Day_cad_data_standardized_v2.csv (115 rows, 25 columns)
2025-08-05 01:12:25,206 - ComprehensiveSCRPAFixV8_5 - INFO - ✅ C08W32_20250805_7Day_cad_data_standardized_v2.csv header validation PASSED: All 25 columns follow lowercase snake_case
2025-08-05 01:12:25,206 - ComprehensiveSCRPAFixV8_5 - INFO -   Headers: All 25 columns follow lowercase_snake_case
2025-08-05 01:12:25,211 - ComprehensiveSCRPAFixV8_5 - INFO -   Data Types: 22 string, 3 numeric, 0 datetime, 0 mixed
2025-08-05 01:12:25,211 - ComprehensiveSCRPAFixV8_5 - WARNING -   Data Quality Issues: 1
2025-08-05 01:12:25,211 - ComprehensiveSCRPAFixV8_5 - WARNING -     - Column 'cad_username' contains mixed numeric/string data
2025-08-05 01:12:25,220 - ComprehensiveSCRPAFixV8_5 - INFO -   Power BI Ready: No import issues detected
2025-08-05 01:12:25,238 - ComprehensiveSCRPAFixV8_5 - INFO - Analyzing: C08W32_20250805_7Day_rms_data_standardized_v3.csv (119 rows, 25 columns)
2025-08-05 01:12:25,239 - ComprehensiveSCRPAFixV8_5 - INFO - ✅ C08W32_20250805_7Day_rms_data_standardized_v3.csv header validation PASSED: All 25 columns follow lowercase snake_case
2025-08-05 01:12:25,240 - ComprehensiveSCRPAFixV8_5 - INFO -   Headers: All 25 columns follow lowercase_snake_case
2025-08-05 01:12:25,246 - ComprehensiveSCRPAFixV8_5 - INFO -   Data Types: 22 string, 3 numeric, 0 datetime, 0 mixed
2025-08-05 01:12:25,272 - ComprehensiveSCRPAFixV8_5 - WARNING -   Data Quality Issues: 3
2025-08-05 01:12:25,272 - ComprehensiveSCRPAFixV8_5 - WARNING -     - Column 'vehicle_2' has high null percentage: 96.6%
2025-08-05 01:12:25,273 - ComprehensiveSCRPAFixV8_5 - WARNING -     - Column 'vehicle_1_and_vehicle_2' has high null percentage: 96.6%
2025-08-05 01:12:25,273 - ComprehensiveSCRPAFixV8_5 - WARNING -     - Column 'total_value_stolen' has high null percentage: 95.8%
2025-08-05 01:12:25,295 - ComprehensiveSCRPAFixV8_5 - INFO -   Power BI Ready: No import issues detected
2025-08-05 01:12:25,295 - ComprehensiveSCRPAFixV8_5 - INFO - Cross-File Compatibility Analysis:
2025-08-05 01:12:25,295 - ComprehensiveSCRPAFixV8_5 - INFO -   Total unique columns across all files: 55
2025-08-05 01:12:25,295 - ComprehensiveSCRPAFixV8_5 - INFO -   Common columns across all files: 1
2025-08-05 01:12:25,295 - ComprehensiveSCRPAFixV8_5 - INFO -   C08W32_20250805_7Day_cad_rms_matched_standardized.csv specific columns: 31
2025-08-05 01:12:25,295 - ComprehensiveSCRPAFixV8_5 - INFO -     - all_incidents, cycle_name, grid_cad, case_number_cad, incident_time (and 26 more)
2025-08-05 01:12:25,295 - ComprehensiveSCRPAFixV8_5 - INFO -   C08W32_20250805_7Day_SCRPA_Incidents.csv specific columns: 9
2025-08-05 01:12:25,295 - ComprehensiveSCRPAFixV8_5 - INFO -     - crime_category, narrative, incident_date_time, grid_zone, status (and 4 more)
2025-08-05 01:12:25,295 - ComprehensiveSCRPAFixV8_5 - INFO -   C08W32_20250805_7Day_cad_data_standardized_v2.csv specific columns: 24
2025-08-05 01:12:25,295 - ComprehensiveSCRPAFixV8_5 - INFO -     - grid, time_in, cad_username, how_reported, time_of_call (and 19 more)
2025-08-05 01:12:25,295 - ComprehensiveSCRPAFixV8_5 - INFO -   C08W32_20250805_7Day_rms_data_standardized_v3.csv specific columns: 24
2025-08-05 01:12:25,295 - ComprehensiveSCRPAFixV8_5 - INFO -     - grid, incident_type, case_status, narrative, nibrs_classification (and 19 more)
2025-08-05 01:12:25,295 - ComprehensiveSCRPAFixV8_5 - INFO -   All common columns have consistent data types
2025-08-05 01:12:25,295 - ComprehensiveSCRPAFixV8_5 - INFO - ======================================================================
2025-08-05 01:12:25,295 - ComprehensiveSCRPAFixV8_5 - INFO - EXPORT CONSISTENCY VALIDATION SUMMARY
2025-08-05 01:12:25,295 - ComprehensiveSCRPAFixV8_5 - INFO - ======================================================================
2025-08-05 01:12:25,296 - ComprehensiveSCRPAFixV8_5 - INFO - Overall Status: PASS
2025-08-05 01:12:25,296 - ComprehensiveSCRPAFixV8_5 - INFO - Files Validated: 4
2025-08-05 01:12:25,296 - ComprehensiveSCRPAFixV8_5 - INFO - Issues Found: 0
2025-08-05 01:12:25,296 - ComprehensiveSCRPAFixV8_5 - INFO - Power BI Ready Files: 4/4
2025-08-05 01:12:25,296 - ComprehensiveSCRPAFixV8_5 - INFO - Recommendations:
2025-08-05 01:12:25,296 - ComprehensiveSCRPAFixV8_5 - INFO -   - C08W32_20250805_7Day_cad_rms_matched_standardized.csv: Consider reviewing columns with >75% null values: vehicle_2, vehicle_1_and_vehicle_2, total_value_stolen
2025-08-05 01:12:25,296 - ComprehensiveSCRPAFixV8_5 - INFO -   - C08W32_20250805_7Day_rms_data_standardized_v3.csv: Consider reviewing columns with >75% null values: vehicle_2, vehicle_1_and_vehicle_2, total_value_stolen
2025-08-05 01:12:25,296 - ComprehensiveSCRPAFixV8_5 - INFO - ======================================================================
2025-08-05 01:12:25,296 - ComprehensiveSCRPAFixV8_5 - INFO - ✅ All exports validated successfully - Power BI ready!
