2025-08-04 21:52:41,714 - ComprehensiveSCRPAFixV8_5 - INFO - === Comprehensive SCRPA Fix V8.5 - Cycle Calendar Integration Version ===
2025-08-04 21:52:42,292 - ComprehensiveSCRPAFixV8_5 - INFO - Loaded call type reference: 592 records
2025-08-04 21:52:42,293 - ComprehensiveSCRPAFixV8_5 - INFO - Reference file columns: ['Incident', 'Category Type', 'Response Type']
2025-08-04 21:52:42,293 - ComprehensiveSCRPAFixV8_5 - INFO - Incident column forced to string type with 592 records
2025-08-04 21:52:42,390 - ComprehensiveSCRPAFixV8_5 - INFO - Loaded zone/grid reference: 1368 records
2025-08-04 21:52:42,403 - ComprehensiveSCRPAFixV8_5 - INFO - Loaded cycle calendar: 52 records
2025-08-04 21:52:42,404 - ComprehensiveSCRPAFixV8_5 - INFO - Cycle calendar columns: ['Report_Due_Date', '7_Day_Start', '7_Day_End', '28_Day_Start', '28_Day_End', 'Report_Name']
2025-08-04 21:52:42,405 - ComprehensiveSCRPAFixV8_5 - INFO - Current cycle: C08W31, Date: 20250804
2025-08-04 21:52:42,406 - ComprehensiveSCRPAFixV8_5 - INFO - 🧪 Running Performance Monitoring Demo
2025-08-04 21:52:42,406 - ComprehensiveSCRPAFixV8_5 - INFO - 🚀 Starting Performance Test Demo... (Memory: 99.7MB)
2025-08-04 21:52:42,406 - ComprehensiveSCRPAFixV8_5 - INFO - 🚀 Starting Large DataFrame Creation... (Memory: 99.7MB)
2025-08-04 21:52:42,409 - ComprehensiveSCRPAFixV8_5 - INFO - ⚡ Completed Large DataFrame Creation (Fast):
2025-08-04 21:52:42,409 - ComprehensiveSCRPAFixV8_5 - INFO -   ⏱️ Duration: 0.00s
2025-08-04 21:52:42,410 - ComprehensiveSCRPAFixV8_5 - INFO -   💾 Memory: 100.7MB (Δ+1.0MB)
2025-08-04 21:52:42,416 - ComprehensiveSCRPAFixV8_5 - INFO - 💾 Test DataFrame memory optimized: 0.7MB → 0.1MB (saved 0.6MB)
2025-08-04 21:52:42,417 - ComprehensiveSCRPAFixV8_5 - INFO - 🚀 Starting DataFrame Operations... (Memory: 100.9MB)
2025-08-04 21:52:42,422 - ComprehensiveSCRPAFixV8_5 - INFO - ⚡ Completed DataFrame Operations (Fast):
2025-08-04 21:52:42,422 - ComprehensiveSCRPAFixV8_5 - INFO -   ⏱️ Duration: 0.00s
2025-08-04 21:52:42,422 - ComprehensiveSCRPAFixV8_5 - INFO -   💾 Memory: 101.2MB (Δ+0.3MB)
2025-08-04 21:52:42,446 - ComprehensiveSCRPAFixV8_5 - INFO - 📊 System Performance Summary: {'memory_rss_mb': 101.18359375, 'memory_vms_mb': 813.87109375, 'cpu_percent': 0.0, 'num_threads': 26, 'system_memory_percent': 74.6, 'system_cpu_percent': 21.9}
2025-08-04 21:52:42,464 - ComprehensiveSCRPAFixV8_5 - INFO - ⚡ Completed Performance Test Demo (Fast):
2025-08-04 21:52:42,464 - ComprehensiveSCRPAFixV8_5 - INFO -   ⏱️ Duration: 0.06s
2025-08-04 21:52:42,465 - ComprehensiveSCRPAFixV8_5 - INFO -   💾 Memory: 101.2MB (Δ+1.5MB)
2025-08-04 21:52:42,465 - ComprehensiveSCRPAFixV8_5 - INFO - ✅ Performance monitoring demo completed successfully
2025-08-04 21:52:42,465 - ComprehensiveSCRPAFixV8_5 - INFO - 🧪 Testing chunked processing functionality
2025-08-04 21:52:42,466 - ComprehensiveSCRPAFixV8_5 - INFO - 🚀 Starting Creating test dataset... (Memory: 101.2MB)
2025-08-04 21:52:42,480 - ComprehensiveSCRPAFixV8_5 - INFO - 📁 Created test file: C:\Users\carucci_r\OneDrive - City of Hackensack\01_DataSources\SCRPA_Time_v2\03_output\temp\test_large_dataset_2500_rows.csv (2,500 rows)
2025-08-04 21:52:42,481 - ComprehensiveSCRPAFixV8_5 - INFO - ⚡ Completed Creating test dataset (Fast):
2025-08-04 21:52:42,481 - ComprehensiveSCRPAFixV8_5 - INFO -   ⏱️ Duration: 0.02s
2025-08-04 21:52:42,481 - ComprehensiveSCRPAFixV8_5 - INFO -   💾 Memory: 101.9MB (Δ+0.7MB)
2025-08-04 21:52:42,482 - ComprehensiveSCRPAFixV8_5 - INFO - 🚀 Starting Chunked processing test... (Memory: 101.9MB)
2025-08-04 21:52:42,486 - ComprehensiveSCRPAFixV8_5 - INFO - 📚 Processing large dataset: 2500 rows in chunks of 500
2025-08-04 21:52:42,487 - ComprehensiveSCRPAFixV8_5 - INFO - 🚀 Starting Chunked processing (2500 rows)... (Memory: 101.9MB)
2025-08-04 21:52:42,496 - ComprehensiveSCRPAFixV8_5 - INFO - 🚀 Starting Chunk 1... (Memory: 103.7MB)
2025-08-04 21:52:42,517 - ComprehensiveSCRPAFixV8_5 - INFO - 📊 Progress: 500/2,500 rows (20.0%)
2025-08-04 21:52:42,517 - ComprehensiveSCRPAFixV8_5 - INFO - ⚡ Completed Chunk 1 (Fast):
2025-08-04 21:52:42,517 - ComprehensiveSCRPAFixV8_5 - INFO -   ⏱️ Duration: 0.02s
2025-08-04 21:52:42,517 - ComprehensiveSCRPAFixV8_5 - INFO -   💾 Memory: 103.8MB (Δ+0.1MB)
2025-08-04 21:52:42,523 - ComprehensiveSCRPAFixV8_5 - INFO - 🚀 Starting Chunk 2... (Memory: 103.9MB)
2025-08-04 21:52:42,549 - ComprehensiveSCRPAFixV8_5 - INFO - 📊 Progress: 1,000/2,500 rows (40.0%)
2025-08-04 21:52:42,549 - ComprehensiveSCRPAFixV8_5 - INFO - ⚡ Completed Chunk 2 (Fast):
2025-08-04 21:52:42,549 - ComprehensiveSCRPAFixV8_5 - INFO -   ⏱️ Duration: 0.03s
2025-08-04 21:52:42,550 - ComprehensiveSCRPAFixV8_5 - INFO -   💾 Memory: 104.0MB (Δ+0.0MB)
2025-08-04 21:52:42,555 - ComprehensiveSCRPAFixV8_5 - INFO - 🚀 Starting Chunk 3... (Memory: 104.1MB)
2025-08-04 21:52:42,572 - ComprehensiveSCRPAFixV8_5 - INFO - 📊 Progress: 1,500/2,500 rows (60.0%)
2025-08-04 21:52:42,572 - ComprehensiveSCRPAFixV8_5 - INFO - ⚡ Completed Chunk 3 (Fast):
2025-08-04 21:52:42,572 - ComprehensiveSCRPAFixV8_5 - INFO -   ⏱️ Duration: 0.02s
2025-08-04 21:52:42,573 - ComprehensiveSCRPAFixV8_5 - INFO -   💾 Memory: 104.2MB (Δ+0.0MB)
2025-08-04 21:52:42,578 - ComprehensiveSCRPAFixV8_5 - INFO - 🚀 Starting Chunk 4... (Memory: 104.5MB)
2025-08-04 21:52:42,596 - ComprehensiveSCRPAFixV8_5 - INFO - 📊 Progress: 2,000/2,500 rows (80.0%)
2025-08-04 21:52:42,597 - ComprehensiveSCRPAFixV8_5 - INFO - ⚡ Completed Chunk 4 (Fast):
2025-08-04 21:52:42,597 - ComprehensiveSCRPAFixV8_5 - INFO -   ⏱️ Duration: 0.02s
2025-08-04 21:52:42,597 - ComprehensiveSCRPAFixV8_5 - INFO -   💾 Memory: 104.5MB (Δ+0.0MB)
2025-08-04 21:52:42,602 - ComprehensiveSCRPAFixV8_5 - INFO - 🚀 Starting Chunk 5... (Memory: 103.9MB)
2025-08-04 21:52:42,628 - ComprehensiveSCRPAFixV8_5 - INFO - 📊 Progress: 2,500/2,500 rows (100.0%)
2025-08-04 21:52:42,628 - ComprehensiveSCRPAFixV8_5 - INFO - ⚡ Completed Chunk 5 (Fast):
2025-08-04 21:52:42,629 - ComprehensiveSCRPAFixV8_5 - INFO -   ⏱️ Duration: 0.03s
2025-08-04 21:52:42,629 - ComprehensiveSCRPAFixV8_5 - INFO -   💾 Memory: 103.9MB (Δ+0.0MB)
2025-08-04 21:52:42,629 - ComprehensiveSCRPAFixV8_5 - INFO - 🔗 Combining processed chunks...
2025-08-04 21:52:42,658 - ComprehensiveSCRPAFixV8_5 - INFO - ⚡ Completed Chunked processing (2500 rows) (Fast):
2025-08-04 21:52:42,658 - ComprehensiveSCRPAFixV8_5 - INFO -   ⏱️ Duration: 0.17s
2025-08-04 21:52:42,658 - ComprehensiveSCRPAFixV8_5 - INFO -   💾 Memory: 102.9MB (Δ+1.0MB)
2025-08-04 21:52:42,658 - ComprehensiveSCRPAFixV8_5 - INFO - ✅ Large dataset processing complete: 2,500 total records
2025-08-04 21:52:42,659 - ComprehensiveSCRPAFixV8_5 - INFO - ⚡ Completed Chunked processing test (Fast):
2025-08-04 21:52:42,659 - ComprehensiveSCRPAFixV8_5 - INFO -   ⏱️ Duration: 0.18s
2025-08-04 21:52:42,659 - ComprehensiveSCRPAFixV8_5 - INFO -   💾 Memory: 102.9MB (Δ+1.0MB)
2025-08-04 21:52:42,659 - ComprehensiveSCRPAFixV8_5 - INFO - ✅ Chunked processing test validation:
2025-08-04 21:52:42,659 - ComprehensiveSCRPAFixV8_5 - INFO -   📊 Original rows: 2,500
2025-08-04 21:52:42,659 - ComprehensiveSCRPAFixV8_5 - INFO -   📊 Processed rows: 2,500
2025-08-04 21:52:42,659 - ComprehensiveSCRPAFixV8_5 - INFO -   📊 Columns: 8
2025-08-04 21:52:42,661 - ComprehensiveSCRPAFixV8_5 - INFO -   📊 Memory usage: 0.6MB
2025-08-04 21:52:42,661 - ComprehensiveSCRPAFixV8_5 - INFO - ✅ Data integrity check PASSED
2025-08-04 21:52:42,662 - ComprehensiveSCRPAFixV8_5 - INFO - 🗑️ Cleaned up test file: test_large_dataset_2500_rows.csv
2025-08-04 21:52:42,662 - ComprehensiveSCRPAFixV8_5 - INFO - ✅ Chunked processing test completed
2025-08-04 21:52:42,663 - ComprehensiveSCRPAFixV8_5 - INFO - 🧪 Testing large file writing functionality
2025-08-04 21:52:42,663 - ComprehensiveSCRPAFixV8_5 - INFO - 🚀 Starting Creating large test dataset... (Memory: 102.9MB)
2025-08-04 21:52:42,671 - ComprehensiveSCRPAFixV8_5 - INFO - 📊 Created large test dataset: 5,000 rows, 10 columns
2025-08-04 21:52:42,675 - ComprehensiveSCRPAFixV8_5 - INFO - 📊 Memory usage: 2.2MB
2025-08-04 21:52:42,675 - ComprehensiveSCRPAFixV8_5 - INFO - ⚡ Completed Creating large test dataset (Fast):
2025-08-04 21:52:42,676 - ComprehensiveSCRPAFixV8_5 - INFO -   ⏱️ Duration: 0.01s
2025-08-04 21:52:42,676 - ComprehensiveSCRPAFixV8_5 - INFO -   💾 Memory: 104.8MB (Δ+1.9MB)
2025-08-04 21:52:42,676 - ComprehensiveSCRPAFixV8_5 - INFO - 💾 Writing large CSV: 5,000 rows in chunks of 1,000
2025-08-04 21:52:42,676 - ComprehensiveSCRPAFixV8_5 - INFO - 🚀 Starting Large CSV write (5,000 rows)... (Memory: 104.8MB)
2025-08-04 21:52:42,684 - ComprehensiveSCRPAFixV8_5 - INFO - 📝 Write progress: 1,000/5,000 rows (20.0%)
2025-08-04 21:52:42,692 - ComprehensiveSCRPAFixV8_5 - INFO - 📝 Write progress: 2,000/5,000 rows (40.0%)
2025-08-04 21:52:42,698 - ComprehensiveSCRPAFixV8_5 - INFO - 📝 Write progress: 3,000/5,000 rows (60.0%)
2025-08-04 21:52:42,704 - ComprehensiveSCRPAFixV8_5 - INFO - 📝 Write progress: 4,000/5,000 rows (80.0%)
2025-08-04 21:52:42,710 - ComprehensiveSCRPAFixV8_5 - INFO - 📝 Write progress: 5,000/5,000 rows (100.0%)
2025-08-04 21:52:42,711 - ComprehensiveSCRPAFixV8_5 - INFO - ⚡ Completed Large CSV write (5,000 rows) (Fast):
2025-08-04 21:52:42,711 - ComprehensiveSCRPAFixV8_5 - INFO -   ⏱️ Duration: 0.03s
2025-08-04 21:52:42,711 - ComprehensiveSCRPAFixV8_5 - INFO -   💾 Memory: 104.9MB (Δ+0.1MB)
2025-08-04 21:52:42,711 - ComprehensiveSCRPAFixV8_5 - INFO - ✅ Large CSV write complete: C:\Users\carucci_r\OneDrive - City of Hackensack\01_DataSources\SCRPA_Time_v2\03_output\temp\test_large_export_5000_rows.csv
2025-08-04 21:52:42,712 - ComprehensiveSCRPAFixV8_5 - INFO - ✅ CSV file created: 0.7MB
2025-08-04 21:52:42,722 - ComprehensiveSCRPAFixV8_5 - INFO - ✅ CSV verification: 5 sample rows read successfully
2025-08-04 21:52:42,723 - ComprehensiveSCRPAFixV8_5 - INFO - 📊 Writing large Excel: 5,000 rows in chunks of 1,000
2025-08-04 21:52:42,723 - ComprehensiveSCRPAFixV8_5 - INFO - 🚀 Starting Large Excel write (5,000 rows)... (Memory: 105.4MB)
2025-08-04 21:52:42,751 - ComprehensiveSCRPAFixV8_5 - INFO - 📝 Excel write progress: 1,000/5,000 rows (20.0%)
2025-08-04 21:52:42,772 - ComprehensiveSCRPAFixV8_5 - INFO - 📝 Excel write progress: 2,000/5,000 rows (40.0%)
2025-08-04 21:52:42,794 - ComprehensiveSCRPAFixV8_5 - INFO - 📝 Excel write progress: 3,000/5,000 rows (60.0%)
2025-08-04 21:52:42,817 - ComprehensiveSCRPAFixV8_5 - INFO - 📝 Excel write progress: 4,000/5,000 rows (80.0%)
2025-08-04 21:52:42,865 - ComprehensiveSCRPAFixV8_5 - INFO - 📝 Excel write progress: 5,000/5,000 rows (100.0%)
2025-08-04 21:52:43,273 - ComprehensiveSCRPAFixV8_5 - INFO - ⚡ Completed Large Excel write (5,000 rows) (Fast):
2025-08-04 21:52:43,274 - ComprehensiveSCRPAFixV8_5 - INFO -   ⏱️ Duration: 0.55s
2025-08-04 21:52:43,274 - ComprehensiveSCRPAFixV8_5 - INFO -   💾 Memory: 121.4MB (Δ+15.9MB)
2025-08-04 21:52:43,274 - ComprehensiveSCRPAFixV8_5 - INFO - ✅ Large Excel write complete: C:\Users\carucci_r\OneDrive - City of Hackensack\01_DataSources\SCRPA_Time_v2\03_output\temp\test_large_export_5000_rows.xlsx
2025-08-04 21:52:43,275 - ComprehensiveSCRPAFixV8_5 - INFO - ✅ Excel file created: 0.3MB
2025-08-04 21:52:43,276 - ComprehensiveSCRPAFixV8_5 - INFO - 🗑️ Cleaned up test file: test_large_export_5000_rows.csv
2025-08-04 21:52:43,277 - ComprehensiveSCRPAFixV8_5 - INFO - 🗑️ Cleaned up test file: test_large_export_5000_rows.xlsx
2025-08-04 21:52:43,277 - ComprehensiveSCRPAFixV8_5 - INFO - ✅ Large file writing test completed
2025-08-04 21:52:43,278 - ComprehensiveSCRPAFixV8_5 - INFO - 🚀 Starting Complete SCRPA Pipeline V8.5... (Memory: 118.3MB)
2025-08-04 21:52:43,278 - ComprehensiveSCRPAFixV8_5 - INFO - Starting Comprehensive SCRPA Fix V8.5 pipeline...
2025-08-04 21:52:43,279 - ComprehensiveSCRPAFixV8_5 - INFO - ⚡ Completed Complete SCRPA Pipeline V8.5 (Fast):
2025-08-04 21:52:43,279 - ComprehensiveSCRPAFixV8_5 - INFO -   ⏱️ Duration: 0.00s
2025-08-04 21:52:43,279 - ComprehensiveSCRPAFixV8_5 - INFO -   💾 Memory: 118.3MB (Δ+0.0MB)
2025-08-04 21:52:43,280 - ComprehensiveSCRPAFixV8_5 - INFO - Latest CAD file: 2025_08_01_19_38_12_SCRPA_CAD.xlsx
2025-08-04 21:52:43,281 - ComprehensiveSCRPAFixV8_5 - INFO - Latest RMS file: 2025_08_01_19_38_12_SCRPA_RMS.xlsx
2025-08-04 21:52:43,282 - ComprehensiveSCRPAFixV8_5 - INFO - 🚀 Starting RMS Data Processing - 2025_08_01_19_38_12_SCRPA_RMS.xlsx... (Memory: 118.3MB)
2025-08-04 21:52:43,282 - ComprehensiveSCRPAFixV8_5 - INFO - Processing RMS data: 2025_08_01_19_38_12_SCRPA_RMS.xlsx
2025-08-04 21:52:43,282 - ComprehensiveSCRPAFixV8_5 - INFO - 🚀 Starting RMS File Loading... (Memory: 118.3MB)
2025-08-04 21:52:43,323 - ComprehensiveSCRPAFixV8_5 - INFO - Loaded RMS file with 140 rows and 31 columns
2025-08-04 21:52:43,324 - ComprehensiveSCRPAFixV8_5 - INFO - RMS columns found: ['Case Number', 'Incident Date', 'Incident Time', 'Incident Date_Between', 'Incident Time_Between', 'Report Date', 'Report Time', 'Incident Type_1', 'Incident Type_2', 'Incident Type_3', 'FullAddress', 'Grid', 'Zone', 'Narrative', 'Total Value Stolen', 'Total Value Recover', 'Registration 1', 'Make1', 'Model1', 'Reg State 1', 'Registration 2', 'Reg State 2', 'Make2', 'Model2', 'Reviewed By', 'CompleteCalc', 'Officer of Record', 'Squad', 'Det_Assigned', 'Case_Status', 'NIBRS Classification']
2025-08-04 21:52:43,324 - ComprehensiveSCRPAFixV8_5 - INFO - ⚡ Completed RMS File Loading (Fast):
2025-08-04 21:52:43,324 - ComprehensiveSCRPAFixV8_5 - INFO -   ⏱️ Duration: 0.04s
2025-08-04 21:52:43,324 - ComprehensiveSCRPAFixV8_5 - INFO -   💾 Memory: 118.9MB (Δ+0.5MB)
2025-08-04 21:52:43,325 - ComprehensiveSCRPAFixV8_5 - INFO - 🚀 Starting RMS Header Normalization & Column Mapping... (Memory: 118.9MB)
2025-08-04 21:52:43,326 - ComprehensiveSCRPAFixV8_5 - INFO - Normalized RMS headers to lowercase snake_case: ['case_number', 'incident_date', 'incident_time', 'incident_date_between', 'incident_time_between', 'report_date', 'report_time', 'incident_type_1', 'incident_type_2', 'incident_type_3', 'full_address', 'grid', 'zone', 'narrative', 'total_value_stolen', 'total_value_recover', 'registration_1', 'make_1', 'model_1', 'reg_state_1', 'registration_2', 'reg_state_2', 'make_2', 'model_2', 'reviewed_by', 'complete_calc', 'officer_of_record', 'squad', 'det_assigned', 'case_status', 'nibrs_classification']
2025-08-04 21:52:43,326 - ComprehensiveSCRPAFixV8_5 - INFO - ⚡ Completed RMS Header Normalization & Column Mapping (Fast):
2025-08-04 21:52:43,326 - ComprehensiveSCRPAFixV8_5 - INFO -   ⏱️ Duration: 0.00s
2025-08-04 21:52:43,326 - ComprehensiveSCRPAFixV8_5 - INFO -   💾 Memory: 118.9MB (Δ+0.0MB)
2025-08-04 21:52:43,327 - ComprehensiveSCRPAFixV8_5 - INFO - ⚡ Completed RMS Data Processing - 2025_08_01_19_38_12_SCRPA_RMS.xlsx (Fast):
2025-08-04 21:52:43,327 - ComprehensiveSCRPAFixV8_5 - INFO -   ⏱️ Duration: 0.04s
2025-08-04 21:52:43,327 - ComprehensiveSCRPAFixV8_5 - INFO -   💾 Memory: 118.9MB (Δ+0.6MB)
2025-08-04 21:52:43,327 - ComprehensiveSCRPAFixV8_5 - INFO - Applied column mapping: {}
2025-08-04 21:52:43,369 - ComprehensiveSCRPAFixV8_5 - INFO - Available date columns: ['incident_date', 'incident_date_between', 'report_date']
2025-08-04 21:52:43,370 - ComprehensiveSCRPAFixV8_5 - INFO - incident_date populated: 136/140
2025-08-04 21:52:43,370 - ComprehensiveSCRPAFixV8_5 - INFO - Sample incident_date values: [Timestamp('2025-01-03 00:00:00'), Timestamp('2025-01-07 00:00:00'), Timestamp('2025-01-06 00:00:00')]
2025-08-04 21:52:43,371 - ComprehensiveSCRPAFixV8_5 - INFO - incident_date_between populated: 62/140
2025-08-04 21:52:43,371 - ComprehensiveSCRPAFixV8_5 - INFO - Sample incident_date_between values: [Timestamp('2025-01-04 00:00:00'), Timestamp('2025-01-10 00:00:00'), Timestamp('2025-01-16 00:00:00')]
2025-08-04 21:52:43,372 - ComprehensiveSCRPAFixV8_5 - INFO - report_date populated: 140/140
2025-08-04 21:52:43,372 - ComprehensiveSCRPAFixV8_5 - INFO - Sample report_date values: [Timestamp('2025-01-04 00:00:00'), Timestamp('2025-01-10 00:00:00'), Timestamp('2025-01-10 00:00:00')]
2025-08-04 21:52:43,376 - ComprehensiveSCRPAFixV8_5 - INFO - Incident dates after cascading: 140/140
2025-08-04 21:52:43,376 - ComprehensiveSCRPAFixV8_5 - INFO - Sample cascaded dates: [datetime.date(2025, 1, 3), datetime.date(2025, 1, 7), datetime.date(2025, 1, 6), datetime.date(2025, 1, 13), datetime.date(2025, 1, 14)]
2025-08-04 21:52:43,381 - ComprehensiveSCRPAFixV8_5 - INFO - Sample incident_date values: [datetime.date(2025, 1, 3), datetime.date(2025, 1, 7), datetime.date(2025, 1, 6), datetime.date(2025, 1, 13), datetime.date(2025, 1, 14)]
2025-08-04 21:52:43,381 - ComprehensiveSCRPAFixV8_5 - INFO - Null incident_date count: 0
2025-08-04 21:52:43,382 - ComprehensiveSCRPAFixV8_5 - INFO - Date types: object
2025-08-04 21:52:43,383 - ComprehensiveSCRPAFixV8_5 - INFO - Period calculation results: {'YTD': 115, '28-Day': 20, '7-Day': 4, 'Historical': 1}
2025-08-04 21:52:43,385 - ComprehensiveSCRPAFixV8_5 - INFO - Date/Period Analysis Summary:
2025-08-04 21:52:43,385 - ComprehensiveSCRPAFixV8_5 - INFO -   - 7-Day period records: 4
2025-08-04 21:52:43,385 - ComprehensiveSCRPAFixV8_5 - INFO -   - 28-Day period records: 20
2025-08-04 21:52:43,386 - ComprehensiveSCRPAFixV8_5 - INFO -   - YTD period records: 115
2025-08-04 21:52:43,386 - ComprehensiveSCRPAFixV8_5 - INFO -   - Historical period records: 1
2025-08-04 21:52:43,386 - ComprehensiveSCRPAFixV8_5 - INFO - ✅ Date processing working correctly - mix of periods found
2025-08-04 21:52:43,503 - ComprehensiveSCRPAFixV8_5 - WARNING - Removing Jersey City address: 128 Christopher Columbus Drive, Jersey City, NJ 07302, Hackensack, NJ, 07601
2025-08-04 21:52:43,504 - ComprehensiveSCRPAFixV8_5 - INFO - Address validation: 139/140 addresses validated
2025-08-04 21:52:43,505 - ComprehensiveSCRPAFixV8_5 - INFO - Block calculation: 140/140 blocks calculated
2025-08-04 21:52:43,532 - ComprehensiveSCRPAFixV8_5 - INFO - Grid/Post backfill: 133/140 grids, 129/140 posts
2025-08-04 21:52:43,593 - ComprehensiveSCRPAFixV8_5 - INFO - Narrative cleaning: 140/140 narratives cleaned
2025-08-04 21:52:43,594 - ComprehensiveSCRPAFixV8_5 - INFO - ✅ RMS header validation PASSED: All 50 columns follow lowercase snake_case
2025-08-04 21:52:43,594 - ComprehensiveSCRPAFixV8_5 - INFO - RMS headers validation passed - all headers are lowercase snake_case
2025-08-04 21:52:43,596 - ComprehensiveSCRPAFixV8_5 - INFO - RMS records before filtering: 140
2025-08-04 21:52:43,596 - ComprehensiveSCRPAFixV8_5 - INFO - Period distribution: {'YTD': 115, '28-Day': 20, '7-Day': 4, 'Historical': 1}
2025-08-04 21:52:43,597 - ComprehensiveSCRPAFixV8_5 - INFO - Non-historical records: 139
2025-08-04 21:52:43,598 - ComprehensiveSCRPAFixV8_5 - INFO - Sample case numbers: ['25-000813', '25-002564', '25-002635', '25-003362', '25-003813']
2025-08-04 21:52:43,598 - ComprehensiveSCRPAFixV8_5 - INFO - Records with excluded case number '25-057654': 1
2025-08-04 21:52:43,599 - ComprehensiveSCRPAFixV8_5 - INFO - Incident dates populated: 140/140
2025-08-04 21:52:43,599 - ComprehensiveSCRPAFixV8_5 - INFO - Sample incident dates: [Timestamp('2025-01-03 00:00:00'), Timestamp('2025-01-07 00:00:00'), Timestamp('2025-01-06 00:00:00'), Timestamp('2025-01-13 00:00:00'), Timestamp('2025-01-14 00:00:00')]
2025-08-04 21:52:43,600 - ComprehensiveSCRPAFixV8_5 - INFO - Date range: 2017-06-20 00:00:00 to 2025-07-31 00:00:00
2025-08-04 21:52:43,600 - ComprehensiveSCRPAFixV8_5 - INFO - After case number filter: 139/140 records
2025-08-04 21:52:43,601 - ComprehensiveSCRPAFixV8_5 - INFO - After period filter: 138/140 records
2025-08-04 21:52:43,601 - ComprehensiveSCRPAFixV8_5 - INFO - RMS processing complete: 138 records after filtering
2025-08-04 21:52:43,601 - ComprehensiveSCRPAFixV8_5 - INFO - Final RMS columns: ['case_number', 'incident_date', 'incident_time', 'time_of_day', 'time_of_day_sort_order', 'period', 'season', 'day_of_week', 'day_type', 'location', 'block', 'grid', 'post', 'incident_type', 'all_incidents', 'vehicle_1', 'vehicle_2', 'vehicle_1_and_vehicle_2', 'narrative', 'total_value_stolen', 'squad', 'officer_of_record', 'nibrs_classification', 'cycle_name']
2025-08-04 21:52:43,601 - ComprehensiveSCRPAFixV8_5 - INFO - REMOVED CAD-specific columns: incident_type, crime_category, response_type
2025-08-04 21:52:43,678 - ComprehensiveSCRPAFixV8_5 - INFO - Found 30 duplicate incidents in reference file.
2025-08-04 21:52:43,679 - ComprehensiveSCRPAFixV8_5 - INFO - Applying priority-based duplicate resolution:
2025-08-04 21:52:43,679 - ComprehensiveSCRPAFixV8_5 - INFO -   'DOMESTIC DISPUTE': 3 variants -> keeping highest priority
2025-08-04 21:52:43,680 - ComprehensiveSCRPAFixV8_5 - INFO -   'SHOPLIFTING 2C:20-11': 3 variants -> keeping highest priority
2025-08-04 21:52:43,680 - ComprehensiveSCRPAFixV8_5 - INFO -   'SIMPLE ASSAULT 2C:12-1A': 4 variants -> keeping highest priority
2025-08-04 21:52:43,680 - ComprehensiveSCRPAFixV8_5 - INFO -   'TARGETED AREA PATROL': 3 variants -> keeping highest priority
2025-08-04 21:52:43,681 - ComprehensiveSCRPAFixV8_5 - INFO -   'TERRORISTIC THREATS 2C:12-3': 3 variants -> keeping highest priority
2025-08-04 21:52:43,681 - ComprehensiveSCRPAFixV8_5 - INFO -   'WEAPONS SEIZURE - 2C:25-21D': 2 variants -> keeping highest priority
2025-08-04 21:52:43,681 - ComprehensiveSCRPAFixV8_5 - INFO -   'WEATHER ALERTS': 2 variants -> keeping highest priority
2025-08-04 21:52:43,682 - ComprehensiveSCRPAFixV8_5 - INFO -   'WELFARE CHECK': 2 variants -> keeping highest priority
2025-08-04 21:52:43,682 - ComprehensiveSCRPAFixV8_5 - INFO -   'WIDESPREAD DAMAGE - 2C:17-2': 2 variants -> keeping highest priority
2025-08-04 21:52:43,683 - ComprehensiveSCRPAFixV8_5 - INFO -   'WIRE DOWN': 2 variants -> keeping highest priority
2025-08-04 21:52:43,683 - ComprehensiveSCRPAFixV8_5 - INFO -   'WITNESS TAMPERING - 2C:28-5': 2 variants -> keeping highest priority
2025-08-04 21:52:43,683 - ComprehensiveSCRPAFixV8_5 - INFO -   'WRONGFUL IMPERSONATING - 2C:21-1': 2 variants -> keeping highest priority
2025-08-04 21:52:43,689 - ComprehensiveSCRPAFixV8_5 - INFO - Priority-based resolution completed: 30 duplicates resolved
2025-08-04 21:52:43,708 - ComprehensiveSCRPAFixV8_5 - INFO - Enhanced call type reference loaded successfully:
2025-08-04 21:52:43,708 - ComprehensiveSCRPAFixV8_5 - INFO -   - Total records: 592
2025-08-04 21:52:43,708 - ComprehensiveSCRPAFixV8_5 - INFO -   - Unique incidents: 574
2025-08-04 21:52:43,709 - ComprehensiveSCRPAFixV8_5 - INFO -   - Duplicates found: 30
2025-08-04 21:52:43,709 - ComprehensiveSCRPAFixV8_5 - INFO -   - Duplicates resolved: 30
2025-08-04 21:52:43,709 - ComprehensiveSCRPAFixV8_5 - INFO -   - Normalized columns: ['incident', 'category_type', 'response_type']
2025-08-04 21:52:43,710 - ComprehensiveSCRPAFixV8_5 - INFO - 🚀 Starting CAD Data Processing - 2025_08_01_19_38_12_SCRPA_CAD.xlsx... (Memory: 117.5MB)
2025-08-04 21:52:43,710 - ComprehensiveSCRPAFixV8_5 - INFO - Processing CAD data: 2025_08_01_19_38_12_SCRPA_CAD.xlsx
2025-08-04 21:52:43,710 - ComprehensiveSCRPAFixV8_5 - INFO - ⚡ Completed CAD Data Processing - 2025_08_01_19_38_12_SCRPA_CAD.xlsx (Fast):
2025-08-04 21:52:43,710 - ComprehensiveSCRPAFixV8_5 - INFO -   ⏱️ Duration: 0.00s
2025-08-04 21:52:43,711 - ComprehensiveSCRPAFixV8_5 - INFO -   💾 Memory: 117.5MB (Δ+0.0MB)
2025-08-04 21:52:43,765 - ComprehensiveSCRPAFixV8_5 - INFO - Loaded CAD file with 115 rows and 20 columns
2025-08-04 21:52:43,766 - ComprehensiveSCRPAFixV8_5 - INFO - CAD columns found: ['ReportNumberNew', 'Incident', 'How Reported', 'FullAddress2', 'PDZone', 'Grid', 'Time of Call', 'cYear', 'cMonth', 'HourMinuetsCalc', 'DayofWeek', 'Time Dispatched', 'Time Out', 'Time In', 'Time Spent', 'Time Response', 'Officer', 'Disposition', 'Response Type', 'CADNotes']
2025-08-04 21:52:43,766 - ComprehensiveSCRPAFixV8_5 - INFO - Applied dtype={'How Reported': str} to prevent Excel auto-parsing '9-1-1' as date
2025-08-04 21:52:43,769 - ComprehensiveSCRPAFixV8_5 - INFO - Applied enhanced fixes to prevent '9-1-1' date conversion
2025-08-04 21:52:43,769 - ComprehensiveSCRPAFixV8_5 - INFO - Applied column mapping: {'ReportNumberNew': 'case_number', 'Incident': 'incident', 'How Reported': 'how_reported', 'FullAddress2': 'full_address_raw', 'PDZone': 'post', 'Grid': 'grid_raw', 'Time of Call': 'time_of_call', 'cYear': 'call_year', 'cMonth': 'call_month', 'HourMinuetsCalc': 'hour_minutes_calc', 'DayofWeek': 'day_of_week_raw', 'Time Dispatched': 'time_dispatched', 'Time Out': 'time_out', 'Time In': 'time_in', 'Time Spent': 'time_spent_raw', 'Time Response': 'time_response_raw', 'Officer': 'officer', 'Disposition': 'disposition', 'Response Type': 'response_type_fallback', 'CADNotes': 'cad_notes_raw'}
2025-08-04 21:52:43,770 - ComprehensiveSCRPAFixV8_5 - INFO - Normalized CAD headers to lowercase snake_case: ['case_number', 'incident', 'how_reported', 'full_address_raw', 'post', 'grid_raw', 'time_of_call', 'call_year', 'call_month', 'hour_minutes_calc', 'day_of_week_raw', 'time_dispatched', 'time_out', 'time_in', 'time_spent_raw', 'time_response_raw', 'officer', 'disposition', 'response_type_fallback', 'cad_notes_raw']
2025-08-04 21:52:43,781 - ComprehensiveSCRPAFixV8_5 - INFO - Starting proper CallType_Categories.xlsx mapping for 115 CAD records
2025-08-04 21:52:43,782 - ComprehensiveSCRPAFixV8_5 - INFO - Sample incident values: ['Motor Vehicle Theft - 2C:20-3', 'Criminal Sexual Contact - 2C:14-3a', 'Burglary - Auto - 2C:18-2', 'Burglary - Residence - 2C:18-2', 'Motor Vehicle Theft - 2C:20-3']
2025-08-04 21:52:43,806 - ComprehensiveSCRPAFixV8_5 - INFO - Loaded CallType_Categories.xlsx with 592 records
2025-08-04 21:52:43,806 - ComprehensiveSCRPAFixV8_5 - INFO - CallType columns: ['Incident', 'Category Type', 'Response Type']
2025-08-04 21:52:43,824 - ComprehensiveSCRPAFixV8_5 - INFO - Created mapping dictionary with 574 entries
2025-08-04 21:52:43,825 - ComprehensiveSCRPAFixV8_5 - INFO - CallType_Categories.xlsx mapping results:
2025-08-04 21:52:43,826 - ComprehensiveSCRPAFixV8_5 - INFO -   - Total incidents: 115
2025-08-04 21:52:43,826 - ComprehensiveSCRPAFixV8_5 - INFO -   - Mapped incidents: 115
2025-08-04 21:52:43,826 - ComprehensiveSCRPAFixV8_5 - INFO -   - Unmapped incidents: 0
2025-08-04 21:52:43,826 - ComprehensiveSCRPAFixV8_5 - INFO -   - Mapping rate: 100.0%
2025-08-04 21:52:43,827 - ComprehensiveSCRPAFixV8_5 - INFO - Category type distribution: {'Criminal Incidents': 115}
2025-08-04 21:52:43,828 - ComprehensiveSCRPAFixV8_5 - INFO - Top 10 response types: {'Emergency': 81, 'Routine': 34}
2025-08-04 21:52:43,830 - ComprehensiveSCRPAFixV8_5 - INFO - Final column coverage:
2025-08-04 21:52:43,830 - ComprehensiveSCRPAFixV8_5 - INFO -   - response_type coverage: 100.0%
2025-08-04 21:52:43,830 - ComprehensiveSCRPAFixV8_5 - INFO -   - category_type coverage: 100.0%
2025-08-04 21:52:43,837 - ComprehensiveSCRPAFixV8_5 - INFO - Grid processing: 108/115 records have grid values
2025-08-04 21:52:43,878 - ComprehensiveSCRPAFixV8_5 - INFO - CAD notes parsing complete: 115 records processed
2025-08-04 21:52:43,965 - ComprehensiveSCRPAFixV8_5 - INFO - CAD response_type populated in 115/115 records
2025-08-04 21:52:43,966 - ComprehensiveSCRPAFixV8_5 - INFO - CAD grid populated in 108/115 records
2025-08-04 21:52:43,966 - ComprehensiveSCRPAFixV8_5 - INFO - CAD post populated in 111/115 records
2025-08-04 21:52:43,968 - ComprehensiveSCRPAFixV8_5 - INFO - ✅ CAD header validation PASSED: All 36 columns follow lowercase snake_case
2025-08-04 21:52:43,968 - ComprehensiveSCRPAFixV8_5 - INFO - CAD headers validation passed - all headers are lowercase snake_case
2025-08-04 21:52:43,968 - ComprehensiveSCRPAFixV8_5 - INFO - CAD processing complete: 115 records
2025-08-04 21:52:43,968 - ComprehensiveSCRPAFixV8_5 - INFO - Final CAD columns: ['case_number', 'incident', 'response_type', 'category_type', 'response_type_cad', 'category_type_cad', 'how_reported', 'location', 'block', 'grid', 'post', 'time_of_call', 'time_dispatched', 'time_out', 'time_in', 'time_spent_minutes', 'time_response_minutes', 'time_spent_formatted', 'time_response_formatted', 'officer', 'disposition', 'cad_notes_cleaned', 'cad_username', 'cad_timestamp', 'cycle_name']
2025-08-04 21:52:44,002 - ComprehensiveSCRPAFixV8_5 - INFO - ✅ RMS header validation PASSED: All 24 columns follow lowercase snake_case
2025-08-04 21:52:44,002 - ComprehensiveSCRPAFixV8_5 - INFO - 💾 Writing standard CSV: 138 rows
2025-08-04 21:52:44,010 - ComprehensiveSCRPAFixV8_5 - INFO - RMS data saved: C:\Users\carucci_r\OneDrive - City of Hackensack\01_DataSources\SCRPA_Time_v2\04_powerbi\C08W31_20250804_7Day_rms_data_standardized_v3.csv
2025-08-04 21:52:44,013 - ComprehensiveSCRPAFixV8_5 - INFO - ✅ CAD header validation PASSED: All 25 columns follow lowercase snake_case
2025-08-04 21:52:44,014 - ComprehensiveSCRPAFixV8_5 - INFO - 💾 Writing standard CSV: 115 rows
2025-08-04 21:52:44,019 - ComprehensiveSCRPAFixV8_5 - INFO - CAD data saved: C:\Users\carucci_r\OneDrive - City of Hackensack\01_DataSources\SCRPA_Time_v2\04_powerbi\C08W31_20250804_7Day_cad_data_standardized_v2.csv
2025-08-04 21:52:44,020 - ComprehensiveSCRPAFixV8_5 - INFO - ✅ CAD Data header validation PASSED: All 25 columns follow lowercase snake_case
2025-08-04 21:52:44,020 - ComprehensiveSCRPAFixV8_5 - INFO - ================================================================================
2025-08-04 21:52:44,021 - ComprehensiveSCRPAFixV8_5 - INFO - COMPREHENSIVE QC REPORT - CAD INCIDENT MAPPING
2025-08-04 21:52:44,021 - ComprehensiveSCRPAFixV8_5 - INFO - ================================================================================
2025-08-04 21:52:44,021 - ComprehensiveSCRPAFixV8_5 - INFO - 1. REFERENCE FILE VALIDATION
2025-08-04 21:52:44,021 - ComprehensiveSCRPAFixV8_5 - INFO - OK Reference file loaded: 592 records
2025-08-04 21:52:44,021 - ComprehensiveSCRPAFixV8_5 - INFO - OK Unique incidents: 574
2025-08-04 21:52:44,022 - ComprehensiveSCRPAFixV8_5 - INFO - OK Duplicates found: 30
2025-08-04 21:52:44,022 - ComprehensiveSCRPAFixV8_5 - INFO - OK Duplicates resolved: 30 (deterministic)
2025-08-04 21:52:44,022 - ComprehensiveSCRPAFixV8_5 - INFO - OK Resolution method: priority_based_deterministic
2025-08-04 21:52:44,022 - ComprehensiveSCRPAFixV8_5 - INFO - 
2025-08-04 21:52:44,022 - ComprehensiveSCRPAFixV8_5 - INFO - 2. MAPPING PERFORMANCE VALIDATION
2025-08-04 21:52:44,022 - ComprehensiveSCRPAFixV8_5 - INFO - OK Mapping success rate: 100.0% (>= 98.0%)
2025-08-04 21:52:44,023 - ComprehensiveSCRPAFixV8_5 - INFO - OK Mapped incidents: 115/115
2025-08-04 21:52:44,023 - ComprehensiveSCRPAFixV8_5 - INFO - 
2025-08-04 21:52:44,023 - ComprehensiveSCRPAFixV8_5 - INFO - 3. DATA QUALITY VALIDATION
2025-08-04 21:52:44,023 - ComprehensiveSCRPAFixV8_5 - INFO - OK All required columns present
2025-08-04 21:52:44,023 - ComprehensiveSCRPAFixV8_5 - INFO - OK Total records: 115
2025-08-04 21:52:44,023 - ComprehensiveSCRPAFixV8_5 - INFO - OK Incident populated: 115/115
2025-08-04 21:52:44,023 - ComprehensiveSCRPAFixV8_5 - INFO - OK Response type (CAD) populated: 115/115
2025-08-04 21:52:44,024 - ComprehensiveSCRPAFixV8_5 - INFO - OK Category type (CAD) populated: 115/115
2025-08-04 21:52:44,024 - ComprehensiveSCRPAFixV8_5 - INFO - OK No data loss: record count maintained
2025-08-04 21:52:44,024 - ComprehensiveSCRPAFixV8_5 - INFO - 
2025-08-04 21:52:44,024 - ComprehensiveSCRPAFixV8_5 - INFO - 4. HEADER COMPLIANCE VALIDATION
2025-08-04 21:52:44,025 - ComprehensiveSCRPAFixV8_5 - INFO - OK All headers lowercase snake_case: 25/25
2025-08-04 21:52:44,025 - ComprehensiveSCRPAFixV8_5 - INFO - 
2025-08-04 21:52:44,025 - ComprehensiveSCRPAFixV8_5 - INFO - 6. OVERALL QC STATUS
2025-08-04 21:52:44,025 - ComprehensiveSCRPAFixV8_5 - INFO - SUCCESS OVERALL STATUS: PASS - All validations successful
2025-08-04 21:52:44,025 - ComprehensiveSCRPAFixV8_5 - INFO - OK CAD incident mapping pipeline is fully operational
2025-08-04 21:52:44,026 - ComprehensiveSCRPAFixV8_5 - INFO - OK Ready for production use
2025-08-04 21:52:44,026 - ComprehensiveSCRPAFixV8_5 - INFO - ================================================================================
2025-08-04 21:52:44,026 - ComprehensiveSCRPAFixV8_5 - INFO - Enhanced QC Report Status: PASS
2025-08-04 21:52:44,026 - ComprehensiveSCRPAFixV8_5 - INFO - All QC validations passed successfully
2025-08-04 21:52:44,026 - ComprehensiveSCRPAFixV8_5 - INFO - Starting CAD-RMS matching: RMS=138 records, CAD=115 records
2025-08-04 21:52:44,034 - ComprehensiveSCRPAFixV8_5 - INFO - Implementing CAD-first, RMS-fallback logic for response_type and category_type...
2025-08-04 21:52:44,039 - ComprehensiveSCRPAFixV8_5 - INFO - CAD-first logic results:
2025-08-04 21:52:44,039 - ComprehensiveSCRPAFixV8_5 - INFO -   - response_type_cad populated: 87
2025-08-04 21:52:44,039 - ComprehensiveSCRPAFixV8_5 - INFO -   - category_type_cad populated: 87
2025-08-04 21:52:44,039 - ComprehensiveSCRPAFixV8_5 - INFO -   - Final response_type populated: 87
2025-08-04 21:52:44,039 - ComprehensiveSCRPAFixV8_5 - INFO -   - Final category_type populated: 87
2025-08-04 21:52:44,040 - ComprehensiveSCRPAFixV8_5 - INFO - CAD-RMS matching complete:
2025-08-04 21:52:44,040 - ComprehensiveSCRPAFixV8_5 - INFO -   - Final record count: 138 (matches RMS input)
2025-08-04 21:52:44,040 - ComprehensiveSCRPAFixV8_5 - INFO -   - CAD matches found: 87
2025-08-04 21:52:44,041 - ComprehensiveSCRPAFixV8_5 - INFO -   - Match rate: 63.0%
2025-08-04 21:52:44,048 - ComprehensiveSCRPAFixV8_5 - INFO - ✅ Joined CAD-RMS header validation PASSED: All 26 columns follow lowercase snake_case
2025-08-04 21:52:44,049 - ComprehensiveSCRPAFixV8_5 - INFO - 💾 Writing standard CSV: 138 rows
2025-08-04 21:52:44,057 - ComprehensiveSCRPAFixV8_5 - INFO - Joined data saved: C:\Users\carucci_r\OneDrive - City of Hackensack\01_DataSources\SCRPA_Time_v2\04_powerbi\C08W31_20250804_7Day_cad_rms_matched_standardized.csv
2025-08-04 21:52:44,058 - ComprehensiveSCRPAFixV8_5 - INFO - ✅ CAD Data header validation PASSED: All 25 columns follow lowercase snake_case
2025-08-04 21:52:44,058 - ComprehensiveSCRPAFixV8_5 - INFO - ================================================================================
2025-08-04 21:52:44,058 - ComprehensiveSCRPAFixV8_5 - INFO - COMPREHENSIVE QC REPORT - CAD INCIDENT MAPPING
2025-08-04 21:52:44,059 - ComprehensiveSCRPAFixV8_5 - INFO - ================================================================================
2025-08-04 21:52:44,059 - ComprehensiveSCRPAFixV8_5 - INFO - 1. REFERENCE FILE VALIDATION
2025-08-04 21:52:44,059 - ComprehensiveSCRPAFixV8_5 - INFO - OK Reference file loaded: 592 records
2025-08-04 21:52:44,059 - ComprehensiveSCRPAFixV8_5 - INFO - OK Unique incidents: 574
2025-08-04 21:52:44,059 - ComprehensiveSCRPAFixV8_5 - INFO - OK Duplicates found: 30
2025-08-04 21:52:44,059 - ComprehensiveSCRPAFixV8_5 - INFO - OK Duplicates resolved: 30 (deterministic)
2025-08-04 21:52:44,060 - ComprehensiveSCRPAFixV8_5 - INFO - OK Resolution method: priority_based_deterministic
2025-08-04 21:52:44,060 - ComprehensiveSCRPAFixV8_5 - INFO - 
2025-08-04 21:52:44,060 - ComprehensiveSCRPAFixV8_5 - INFO - 2. MAPPING PERFORMANCE VALIDATION
2025-08-04 21:52:44,060 - ComprehensiveSCRPAFixV8_5 - INFO - OK Mapping success rate: 100.0% (>= 98.0%)
2025-08-04 21:52:44,060 - ComprehensiveSCRPAFixV8_5 - INFO - OK Mapped incidents: 115/115
2025-08-04 21:52:44,060 - ComprehensiveSCRPAFixV8_5 - INFO - 
2025-08-04 21:52:44,060 - ComprehensiveSCRPAFixV8_5 - INFO - 3. DATA QUALITY VALIDATION
2025-08-04 21:52:44,060 - ComprehensiveSCRPAFixV8_5 - INFO - OK All required columns present
2025-08-04 21:52:44,061 - ComprehensiveSCRPAFixV8_5 - INFO - OK Total records: 115
2025-08-04 21:52:44,061 - ComprehensiveSCRPAFixV8_5 - INFO - OK Incident populated: 115/115
2025-08-04 21:52:44,061 - ComprehensiveSCRPAFixV8_5 - INFO - OK Response type (CAD) populated: 115/115
2025-08-04 21:52:44,062 - ComprehensiveSCRPAFixV8_5 - INFO - OK Category type (CAD) populated: 115/115
2025-08-04 21:52:44,062 - ComprehensiveSCRPAFixV8_5 - INFO - OK No data loss: record count maintained
2025-08-04 21:52:44,062 - ComprehensiveSCRPAFixV8_5 - INFO - 
2025-08-04 21:52:44,062 - ComprehensiveSCRPAFixV8_5 - INFO - 4. HEADER COMPLIANCE VALIDATION
2025-08-04 21:52:44,063 - ComprehensiveSCRPAFixV8_5 - INFO - OK All headers lowercase snake_case: 25/25
2025-08-04 21:52:44,063 - ComprehensiveSCRPAFixV8_5 - INFO - 
2025-08-04 21:52:44,063 - ComprehensiveSCRPAFixV8_5 - INFO - 6. OVERALL QC STATUS
2025-08-04 21:52:44,063 - ComprehensiveSCRPAFixV8_5 - INFO - SUCCESS OVERALL STATUS: PASS - All validations successful
2025-08-04 21:52:44,064 - ComprehensiveSCRPAFixV8_5 - INFO - OK CAD incident mapping pipeline is fully operational
2025-08-04 21:52:44,064 - ComprehensiveSCRPAFixV8_5 - INFO - OK Ready for production use
2025-08-04 21:52:44,064 - ComprehensiveSCRPAFixV8_5 - INFO - ================================================================================
2025-08-04 21:52:44,064 - ComprehensiveSCRPAFixV8_5 - INFO - Enhanced QC Report Status: PASS
2025-08-04 21:52:44,064 - ComprehensiveSCRPAFixV8_5 - INFO - All QC validations passed successfully
2025-08-04 21:52:44,064 - ComprehensiveSCRPAFixV8_5 - INFO - Starting 7-Day SCRPA incident export...
2025-08-04 21:52:44,065 - ComprehensiveSCRPAFixV8_5 - INFO - 7-Day period records found: 4
2025-08-04 21:52:44,077 - ComprehensiveSCRPAFixV8_5 - INFO - Multi-Column Filtering Validation Results:
2025-08-04 21:52:44,078 - ComprehensiveSCRPAFixV8_5 - INFO -   - Available search columns: 4
2025-08-04 21:52:44,078 - ComprehensiveSCRPAFixV8_5 - INFO -   - Total unique crime matches: 0
2025-08-04 21:52:44,078 - ComprehensiveSCRPAFixV8_5 - INFO -   - Filtering accuracy: 0.0%
2025-08-04 21:52:44,079 - ComprehensiveSCRPAFixV8_5 - INFO -   - incident_type: 0 total matches
2025-08-04 21:52:44,079 - ComprehensiveSCRPAFixV8_5 - INFO -   - all_incidents: 0 total matches
2025-08-04 21:52:44,079 - ComprehensiveSCRPAFixV8_5 - INFO -   - vehicle_1: 0 total matches
2025-08-04 21:52:44,079 - ComprehensiveSCRPAFixV8_5 - INFO -   - vehicle_2: 0 total matches
2025-08-04 21:52:44,079 - ComprehensiveSCRPAFixV8_5 - INFO - Validation completed - filtering accuracy: 0.0%
2025-08-04 21:52:44,081 - ComprehensiveSCRPAFixV8_5 - INFO - After multi-column crime filtering: 4 records
2025-08-04 21:52:44,083 - ComprehensiveSCRPAFixV8_5 - INFO - ============================================================
2025-08-04 21:52:44,083 - ComprehensiveSCRPAFixV8_5 - INFO - 7-DAY CRIME CATEGORY VALIDATION REPORT
2025-08-04 21:52:44,083 - ComprehensiveSCRPAFixV8_5 - INFO - ============================================================
2025-08-04 21:52:44,083 - ComprehensiveSCRPAFixV8_5 - INFO - Total 7-Day records validated: 4
2025-08-04 21:52:44,083 - ComprehensiveSCRPAFixV8_5 - INFO - Crime Category Breakdown:
2025-08-04 21:52:44,084 - ComprehensiveSCRPAFixV8_5 - INFO -   - Burglary - Auto: 3 incidents
2025-08-04 21:52:44,084 - ComprehensiveSCRPAFixV8_5 - INFO -   - Burglary - Residence: 1 incidents
2025-08-04 21:52:44,084 - ComprehensiveSCRPAFixV8_5 - INFO - Column Match Analysis:
2025-08-04 21:52:44,084 - ComprehensiveSCRPAFixV8_5 - INFO -   - incident_type: 4 populated, 4 matches
2025-08-04 21:52:44,084 - ComprehensiveSCRPAFixV8_5 - INFO -     Sample values: Burglary - Auto, Burglary - Residence
2025-08-04 21:52:44,085 - ComprehensiveSCRPAFixV8_5 - INFO -   - all_incidents: 4 populated, 4 matches
2025-08-04 21:52:44,085 - ComprehensiveSCRPAFixV8_5 - INFO -     Sample values: Burglary - Auto, Burglary - Residence, Burglary - Auto, Criminal Misc...
2025-08-04 21:52:44,085 - ComprehensiveSCRPAFixV8_5 - INFO -   - vehicle_1: 3 populated, 0 matches
2025-08-04 21:52:44,085 - ComprehensiveSCRPAFixV8_5 - INFO -     Sample values: NJ - XMGF31, FORD/EC2, NJ - N77EVE, ACURA/MDX, NJ - V29NEM, TESLA/MOD
2025-08-04 21:52:44,085 - ComprehensiveSCRPAFixV8_5 - INFO - Pattern Match Analysis:
2025-08-04 21:52:44,085 - ComprehensiveSCRPAFixV8_5 - INFO -   - Burglary - Auto: 3 matches
2025-08-04 21:52:44,085 - ComprehensiveSCRPAFixV8_5 - INFO -     * Pattern 'BURGLARY.*AUTO': 6 matches in columns ['incident_type', 'all_incidents']
2025-08-04 21:52:44,086 - ComprehensiveSCRPAFixV8_5 - INFO -   - Burglary - Residence: 1 matches
2025-08-04 21:52:44,086 - ComprehensiveSCRPAFixV8_5 - INFO -     * Pattern 'BURGLARY.*RESIDENCE': 2 matches in columns ['incident_type', 'all_incidents']
2025-08-04 21:52:44,086 - ComprehensiveSCRPAFixV8_5 - INFO - Detailed Record Validation:
2025-08-04 21:52:44,086 - ComprehensiveSCRPAFixV8_5 - INFO -   Record 1 - Case 25-063470:
2025-08-04 21:52:44,086 - ComprehensiveSCRPAFixV8_5 - INFO -     - Date/Time: 2025-07-28 00:00:00 None
2025-08-04 21:52:44,086 - ComprehensiveSCRPAFixV8_5 - INFO -     - Period: 7-Day
2025-08-04 21:52:44,086 - ComprehensiveSCRPAFixV8_5 - INFO -     - Crime Category: Burglary - Auto
2025-08-04 21:52:44,087 - ComprehensiveSCRPAFixV8_5 - INFO -     - Matching Columns: ['incident_type', 'all_incidents']
2025-08-04 21:52:44,087 - ComprehensiveSCRPAFixV8_5 - INFO -     - Location: 286 Lodi Street, Hackensack, NJ, 07601
2025-08-04 21:52:44,087 - ComprehensiveSCRPAFixV8_5 - INFO -     - Incident Type: Burglary - Auto
2025-08-04 21:52:44,087 - ComprehensiveSCRPAFixV8_5 - INFO -     - All Incidents: Burglary - Auto
2025-08-04 21:52:44,087 - ComprehensiveSCRPAFixV8_5 - INFO -     - Narrative: Insurance: Plymouth Rock #Pac00001191262, Code 017. I Responded To The Listed Location On A Reported...
2025-08-04 21:52:44,088 - ComprehensiveSCRPAFixV8_5 - INFO -   Record 2 - Case 25-063984:
2025-08-04 21:52:44,088 - ComprehensiveSCRPAFixV8_5 - INFO -     - Date/Time: 2025-07-28 00:00:00 None
2025-08-04 21:52:44,088 - ComprehensiveSCRPAFixV8_5 - INFO -     - Period: 7-Day
2025-08-04 21:52:44,088 - ComprehensiveSCRPAFixV8_5 - INFO -     - Crime Category: Burglary - Residence
2025-08-04 21:52:44,088 - ComprehensiveSCRPAFixV8_5 - INFO -     - Matching Columns: ['incident_type', 'all_incidents']
2025-08-04 21:52:44,088 - ComprehensiveSCRPAFixV8_5 - INFO -     - Location: 27 Water Street, Hackensack, NJ, 07601
2025-08-04 21:52:44,089 - ComprehensiveSCRPAFixV8_5 - INFO -     - Incident Type: Burglary - Residence
2025-08-04 21:52:44,089 - ComprehensiveSCRPAFixV8_5 - INFO -     - All Incidents: Burglary - Residence
2025-08-04 21:52:44,089 - ComprehensiveSCRPAFixV8_5 - INFO -     - Narrative: On July 29, 2025 I Responded To 27 Water St On A Report Of A Theft. Upon Arrival, I Met With The Vic...
2025-08-04 21:52:44,089 - ComprehensiveSCRPAFixV8_5 - INFO -   Record 3 - Case 25-064713:
2025-08-04 21:52:44,089 - ComprehensiveSCRPAFixV8_5 - INFO -     - Date/Time: 2025-07-31 00:00:00 None
2025-08-04 21:52:44,089 - ComprehensiveSCRPAFixV8_5 - INFO -     - Period: 7-Day
2025-08-04 21:52:44,089 - ComprehensiveSCRPAFixV8_5 - INFO -     - Crime Category: Burglary - Auto
2025-08-04 21:52:44,090 - ComprehensiveSCRPAFixV8_5 - INFO -     - Matching Columns: ['incident_type', 'all_incidents']
2025-08-04 21:52:44,090 - ComprehensiveSCRPAFixV8_5 - INFO -     - Location: 405 Central Avenue, Hackensack, NJ, 07601
2025-08-04 21:52:44,090 - ComprehensiveSCRPAFixV8_5 - INFO -     - Incident Type: Burglary - Auto
2025-08-04 21:52:44,090 - ComprehensiveSCRPAFixV8_5 - INFO -     - All Incidents: Burglary - Auto
2025-08-04 21:52:44,090 - ComprehensiveSCRPAFixV8_5 - INFO -     - Narrative: The Suspect Is A Tall Male Wearing A Black Hooded Sweat Shirt With A Blue Backpack. No Further Descr...
2025-08-04 21:52:44,090 - ComprehensiveSCRPAFixV8_5 - INFO -   Record 4 - Case 25-064712:
2025-08-04 21:52:44,091 - ComprehensiveSCRPAFixV8_5 - INFO -     - Date/Time: 2025-07-31 00:00:00 None
2025-08-04 21:52:44,091 - ComprehensiveSCRPAFixV8_5 - INFO -     - Period: 7-Day
2025-08-04 21:52:44,091 - ComprehensiveSCRPAFixV8_5 - INFO -     - Crime Category: Burglary - Auto
2025-08-04 21:52:44,091 - ComprehensiveSCRPAFixV8_5 - INFO -     - Matching Columns: ['incident_type', 'all_incidents']
2025-08-04 21:52:44,091 - ComprehensiveSCRPAFixV8_5 - INFO -     - Location: 371 Summit Avenue, Hackensack, NJ, 07601
2025-08-04 21:52:44,092 - ComprehensiveSCRPAFixV8_5 - INFO -     - Incident Type: Burglary - Auto
2025-08-04 21:52:44,092 - ComprehensiveSCRPAFixV8_5 - INFO -     - All Incidents: Burglary - Auto, Criminal Mischief - Vehicle, Suspicious Person
2025-08-04 21:52:44,092 - ComprehensiveSCRPAFixV8_5 - INFO -     - Narrative: Suspect Description: Black Male, 5' 10" - 6' In Height, Large Build, Black Hooded Sweatshirt, Black ...
2025-08-04 21:52:44,092 - ComprehensiveSCRPAFixV8_5 - INFO - No validation issues found - all records properly categorized
2025-08-04 21:52:44,093 - ComprehensiveSCRPAFixV8_5 - INFO - ============================================================
2025-08-04 21:52:44,093 - ComprehensiveSCRPAFixV8_5 - INFO - 7-Day Export Validation Summary:
2025-08-04 21:52:44,093 - ComprehensiveSCRPAFixV8_5 - INFO -   - Records to export: 4
2025-08-04 21:52:44,093 - ComprehensiveSCRPAFixV8_5 - INFO -   - Crime categories: 2
2025-08-04 21:52:44,093 - ComprehensiveSCRPAFixV8_5 - INFO -   - Validation issues: 0
2025-08-04 21:52:44,094 - ComprehensiveSCRPAFixV8_5 - INFO - Crime category validation completed: 4 records analyzed
2025-08-04 21:52:44,094 - ComprehensiveSCRPAFixV8_5 - INFO - 7-Day filtering complete: 4 incidents found using Exact period match with multi-column filtering
2025-08-04 21:52:44,096 - ComprehensiveSCRPAFixV8_5 - INFO - 7-Day incident breakdown by crime type:
2025-08-04 21:52:44,096 - ComprehensiveSCRPAFixV8_5 - INFO -   - Burglary - Auto: 3 incidents
2025-08-04 21:52:44,096 - ComprehensiveSCRPAFixV8_5 - INFO -   - Burglary - Residence: 1 incidents
2025-08-04 21:52:44,099 - ComprehensiveSCRPAFixV8_5 - ERROR - ❌ 7-Day SCRPA Export header validation FAILED: 10 non-compliant columns
2025-08-04 21:52:44,099 - ComprehensiveSCRPAFixV8_5 - ERROR - Non-compliant columns: ['Case_Number', 'Incident_Date_Time', 'Incident_Types', 'Crime_Category', 'Full_Address', 'Narrative', 'Vehicle_Registration', 'Vehicle_Make_Model', 'Grid_Zone', 'Status']
