2025-08-04 20:18:18,563 - ComprehensiveSCRPAFixV8_5 - INFO - === Comprehensive SCRPA Fix V8.5 - Cycle Calendar Integration Version ===
2025-08-04 20:18:18,884 - ComprehensiveSCRPAFixV8_5 - INFO - Loaded call type reference: 592 records
2025-08-04 20:18:18,884 - ComprehensiveSCRPAFixV8_5 - INFO - Reference file columns: ['Incident', 'Category Type', 'Response Type']
2025-08-04 20:18:18,884 - ComprehensiveSCRPAFixV8_5 - INFO - Incident column forced to string type with 592 records
2025-08-04 20:18:18,965 - ComprehensiveSCRPAFixV8_5 - INFO - Loaded zone/grid reference: 1368 records
2025-08-04 20:18:18,976 - ComprehensiveSCRPAFixV8_5 - INFO - Loaded cycle calendar: 52 records
2025-08-04 20:18:18,976 - ComprehensiveSCRPAFixV8_5 - INFO - Cycle calendar columns: ['Report_Due_Date', '7_Day_Start', '7_Day_End', '28_Day_Start', '28_Day_End', 'Report_Name']
2025-08-04 20:18:18,977 - ComprehensiveSCRPAFixV8_5 - INFO - Current cycle: C08W31, Date: 20250804
2025-08-04 20:18:18,977 - ComprehensiveSCRPAFixV8_5 - INFO - 🧪 Running Performance Monitoring Demo
2025-08-04 20:18:18,978 - ComprehensiveSCRPAFixV8_5 - INFO - 🚀 Starting Performance Test Demo... (Memory: 97.1MB)
2025-08-04 20:18:18,978 - ComprehensiveSCRPAFixV8_5 - INFO - 🚀 Starting Large DataFrame Creation... (Memory: 97.1MB)
2025-08-04 20:18:18,980 - ComprehensiveSCRPAFixV8_5 - INFO - ⚡ Completed Large DataFrame Creation (Fast):
2025-08-04 20:18:18,980 - ComprehensiveSCRPAFixV8_5 - INFO -   ⏱️ Duration: 0.00s
2025-08-04 20:18:18,981 - ComprehensiveSCRPAFixV8_5 - INFO -   💾 Memory: 98.1MB (Δ+1.0MB)
2025-08-04 20:18:18,985 - ComprehensiveSCRPAFixV8_5 - INFO - 💾 Test DataFrame memory optimized: 0.7MB → 0.1MB (saved 0.6MB)
2025-08-04 20:18:18,985 - ComprehensiveSCRPAFixV8_5 - INFO - 🚀 Starting DataFrame Operations... (Memory: 98.2MB)
2025-08-04 20:18:18,989 - ComprehensiveSCRPAFixV8_5 - INFO - ⚡ Completed DataFrame Operations (Fast):
2025-08-04 20:18:18,989 - ComprehensiveSCRPAFixV8_5 - INFO -   ⏱️ Duration: 0.00s
2025-08-04 20:18:18,989 - ComprehensiveSCRPAFixV8_5 - INFO -   💾 Memory: 98.4MB (Δ+0.2MB)
2025-08-04 20:18:19,008 - ComprehensiveSCRPAFixV8_5 - INFO - 📊 System Performance Summary: {'memory_rss_mb': 98.44921875, 'memory_vms_mb': 813.0078125, 'cpu_percent': 0.0, 'num_threads': 26, 'system_memory_percent': 72.0, 'system_cpu_percent': 13.7}
2025-08-04 20:18:19,023 - ComprehensiveSCRPAFixV8_5 - INFO - ⚡ Completed Performance Test Demo (Fast):
2025-08-04 20:18:19,024 - ComprehensiveSCRPAFixV8_5 - INFO -   ⏱️ Duration: 0.05s
2025-08-04 20:18:19,024 - ComprehensiveSCRPAFixV8_5 - INFO -   💾 Memory: 98.5MB (Δ+1.4MB)
2025-08-04 20:18:19,024 - ComprehensiveSCRPAFixV8_5 - INFO - ✅ Performance monitoring demo completed successfully
2025-08-04 20:18:19,024 - ComprehensiveSCRPAFixV8_5 - INFO - 🧪 Testing chunked processing functionality
2025-08-04 20:18:19,025 - ComprehensiveSCRPAFixV8_5 - INFO - 🚀 Starting Creating test dataset... (Memory: 98.5MB)
2025-08-04 20:18:19,039 - ComprehensiveSCRPAFixV8_5 - INFO - 📁 Created test file: C:\Users\carucci_r\OneDrive - City of Hackensack\01_DataSources\SCRPA_Time_v2\03_output\temp\test_large_dataset_2500_rows.csv (2,500 rows)
2025-08-04 20:18:19,039 - ComprehensiveSCRPAFixV8_5 - INFO - ⚡ Completed Creating test dataset (Fast):
2025-08-04 20:18:19,040 - ComprehensiveSCRPAFixV8_5 - INFO -   ⏱️ Duration: 0.01s
2025-08-04 20:18:19,040 - ComprehensiveSCRPAFixV8_5 - INFO -   💾 Memory: 99.3MB (Δ+0.8MB)
2025-08-04 20:18:19,040 - ComprehensiveSCRPAFixV8_5 - INFO - 🚀 Starting Chunked processing test... (Memory: 99.3MB)
2025-08-04 20:18:19,043 - ComprehensiveSCRPAFixV8_5 - INFO - 📚 Processing large dataset: 2500 rows in chunks of 500
2025-08-04 20:18:19,043 - ComprehensiveSCRPAFixV8_5 - INFO - 🚀 Starting Chunked processing (2500 rows)... (Memory: 99.3MB)
2025-08-04 20:18:19,049 - ComprehensiveSCRPAFixV8_5 - INFO - 🚀 Starting Chunk 1... (Memory: 101.2MB)
2025-08-04 20:18:19,065 - ComprehensiveSCRPAFixV8_5 - INFO - 📊 Progress: 500/2,500 rows (20.0%)
2025-08-04 20:18:19,065 - ComprehensiveSCRPAFixV8_5 - INFO - ⚡ Completed Chunk 1 (Fast):
2025-08-04 20:18:19,065 - ComprehensiveSCRPAFixV8_5 - INFO -   ⏱️ Duration: 0.02s
2025-08-04 20:18:19,065 - ComprehensiveSCRPAFixV8_5 - INFO -   💾 Memory: 101.3MB (Δ+0.1MB)
2025-08-04 20:18:19,069 - ComprehensiveSCRPAFixV8_5 - INFO - 🚀 Starting Chunk 2... (Memory: 101.4MB)
2025-08-04 20:18:19,084 - ComprehensiveSCRPAFixV8_5 - INFO - 📊 Progress: 1,000/2,500 rows (40.0%)
2025-08-04 20:18:19,084 - ComprehensiveSCRPAFixV8_5 - INFO - ⚡ Completed Chunk 2 (Fast):
2025-08-04 20:18:19,084 - ComprehensiveSCRPAFixV8_5 - INFO -   ⏱️ Duration: 0.01s
2025-08-04 20:18:19,085 - ComprehensiveSCRPAFixV8_5 - INFO -   💾 Memory: 101.5MB (Δ+0.0MB)
2025-08-04 20:18:19,088 - ComprehensiveSCRPAFixV8_5 - INFO - 🚀 Starting Chunk 3... (Memory: 101.6MB)
2025-08-04 20:18:19,102 - ComprehensiveSCRPAFixV8_5 - INFO - 📊 Progress: 1,500/2,500 rows (60.0%)
2025-08-04 20:18:19,102 - ComprehensiveSCRPAFixV8_5 - INFO - ⚡ Completed Chunk 3 (Fast):
2025-08-04 20:18:19,102 - ComprehensiveSCRPAFixV8_5 - INFO -   ⏱️ Duration: 0.01s
2025-08-04 20:18:19,102 - ComprehensiveSCRPAFixV8_5 - INFO -   💾 Memory: 101.6MB (Δ+0.0MB)
2025-08-04 20:18:19,106 - ComprehensiveSCRPAFixV8_5 - INFO - 🚀 Starting Chunk 4... (Memory: 101.4MB)
2025-08-04 20:18:19,120 - ComprehensiveSCRPAFixV8_5 - INFO - 📊 Progress: 2,000/2,500 rows (80.0%)
2025-08-04 20:18:19,120 - ComprehensiveSCRPAFixV8_5 - INFO - ⚡ Completed Chunk 4 (Fast):
2025-08-04 20:18:19,120 - ComprehensiveSCRPAFixV8_5 - INFO -   ⏱️ Duration: 0.01s
2025-08-04 20:18:19,120 - ComprehensiveSCRPAFixV8_5 - INFO -   💾 Memory: 101.4MB (Δ+0.0MB)
2025-08-04 20:18:19,123 - ComprehensiveSCRPAFixV8_5 - INFO - 🚀 Starting Chunk 5... (Memory: 101.5MB)
2025-08-04 20:18:19,137 - ComprehensiveSCRPAFixV8_5 - INFO - 📊 Progress: 2,500/2,500 rows (100.0%)
2025-08-04 20:18:19,137 - ComprehensiveSCRPAFixV8_5 - INFO - ⚡ Completed Chunk 5 (Fast):
2025-08-04 20:18:19,138 - ComprehensiveSCRPAFixV8_5 - INFO -   ⏱️ Duration: 0.01s
2025-08-04 20:18:19,138 - ComprehensiveSCRPAFixV8_5 - INFO -   💾 Memory: 101.6MB (Δ+0.0MB)
2025-08-04 20:18:19,138 - ComprehensiveSCRPAFixV8_5 - INFO - 🔗 Combining processed chunks...
2025-08-04 20:18:19,160 - ComprehensiveSCRPAFixV8_5 - INFO - ⚡ Completed Chunked processing (2500 rows) (Fast):
2025-08-04 20:18:19,160 - ComprehensiveSCRPAFixV8_5 - INFO -   ⏱️ Duration: 0.12s
2025-08-04 20:18:19,160 - ComprehensiveSCRPAFixV8_5 - INFO -   💾 Memory: 100.7MB (Δ+1.3MB)
2025-08-04 20:18:19,160 - ComprehensiveSCRPAFixV8_5 - INFO - ✅ Large dataset processing complete: 2,500 total records
2025-08-04 20:18:19,160 - ComprehensiveSCRPAFixV8_5 - INFO - ⚡ Completed Chunked processing test (Fast):
2025-08-04 20:18:19,161 - ComprehensiveSCRPAFixV8_5 - INFO -   ⏱️ Duration: 0.12s
2025-08-04 20:18:19,161 - ComprehensiveSCRPAFixV8_5 - INFO -   💾 Memory: 100.7MB (Δ+1.3MB)
2025-08-04 20:18:19,161 - ComprehensiveSCRPAFixV8_5 - INFO - ✅ Chunked processing test validation:
2025-08-04 20:18:19,161 - ComprehensiveSCRPAFixV8_5 - INFO -   📊 Original rows: 2,500
2025-08-04 20:18:19,161 - ComprehensiveSCRPAFixV8_5 - INFO -   📊 Processed rows: 2,500
2025-08-04 20:18:19,161 - ComprehensiveSCRPAFixV8_5 - INFO -   📊 Columns: 8
2025-08-04 20:18:19,163 - ComprehensiveSCRPAFixV8_5 - INFO -   📊 Memory usage: 0.6MB
2025-08-04 20:18:19,163 - ComprehensiveSCRPAFixV8_5 - INFO - ✅ Data integrity check PASSED
2025-08-04 20:18:19,163 - ComprehensiveSCRPAFixV8_5 - INFO - 🗑️ Cleaned up test file: test_large_dataset_2500_rows.csv
2025-08-04 20:18:19,164 - ComprehensiveSCRPAFixV8_5 - INFO - ✅ Chunked processing test completed
2025-08-04 20:18:19,164 - ComprehensiveSCRPAFixV8_5 - INFO - 🧪 Testing large file writing functionality
2025-08-04 20:18:19,165 - ComprehensiveSCRPAFixV8_5 - INFO - 🚀 Starting Creating large test dataset... (Memory: 100.7MB)
2025-08-04 20:18:19,172 - ComprehensiveSCRPAFixV8_5 - INFO - 📊 Created large test dataset: 5,000 rows, 10 columns
2025-08-04 20:18:19,176 - ComprehensiveSCRPAFixV8_5 - INFO - 📊 Memory usage: 2.2MB
2025-08-04 20:18:19,177 - ComprehensiveSCRPAFixV8_5 - INFO - ⚡ Completed Creating large test dataset (Fast):
2025-08-04 20:18:19,177 - ComprehensiveSCRPAFixV8_5 - INFO -   ⏱️ Duration: 0.01s
2025-08-04 20:18:19,177 - ComprehensiveSCRPAFixV8_5 - INFO -   💾 Memory: 102.0MB (Δ+1.3MB)
2025-08-04 20:18:19,177 - ComprehensiveSCRPAFixV8_5 - INFO - 💾 Writing large CSV: 5,000 rows in chunks of 1,000
2025-08-04 20:18:19,177 - ComprehensiveSCRPAFixV8_5 - INFO - 🚀 Starting Large CSV write (5,000 rows)... (Memory: 102.0MB)
2025-08-04 20:18:19,185 - ComprehensiveSCRPAFixV8_5 - INFO - 📝 Write progress: 1,000/5,000 rows (20.0%)
2025-08-04 20:18:19,191 - ComprehensiveSCRPAFixV8_5 - INFO - 📝 Write progress: 2,000/5,000 rows (40.0%)
2025-08-04 20:18:19,196 - ComprehensiveSCRPAFixV8_5 - INFO - 📝 Write progress: 3,000/5,000 rows (60.0%)
2025-08-04 20:18:19,201 - ComprehensiveSCRPAFixV8_5 - INFO - 📝 Write progress: 4,000/5,000 rows (80.0%)
2025-08-04 20:18:19,206 - ComprehensiveSCRPAFixV8_5 - INFO - 📝 Write progress: 5,000/5,000 rows (100.0%)
2025-08-04 20:18:19,206 - ComprehensiveSCRPAFixV8_5 - INFO - ⚡ Completed Large CSV write (5,000 rows) (Fast):
2025-08-04 20:18:19,206 - ComprehensiveSCRPAFixV8_5 - INFO -   ⏱️ Duration: 0.03s
2025-08-04 20:18:19,206 - ComprehensiveSCRPAFixV8_5 - INFO -   💾 Memory: 102.2MB (Δ+0.2MB)
2025-08-04 20:18:19,206 - ComprehensiveSCRPAFixV8_5 - INFO - ✅ Large CSV write complete: C:\Users\carucci_r\OneDrive - City of Hackensack\01_DataSources\SCRPA_Time_v2\03_output\temp\test_large_export_5000_rows.csv
2025-08-04 20:18:19,207 - ComprehensiveSCRPAFixV8_5 - INFO - ✅ CSV file created: 0.7MB
2025-08-04 20:18:19,214 - ComprehensiveSCRPAFixV8_5 - INFO - ✅ CSV verification: 5 sample rows read successfully
2025-08-04 20:18:19,214 - ComprehensiveSCRPAFixV8_5 - INFO - 📊 Writing large Excel: 5,000 rows in chunks of 1,000
2025-08-04 20:18:19,214 - ComprehensiveSCRPAFixV8_5 - INFO - 🚀 Starting Large Excel write (5,000 rows)... (Memory: 103.6MB)
2025-08-04 20:18:19,235 - ComprehensiveSCRPAFixV8_5 - INFO - 📝 Excel write progress: 1,000/5,000 rows (20.0%)
2025-08-04 20:18:19,254 - ComprehensiveSCRPAFixV8_5 - INFO - 📝 Excel write progress: 2,000/5,000 rows (40.0%)
2025-08-04 20:18:19,273 - ComprehensiveSCRPAFixV8_5 - INFO - 📝 Excel write progress: 3,000/5,000 rows (60.0%)
2025-08-04 20:18:19,293 - ComprehensiveSCRPAFixV8_5 - INFO - 📝 Excel write progress: 4,000/5,000 rows (80.0%)
2025-08-04 20:18:19,333 - ComprehensiveSCRPAFixV8_5 - INFO - 📝 Excel write progress: 5,000/5,000 rows (100.0%)
2025-08-04 20:18:19,632 - ComprehensiveSCRPAFixV8_5 - INFO - ⚡ Completed Large Excel write (5,000 rows) (Fast):
2025-08-04 20:18:19,632 - ComprehensiveSCRPAFixV8_5 - INFO -   ⏱️ Duration: 0.42s
2025-08-04 20:18:19,632 - ComprehensiveSCRPAFixV8_5 - INFO -   💾 Memory: 118.0MB (Δ+14.4MB)
2025-08-04 20:18:19,632 - ComprehensiveSCRPAFixV8_5 - INFO - ✅ Large Excel write complete: C:\Users\carucci_r\OneDrive - City of Hackensack\01_DataSources\SCRPA_Time_v2\03_output\temp\test_large_export_5000_rows.xlsx
2025-08-04 20:18:19,633 - ComprehensiveSCRPAFixV8_5 - INFO - ✅ Excel file created: 0.3MB
2025-08-04 20:18:19,635 - ComprehensiveSCRPAFixV8_5 - INFO - 🗑️ Cleaned up test file: test_large_export_5000_rows.csv
2025-08-04 20:18:19,635 - ComprehensiveSCRPAFixV8_5 - INFO - 🗑️ Cleaned up test file: test_large_export_5000_rows.xlsx
2025-08-04 20:18:19,636 - ComprehensiveSCRPAFixV8_5 - INFO - ✅ Large file writing test completed
2025-08-04 20:18:19,636 - ComprehensiveSCRPAFixV8_5 - INFO - 🚀 Starting Complete SCRPA Pipeline V8.5... (Memory: 115.8MB)
2025-08-04 20:18:19,637 - ComprehensiveSCRPAFixV8_5 - INFO - Starting Comprehensive SCRPA Fix V8.5 pipeline...
2025-08-04 20:18:19,637 - ComprehensiveSCRPAFixV8_5 - INFO - ⚡ Completed Complete SCRPA Pipeline V8.5 (Fast):
2025-08-04 20:18:19,637 - ComprehensiveSCRPAFixV8_5 - INFO -   ⏱️ Duration: 0.00s
2025-08-04 20:18:19,637 - ComprehensiveSCRPAFixV8_5 - INFO -   💾 Memory: 115.8MB (Δ+0.0MB)
2025-08-04 20:18:19,637 - ComprehensiveSCRPAFixV8_5 - INFO - Latest CAD file: 2025_08_01_19_38_12_SCRPA_CAD.xlsx
2025-08-04 20:18:19,639 - ComprehensiveSCRPAFixV8_5 - INFO - Latest RMS file: 2025_08_01_19_38_12_SCRPA_RMS.xlsx
2025-08-04 20:18:19,640 - ComprehensiveSCRPAFixV8_5 - INFO - 🚀 Starting RMS Data Processing - 2025_08_01_19_38_12_SCRPA_RMS.xlsx... (Memory: 115.8MB)
2025-08-04 20:18:19,640 - ComprehensiveSCRPAFixV8_5 - INFO - Processing RMS data: 2025_08_01_19_38_12_SCRPA_RMS.xlsx
2025-08-04 20:18:19,640 - ComprehensiveSCRPAFixV8_5 - INFO - 🚀 Starting RMS File Loading... (Memory: 115.8MB)
2025-08-04 20:18:19,672 - ComprehensiveSCRPAFixV8_5 - INFO - Loaded RMS file with 140 rows and 31 columns
2025-08-04 20:18:19,672 - ComprehensiveSCRPAFixV8_5 - INFO - RMS columns found: ['Case Number', 'Incident Date', 'Incident Time', 'Incident Date_Between', 'Incident Time_Between', 'Report Date', 'Report Time', 'Incident Type_1', 'Incident Type_2', 'Incident Type_3', 'FullAddress', 'Grid', 'Zone', 'Narrative', 'Total Value Stolen', 'Total Value Recover', 'Registration 1', 'Make1', 'Model1', 'Reg State 1', 'Registration 2', 'Reg State 2', 'Make2', 'Model2', 'Reviewed By', 'CompleteCalc', 'Officer of Record', 'Squad', 'Det_Assigned', 'Case_Status', 'NIBRS Classification']
2025-08-04 20:18:19,672 - ComprehensiveSCRPAFixV8_5 - INFO - ⚡ Completed RMS File Loading (Fast):
2025-08-04 20:18:19,673 - ComprehensiveSCRPAFixV8_5 - INFO -   ⏱️ Duration: 0.03s
2025-08-04 20:18:19,673 - ComprehensiveSCRPAFixV8_5 - INFO -   💾 Memory: 116.3MB (Δ+0.5MB)
2025-08-04 20:18:19,673 - ComprehensiveSCRPAFixV8_5 - INFO - 🚀 Starting RMS Header Normalization & Column Mapping... (Memory: 116.3MB)
2025-08-04 20:18:19,673 - ComprehensiveSCRPAFixV8_5 - INFO - Normalized RMS headers to lowercase snake_case: ['case_number', 'incident_date', 'incident_time', 'incident_date_between', 'incident_time_between', 'report_date', 'report_time', 'incident_type_1', 'incident_type_2', 'incident_type_3', 'full_address', 'grid', 'zone', 'narrative', 'total_value_stolen', 'total_value_recover', 'registration_1', 'make_1', 'model_1', 'reg_state_1', 'registration_2', 'reg_state_2', 'make_2', 'model_2', 'reviewed_by', 'complete_calc', 'officer_of_record', 'squad', 'det_assigned', 'case_status', 'nibrs_classification']
2025-08-04 20:18:19,674 - ComprehensiveSCRPAFixV8_5 - INFO - ⚡ Completed RMS Header Normalization & Column Mapping (Fast):
2025-08-04 20:18:19,674 - ComprehensiveSCRPAFixV8_5 - INFO -   ⏱️ Duration: 0.00s
2025-08-04 20:18:19,674 - ComprehensiveSCRPAFixV8_5 - INFO -   💾 Memory: 116.3MB (Δ+0.0MB)
2025-08-04 20:18:19,674 - ComprehensiveSCRPAFixV8_5 - INFO - ⚡ Completed RMS Data Processing - 2025_08_01_19_38_12_SCRPA_RMS.xlsx (Fast):
2025-08-04 20:18:19,674 - ComprehensiveSCRPAFixV8_5 - INFO -   ⏱️ Duration: 0.03s
2025-08-04 20:18:19,675 - ComprehensiveSCRPAFixV8_5 - INFO -   💾 Memory: 116.3MB (Δ+0.5MB)
2025-08-04 20:18:19,675 - ComprehensiveSCRPAFixV8_5 - INFO - Applied column mapping: {}
2025-08-04 20:18:19,715 - ComprehensiveSCRPAFixV8_5 - INFO - Available date columns: ['incident_date', 'incident_date_between', 'report_date']
2025-08-04 20:18:19,715 - ComprehensiveSCRPAFixV8_5 - INFO - incident_date populated: 136/140
2025-08-04 20:18:19,716 - ComprehensiveSCRPAFixV8_5 - INFO - Sample incident_date values: [Timestamp('2025-01-03 00:00:00'), Timestamp('2025-01-07 00:00:00'), Timestamp('2025-01-06 00:00:00')]
2025-08-04 20:18:19,716 - ComprehensiveSCRPAFixV8_5 - INFO - incident_date_between populated: 62/140
2025-08-04 20:18:19,716 - ComprehensiveSCRPAFixV8_5 - INFO - Sample incident_date_between values: [Timestamp('2025-01-04 00:00:00'), Timestamp('2025-01-10 00:00:00'), Timestamp('2025-01-16 00:00:00')]
2025-08-04 20:18:19,717 - ComprehensiveSCRPAFixV8_5 - INFO - report_date populated: 140/140
2025-08-04 20:18:19,717 - ComprehensiveSCRPAFixV8_5 - INFO - Sample report_date values: [Timestamp('2025-01-04 00:00:00'), Timestamp('2025-01-10 00:00:00'), Timestamp('2025-01-10 00:00:00')]
2025-08-04 20:18:19,719 - ComprehensiveSCRPAFixV8_5 - INFO - Incident dates after cascading: 140/140
2025-08-04 20:18:19,720 - ComprehensiveSCRPAFixV8_5 - INFO - Sample cascaded dates: [datetime.date(2025, 1, 3), datetime.date(2025, 1, 7), datetime.date(2025, 1, 6), datetime.date(2025, 1, 13), datetime.date(2025, 1, 14)]
2025-08-04 20:18:19,723 - ComprehensiveSCRPAFixV8_5 - INFO - Sample incident_date values: [datetime.date(2025, 1, 3), datetime.date(2025, 1, 7), datetime.date(2025, 1, 6), datetime.date(2025, 1, 13), datetime.date(2025, 1, 14)]
2025-08-04 20:18:19,723 - ComprehensiveSCRPAFixV8_5 - INFO - Null incident_date count: 0
2025-08-04 20:18:19,723 - ComprehensiveSCRPAFixV8_5 - INFO - Date types: object
2025-08-04 20:18:19,724 - ComprehensiveSCRPAFixV8_5 - INFO - Period calculation results: {'YTD': 115, '28-Day': 20, '7-Day': 4, 'Historical': 1}
2025-08-04 20:18:19,727 - ComprehensiveSCRPAFixV8_5 - INFO - Date/Period Analysis Summary:
2025-08-04 20:18:19,727 - ComprehensiveSCRPAFixV8_5 - INFO -   - 7-Day period records: 4
2025-08-04 20:18:19,727 - ComprehensiveSCRPAFixV8_5 - INFO -   - 28-Day period records: 20
2025-08-04 20:18:19,727 - ComprehensiveSCRPAFixV8_5 - INFO -   - YTD period records: 115
2025-08-04 20:18:19,727 - ComprehensiveSCRPAFixV8_5 - INFO -   - Historical period records: 1
2025-08-04 20:18:19,728 - ComprehensiveSCRPAFixV8_5 - INFO - ✅ Date processing working correctly - mix of periods found
2025-08-04 20:18:19,848 - ComprehensiveSCRPAFixV8_5 - INFO - ✅ RMS header validation PASSED: All 46 columns follow lowercase snake_case
2025-08-04 20:18:19,849 - ComprehensiveSCRPAFixV8_5 - INFO - RMS headers validation passed - all headers are lowercase snake_case
2025-08-04 20:18:19,850 - ComprehensiveSCRPAFixV8_5 - INFO - RMS records before filtering: 140
2025-08-04 20:18:19,851 - ComprehensiveSCRPAFixV8_5 - INFO - Period distribution: {'YTD': 115, '28-Day': 20, '7-Day': 4, 'Historical': 1}
2025-08-04 20:18:19,851 - ComprehensiveSCRPAFixV8_5 - INFO - Non-historical records: 139
2025-08-04 20:18:19,851 - ComprehensiveSCRPAFixV8_5 - INFO - Sample case numbers: ['25-000813', '25-002564', '25-002635', '25-003362', '25-003813']
2025-08-04 20:18:19,852 - ComprehensiveSCRPAFixV8_5 - INFO - Records with excluded case number '25-057654': 1
2025-08-04 20:18:19,852 - ComprehensiveSCRPAFixV8_5 - INFO - Incident dates populated: 140/140
2025-08-04 20:18:19,853 - ComprehensiveSCRPAFixV8_5 - INFO - Sample incident dates: [Timestamp('2025-01-03 00:00:00'), Timestamp('2025-01-07 00:00:00'), Timestamp('2025-01-06 00:00:00'), Timestamp('2025-01-13 00:00:00'), Timestamp('2025-01-14 00:00:00')]
2025-08-04 20:18:19,853 - ComprehensiveSCRPAFixV8_5 - INFO - Date range: 2017-06-20 00:00:00 to 2025-07-31 00:00:00
2025-08-04 20:18:19,854 - ComprehensiveSCRPAFixV8_5 - INFO - After case number filter: 139/140 records
2025-08-04 20:18:19,854 - ComprehensiveSCRPAFixV8_5 - INFO - After period filter: 138/140 records
2025-08-04 20:18:19,855 - ComprehensiveSCRPAFixV8_5 - ERROR - RMS data processing failed - received None
2025-08-04 20:18:19,883 - ComprehensiveSCRPAFixV8_5 - INFO - Found 30 duplicate incidents in reference file.
2025-08-04 20:18:19,883 - ComprehensiveSCRPAFixV8_5 - INFO - Applying priority-based duplicate resolution:
2025-08-04 20:18:19,884 - ComprehensiveSCRPAFixV8_5 - INFO -   'DOMESTIC DISPUTE': 3 variants -> keeping highest priority
2025-08-04 20:18:19,884 - ComprehensiveSCRPAFixV8_5 - INFO -   'SHOPLIFTING 2C:20-11': 3 variants -> keeping highest priority
2025-08-04 20:18:19,884 - ComprehensiveSCRPAFixV8_5 - INFO -   'SIMPLE ASSAULT 2C:12-1A': 4 variants -> keeping highest priority
2025-08-04 20:18:19,885 - ComprehensiveSCRPAFixV8_5 - INFO -   'TARGETED AREA PATROL': 3 variants -> keeping highest priority
2025-08-04 20:18:19,885 - ComprehensiveSCRPAFixV8_5 - INFO -   'TERRORISTIC THREATS 2C:12-3': 3 variants -> keeping highest priority
2025-08-04 20:18:19,886 - ComprehensiveSCRPAFixV8_5 - INFO -   'WEAPONS SEIZURE - 2C:25-21D': 2 variants -> keeping highest priority
2025-08-04 20:18:19,886 - ComprehensiveSCRPAFixV8_5 - INFO -   'WEATHER ALERTS': 2 variants -> keeping highest priority
2025-08-04 20:18:19,886 - ComprehensiveSCRPAFixV8_5 - INFO -   'WELFARE CHECK': 2 variants -> keeping highest priority
2025-08-04 20:18:19,886 - ComprehensiveSCRPAFixV8_5 - INFO -   'WIDESPREAD DAMAGE - 2C:17-2': 2 variants -> keeping highest priority
2025-08-04 20:18:19,887 - ComprehensiveSCRPAFixV8_5 - INFO -   'WIRE DOWN': 2 variants -> keeping highest priority
2025-08-04 20:18:19,887 - ComprehensiveSCRPAFixV8_5 - INFO -   'WITNESS TAMPERING - 2C:28-5': 2 variants -> keeping highest priority
2025-08-04 20:18:19,887 - ComprehensiveSCRPAFixV8_5 - INFO -   'WRONGFUL IMPERSONATING - 2C:21-1': 2 variants -> keeping highest priority
2025-08-04 20:18:19,892 - ComprehensiveSCRPAFixV8_5 - INFO - Priority-based resolution completed: 30 duplicates resolved
2025-08-04 20:18:19,906 - ComprehensiveSCRPAFixV8_5 - INFO - Enhanced call type reference loaded successfully:
2025-08-04 20:18:19,906 - ComprehensiveSCRPAFixV8_5 - INFO -   - Total records: 592
2025-08-04 20:18:19,906 - ComprehensiveSCRPAFixV8_5 - INFO -   - Unique incidents: 574
2025-08-04 20:18:19,906 - ComprehensiveSCRPAFixV8_5 - INFO -   - Duplicates found: 30
2025-08-04 20:18:19,907 - ComprehensiveSCRPAFixV8_5 - INFO -   - Duplicates resolved: 30
2025-08-04 20:18:19,907 - ComprehensiveSCRPAFixV8_5 - INFO -   - Normalized columns: ['incident', 'category_type', 'response_type']
2025-08-04 20:18:19,907 - ComprehensiveSCRPAFixV8_5 - INFO - 🚀 Starting CAD Data Processing - 2025_08_01_19_38_12_SCRPA_CAD.xlsx... (Memory: 117.1MB)
2025-08-04 20:18:19,907 - ComprehensiveSCRPAFixV8_5 - INFO - Processing CAD data: 2025_08_01_19_38_12_SCRPA_CAD.xlsx
2025-08-04 20:18:19,907 - ComprehensiveSCRPAFixV8_5 - INFO - ⚡ Completed CAD Data Processing - 2025_08_01_19_38_12_SCRPA_CAD.xlsx (Fast):
2025-08-04 20:18:19,907 - ComprehensiveSCRPAFixV8_5 - INFO -   ⏱️ Duration: 0.00s
2025-08-04 20:18:19,907 - ComprehensiveSCRPAFixV8_5 - INFO -   💾 Memory: 117.1MB (Δ+0.0MB)
2025-08-04 20:18:19,940 - ComprehensiveSCRPAFixV8_5 - INFO - Loaded CAD file with 115 rows and 20 columns
2025-08-04 20:18:19,940 - ComprehensiveSCRPAFixV8_5 - INFO - CAD columns found: ['ReportNumberNew', 'Incident', 'How Reported', 'FullAddress2', 'PDZone', 'Grid', 'Time of Call', 'cYear', 'cMonth', 'HourMinuetsCalc', 'DayofWeek', 'Time Dispatched', 'Time Out', 'Time In', 'Time Spent', 'Time Response', 'Officer', 'Disposition', 'Response Type', 'CADNotes']
2025-08-04 20:18:19,940 - ComprehensiveSCRPAFixV8_5 - INFO - Applied dtype={'How Reported': str} to prevent Excel auto-parsing '9-1-1' as date
2025-08-04 20:18:19,941 - ComprehensiveSCRPAFixV8_5 - INFO - Applied column mapping: {'ReportNumberNew': 'case_number', 'Incident': 'incident', 'How Reported': 'how_reported', 'FullAddress2': 'full_address_raw', 'PDZone': 'post', 'Grid': 'grid_raw', 'Time of Call': 'time_of_call', 'cYear': 'call_year', 'cMonth': 'call_month', 'HourMinuetsCalc': 'hour_minutes_calc', 'DayofWeek': 'day_of_week_raw', 'Time Dispatched': 'time_dispatched', 'Time Out': 'time_out', 'Time In': 'time_in', 'Time Spent': 'time_spent_raw', 'Time Response': 'time_response_raw', 'Officer': 'officer', 'Disposition': 'disposition', 'Response Type': 'response_type_fallback', 'CADNotes': 'cad_notes_raw'}
2025-08-04 20:18:19,941 - ComprehensiveSCRPAFixV8_5 - INFO - Normalized CAD headers to lowercase snake_case: ['case_number', 'incident', 'how_reported', 'full_address_raw', 'post', 'grid_raw', 'time_of_call', 'call_year', 'call_month', 'hour_minutes_calc', 'day_of_week_raw', 'time_dispatched', 'time_out', 'time_in', 'time_spent_raw', 'time_response_raw', 'officer', 'disposition', 'response_type_fallback', 'cad_notes_raw']
2025-08-04 20:18:19,950 - ComprehensiveSCRPAFixV8_5 - INFO - Starting enhanced call type mapping for 115 CAD records
2025-08-04 20:18:19,951 - ComprehensiveSCRPAFixV8_5 - INFO - Sample incident values: ['Motor Vehicle Theft - 2C:20-3', 'Criminal Sexual Contact - 2C:14-3a', 'Burglary - Auto - 2C:18-2', 'Burglary - Residence - 2C:18-2', 'Motor Vehicle Theft - 2C:20-3']
2025-08-04 20:18:19,998 - ComprehensiveSCRPAFixV8_5 - INFO - Enhanced mapping results:
2025-08-04 20:18:19,999 - ComprehensiveSCRPAFixV8_5 - INFO -   - Total incidents: 115
2025-08-04 20:18:19,999 - ComprehensiveSCRPAFixV8_5 - INFO -   - Mapped incidents: 115
2025-08-04 20:18:19,999 - ComprehensiveSCRPAFixV8_5 - INFO -   - Unmapped incidents: 0
2025-08-04 20:18:19,999 - ComprehensiveSCRPAFixV8_5 - INFO -   - Mapping rate: 100.0%
2025-08-04 20:18:20,000 - ComprehensiveSCRPAFixV8_5 - INFO - Category type distribution: {'Criminal Incidents': 115}
2025-08-04 20:18:20,000 - ComprehensiveSCRPAFixV8_5 - INFO - Top 10 response types: {'Emergency': 81, 'Routine': 34}
2025-08-04 20:18:20,002 - ComprehensiveSCRPAFixV8_5 - INFO - Final column coverage:
2025-08-04 20:18:20,002 - ComprehensiveSCRPAFixV8_5 - INFO -   - response_type coverage: 100.0%
2025-08-04 20:18:20,002 - ComprehensiveSCRPAFixV8_5 - INFO -   - category_type coverage: 100.0%
2025-08-04 20:18:20,039 - ComprehensiveSCRPAFixV8_5 - INFO - CAD notes parsing complete: 115 records processed
2025-08-04 20:18:20,106 - ComprehensiveSCRPAFixV8_5 - INFO - CAD response_type populated in 115/115 records
2025-08-04 20:18:20,106 - ComprehensiveSCRPAFixV8_5 - INFO - CAD grid populated in 108/115 records
2025-08-04 20:18:20,107 - ComprehensiveSCRPAFixV8_5 - INFO - CAD post populated in 111/115 records
2025-08-04 20:18:20,107 - ComprehensiveSCRPAFixV8_5 - INFO - ✅ CAD header validation PASSED: All 34 columns follow lowercase snake_case
2025-08-04 20:18:20,107 - ComprehensiveSCRPAFixV8_5 - INFO - CAD headers validation passed - all headers are lowercase snake_case
2025-08-04 20:18:20,108 - ComprehensiveSCRPAFixV8_5 - INFO - CAD processing complete: 115 records
2025-08-04 20:18:20,108 - ComprehensiveSCRPAFixV8_5 - INFO - Final CAD columns: ['case_number', 'incident', 'response_type', 'category_type', 'how_reported', 'location', 'block', 'grid', 'post', 'time_of_call', 'time_dispatched', 'time_out', 'time_in', 'time_spent_minutes', 'time_response_minutes', 'time_spent_formatted', 'time_response_formatted', 'officer', 'disposition', 'cad_notes_cleaned', 'cad_username', 'cad_timestamp', 'cycle_name']
2025-08-04 20:18:20,141 - ComprehensiveSCRPAFixV8_5 - INFO - ✅ CAD header validation PASSED: All 23 columns follow lowercase snake_case
2025-08-04 20:18:20,141 - ComprehensiveSCRPAFixV8_5 - INFO - 💾 Writing standard CSV: 115 rows
2025-08-04 20:18:20,159 - ComprehensiveSCRPAFixV8_5 - INFO - CAD data saved: C:\Users\carucci_r\OneDrive - City of Hackensack\01_DataSources\SCRPA_Time_v2\04_powerbi\C08W31_20250804_7Day_cad_data_standardized.csv
2025-08-04 20:18:20,159 - ComprehensiveSCRPAFixV8_5 - INFO - ✅ CAD Data header validation PASSED: All 23 columns follow lowercase snake_case
2025-08-04 20:18:20,159 - ComprehensiveSCRPAFixV8_5 - INFO - ================================================================================
2025-08-04 20:18:20,159 - ComprehensiveSCRPAFixV8_5 - INFO - COMPREHENSIVE QC REPORT - CAD INCIDENT MAPPING
2025-08-04 20:18:20,160 - ComprehensiveSCRPAFixV8_5 - INFO - ================================================================================
2025-08-04 20:18:20,160 - ComprehensiveSCRPAFixV8_5 - INFO - 1. REFERENCE FILE VALIDATION
2025-08-04 20:18:20,160 - ComprehensiveSCRPAFixV8_5 - INFO - OK Reference file loaded: 592 records
2025-08-04 20:18:20,160 - ComprehensiveSCRPAFixV8_5 - INFO - OK Unique incidents: 574
2025-08-04 20:18:20,160 - ComprehensiveSCRPAFixV8_5 - INFO - OK Duplicates found: 30
2025-08-04 20:18:20,160 - ComprehensiveSCRPAFixV8_5 - INFO - OK Duplicates resolved: 30 (deterministic)
2025-08-04 20:18:20,160 - ComprehensiveSCRPAFixV8_5 - INFO - OK Resolution method: priority_based_deterministic
2025-08-04 20:18:20,160 - ComprehensiveSCRPAFixV8_5 - INFO - 
2025-08-04 20:18:20,161 - ComprehensiveSCRPAFixV8_5 - INFO - 2. MAPPING PERFORMANCE VALIDATION
2025-08-04 20:18:20,161 - ComprehensiveSCRPAFixV8_5 - INFO - OK Mapping success rate: 100.0% (>= 98.0%)
2025-08-04 20:18:20,161 - ComprehensiveSCRPAFixV8_5 - INFO - OK Mapped incidents: 115/115
2025-08-04 20:18:20,161 - ComprehensiveSCRPAFixV8_5 - INFO - 
2025-08-04 20:18:20,161 - ComprehensiveSCRPAFixV8_5 - INFO - 3. DATA QUALITY VALIDATION
2025-08-04 20:18:20,161 - ComprehensiveSCRPAFixV8_5 - ERROR - FAIL Missing required columns
2025-08-04 20:18:20,161 - ComprehensiveSCRPAFixV8_5 - ERROR -      Missing: response_type_cad
2025-08-04 20:18:20,161 - ComprehensiveSCRPAFixV8_5 - ERROR -      Missing: category_type_cad
2025-08-04 20:18:20,161 - ComprehensiveSCRPAFixV8_5 - INFO - 
2025-08-04 20:18:20,161 - ComprehensiveSCRPAFixV8_5 - INFO - 4. HEADER COMPLIANCE VALIDATION
2025-08-04 20:18:20,163 - ComprehensiveSCRPAFixV8_5 - INFO - OK All headers lowercase snake_case: 23/23
2025-08-04 20:18:20,163 - ComprehensiveSCRPAFixV8_5 - INFO - 
2025-08-04 20:18:20,163 - ComprehensiveSCRPAFixV8_5 - INFO - 6. OVERALL QC STATUS
2025-08-04 20:18:20,163 - ComprehensiveSCRPAFixV8_5 - ERROR - FAIL OVERALL STATUS: FAIL
2025-08-04 20:18:20,163 - ComprehensiveSCRPAFixV8_5 - ERROR -    - Required columns missing
2025-08-04 20:18:20,163 - ComprehensiveSCRPAFixV8_5 - ERROR - FAIL Pipeline requires attention before production use
2025-08-04 20:18:20,163 - ComprehensiveSCRPAFixV8_5 - INFO - ================================================================================
2025-08-04 20:18:20,163 - ComprehensiveSCRPAFixV8_5 - INFO - Enhanced QC Report Status: FAIL
2025-08-04 20:18:20,163 - ComprehensiveSCRPAFixV8_5 - WARNING - Critical Issues Found: ['Required columns missing']
2025-08-04 20:18:20,163 - ComprehensiveSCRPAFixV8_5 - INFO - ============================================================
2025-08-04 20:18:20,163 - ComprehensiveSCRPAFixV8_5 - INFO - COMPREHENSIVE SCRPA FIX V8.5 COMPLETE - VALIDATION SUMMARY
2025-08-04 20:18:20,163 - ComprehensiveSCRPAFixV8_5 - INFO - ============================================================
2025-08-04 20:18:20,163 - ComprehensiveSCRPAFixV8_5 - INFO - ✅ RMS records processed: 0
2025-08-04 20:18:20,163 - ComprehensiveSCRPAFixV8_5 - INFO - ✅ CAD records processed: 115
2025-08-04 20:18:20,163 - ComprehensiveSCRPAFixV8_5 - INFO - ✅ Output directory: C:\Users\carucci_r\OneDrive - City of Hackensack\01_DataSources\SCRPA_Time_v2\04_powerbi
2025-08-04 20:18:20,163 - ComprehensiveSCRPAFixV8_5 - INFO - ============================================================
2025-08-04 20:18:20,163 - ComprehensiveSCRPAFixV8_5 - INFO - Running comprehensive export consistency validation...
2025-08-04 20:18:20,165 - ComprehensiveSCRPAFixV8_5 - INFO - Found 4 CSV files for validation
2025-08-04 20:18:20,165 - ComprehensiveSCRPAFixV8_5 - INFO - ======================================================================
2025-08-04 20:18:20,165 - ComprehensiveSCRPAFixV8_5 - INFO - COMPREHENSIVE EXPORT CONSISTENCY VALIDATION
2025-08-04 20:18:20,166 - ComprehensiveSCRPAFixV8_5 - INFO - ======================================================================
2025-08-04 20:18:20,171 - ComprehensiveSCRPAFixV8_5 - INFO - Analyzing: C08W31_20250804_7Day_rms_data_standardized.csv (138 rows, 24 columns)
2025-08-04 20:18:20,172 - ComprehensiveSCRPAFixV8_5 - INFO - ✅ C08W31_20250804_7Day_rms_data_standardized.csv header validation PASSED: All 24 columns follow lowercase snake_case
2025-08-04 20:18:20,172 - ComprehensiveSCRPAFixV8_5 - INFO -   Headers: All 24 columns follow lowercase_snake_case
2025-08-04 20:18:20,184 - ComprehensiveSCRPAFixV8_5 - INFO -   Data Types: 15 string, 9 numeric, 0 datetime, 0 mixed
2025-08-04 20:18:20,184 - ComprehensiveSCRPAFixV8_5 - WARNING -   Data Quality Issues: 10
2025-08-04 20:18:20,184 - ComprehensiveSCRPAFixV8_5 - WARNING -     - Column 'incident_time' has high null percentage: 100.0%
2025-08-04 20:18:20,185 - ComprehensiveSCRPAFixV8_5 - WARNING -     - Column 'location' has high null percentage: 100.0%
2025-08-04 20:18:20,185 - ComprehensiveSCRPAFixV8_5 - WARNING -     - Column 'grid' has high null percentage: 100.0%
2025-08-04 20:18:20,193 - ComprehensiveSCRPAFixV8_5 - WARNING -   Power BI Issues: 1
2025-08-04 20:18:20,193 - ComprehensiveSCRPAFixV8_5 - WARNING -     - Completely empty columns found: incident_time, location, grid, post, incident_type
2025-08-04 20:18:20,201 - ComprehensiveSCRPAFixV8_5 - INFO - Analyzing: C08W31_20250804_7Day_cad_data_standardized.csv (115 rows, 23 columns)
2025-08-04 20:18:20,201 - ComprehensiveSCRPAFixV8_5 - INFO - ✅ C08W31_20250804_7Day_cad_data_standardized.csv header validation PASSED: All 23 columns follow lowercase snake_case
2025-08-04 20:18:20,201 - ComprehensiveSCRPAFixV8_5 - INFO -   Headers: All 23 columns follow lowercase_snake_case
2025-08-04 20:18:20,213 - ComprehensiveSCRPAFixV8_5 - INFO -   Data Types: 19 string, 4 numeric, 0 datetime, 0 mixed
2025-08-04 20:18:20,213 - ComprehensiveSCRPAFixV8_5 - WARNING -   Data Quality Issues: 1
2025-08-04 20:18:20,214 - ComprehensiveSCRPAFixV8_5 - WARNING -     - Column 'grid' has high null percentage: 100.0%
2025-08-04 20:18:20,225 - ComprehensiveSCRPAFixV8_5 - WARNING -   Power BI Issues: 1
2025-08-04 20:18:20,226 - ComprehensiveSCRPAFixV8_5 - WARNING -     - Completely empty columns found: grid
2025-08-04 20:18:20,232 - ComprehensiveSCRPAFixV8_5 - INFO - Analyzing: C08W31_20250804_7Day_cad_rms_matched_standardized.csv (138 rows, 51 columns)
2025-08-04 20:18:20,232 - ComprehensiveSCRPAFixV8_5 - INFO - ✅ C08W31_20250804_7Day_cad_rms_matched_standardized.csv header validation PASSED: All 51 columns follow lowercase snake_case
2025-08-04 20:18:20,232 - ComprehensiveSCRPAFixV8_5 - INFO -   Headers: All 51 columns follow lowercase_snake_case
2025-08-04 20:18:20,245 - ComprehensiveSCRPAFixV8_5 - INFO -   Data Types: 39 string, 12 numeric, 0 datetime, 0 mixed
2025-08-04 20:18:20,246 - ComprehensiveSCRPAFixV8_5 - WARNING -   Data Quality Issues: 11
2025-08-04 20:18:20,246 - ComprehensiveSCRPAFixV8_5 - WARNING -     - Column 'incident_time' has high null percentage: 100.0%
2025-08-04 20:18:20,246 - ComprehensiveSCRPAFixV8_5 - WARNING -     - Column 'location' has high null percentage: 100.0%
2025-08-04 20:18:20,246 - ComprehensiveSCRPAFixV8_5 - WARNING -     - Column 'grid' has high null percentage: 100.0%
2025-08-04 20:18:20,260 - ComprehensiveSCRPAFixV8_5 - WARNING -   Power BI Issues: 1
2025-08-04 20:18:20,260 - ComprehensiveSCRPAFixV8_5 - WARNING -     - Completely empty columns found: incident_time, location, grid, post, incident_type
2025-08-04 20:18:20,263 - ComprehensiveSCRPAFixV8_5 - INFO - Analyzing: C08W31_20250804_7Day_SCRPA_Incidents.csv (1 rows, 10 columns)
2025-08-04 20:18:20,264 - ComprehensiveSCRPAFixV8_5 - ERROR - ❌ C08W31_20250804_7Day_SCRPA_Incidents.csv header validation FAILED: 10 non-compliant columns
2025-08-04 20:18:20,264 - ComprehensiveSCRPAFixV8_5 - ERROR - Non-compliant columns: ['Case_Number', 'Incident_Date_Time', 'Incident_Types', 'Crime_Category', 'Full_Address', 'Narrative', 'Vehicle_Registration', 'Vehicle_Make_Model', 'Grid_Zone', 'Status']
2025-08-04 20:18:20,264 - ComprehensiveSCRPAFixV8_5 - WARNING -   Headers: 10 non-compliant columns
2025-08-04 20:18:20,271 - ComprehensiveSCRPAFixV8_5 - INFO -   Data Types: 10 string, 0 numeric, 0 datetime, 0 mixed
2025-08-04 20:18:20,275 - ComprehensiveSCRPAFixV8_5 - INFO -   Power BI Ready: No import issues detected
2025-08-04 20:18:20,276 - ComprehensiveSCRPAFixV8_5 - INFO - Cross-File Compatibility Analysis:
2025-08-04 20:18:20,276 - ComprehensiveSCRPAFixV8_5 - INFO -   Total unique columns across all files: 76
2025-08-04 20:18:20,276 - ComprehensiveSCRPAFixV8_5 - INFO -   Common columns across all files: 0
2025-08-04 20:18:20,276 - ComprehensiveSCRPAFixV8_5 - INFO -   C08W31_20250804_7Day_rms_data_standardized.csv specific columns: 24
2025-08-04 20:18:20,277 - ComprehensiveSCRPAFixV8_5 - INFO -     - all_incidents, incident_time, time_of_day_sort_order, day_of_week, squad (and 19 more)
2025-08-04 20:18:20,277 - ComprehensiveSCRPAFixV8_5 - INFO -   C08W31_20250804_7Day_cad_data_standardized.csv specific columns: 23
2025-08-04 20:18:20,277 - ComprehensiveSCRPAFixV8_5 - INFO -     - cad_notes_cleaned, how_reported, cad_username, category_type, incident (and 18 more)
2025-08-04 20:18:20,277 - ComprehensiveSCRPAFixV8_5 - INFO -   C08W31_20250804_7Day_cad_rms_matched_standardized.csv specific columns: 51
2025-08-04 20:18:20,278 - ComprehensiveSCRPAFixV8_5 - INFO -     - all_incidents, incident_time, time_of_day_sort_order, officer_cad, squad (and 46 more)
2025-08-04 20:18:20,278 - ComprehensiveSCRPAFixV8_5 - INFO -   C08W31_20250804_7Day_SCRPA_Incidents.csv specific columns: 10
2025-08-04 20:18:20,278 - ComprehensiveSCRPAFixV8_5 - INFO -     - Incident_Date_Time, Vehicle_Make_Model, Full_Address, Grid_Zone, Status (and 5 more)
2025-08-04 20:18:20,278 - ComprehensiveSCRPAFixV8_5 - INFO -   All common columns have consistent data types
2025-08-04 20:18:20,278 - ComprehensiveSCRPAFixV8_5 - INFO - ======================================================================
2025-08-04 20:18:20,278 - ComprehensiveSCRPAFixV8_5 - INFO - EXPORT CONSISTENCY VALIDATION SUMMARY
2025-08-04 20:18:20,278 - ComprehensiveSCRPAFixV8_5 - INFO - ======================================================================
2025-08-04 20:18:20,278 - ComprehensiveSCRPAFixV8_5 - INFO - Overall Status: WARNING
2025-08-04 20:18:20,279 - ComprehensiveSCRPAFixV8_5 - INFO - Files Validated: 4
2025-08-04 20:18:20,279 - ComprehensiveSCRPAFixV8_5 - INFO - Issues Found: 4
2025-08-04 20:18:20,279 - ComprehensiveSCRPAFixV8_5 - INFO - Power BI Ready Files: 1/4
2025-08-04 20:18:20,279 - ComprehensiveSCRPAFixV8_5 - INFO - Recommendations:
2025-08-04 20:18:20,279 - ComprehensiveSCRPAFixV8_5 - INFO -   - Review header naming conventions to ensure lowercase_snake_case compliance
2025-08-04 20:18:20,279 - ComprehensiveSCRPAFixV8_5 - INFO -   - Standardize data types for common columns across all files
2025-08-04 20:18:20,280 - ComprehensiveSCRPAFixV8_5 - INFO -   - Address Power BI compatibility issues before import
2025-08-04 20:18:20,280 - ComprehensiveSCRPAFixV8_5 - INFO -   - C08W31_20250804_7Day_rms_data_standardized.csv: Consider reviewing columns with >75% null values: incident_time, location, grid
2025-08-04 20:18:20,280 - ComprehensiveSCRPAFixV8_5 - INFO -   - C08W31_20250804_7Day_cad_data_standardized.csv: Consider reviewing columns with >75% null values: grid
2025-08-04 20:18:20,280 - ComprehensiveSCRPAFixV8_5 - INFO - ======================================================================
2025-08-04 20:18:20,280 - ComprehensiveSCRPAFixV8_5 - WARNING - ⚠️ Export validation completed with warnings - review before Power BI import
