2025-08-02 21:52:23,774 - ComprehensiveSCRPAFixV8_5 - INFO - === Comprehensive SCRPA Fix V8.5 - Cycle Calendar Integration Version ===
2025-08-02 21:52:24,071 - ComprehensiveSCRPAFixV8_5 - INFO - Loaded call type reference: 592 records
2025-08-02 21:52:24,072 - ComprehensiveSCRPAFixV8_5 - INFO - Reference file columns after standardization: ['incident', 'category_type', 'response_type']
2025-08-02 21:52:24,145 - ComprehensiveSCRPAFixV8_5 - INFO - Loaded zone/grid reference: 1368 records
2025-08-02 21:52:24,158 - ComprehensiveSCRPAFixV8_5 - INFO - Loaded cycle calendar: 52 records
2025-08-02 21:52:24,161 - ComprehensiveSCRPAFixV8_5 - INFO - Cycle calendar columns: ['Report_Due_Date', '7_Day_Start', '7_Day_End', '28_Day_Start', '28_Day_End', 'Report_Name']
2025-08-02 21:52:24,166 - ComprehensiveSCRPAFixV8_5 - INFO - Current cycle: C08W31, Date: 20250802
2025-08-02 21:52:24,167 - ComprehensiveSCRPAFixV8_5 - INFO - Starting Comprehensive SCRPA Fix V8.5 pipeline...
2025-08-02 21:52:24,168 - ComprehensiveSCRPAFixV8_5 - INFO - Latest CAD file: 2025_07_29_13_02_40_SCRPA_CAD.xlsx
2025-08-02 21:52:24,169 - ComprehensiveSCRPAFixV8_5 - INFO - Latest RMS file: 2025_07_29_13_02_46_SCRPA_RMS.xlsx
2025-08-02 21:52:24,170 - ComprehensiveSCRPAFixV8_5 - INFO - Processing RMS data: 2025_07_29_13_02_46_SCRPA_RMS.xlsx
2025-08-02 21:52:24,206 - ComprehensiveSCRPAFixV8_5 - INFO - Loaded RMS file with 136 rows and 31 columns
2025-08-02 21:52:24,206 - ComprehensiveSCRPAFixV8_5 - INFO - RMS columns found: ['Case Number', 'Incident Date', 'Incident Time', 'Incident Date_Between', 'Incident Time_Between', 'Report Date', 'Report Time', 'Incident Type_1', 'Incident Type_2', 'Incident Type_3', 'FullAddress', 'Grid', 'Zone', 'Narrative', 'Total Value Stolen', 'Total Value Recover', 'Registration 1', 'Make1', 'Model1', 'Reg State 1', 'Registration 2', 'Reg State 2', 'Make2', 'Model2', 'Reviewed By', 'CompleteCalc', 'Officer of Record', 'Squad', 'Det_Assigned', 'Case_Status', 'NIBRS Classification']
2025-08-02 21:52:24,207 - ComprehensiveSCRPAFixV8_5 - INFO - Normalized RMS headers to lowercase snake_case: ['case_number', 'incident_date', 'incident_time', 'incident_date_between', 'incident_time_between', 'report_date', 'report_time', 'incident_type_1', 'incident_type_2', 'incident_type_3', 'full_address', 'grid', 'zone', 'narrative', 'total_value_stolen', 'total_value_recover', 'registration_1', 'make_1', 'model_1', 'reg_state_1', 'registration_2', 'reg_state_2', 'make_2', 'model_2', 'reviewed_by', 'complete_calc', 'officer_of_record', 'squad', 'det_assigned', 'case_status', 'nibrs_classification']
2025-08-02 21:52:24,208 - ComprehensiveSCRPAFixV8_5 - INFO - Applied column mapping: {}
2025-08-02 21:52:24,292 - ComprehensiveSCRPAFixV8_5 - INFO - ✅ RMS header validation PASSED: All 48 columns follow lowercase snake_case
2025-08-02 21:52:24,294 - ComprehensiveSCRPAFixV8_5 - INFO - RMS headers validation passed - all headers are lowercase snake_case
2025-08-02 21:52:24,300 - ComprehensiveSCRPAFixV8_5 - INFO - RMS processing complete: 0 records after filtering
2025-08-02 21:52:24,301 - ComprehensiveSCRPAFixV8_5 - INFO - Final RMS columns: ['case_number', 'incident_date', 'incident_time', 'time_of_day', 'time_of_day_sort_order', 'period', 'season', 'day_of_week', 'day_type', 'location', 'block', 'grid', 'post', 'incident_type', 'all_incidents', 'vehicle_1', 'vehicle_2', 'vehicle_1_and_vehicle_2', 'narrative', 'total_value_stolen', 'squad', 'officer_of_record', 'nibrs_classification', 'cycle_name']
2025-08-02 21:52:24,301 - ComprehensiveSCRPAFixV8_5 - INFO - REMOVED CAD-specific columns: incident_type, crime_category, response_type
2025-08-02 21:52:24,322 - ComprehensiveSCRPAFixV8_5 - WARNING - Found 30 duplicate incidents in reference file. Keeping first occurrence of each.
2025-08-02 21:52:24,323 - ComprehensiveSCRPAFixV8_5 - WARNING - Duplicate incidents: {'SIMPLE ASSAULT 2C:12-1A': 4, 'TERRORISTIC THREATS 2C:12-3': 3, 'DOMESTIC DISPUTE': 3, 'SHOPLIFTING 2C:20-11': 3, 'TARGETED AREA PATROL': 3, 'WITNESS TAMPERING - 2C:28-5': 2, 'WIDESPREAD DAMAGE - 2C:17-2': 2, 'WEAPONS SEIZURE - 2C:25-21D': 2, 'WRONGFUL IMPERSONATING - 2C:21-1': 2, 'WEATHER ALERTS': 2, 'WELFARE CHECK': 2, 'WIRE DOWN': 2}
2025-08-02 21:52:24,338 - ComprehensiveSCRPAFixV8_5 - INFO - Enhanced call type reference loaded successfully:
2025-08-02 21:52:24,338 - ComprehensiveSCRPAFixV8_5 - INFO -   - Total records: 592
2025-08-02 21:52:24,339 - ComprehensiveSCRPAFixV8_5 - INFO -   - Unique incidents: 574
2025-08-02 21:52:24,339 - ComprehensiveSCRPAFixV8_5 - INFO -   - Duplicates removed: 30
2025-08-02 21:52:24,339 - ComprehensiveSCRPAFixV8_5 - INFO -   - Normalized columns: ['incident', 'category_type', 'response_type']
2025-08-02 21:52:24,339 - ComprehensiveSCRPAFixV8_5 - INFO - Processing CAD data: 2025_07_29_13_02_40_SCRPA_CAD.xlsx
2025-08-02 21:52:24,385 - ComprehensiveSCRPAFixV8_5 - INFO - Loaded CAD file with 114 rows and 20 columns
2025-08-02 21:52:24,386 - ComprehensiveSCRPAFixV8_5 - INFO - CAD columns found: ['ReportNumberNew', 'Incident', 'How Reported', 'FullAddress2', 'PDZone', 'Grid', 'Time of Call', 'cYear', 'cMonth', 'HourMinuetsCalc', 'DayofWeek', 'Time Dispatched', 'Time Out', 'Time In', 'Time Spent', 'Time Response', 'Officer', 'Disposition', 'Response Type', 'CADNotes']
2025-08-02 21:52:24,387 - ComprehensiveSCRPAFixV8_5 - INFO - Normalized CAD headers to lowercase snake_case: ['report_number_new', 'incident', 'how_reported', 'full_address_2', 'pdzone', 'grid', 'time_of_call', 'c_year', 'c_month', 'hour_minuets_calc', 'dayof_week', 'time_dispatched', 'time_out', 'time_in', 'time_spent', 'time_response', 'officer', 'disposition', 'response_type', 'cadnotes']
2025-08-02 21:52:24,387 - ComprehensiveSCRPAFixV8_5 - INFO - Applied column mapping: {}
2025-08-02 21:52:24,401 - ComprehensiveSCRPAFixV8_5 - INFO - Starting enhanced call type mapping for 114 CAD records
2025-08-02 21:52:24,402 - ComprehensiveSCRPAFixV8_5 - INFO - Sample incident values: ['Motor Vehicle Theft - 2C:20-3', 'Criminal Sexual Contact - 2C:14-3a', 'Burglary - Auto - 2C:18-2', 'Burglary - Residence - 2C:18-2', 'Motor Vehicle Theft - 2C:20-3']
2025-08-02 21:52:24,405 - ComprehensiveSCRPAFixV8_5 - INFO - Unified column coverage:
2025-08-02 21:52:24,405 - ComprehensiveSCRPAFixV8_5 - INFO -   - response_type coverage: 100.0%
2025-08-02 21:52:24,405 - ComprehensiveSCRPAFixV8_5 - INFO -   - category_type coverage: 100.0%
2025-08-02 21:52:24,406 - ComprehensiveSCRPAFixV8_5 - INFO - Enhanced mapping results:
2025-08-02 21:52:24,406 - ComprehensiveSCRPAFixV8_5 - INFO -   - Total incidents: 114
2025-08-02 21:52:24,406 - ComprehensiveSCRPAFixV8_5 - INFO -   - Mapped incidents: 114
2025-08-02 21:52:24,406 - ComprehensiveSCRPAFixV8_5 - INFO -   - Unmapped incidents: 0
2025-08-02 21:52:24,406 - ComprehensiveSCRPAFixV8_5 - INFO -   - Mapping rate: 100.0%
2025-08-02 21:52:24,407 - ComprehensiveSCRPAFixV8_5 - INFO - Category type distribution: {'Criminal Incidents': 114}
2025-08-02 21:52:24,407 - ComprehensiveSCRPAFixV8_5 - INFO - Top 10 response types: {'Emergency': 80, 'Routine': 34}
