2025-07-29 08:36:13,441 - ComprehensiveSCRPAFixV7_2 - INFO - Comprehensive SCRPA Fix V7.2 initialized.
2025-07-29 08:36:13,441 - ComprehensiveSCRPAFixV7_2 - WARNING - Call type reference file not found. Will use fallback categorization.
2025-07-29 08:36:13,441 - ComprehensiveSCRPAFixV7_2 - INFO - Starting Comprehensive SCRPA Fix V7.2 pipeline...
2025-07-29 08:36:13,442 - ComprehensiveSCRPAFixV7_2 - INFO - Latest cad file: 2025_07_29_00_53_07_SCRPA_CAD.xlsx
2025-07-29 08:36:13,442 - ComprehensiveSCRPAFixV7_2 - INFO - Latest rms file: 2025_07_28_13_44_25_SCRPA_RMS.xlsx
2025-07-29 08:36:13,443 - ComprehensiveSCRPAFixV7_2 - INFO - Processing CAD data: 2025_07_29_00_53_07_SCRPA_CAD.xlsx
2025-07-29 08:36:14,128 - ComprehensiveSCRPAFixV7_2 - INFO - Cleaning 'How Reported' column.
2025-07-29 08:36:14,131 - ComprehensiveSCRPAFixV7_2 - WARNING - Applying fallback crime categorization.
2025-07-29 08:36:14,133 - ComprehensiveSCRPAFixV7_2 - INFO - CAD processing complete: 114 records.
2025-07-29 08:36:14,133 - ComprehensiveSCRPAFixV7_2 - INFO - Processing RMS data: 2025_07_28_13_44_25_SCRPA_RMS.xlsx
2025-07-29 08:36:14,207 - ComprehensiveSCRPAFixV7_2 - INFO - Applied uppercase to vehicle data.
2025-07-29 08:36:14,223 - ComprehensiveSCRPAFixV7_2 - INFO - Created derived vehicle columns.
2025-07-29 08:36:14,223 - ComprehensiveSCRPAFixV7_2 - WARNING - Applying fallback crime categorization.
2025-07-29 08:36:14,225 - ComprehensiveSCRPAFixV7_2 - INFO - RMS processing complete: 134 records.
2025-07-29 08:36:14,259 - ComprehensiveSCRPAFixV7_2 - INFO - ============================================================
2025-07-29 08:36:14,260 - ComprehensiveSCRPAFixV7_2 - INFO - COMPREHENSIVE SCRPA FIX V7.2 COMPLETE
2025-07-29 08:36:14,260 - ComprehensiveSCRPAFixV7_2 - INFO - ✅ Total records processed: 248
2025-07-29 08:36:14,260 - ComprehensiveSCRPAFixV7_2 - INFO - ✅ Null/Empty CaseNumbers: 0
2025-07-29 08:36:14,260 - ComprehensiveSCRPAFixV7_2 - INFO - ✅ Output file: C:\Users\carucci_r\OneDrive - City of Hackensack\01_DataSources\SCRPA_Time_v2\04_powerbi\enhanced_scrpa_data_v7_2_final.csv
2025-07-29 08:36:14,260 - ComprehensiveSCRPAFixV7_2 - INFO - ============================================================
