2025-08-05 17:48:06,618 - ComprehensiveSCRPAFixV8_5 - INFO - === Comprehensive SCRPA Fix V8.5 - Cycle Calendar Integration Version ===
2025-08-05 17:48:07,455 - ComprehensiveSCRPAFixV8_5 - INFO - Loaded call type reference: 592 records
2025-08-05 17:48:07,455 - ComprehensiveSCRPAFixV8_5 - INFO - Reference file columns: ['Incident', 'Category Type', 'Response Type']
2025-08-05 17:48:07,456 - ComprehensiveSCRPAFixV8_5 - INFO - Incident column forced to string type with 592 records
2025-08-05 17:48:07,600 - ComprehensiveSCRPAFixV8_5 - INFO - Loaded zone/grid reference: 1368 records
2025-08-05 17:48:07,620 - ComprehensiveSCRPAFixV8_5 - INFO - Loaded cycle calendar: 52 records
2025-08-05 17:48:07,620 - ComprehensiveSCRPAFixV8_5 - INFO - Cycle calendar columns: ['Report_Due_Date', '7_Day_Start', '7_Day_End', '28_Day_Start', '28_Day_End', 'Report_Name']
2025-08-05 17:48:07,625 - ComprehensiveSCRPAFixV8_5 - INFO - Current cycle: C08W32, Date: 20250805
2025-08-05 17:48:07,625 - ComprehensiveSCRPAFixV8_5 - INFO - 🚀 Starting Complete SCRPA Pipeline V8.5... (Memory: 95.6MB)
2025-08-05 17:48:07,626 - ComprehensiveSCRPAFixV8_5 - INFO - Starting Comprehensive SCRPA Fix V8.5 pipeline...
2025-08-05 17:48:07,626 - ComprehensiveSCRPAFixV8_5 - INFO - ⚡ Completed Complete SCRPA Pipeline V8.5 (Fast):
2025-08-05 17:48:07,626 - ComprehensiveSCRPAFixV8_5 - INFO -   ⏱️ Duration: 0.00s
2025-08-05 17:48:07,626 - ComprehensiveSCRPAFixV8_5 - INFO -   💾 Memory: 95.6MB (Δ+0.0MB)
2025-08-05 17:48:07,628 - ComprehensiveSCRPAFixV8_5 - INFO - Latest CAD file: 2025_08_01_19_38_12_SCRPA_CAD.xlsx
2025-08-05 17:48:07,629 - ComprehensiveSCRPAFixV8_5 - INFO - Latest RMS file: 2025_08_01_19_38_12_SCRPA_RMS.xlsx
2025-08-05 17:48:07,630 - ComprehensiveSCRPAFixV8_5 - INFO - 🚀 Starting RMS Data Processing - 2025_08_01_19_38_12_SCRPA_RMS.xlsx... (Memory: 95.7MB)
2025-08-05 17:48:07,630 - ComprehensiveSCRPAFixV8_5 - INFO - Processing RMS data: 2025_08_01_19_38_12_SCRPA_RMS.xlsx
2025-08-05 17:48:07,631 - ComprehensiveSCRPAFixV8_5 - INFO - 🚀 Starting RMS File Loading... (Memory: 95.7MB)
2025-08-05 17:48:07,680 - ComprehensiveSCRPAFixV8_5 - INFO - Loaded RMS file with 140 rows and 31 columns
2025-08-05 17:48:07,680 - ComprehensiveSCRPAFixV8_5 - INFO - ⚡ Completed RMS File Loading (Fast):
2025-08-05 17:48:07,681 - ComprehensiveSCRPAFixV8_5 - INFO -   ⏱️ Duration: 0.05s
2025-08-05 17:48:07,681 - ComprehensiveSCRPAFixV8_5 - INFO -   💾 Memory: 96.3MB (Δ+0.6MB)
2025-08-05 17:48:07,681 - ComprehensiveSCRPAFixV8_5 - INFO - Normalized RMS headers: ['case_number', 'incident_date', 'incident_time', 'incident_date_between', 'incident_time_between', 'report_date', 'report_time', 'incident_type_1', 'incident_type_2', 'incident_type_3', 'full_address', 'grid', 'zone', 'narrative', 'total_value_stolen', 'total_value_recover', 'registration_1', 'make_1', 'model_1', 'reg_state_1', 'registration_2', 'reg_state_2', 'make_2', 'model_2', 'reviewed_by', 'complete_calc', 'officer_of_record', 'squad', 'det_assigned', 'case_status', 'nibrs_classification']
2025-08-05 17:48:07,682 - ComprehensiveSCRPAFixV8_5 - INFO - Applied column mapping to 26 columns.
2025-08-05 17:48:07,733 - ComprehensiveSCRPAFixV8_5 - INFO - Cascaded incident dates populated: 140/140
2025-08-05 17:48:07,737 - ComprehensiveSCRPAFixV8_5 - INFO - Cascaded incident times populated: 140/140
2025-08-05 17:48:07,739 - ComprehensiveSCRPAFixV8_5 - INFO - Time of Day populated: 140/140
2025-08-05 17:48:07,852 - ComprehensiveSCRPAFixV8_5 - INFO - Formatted incident_date to mm/dd/yy
2025-08-05 17:48:07,852 - ComprehensiveSCRPAFixV8_5 - WARNING - Removing Jersey City address: 128 Christopher Columbus Drive, Jersey City, NJ 07302, Hackensack, NJ, 07601
2025-08-05 17:48:07,853 - ComprehensiveSCRPAFixV8_5 - INFO - Address validation: 139/140 addresses validated
2025-08-05 17:48:07,931 - ComprehensiveSCRPAFixV8_5 - INFO - RMS processing complete: 138 records after filtering from 140
2025-08-05 17:48:07,958 - ComprehensiveSCRPAFixV8_5 - INFO - ⚡ Completed RMS Data Processing - 2025_08_01_19_38_12_SCRPA_RMS.xlsx (Fast):
2025-08-05 17:48:07,958 - ComprehensiveSCRPAFixV8_5 - INFO -   ⏱️ Duration: 0.33s
2025-08-05 17:48:07,958 - ComprehensiveSCRPAFixV8_5 - INFO -   💾 Memory: 97.9MB (Δ+2.2MB)
2025-08-05 17:48:07,959 - ComprehensiveSCRPAFixV8_5 - INFO - 🚀 Starting CAD Data Processing - 2025_08_01_19_38_12_SCRPA_CAD.xlsx... (Memory: 97.9MB)
2025-08-05 17:48:07,959 - ComprehensiveSCRPAFixV8_5 - INFO - Processing CAD data: 2025_08_01_19_38_12_SCRPA_CAD.xlsx
2025-08-05 17:48:07,960 - ComprehensiveSCRPAFixV8_5 - INFO - ⚡ Completed CAD Data Processing - 2025_08_01_19_38_12_SCRPA_CAD.xlsx (Fast):
2025-08-05 17:48:07,960 - ComprehensiveSCRPAFixV8_5 - INFO -   ⏱️ Duration: 0.00s
2025-08-05 17:48:07,960 - ComprehensiveSCRPAFixV8_5 - INFO -   💾 Memory: 97.9MB (Δ+0.0MB)
2025-08-05 17:48:08,000 - ComprehensiveSCRPAFixV8_5 - INFO - Loaded CAD file with 115 rows and 20 columns
2025-08-05 17:48:08,000 - ComprehensiveSCRPAFixV8_5 - INFO - Applied dtype={'How Reported': str} to prevent Excel auto-parsing '9-1-1' as date
2025-08-05 17:48:08,001 - ComprehensiveSCRPAFixV8_5 - INFO - Applied enhanced fixes to prevent '9-1-1' date conversion
2025-08-05 17:48:08,194 - ComprehensiveSCRPAFixV8_5 - INFO - CAD processing complete: 115 records
2025-08-05 17:48:08,224 - ComprehensiveSCRPAFixV8_5 - INFO - 💾 Writing standard CSV: 138 rows
2025-08-05 17:48:08,236 - ComprehensiveSCRPAFixV8_5 - INFO - RMS data saved: C:\Users\carucci_r\OneDrive - City of Hackensack\01_DataSources\SCRPA_Time_v2\04_powerbi\C08W32_20250805_7Day_rms_data_standardized_v3.csv
2025-08-05 17:48:08,238 - ComprehensiveSCRPAFixV8_5 - INFO - 💾 Writing standard CSV: 115 rows
2025-08-05 17:48:08,243 - ComprehensiveSCRPAFixV8_5 - INFO - CAD data saved: C:\Users\carucci_r\OneDrive - City of Hackensack\01_DataSources\SCRPA_Time_v2\04_powerbi\C08W32_20250805_7Day_cad_data_standardized_v2.csv
2025-08-05 17:48:08,244 - ComprehensiveSCRPAFixV8_5 - INFO - Starting CAD-RMS matching: RMS=138 records, CAD=115 records
2025-08-05 17:48:08,247 - ComprehensiveSCRPAFixV8_5 - INFO - CAD-RMS matching complete: 138 records with a 63.0% match rate.
2025-08-05 17:48:08,254 - ComprehensiveSCRPAFixV8_5 - INFO - 💾 Writing standard CSV: 138 rows
2025-08-05 17:48:08,264 - ComprehensiveSCRPAFixV8_5 - INFO - Joined data saved: C:\Users\carucci_r\OneDrive - City of Hackensack\01_DataSources\SCRPA_Time_v2\04_powerbi\C08W32_20250805_7Day_cad_rms_matched_standardized.csv
2025-08-05 17:48:08,265 - ComprehensiveSCRPAFixV8_5 - INFO - Starting 7-Day SCRPA incident export...
2025-08-05 17:48:08,266 - ComprehensiveSCRPAFixV8_5 - INFO - 7-Day period records found: 2
2025-08-05 17:48:08,273 - ComprehensiveSCRPAFixV8_5 - INFO - After multi-column crime filtering: 2 records
2025-08-05 17:48:08,275 - ComprehensiveSCRPAFixV8_5 - INFO - 💾 Writing standard CSV: 2 rows
2025-08-05 17:48:08,278 - ComprehensiveSCRPAFixV8_5 - INFO - 7-Day SCRPA export complete: 2 incidents saved to C:\Users\carucci_r\OneDrive - City of Hackensack\01_DataSources\SCRPA_Time_v2\04_powerbi\C08W32_20250805_7Day_SCRPA_Incidents.csv
2025-08-05 17:48:08,279 - ComprehensiveSCRPAFixV8_5 - INFO - ============================================================
2025-08-05 17:48:08,279 - ComprehensiveSCRPAFixV8_5 - INFO - FINAL VALIDATION SUMMARY
2025-08-05 17:48:08,279 - ComprehensiveSCRPAFixV8_5 - INFO - ============================================================
2025-08-05 17:48:08,279 - ComprehensiveSCRPAFixV8_5 - INFO - ✅ RMS records processed: 138
2025-08-05 17:48:08,279 - ComprehensiveSCRPAFixV8_5 - INFO - ✅ CAD records processed: 115
2025-08-05 17:48:08,279 - ComprehensiveSCRPAFixV8_5 - INFO - ✅ Matched records created: 138
2025-08-05 17:48:08,280 - ComprehensiveSCRPAFixV8_5 - WARNING - ⚠️ RECORD COUNT VALIDATION: Expected 135, got 138
2025-08-05 17:48:08,280 - ComprehensiveSCRPAFixV8_5 - INFO - ✅ COLUMN NAMING VALIDATION: PASSED (all lowercase_snake_case)
2025-08-05 17:48:08,280 - ComprehensiveSCRPAFixV8_5 - INFO - ✅ CRITICAL COLUMNS VALIDATION: PASSED
