2025-08-05 16:47:08,114 - ComprehensiveSCRPAFixV8_5 - INFO - === Comprehensive SCRPA Fix V8.5 - Cycle Calendar Integration Version ===
2025-08-05 16:47:08,696 - ComprehensiveSCRPAFixV8_5 - INFO - Loaded call type reference: 592 records
2025-08-05 16:47:08,697 - ComprehensiveSCRPAFixV8_5 - INFO - Reference file columns: ['Incident', 'Category Type', 'Response Type']
2025-08-05 16:47:08,697 - ComprehensiveSCRPAFixV8_5 - INFO - Incident column forced to string type with 592 records
2025-08-05 16:47:08,802 - ComprehensiveSCRPAFixV8_5 - INFO - Loaded zone/grid reference: 1368 records
2025-08-05 16:47:08,816 - ComprehensiveSCRPAFixV8_5 - INFO - Loaded cycle calendar: 52 records
2025-08-05 16:47:08,816 - ComprehensiveSCRPAFixV8_5 - INFO - Cycle calendar columns: ['Report_Due_Date', '7_Day_Start', '7_Day_End', '28_Day_Start', '28_Day_End', 'Report_Name']
2025-08-05 16:47:08,817 - ComprehensiveSCRPAFixV8_5 - INFO - Current cycle: C08W32, Date: 20250805
2025-08-05 16:47:08,817 - ComprehensiveSCRPAFixV8_5 - INFO - 🧪 Running Performance Monitoring Demo
2025-08-05 16:47:08,818 - ComprehensiveSCRPAFixV8_5 - INFO - 🚀 Starting Performance Test Demo... (Memory: 100.2MB)
2025-08-05 16:47:08,818 - ComprehensiveSCRPAFixV8_5 - INFO - 🚀 Starting Large DataFrame Creation... (Memory: 100.2MB)
2025-08-05 16:47:08,820 - ComprehensiveSCRPAFixV8_5 - INFO - ⚡ Completed Large DataFrame Creation (Fast):
2025-08-05 16:47:08,820 - ComprehensiveSCRPAFixV8_5 - INFO -   ⏱️ Duration: 0.00s
2025-08-05 16:47:08,820 - ComprehensiveSCRPAFixV8_5 - INFO -   💾 Memory: 101.2MB (Δ+1.0MB)
2025-08-05 16:47:08,826 - ComprehensiveSCRPAFixV8_5 - INFO - 💾 Test DataFrame memory optimized: 0.7MB → 0.1MB (saved 0.6MB)
2025-08-05 16:47:08,826 - ComprehensiveSCRPAFixV8_5 - INFO - 🚀 Starting DataFrame Operations... (Memory: 101.4MB)
2025-08-05 16:47:08,831 - ComprehensiveSCRPAFixV8_5 - INFO - ⚡ Completed DataFrame Operations (Fast):
2025-08-05 16:47:08,831 - ComprehensiveSCRPAFixV8_5 - INFO -   ⏱️ Duration: 0.01s
2025-08-05 16:47:08,831 - ComprehensiveSCRPAFixV8_5 - INFO -   💾 Memory: 101.7MB (Δ+0.2MB)
2025-08-05 16:47:08,853 - ComprehensiveSCRPAFixV8_5 - INFO - 📊 System Performance Summary: {'memory_rss_mb': 101.671875, 'memory_vms_mb': 814.2890625, 'cpu_percent': 0.0, 'num_threads': 26, 'system_memory_percent': 83.5, 'system_cpu_percent': 24.8}
2025-08-05 16:47:08,871 - ComprehensiveSCRPAFixV8_5 - INFO - ⚡ Completed Performance Test Demo (Fast):
2025-08-05 16:47:08,871 - ComprehensiveSCRPAFixV8_5 - INFO -   ⏱️ Duration: 0.05s
2025-08-05 16:47:08,871 - ComprehensiveSCRPAFixV8_5 - INFO -   💾 Memory: 101.7MB (Δ+1.5MB)
2025-08-05 16:47:08,872 - ComprehensiveSCRPAFixV8_5 - INFO - ✅ Performance monitoring demo completed successfully
2025-08-05 16:47:08,872 - ComprehensiveSCRPAFixV8_5 - INFO - 🧪 Testing chunked processing functionality
2025-08-05 16:47:08,873 - ComprehensiveSCRPAFixV8_5 - INFO - 🚀 Starting Creating test dataset... (Memory: 101.7MB)
2025-08-05 16:47:08,889 - ComprehensiveSCRPAFixV8_5 - INFO - 📁 Created test file: C:\Users\carucci_r\OneDrive - City of Hackensack\01_DataSources\SCRPA_Time_v2\03_output\temp\test_large_dataset_2500_rows.csv (2,500 rows)
2025-08-05 16:47:08,889 - ComprehensiveSCRPAFixV8_5 - INFO - ⚡ Completed Creating test dataset (Fast):
2025-08-05 16:47:08,889 - ComprehensiveSCRPAFixV8_5 - INFO -   ⏱️ Duration: 0.02s
2025-08-05 16:47:08,889 - ComprehensiveSCRPAFixV8_5 - INFO -   💾 Memory: 102.4MB (Δ+0.7MB)
2025-08-05 16:47:08,890 - ComprehensiveSCRPAFixV8_5 - INFO - 🚀 Starting Chunked processing test... (Memory: 102.4MB)
2025-08-05 16:47:08,894 - ComprehensiveSCRPAFixV8_5 - INFO - 📚 Processing large dataset: 2500 rows in chunks of 500
2025-08-05 16:47:08,895 - ComprehensiveSCRPAFixV8_5 - INFO - 🚀 Starting Chunked processing (2500 rows)... (Memory: 102.4MB)
2025-08-05 16:47:08,900 - ComprehensiveSCRPAFixV8_5 - INFO - 🚀 Starting Chunk 1... (Memory: 104.1MB)
2025-08-05 16:47:08,921 - ComprehensiveSCRPAFixV8_5 - INFO - 📊 Progress: 500/2,500 rows (20.0%)
2025-08-05 16:47:08,921 - ComprehensiveSCRPAFixV8_5 - INFO - ⚡ Completed Chunk 1 (Fast):
2025-08-05 16:47:08,921 - ComprehensiveSCRPAFixV8_5 - INFO -   ⏱️ Duration: 0.02s
2025-08-05 16:47:08,922 - ComprehensiveSCRPAFixV8_5 - INFO -   💾 Memory: 104.3MB (Δ+0.2MB)
2025-08-05 16:47:08,928 - ComprehensiveSCRPAFixV8_5 - INFO - 🚀 Starting Chunk 2... (Memory: 104.5MB)
2025-08-05 16:47:08,952 - ComprehensiveSCRPAFixV8_5 - INFO - 📊 Progress: 1,000/2,500 rows (40.0%)
2025-08-05 16:47:08,952 - ComprehensiveSCRPAFixV8_5 - INFO - ⚡ Completed Chunk 2 (Fast):
2025-08-05 16:47:08,953 - ComprehensiveSCRPAFixV8_5 - INFO -   ⏱️ Duration: 0.02s
2025-08-05 16:47:08,953 - ComprehensiveSCRPAFixV8_5 - INFO -   💾 Memory: 104.5MB (Δ+0.1MB)
2025-08-05 16:47:08,958 - ComprehensiveSCRPAFixV8_5 - INFO - 🚀 Starting Chunk 3... (Memory: 104.7MB)
2025-08-05 16:47:08,987 - ComprehensiveSCRPAFixV8_5 - INFO - 📊 Progress: 1,500/2,500 rows (60.0%)
2025-08-05 16:47:08,988 - ComprehensiveSCRPAFixV8_5 - INFO - ⚡ Completed Chunk 3 (Fast):
2025-08-05 16:47:08,988 - ComprehensiveSCRPAFixV8_5 - INFO -   ⏱️ Duration: 0.03s
2025-08-05 16:47:08,988 - ComprehensiveSCRPAFixV8_5 - INFO -   💾 Memory: 104.7MB (Δ+0.1MB)
2025-08-05 16:47:08,994 - ComprehensiveSCRPAFixV8_5 - INFO - 🚀 Starting Chunk 4... (Memory: 104.3MB)
2025-08-05 16:47:09,015 - ComprehensiveSCRPAFixV8_5 - INFO - 📊 Progress: 2,000/2,500 rows (80.0%)
2025-08-05 16:47:09,015 - ComprehensiveSCRPAFixV8_5 - INFO - ⚡ Completed Chunk 4 (Fast):
2025-08-05 16:47:09,015 - ComprehensiveSCRPAFixV8_5 - INFO -   ⏱️ Duration: 0.02s
2025-08-05 16:47:09,015 - ComprehensiveSCRPAFixV8_5 - INFO -   💾 Memory: 104.3MB (Δ+0.0MB)
2025-08-05 16:47:09,020 - ComprehensiveSCRPAFixV8_5 - INFO - 🚀 Starting Chunk 5... (Memory: 104.5MB)
2025-08-05 16:47:09,039 - ComprehensiveSCRPAFixV8_5 - INFO - 📊 Progress: 2,500/2,500 rows (100.0%)
2025-08-05 16:47:09,039 - ComprehensiveSCRPAFixV8_5 - INFO - ⚡ Completed Chunk 5 (Fast):
2025-08-05 16:47:09,039 - ComprehensiveSCRPAFixV8_5 - INFO -   ⏱️ Duration: 0.02s
2025-08-05 16:47:09,040 - ComprehensiveSCRPAFixV8_5 - INFO -   💾 Memory: 104.5MB (Δ+0.0MB)
2025-08-05 16:47:09,040 - ComprehensiveSCRPAFixV8_5 - INFO - 🔗 Combining processed chunks...
2025-08-05 16:47:09,070 - ComprehensiveSCRPAFixV8_5 - INFO - ⚡ Completed Chunked processing (2500 rows) (Fast):
2025-08-05 16:47:09,070 - ComprehensiveSCRPAFixV8_5 - INFO -   ⏱️ Duration: 0.17s
2025-08-05 16:47:09,070 - ComprehensiveSCRPAFixV8_5 - INFO -   💾 Memory: 103.6MB (Δ+1.2MB)
2025-08-05 16:47:09,071 - ComprehensiveSCRPAFixV8_5 - INFO - ✅ Large dataset processing complete: 2,500 total records
2025-08-05 16:47:09,071 - ComprehensiveSCRPAFixV8_5 - INFO - ⚡ Completed Chunked processing test (Fast):
2025-08-05 16:47:09,071 - ComprehensiveSCRPAFixV8_5 - INFO -   ⏱️ Duration: 0.18s
2025-08-05 16:47:09,072 - ComprehensiveSCRPAFixV8_5 - INFO -   💾 Memory: 103.6MB (Δ+1.2MB)
2025-08-05 16:47:09,072 - ComprehensiveSCRPAFixV8_5 - INFO - ✅ Chunked processing test validation:
2025-08-05 16:47:09,072 - ComprehensiveSCRPAFixV8_5 - INFO -   📊 Original rows: 2,500
2025-08-05 16:47:09,072 - ComprehensiveSCRPAFixV8_5 - INFO -   📊 Processed rows: 2,500
2025-08-05 16:47:09,073 - ComprehensiveSCRPAFixV8_5 - INFO -   📊 Columns: 8
2025-08-05 16:47:09,074 - ComprehensiveSCRPAFixV8_5 - INFO -   📊 Memory usage: 0.6MB
2025-08-05 16:47:09,074 - ComprehensiveSCRPAFixV8_5 - INFO - ✅ Data integrity check PASSED
2025-08-05 16:47:09,075 - ComprehensiveSCRPAFixV8_5 - INFO - 🗑️ Cleaned up test file: test_large_dataset_2500_rows.csv
2025-08-05 16:47:09,075 - ComprehensiveSCRPAFixV8_5 - INFO - ✅ Chunked processing test completed
2025-08-05 16:47:09,076 - ComprehensiveSCRPAFixV8_5 - INFO - 🧪 Testing large file writing functionality
2025-08-05 16:47:09,077 - ComprehensiveSCRPAFixV8_5 - INFO - 🚀 Starting Creating large test dataset... (Memory: 103.6MB)
2025-08-05 16:47:09,085 - ComprehensiveSCRPAFixV8_5 - INFO - 📊 Created large test dataset: 5,000 rows, 10 columns
2025-08-05 16:47:09,090 - ComprehensiveSCRPAFixV8_5 - INFO - 📊 Memory usage: 2.2MB
2025-08-05 16:47:09,091 - ComprehensiveSCRPAFixV8_5 - INFO - ⚡ Completed Creating large test dataset (Fast):
2025-08-05 16:47:09,091 - ComprehensiveSCRPAFixV8_5 - INFO -   ⏱️ Duration: 0.01s
2025-08-05 16:47:09,091 - ComprehensiveSCRPAFixV8_5 - INFO -   💾 Memory: 105.0MB (Δ+1.4MB)
2025-08-05 16:47:09,092 - ComprehensiveSCRPAFixV8_5 - INFO - 💾 Writing large CSV: 5,000 rows in chunks of 1,000
2025-08-05 16:47:09,092 - ComprehensiveSCRPAFixV8_5 - INFO - 🚀 Starting Large CSV write (5,000 rows)... (Memory: 105.0MB)
2025-08-05 16:47:09,102 - ComprehensiveSCRPAFixV8_5 - INFO - 📝 Write progress: 1,000/5,000 rows (20.0%)
2025-08-05 16:47:09,108 - ComprehensiveSCRPAFixV8_5 - INFO - 📝 Write progress: 2,000/5,000 rows (40.0%)
2025-08-05 16:47:09,115 - ComprehensiveSCRPAFixV8_5 - INFO - 📝 Write progress: 3,000/5,000 rows (60.0%)
2025-08-05 16:47:09,122 - ComprehensiveSCRPAFixV8_5 - INFO - 📝 Write progress: 4,000/5,000 rows (80.0%)
2025-08-05 16:47:09,130 - ComprehensiveSCRPAFixV8_5 - INFO - 📝 Write progress: 5,000/5,000 rows (100.0%)
2025-08-05 16:47:09,130 - ComprehensiveSCRPAFixV8_5 - INFO - ⚡ Completed Large CSV write (5,000 rows) (Fast):
2025-08-05 16:47:09,130 - ComprehensiveSCRPAFixV8_5 - INFO -   ⏱️ Duration: 0.04s
2025-08-05 16:47:09,131 - ComprehensiveSCRPAFixV8_5 - INFO -   💾 Memory: 105.1MB (Δ+0.1MB)
2025-08-05 16:47:09,131 - ComprehensiveSCRPAFixV8_5 - INFO - ✅ Large CSV write complete: C:\Users\carucci_r\OneDrive - City of Hackensack\01_DataSources\SCRPA_Time_v2\03_output\temp\test_large_export_5000_rows.csv
2025-08-05 16:47:09,132 - ComprehensiveSCRPAFixV8_5 - INFO - ✅ CSV file created: 0.7MB
2025-08-05 16:47:09,140 - ComprehensiveSCRPAFixV8_5 - INFO - ✅ CSV verification: 5 sample rows read successfully
2025-08-05 16:47:09,140 - ComprehensiveSCRPAFixV8_5 - INFO - 📊 Writing large Excel: 5,000 rows in chunks of 1,000
2025-08-05 16:47:09,140 - ComprehensiveSCRPAFixV8_5 - INFO - 🚀 Starting Large Excel write (5,000 rows)... (Memory: 105.1MB)
2025-08-05 16:47:09,172 - ComprehensiveSCRPAFixV8_5 - INFO - 📝 Excel write progress: 1,000/5,000 rows (20.0%)
2025-08-05 16:47:09,201 - ComprehensiveSCRPAFixV8_5 - INFO - 📝 Excel write progress: 2,000/5,000 rows (40.0%)
2025-08-05 16:47:09,222 - ComprehensiveSCRPAFixV8_5 - INFO - 📝 Excel write progress: 3,000/5,000 rows (60.0%)
2025-08-05 16:47:09,243 - ComprehensiveSCRPAFixV8_5 - INFO - 📝 Excel write progress: 4,000/5,000 rows (80.0%)
2025-08-05 16:47:09,291 - ComprehensiveSCRPAFixV8_5 - INFO - 📝 Excel write progress: 5,000/5,000 rows (100.0%)
2025-08-05 16:47:09,644 - ComprehensiveSCRPAFixV8_5 - INFO - ⚡ Completed Large Excel write (5,000 rows) (Fast):
2025-08-05 16:47:09,644 - ComprehensiveSCRPAFixV8_5 - INFO -   ⏱️ Duration: 0.50s
2025-08-05 16:47:09,644 - ComprehensiveSCRPAFixV8_5 - INFO -   💾 Memory: 121.0MB (Δ+15.8MB)
2025-08-05 16:47:09,644 - ComprehensiveSCRPAFixV8_5 - INFO - ✅ Large Excel write complete: C:\Users\carucci_r\OneDrive - City of Hackensack\01_DataSources\SCRPA_Time_v2\03_output\temp\test_large_export_5000_rows.xlsx
2025-08-05 16:47:09,645 - ComprehensiveSCRPAFixV8_5 - INFO - ✅ Excel file created: 0.3MB
2025-08-05 16:47:09,648 - ComprehensiveSCRPAFixV8_5 - INFO - 🗑️ Cleaned up test file: test_large_export_5000_rows.csv
2025-08-05 16:47:09,649 - ComprehensiveSCRPAFixV8_5 - INFO - 🗑️ Cleaned up test file: test_large_export_5000_rows.xlsx
2025-08-05 16:47:09,649 - ComprehensiveSCRPAFixV8_5 - INFO - ✅ Large file writing test completed
2025-08-05 16:47:09,650 - ComprehensiveSCRPAFixV8_5 - INFO - 🚀 Starting Complete SCRPA Pipeline V8.5... (Memory: 118.7MB)
2025-08-05 16:47:09,650 - ComprehensiveSCRPAFixV8_5 - INFO - Starting Comprehensive SCRPA Fix V8.5 pipeline...
2025-08-05 16:47:09,650 - ComprehensiveSCRPAFixV8_5 - INFO - ⚡ Completed Complete SCRPA Pipeline V8.5 (Fast):
2025-08-05 16:47:09,650 - ComprehensiveSCRPAFixV8_5 - INFO -   ⏱️ Duration: 0.00s
2025-08-05 16:47:09,650 - ComprehensiveSCRPAFixV8_5 - INFO -   💾 Memory: 118.7MB (Δ+0.0MB)
2025-08-05 16:47:09,651 - ComprehensiveSCRPAFixV8_5 - INFO - Latest CAD file: 2025_08_01_19_38_12_SCRPA_CAD.xlsx
2025-08-05 16:47:09,652 - ComprehensiveSCRPAFixV8_5 - INFO - Latest RMS file: 2025_08_01_19_38_12_SCRPA_RMS.xlsx
2025-08-05 16:47:09,653 - ComprehensiveSCRPAFixV8_5 - INFO - 🚀 Starting RMS Data Processing - 2025_08_01_19_38_12_SCRPA_RMS.xlsx... (Memory: 118.7MB)
2025-08-05 16:47:09,653 - ComprehensiveSCRPAFixV8_5 - INFO - Processing RMS data: 2025_08_01_19_38_12_SCRPA_RMS.xlsx
2025-08-05 16:47:09,653 - ComprehensiveSCRPAFixV8_5 - INFO - 🚀 Starting RMS File Loading... (Memory: 118.7MB)
2025-08-05 16:47:09,690 - ComprehensiveSCRPAFixV8_5 - INFO - Loaded RMS file with 140 rows and 31 columns
2025-08-05 16:47:09,690 - ComprehensiveSCRPAFixV8_5 - INFO - RMS columns found: ['Case Number', 'Incident Date', 'Incident Time', 'Incident Date_Between', 'Incident Time_Between', 'Report Date', 'Report Time', 'Incident Type_1', 'Incident Type_2', 'Incident Type_3', 'FullAddress', 'Grid', 'Zone', 'Narrative', 'Total Value Stolen', 'Total Value Recover', 'Registration 1', 'Make1', 'Model1', 'Reg State 1', 'Registration 2', 'Reg State 2', 'Make2', 'Model2', 'Reviewed By', 'CompleteCalc', 'Officer of Record', 'Squad', 'Det_Assigned', 'Case_Status', 'NIBRS Classification']
2025-08-05 16:47:09,690 - ComprehensiveSCRPAFixV8_5 - INFO - ⚡ Completed RMS File Loading (Fast):
2025-08-05 16:47:09,691 - ComprehensiveSCRPAFixV8_5 - INFO -   ⏱️ Duration: 0.04s
2025-08-05 16:47:09,691 - ComprehensiveSCRPAFixV8_5 - INFO -   💾 Memory: 119.5MB (Δ+0.8MB)
2025-08-05 16:47:09,691 - ComprehensiveSCRPAFixV8_5 - INFO - 🚀 Starting RMS Header Normalization & Column Mapping... (Memory: 119.5MB)
2025-08-05 16:47:09,692 - ComprehensiveSCRPAFixV8_5 - INFO - Normalized RMS headers to lowercase snake_case: ['case_number', 'incident_date', 'incident_time', 'incident_date_between', 'incident_time_between', 'report_date', 'report_time', 'incident_type_1', 'incident_type_2', 'incident_type_3', 'full_address', 'grid', 'zone', 'narrative', 'total_value_stolen', 'total_value_recover', 'registration_1', 'make_1', 'model_1', 'reg_state_1', 'registration_2', 'reg_state_2', 'make_2', 'model_2', 'reviewed_by', 'complete_calc', 'officer_of_record', 'squad', 'det_assigned', 'case_status', 'nibrs_classification']
2025-08-05 16:47:09,693 - ComprehensiveSCRPAFixV8_5 - INFO - ⚡ Completed RMS Header Normalization & Column Mapping (Fast):
2025-08-05 16:47:09,693 - ComprehensiveSCRPAFixV8_5 - INFO -   ⏱️ Duration: 0.00s
2025-08-05 16:47:09,693 - ComprehensiveSCRPAFixV8_5 - INFO -   💾 Memory: 119.5MB (Δ+0.0MB)
2025-08-05 16:47:09,693 - ComprehensiveSCRPAFixV8_5 - INFO - ⚡ Completed RMS Data Processing - 2025_08_01_19_38_12_SCRPA_RMS.xlsx (Fast):
2025-08-05 16:47:09,694 - ComprehensiveSCRPAFixV8_5 - INFO -   ⏱️ Duration: 0.04s
2025-08-05 16:47:09,694 - ComprehensiveSCRPAFixV8_5 - INFO -   💾 Memory: 119.5MB (Δ+0.8MB)
2025-08-05 16:47:09,694 - ComprehensiveSCRPAFixV8_5 - INFO - Applied column mapping: {}
2025-08-05 16:47:09,733 - ComprehensiveSCRPAFixV8_5 - INFO - Available date columns: ['incident_date', 'incident_date_between', 'report_date']
2025-08-05 16:47:09,734 - ComprehensiveSCRPAFixV8_5 - INFO - incident_date populated: 136/140
2025-08-05 16:47:09,734 - ComprehensiveSCRPAFixV8_5 - INFO - Sample incident_date values: [Timestamp('2025-01-03 00:00:00'), Timestamp('2025-01-07 00:00:00'), Timestamp('2025-01-06 00:00:00')]
2025-08-05 16:47:09,735 - ComprehensiveSCRPAFixV8_5 - INFO - incident_date_between populated: 62/140
2025-08-05 16:47:09,735 - ComprehensiveSCRPAFixV8_5 - INFO - Sample incident_date_between values: [Timestamp('2025-01-04 00:00:00'), Timestamp('2025-01-10 00:00:00'), Timestamp('2025-01-16 00:00:00')]
2025-08-05 16:47:09,736 - ComprehensiveSCRPAFixV8_5 - INFO - report_date populated: 140/140
2025-08-05 16:47:09,736 - ComprehensiveSCRPAFixV8_5 - INFO - Sample report_date values: [Timestamp('2025-01-04 00:00:00'), Timestamp('2025-01-10 00:00:00'), Timestamp('2025-01-10 00:00:00')]
2025-08-05 16:47:09,737 - ComprehensiveSCRPAFixV8_5 - INFO - Cascading RMS date columns...
2025-08-05 16:47:09,738 - ComprehensiveSCRPAFixV8_5 - INFO - incident_date populated: 0/140
2025-08-05 16:47:09,738 - ComprehensiveSCRPAFixV8_5 - INFO - Time columns before cascade:
2025-08-05 16:47:09,739 - ComprehensiveSCRPAFixV8_5 - INFO -   - incident_time populated: 135/140
2025-08-05 16:47:09,739 - ComprehensiveSCRPAFixV8_5 - INFO -   - incident_time_between populated: 61/140
2025-08-05 16:47:09,740 - ComprehensiveSCRPAFixV8_5 - INFO -   - report_time populated: 140/140
2025-08-05 16:47:09,740 - ComprehensiveSCRPAFixV8_5 - INFO -   - Sample incident_time values: [Timedelta('0 days 21:30:00'), Timedelta('0 days 14:00:00'), Timedelta('0 days 15:30:00')]
2025-08-05 16:47:09,740 - ComprehensiveSCRPAFixV8_5 - INFO - Processing RMS time columns with Excel format handling...
2025-08-05 16:47:09,741 - ComprehensiveSCRPAFixV8_5 - INFO - incident_time: 0/140 populated
2025-08-05 16:47:09,743 - ComprehensiveSCRPAFixV8_5 - INFO - incident_time_between: 0/140 populated
2025-08-05 16:47:09,744 - ComprehensiveSCRPAFixV8_5 - INFO - report_time: 0/140 populated
2025-08-05 16:47:09,745 - ComprehensiveSCRPAFixV8_5 - INFO - Final incident_time: 0/140 populated
2025-08-05 16:47:09,745 - ComprehensiveSCRPAFixV8_5 - INFO - Time cascade results: 0/140 times populated
2025-08-05 16:47:09,745 - ComprehensiveSCRPAFixV8_5 - ERROR - CRITICAL: No incident times after cascade - time_of_day will fail!
2025-08-05 16:47:09,746 - ComprehensiveSCRPAFixV8_5 - INFO - After cascade - Dates: 0/140, Times: 0/140
2025-08-05 16:47:09,746 - ComprehensiveSCRPAFixV8_5 - ERROR - CRITICAL: No incident dates after cascade - all records will be 'Historical'
2025-08-05 16:47:09,746 - ComprehensiveSCRPAFixV8_5 - INFO - Times available for time_of_day calculation: 0/140
2025-08-05 16:47:09,747 - ComprehensiveSCRPAFixV8_5 - INFO - Time_of_day populated: 140/140
2025-08-05 16:47:09,748 - ComprehensiveSCRPAFixV8_5 - INFO - Time_of_day distribution: {'Unknown': 140}
2025-08-05 16:47:09,750 - ComprehensiveSCRPAFixV8_5 - INFO - Sample incident_date values after conversion: []
2025-08-05 16:47:09,750 - ComprehensiveSCRPAFixV8_5 - INFO - Null incident_date count: 140
2025-08-05 16:47:09,751 - ComprehensiveSCRPAFixV8_5 - INFO - Date types: datetime64[ns]
2025-08-05 16:47:09,751 - ComprehensiveSCRPAFixV8_5 - INFO - Period calculation results: {'Historical': 140}
2025-08-05 16:47:09,754 - ComprehensiveSCRPAFixV8_5 - INFO - Date/Period Analysis Summary:
2025-08-05 16:47:09,754 - ComprehensiveSCRPAFixV8_5 - INFO -   - 7-Day period records: 0
2025-08-05 16:47:09,755 - ComprehensiveSCRPAFixV8_5 - INFO -   - 28-Day period records: 0
2025-08-05 16:47:09,755 - ComprehensiveSCRPAFixV8_5 - INFO -   - YTD period records: 0
2025-08-05 16:47:09,755 - ComprehensiveSCRPAFixV8_5 - INFO -   - Historical period records: 0
2025-08-05 16:47:09,755 - ComprehensiveSCRPAFixV8_5 - WARNING - ⚠️ ALL RECORDS DEFAULTING TO HISTORICAL - Date processing issue detected!
2025-08-05 16:47:09,758 - ComprehensiveSCRPAFixV8_5 - WARNING - Removing Jersey City address: 128 Christopher Columbus Drive, Jersey City, NJ 07302, Hackensack, NJ, 07601
2025-08-05 16:47:09,758 - ComprehensiveSCRPAFixV8_5 - INFO - Address validation: 139/140 addresses validated
2025-08-05 16:47:09,759 - ComprehensiveSCRPAFixV8_5 - INFO - Block calculation: 140/140 blocks calculated
2025-08-05 16:47:09,795 - ComprehensiveSCRPAFixV8_5 - INFO - Grid/Post backfill: 133/140 grids, 129/140 posts
2025-08-05 16:47:09,852 - ComprehensiveSCRPAFixV8_5 - INFO - Narrative cleaning: 140/140 narratives cleaned
2025-08-05 16:47:09,853 - ComprehensiveSCRPAFixV8_5 - INFO - ✅ RMS header validation PASSED: All 50 columns follow lowercase snake_case
2025-08-05 16:47:09,853 - ComprehensiveSCRPAFixV8_5 - INFO - RMS headers validation passed - all headers are lowercase snake_case
2025-08-05 16:47:09,855 - ComprehensiveSCRPAFixV8_5 - INFO - RMS records before filtering: 140
2025-08-05 16:47:09,855 - ComprehensiveSCRPAFixV8_5 - INFO - Period distribution: {'Historical': 140}
2025-08-05 16:47:09,855 - ComprehensiveSCRPAFixV8_5 - ERROR - CRITICAL: All records are 'Historical' - date cascade failed!
2025-08-05 16:47:09,856 - ComprehensiveSCRPAFixV8_5 - INFO - Sample incident dates: []
2025-08-05 16:47:09,856 - ComprehensiveSCRPAFixV8_5 - INFO - After case number filter: 139/140 records
2025-08-05 16:47:09,857 - ComprehensiveSCRPAFixV8_5 - INFO - Period filter removed 139 Historical records
2025-08-05 16:47:09,857 - ComprehensiveSCRPAFixV8_5 - INFO - After period filter: 0/140 records kept
2025-08-05 16:47:09,858 - ComprehensiveSCRPAFixV8_5 - ERROR - ZERO RECORDS after period filter - check date cascade logic!
2025-08-05 16:47:09,858 - ComprehensiveSCRPAFixV8_5 - INFO - RMS processing complete: 0 records after filtering
2025-08-05 16:47:09,858 - ComprehensiveSCRPAFixV8_5 - INFO - Final RMS columns: ['case_number', 'incident_date', 'incident_time', 'time_of_day', 'time_of_day_sort_order', 'period', 'season', 'day_of_week', 'day_type', 'location', 'block', 'grid', 'post', 'incident_type', 'all_incidents', 'vehicle_1', 'vehicle_2', 'vehicle_1_and_vehicle_2', 'narrative', 'total_value_stolen', 'squad', 'officer_of_record', 'nibrs_classification', 'cycle_name']
2025-08-05 16:47:09,858 - ComprehensiveSCRPAFixV8_5 - INFO - REMOVED CAD-specific columns: incident_type, crime_category, response_type
2025-08-05 16:47:09,922 - ComprehensiveSCRPAFixV8_5 - INFO - Found 30 duplicate incidents in reference file.
2025-08-05 16:47:09,922 - ComprehensiveSCRPAFixV8_5 - INFO - Applying priority-based duplicate resolution:
2025-08-05 16:47:09,922 - ComprehensiveSCRPAFixV8_5 - INFO -   'DOMESTIC DISPUTE': 3 variants -> keeping highest priority
2025-08-05 16:47:09,922 - ComprehensiveSCRPAFixV8_5 - INFO -   'SHOPLIFTING 2C:20-11': 3 variants -> keeping highest priority
2025-08-05 16:47:09,923 - ComprehensiveSCRPAFixV8_5 - INFO -   'SIMPLE ASSAULT 2C:12-1A': 4 variants -> keeping highest priority
2025-08-05 16:47:09,923 - ComprehensiveSCRPAFixV8_5 - INFO -   'TARGETED AREA PATROL': 3 variants -> keeping highest priority
2025-08-05 16:47:09,923 - ComprehensiveSCRPAFixV8_5 - INFO -   'TERRORISTIC THREATS 2C:12-3': 3 variants -> keeping highest priority
2025-08-05 16:47:09,924 - ComprehensiveSCRPAFixV8_5 - INFO -   'WEAPONS SEIZURE - 2C:25-21D': 2 variants -> keeping highest priority
2025-08-05 16:47:09,924 - ComprehensiveSCRPAFixV8_5 - INFO -   'WEATHER ALERTS': 2 variants -> keeping highest priority
2025-08-05 16:47:09,924 - ComprehensiveSCRPAFixV8_5 - INFO -   'WELFARE CHECK': 2 variants -> keeping highest priority
2025-08-05 16:47:09,925 - ComprehensiveSCRPAFixV8_5 - INFO -   'WIDESPREAD DAMAGE - 2C:17-2': 2 variants -> keeping highest priority
2025-08-05 16:47:09,925 - ComprehensiveSCRPAFixV8_5 - INFO -   'WIRE DOWN': 2 variants -> keeping highest priority
2025-08-05 16:47:09,925 - ComprehensiveSCRPAFixV8_5 - INFO -   'WITNESS TAMPERING - 2C:28-5': 2 variants -> keeping highest priority
2025-08-05 16:47:09,925 - ComprehensiveSCRPAFixV8_5 - INFO -   'WRONGFUL IMPERSONATING - 2C:21-1': 2 variants -> keeping highest priority
2025-08-05 16:47:09,930 - ComprehensiveSCRPAFixV8_5 - INFO - Priority-based resolution completed: 30 duplicates resolved
2025-08-05 16:47:09,943 - ComprehensiveSCRPAFixV8_5 - INFO - Enhanced call type reference loaded successfully:
2025-08-05 16:47:09,944 - ComprehensiveSCRPAFixV8_5 - INFO -   - Total records: 592
2025-08-05 16:47:09,944 - ComprehensiveSCRPAFixV8_5 - INFO -   - Unique incidents: 574
2025-08-05 16:47:09,944 - ComprehensiveSCRPAFixV8_5 - INFO -   - Duplicates found: 30
2025-08-05 16:47:09,945 - ComprehensiveSCRPAFixV8_5 - INFO -   - Duplicates resolved: 30
2025-08-05 16:47:09,945 - ComprehensiveSCRPAFixV8_5 - INFO -   - Normalized columns: ['incident', 'category_type', 'response_type']
2025-08-05 16:47:09,945 - ComprehensiveSCRPAFixV8_5 - INFO - 🚀 Starting CAD Data Processing - 2025_08_01_19_38_12_SCRPA_CAD.xlsx... (Memory: 118.0MB)
2025-08-05 16:47:09,945 - ComprehensiveSCRPAFixV8_5 - INFO - Processing CAD data: 2025_08_01_19_38_12_SCRPA_CAD.xlsx
2025-08-05 16:47:09,945 - ComprehensiveSCRPAFixV8_5 - INFO - ⚡ Completed CAD Data Processing - 2025_08_01_19_38_12_SCRPA_CAD.xlsx (Fast):
2025-08-05 16:47:09,946 - ComprehensiveSCRPAFixV8_5 - INFO -   ⏱️ Duration: 0.00s
2025-08-05 16:47:09,946 - ComprehensiveSCRPAFixV8_5 - INFO -   💾 Memory: 118.0MB (Δ+0.0MB)
2025-08-05 16:47:09,984 - ComprehensiveSCRPAFixV8_5 - INFO - Loaded CAD file with 115 rows and 20 columns
2025-08-05 16:47:09,984 - ComprehensiveSCRPAFixV8_5 - INFO - CAD columns found: ['ReportNumberNew', 'Incident', 'How Reported', 'FullAddress2', 'PDZone', 'Grid', 'Time of Call', 'cYear', 'cMonth', 'HourMinuetsCalc', 'DayofWeek', 'Time Dispatched', 'Time Out', 'Time In', 'Time Spent', 'Time Response', 'Officer', 'Disposition', 'Response Type', 'CADNotes']
2025-08-05 16:47:09,985 - ComprehensiveSCRPAFixV8_5 - INFO - Applied dtype={'How Reported': str} to prevent Excel auto-parsing '9-1-1' as date
2025-08-05 16:47:09,987 - ComprehensiveSCRPAFixV8_5 - INFO - Applied enhanced fixes to prevent '9-1-1' date conversion
2025-08-05 16:47:09,987 - ComprehensiveSCRPAFixV8_5 - INFO - Applied column mapping: {'ReportNumberNew': 'case_number', 'Incident': 'incident', 'How Reported': 'how_reported', 'FullAddress2': 'full_address_raw', 'PDZone': 'post', 'Grid': 'grid_raw', 'Time of Call': 'time_of_call', 'cYear': 'call_year', 'cMonth': 'call_month', 'HourMinuetsCalc': 'hour_minutes_calc', 'DayofWeek': 'day_of_week_raw', 'Time Dispatched': 'time_dispatched', 'Time Out': 'time_out', 'Time In': 'time_in', 'Time Spent': 'time_spent_raw', 'Time Response': 'time_response_raw', 'Officer': 'officer', 'Disposition': 'disposition', 'Response Type': 'response_type_fallback', 'CADNotes': 'cad_notes_raw'}
2025-08-05 16:47:09,988 - ComprehensiveSCRPAFixV8_5 - INFO - Normalized CAD headers to lowercase snake_case: ['case_number', 'incident', 'how_reported', 'full_address_raw', 'post', 'grid_raw', 'time_of_call', 'call_year', 'call_month', 'hour_minutes_calc', 'day_of_week_raw', 'time_dispatched', 'time_out', 'time_in', 'time_spent_raw', 'time_response_raw', 'officer', 'disposition', 'response_type_fallback', 'cad_notes_raw']
2025-08-05 16:47:09,998 - ComprehensiveSCRPAFixV8_5 - INFO - Starting proper CallType_Categories.xlsx mapping for 115 CAD records
2025-08-05 16:47:09,998 - ComprehensiveSCRPAFixV8_5 - INFO - Sample incident values: ['Motor Vehicle Theft - 2C:20-3', 'Criminal Sexual Contact - 2C:14-3a', 'Burglary - Auto - 2C:18-2', 'Burglary - Residence - 2C:18-2', 'Motor Vehicle Theft - 2C:20-3']
2025-08-05 16:47:10,021 - ComprehensiveSCRPAFixV8_5 - INFO - Loaded CallType_Categories.xlsx with 592 records
2025-08-05 16:47:10,022 - ComprehensiveSCRPAFixV8_5 - INFO - CallType columns: ['Incident', 'Category Type', 'Response Type']
2025-08-05 16:47:10,038 - ComprehensiveSCRPAFixV8_5 - INFO - Created mapping dictionary with 574 entries
2025-08-05 16:47:10,039 - ComprehensiveSCRPAFixV8_5 - INFO - CallType_Categories.xlsx mapping results:
2025-08-05 16:47:10,039 - ComprehensiveSCRPAFixV8_5 - INFO -   - Total incidents: 115
2025-08-05 16:47:10,039 - ComprehensiveSCRPAFixV8_5 - INFO -   - Mapped incidents: 115
2025-08-05 16:47:10,039 - ComprehensiveSCRPAFixV8_5 - INFO -   - Unmapped incidents: 0
2025-08-05 16:47:10,039 - ComprehensiveSCRPAFixV8_5 - INFO -   - Mapping rate: 100.0%
2025-08-05 16:47:10,040 - ComprehensiveSCRPAFixV8_5 - INFO - Category type distribution: {'Criminal Incidents': 115}
2025-08-05 16:47:10,040 - ComprehensiveSCRPAFixV8_5 - INFO - Top 10 response types: {'Emergency': 81, 'Routine': 34}
2025-08-05 16:47:10,041 - ComprehensiveSCRPAFixV8_5 - INFO - Final column coverage:
2025-08-05 16:47:10,041 - ComprehensiveSCRPAFixV8_5 - INFO -   - response_type coverage: 100.0%
2025-08-05 16:47:10,041 - ComprehensiveSCRPAFixV8_5 - INFO -   - category_type coverage: 100.0%
2025-08-05 16:47:10,047 - ComprehensiveSCRPAFixV8_5 - INFO - Grid processing: 108/115 records have grid values
2025-08-05 16:47:10,081 - ComprehensiveSCRPAFixV8_5 - INFO - CAD notes parsing complete: 115 records processed
2025-08-05 16:47:10,160 - ComprehensiveSCRPAFixV8_5 - INFO - CAD response_type populated in 115/115 records
2025-08-05 16:47:10,161 - ComprehensiveSCRPAFixV8_5 - INFO - CAD grid populated in 108/115 records
2025-08-05 16:47:10,162 - ComprehensiveSCRPAFixV8_5 - INFO - CAD post populated in 111/115 records
2025-08-05 16:47:10,162 - ComprehensiveSCRPAFixV8_5 - INFO - ✅ CAD header validation PASSED: All 36 columns follow lowercase snake_case
2025-08-05 16:47:10,162 - ComprehensiveSCRPAFixV8_5 - INFO - CAD headers validation passed - all headers are lowercase snake_case
2025-08-05 16:47:10,163 - ComprehensiveSCRPAFixV8_5 - INFO - CAD processing complete: 115 records
2025-08-05 16:47:10,164 - ComprehensiveSCRPAFixV8_5 - INFO - Final CAD columns: ['case_number', 'incident', 'response_type', 'category_type', 'response_type_cad', 'category_type_cad', 'how_reported', 'location', 'block', 'grid', 'post', 'time_of_call', 'time_dispatched', 'time_out', 'time_in', 'time_spent_minutes', 'time_response_minutes', 'time_spent_formatted', 'time_response_formatted', 'officer', 'disposition', 'cad_notes_cleaned', 'cad_username', 'cad_timestamp', 'cycle_name']
2025-08-05 16:47:10,187 - ComprehensiveSCRPAFixV8_5 - INFO - ✅ CAD header validation PASSED: All 25 columns follow lowercase snake_case
2025-08-05 16:47:10,187 - ComprehensiveSCRPAFixV8_5 - INFO - 💾 Writing standard CSV: 115 rows
2025-08-05 16:47:10,192 - ComprehensiveSCRPAFixV8_5 - INFO - CAD data saved: C:\Users\carucci_r\OneDrive - City of Hackensack\01_DataSources\SCRPA_Time_v2\04_powerbi\C08W32_20250805_7Day_cad_data_standardized_v2.csv
2025-08-05 16:47:10,192 - ComprehensiveSCRPAFixV8_5 - INFO - ✅ CAD Data header validation PASSED: All 25 columns follow lowercase snake_case
2025-08-05 16:47:10,192 - ComprehensiveSCRPAFixV8_5 - INFO - ================================================================================
2025-08-05 16:47:10,192 - ComprehensiveSCRPAFixV8_5 - INFO - COMPREHENSIVE QC REPORT - CAD INCIDENT MAPPING
2025-08-05 16:47:10,193 - ComprehensiveSCRPAFixV8_5 - INFO - ================================================================================
2025-08-05 16:47:10,193 - ComprehensiveSCRPAFixV8_5 - INFO - 1. REFERENCE FILE VALIDATION
2025-08-05 16:47:10,193 - ComprehensiveSCRPAFixV8_5 - INFO - OK Reference file loaded: 592 records
2025-08-05 16:47:10,193 - ComprehensiveSCRPAFixV8_5 - INFO - OK Unique incidents: 574
2025-08-05 16:47:10,193 - ComprehensiveSCRPAFixV8_5 - INFO - OK Duplicates found: 30
2025-08-05 16:47:10,195 - ComprehensiveSCRPAFixV8_5 - INFO - OK Duplicates resolved: 30 (deterministic)
2025-08-05 16:47:10,195 - ComprehensiveSCRPAFixV8_5 - INFO - OK Resolution method: priority_based_deterministic
2025-08-05 16:47:10,195 - ComprehensiveSCRPAFixV8_5 - INFO - 
2025-08-05 16:47:10,195 - ComprehensiveSCRPAFixV8_5 - INFO - 2. MAPPING PERFORMANCE VALIDATION
2025-08-05 16:47:10,195 - ComprehensiveSCRPAFixV8_5 - INFO - OK Mapping success rate: 100.0% (>= 98.0%)
2025-08-05 16:47:10,195 - ComprehensiveSCRPAFixV8_5 - INFO - OK Mapped incidents: 115/115
2025-08-05 16:47:10,195 - ComprehensiveSCRPAFixV8_5 - INFO - 
2025-08-05 16:47:10,195 - ComprehensiveSCRPAFixV8_5 - INFO - 3. DATA QUALITY VALIDATION
2025-08-05 16:47:10,196 - ComprehensiveSCRPAFixV8_5 - INFO - OK All required columns present
2025-08-05 16:47:10,196 - ComprehensiveSCRPAFixV8_5 - INFO - OK Total records: 115
2025-08-05 16:47:10,196 - ComprehensiveSCRPAFixV8_5 - INFO - OK Incident populated: 115/115
2025-08-05 16:47:10,196 - ComprehensiveSCRPAFixV8_5 - INFO - OK Response type populated: 115/115
2025-08-05 16:47:10,196 - ComprehensiveSCRPAFixV8_5 - INFO - OK Category type populated: 115/115
2025-08-05 16:47:10,196 - ComprehensiveSCRPAFixV8_5 - INFO - OK No data loss: record count maintained
2025-08-05 16:47:10,197 - ComprehensiveSCRPAFixV8_5 - INFO - 
2025-08-05 16:47:10,197 - ComprehensiveSCRPAFixV8_5 - INFO - 4. HEADER COMPLIANCE VALIDATION
2025-08-05 16:47:10,197 - ComprehensiveSCRPAFixV8_5 - INFO - OK All headers lowercase snake_case: 25/25
2025-08-05 16:47:10,197 - ComprehensiveSCRPAFixV8_5 - INFO - 
2025-08-05 16:47:10,197 - ComprehensiveSCRPAFixV8_5 - INFO - 6. OVERALL QC STATUS
2025-08-05 16:47:10,198 - ComprehensiveSCRPAFixV8_5 - INFO - SUCCESS OVERALL STATUS: PASS - All validations successful
2025-08-05 16:47:10,198 - ComprehensiveSCRPAFixV8_5 - INFO - OK CAD incident mapping pipeline is fully operational
2025-08-05 16:47:10,198 - ComprehensiveSCRPAFixV8_5 - INFO - OK Ready for production use
2025-08-05 16:47:10,198 - ComprehensiveSCRPAFixV8_5 - INFO - ================================================================================
2025-08-05 16:47:10,199 - ComprehensiveSCRPAFixV8_5 - INFO - Enhanced QC Report Status: PASS
2025-08-05 16:47:10,199 - ComprehensiveSCRPAFixV8_5 - INFO - All QC validations passed successfully
2025-08-05 16:47:10,199 - ComprehensiveSCRPAFixV8_5 - INFO - ============================================================
2025-08-05 16:47:10,199 - ComprehensiveSCRPAFixV8_5 - INFO - COMPREHENSIVE SCRPA FIX V8.5 COMPLETE - VALIDATION SUMMARY
2025-08-05 16:47:10,199 - ComprehensiveSCRPAFixV8_5 - INFO - ============================================================
2025-08-05 16:47:10,199 - ComprehensiveSCRPAFixV8_5 - INFO - ✅ RMS records processed: 0
2025-08-05 16:47:10,200 - ComprehensiveSCRPAFixV8_5 - INFO - ✅ CAD records processed: 115
2025-08-05 16:47:10,200 - ComprehensiveSCRPAFixV8_5 - INFO - ✅ Output directory: C:\Users\carucci_r\OneDrive - City of Hackensack\01_DataSources\SCRPA_Time_v2\04_powerbi
2025-08-05 16:47:10,200 - ComprehensiveSCRPAFixV8_5 - INFO - ============================================================
2025-08-05 16:47:10,200 - ComprehensiveSCRPAFixV8_5 - INFO - Running comprehensive export consistency validation...
2025-08-05 16:47:10,202 - ComprehensiveSCRPAFixV8_5 - INFO - Found 1 CSV files for validation
2025-08-05 16:47:10,202 - ComprehensiveSCRPAFixV8_5 - INFO - ======================================================================
2025-08-05 16:47:10,202 - ComprehensiveSCRPAFixV8_5 - INFO - COMPREHENSIVE EXPORT CONSISTENCY VALIDATION
2025-08-05 16:47:10,203 - ComprehensiveSCRPAFixV8_5 - INFO - ======================================================================
2025-08-05 16:47:10,209 - ComprehensiveSCRPAFixV8_5 - INFO - Analyzing: C08W32_20250805_7Day_cad_data_standardized_v2.csv (115 rows, 25 columns)
2025-08-05 16:47:10,209 - ComprehensiveSCRPAFixV8_5 - INFO - ✅ C08W32_20250805_7Day_cad_data_standardized_v2.csv header validation PASSED: All 25 columns follow lowercase snake_case
2025-08-05 16:47:10,210 - ComprehensiveSCRPAFixV8_5 - INFO -   Headers: All 25 columns follow lowercase_snake_case
2025-08-05 16:47:10,217 - ComprehensiveSCRPAFixV8_5 - INFO -   Data Types: 22 string, 3 numeric, 0 datetime, 0 mixed
2025-08-05 16:47:10,218 - ComprehensiveSCRPAFixV8_5 - WARNING -   Data Quality Issues: 1
2025-08-05 16:47:10,218 - ComprehensiveSCRPAFixV8_5 - WARNING -     - Column 'cad_username' contains mixed numeric/string data
2025-08-05 16:47:10,224 - ComprehensiveSCRPAFixV8_5 - INFO -   Power BI Ready: No import issues detected
2025-08-05 16:47:10,224 - ComprehensiveSCRPAFixV8_5 - INFO - ======================================================================
2025-08-05 16:47:10,225 - ComprehensiveSCRPAFixV8_5 - INFO - EXPORT CONSISTENCY VALIDATION SUMMARY
2025-08-05 16:47:10,225 - ComprehensiveSCRPAFixV8_5 - INFO - ======================================================================
2025-08-05 16:47:10,225 - ComprehensiveSCRPAFixV8_5 - INFO - Overall Status: PASS
2025-08-05 16:47:10,225 - ComprehensiveSCRPAFixV8_5 - INFO - Files Validated: 1
2025-08-05 16:47:10,225 - ComprehensiveSCRPAFixV8_5 - INFO - Issues Found: 0
2025-08-05 16:47:10,225 - ComprehensiveSCRPAFixV8_5 - INFO - Power BI Ready Files: 1/1
2025-08-05 16:47:10,226 - ComprehensiveSCRPAFixV8_5 - INFO - ======================================================================
2025-08-05 16:47:10,226 - ComprehensiveSCRPAFixV8_5 - INFO - ✅ All exports validated successfully - Power BI ready!
