2025-07-29 07:34:56,803 - CompleteSCRPAProcessor - INFO - Complete SCRPA Processor initialized with full specification
2025-07-29 07:34:57,179 - CompleteSCRPAProcessor - INFO - Loaded call type reference: 592 records
2025-07-29 07:34:57,188 - CompleteSCRPAProcessor - INFO - Loaded period reference: 52 records
2025-07-29 07:34:57,236 - CompleteSCRPAProcessor - INFO - Loaded zone/grid reference: 1368 records
2025-07-29 07:34:57,236 - CompleteSCRPAProcessor - INFO - Starting complete SCRPA specification processing
2025-07-29 07:34:57,236 - CompleteSCRPAProcessor - INFO - Latest CAD file: 2025_07_29_00_53_07_SCRPA_CAD.xlsx
2025-07-29 07:34:57,246 - CompleteSCRPAProcessor - INFO - Latest RMS file: 2025_07_28_13_44_25_SCRPA_RMS.xlsx
2025-07-29 07:34:57,246 - CompleteSCRPAProcessor - INFO - Processing CAD data: 2025_07_29_00_53_07_SCRPA_CAD.xlsx
2025-07-29 07:34:57,269 - CompleteSCRPAProcessor - INFO - Applied CAD naming conventions to 20 columns
2025-07-29 07:34:57,272 - CompleteSCRPAProcessor - INFO - Fixed HowReported values in CAD_HowReported
2025-07-29 07:34:57,272 - CompleteSCRPAProcessor - INFO - Created ALL_INCIDENTS for CAD data from CAD_Incident
2025-07-29 07:34:57,272 - CompleteSCRPAProcessor - WARNING - Could not apply crime category lookup: 'CallType'
2025-07-29 07:34:57,273 - CompleteSCRPAProcessor - INFO - Applied fallback crime categorization
2025-07-29 07:34:57,273 - CompleteSCRPAProcessor - INFO - Applied Period classification (7-Day, 28-Day, YTD)
2025-07-29 07:34:57,275 - CompleteSCRPAProcessor - INFO - Applied Enhanced_Block location backfill logic
2025-07-29 07:34:57,275 - CompleteSCRPAProcessor - WARNING - Could not apply zone/grid backfill: "['Zone', 'Post'] not in index"
2025-07-29 07:34:57,275 - CompleteSCRPAProcessor - INFO - Added and combined vehicle columns
2025-07-29 07:34:57,278 - CompleteSCRPAProcessor - INFO - Applied null value handling across all columns
2025-07-29 07:34:57,278 - CompleteSCRPAProcessor - INFO - CAD processing complete: 114 records
2025-07-29 07:34:57,278 - CompleteSCRPAProcessor - INFO - Processing RMS data: 2025_07_28_13_44_25_SCRPA_RMS.xlsx
2025-07-29 07:34:57,302 - CompleteSCRPAProcessor - INFO - Applied RMS naming conventions to 31 columns
2025-07-29 07:34:57,304 - CompleteSCRPAProcessor - INFO - Created ALL_INCIDENTS with ', ' delimiters for RMS data
2025-07-29 07:34:57,304 - CompleteSCRPAProcessor - WARNING - Could not apply crime category lookup: 'CallType'
2025-07-29 07:34:57,304 - CompleteSCRPAProcessor - INFO - Applied fallback crime categorization
2025-07-29 07:34:57,304 - CompleteSCRPAProcessor - INFO - Applied Period classification (7-Day, 28-Day, YTD)
2025-07-29 07:34:57,306 - CompleteSCRPAProcessor - INFO - Applied Enhanced_Block location backfill logic
2025-07-29 07:34:57,307 - CompleteSCRPAProcessor - WARNING - Could not apply zone/grid backfill: "['Zone', 'Post'] not in index"
2025-07-29 07:34:57,310 - CompleteSCRPAProcessor - INFO - Added and combined vehicle columns
2025-07-29 07:34:57,314 - CompleteSCRPAProcessor - INFO - Applied null value handling across all columns
2025-07-29 07:34:57,315 - CompleteSCRPAProcessor - INFO - RMS processing complete: 134 records
2025-07-29 07:34:57,317 - CompleteSCRPAProcessor - INFO - Reordered columns with RMS_CaseNumber as Column 0
2025-07-29 07:34:57,331 - CompleteSCRPAProcessor - INFO - Complete specification processing finished: 248 records exported to C:\Users\carucci_r\OneDrive - City of Hackensack\01_DataSources\SCRPA_Time_v2\04_powerbi\enhanced_scrpa_data.csv
2025-07-29 07:34:57,331 - CompleteSCRPAProcessor - INFO - SPECIFICATION VALIDATION:
2025-07-29 07:34:57,331 - CompleteSCRPAProcessor - INFO - ✅ CaseNumber is Column 0: RMS_CaseNumber
2025-07-29 07:34:57,331 - CompleteSCRPAProcessor - INFO - ✅ ALL_INCIDENTS delimiter check: False
2025-07-29 07:34:57,332 - CompleteSCRPAProcessor - INFO - ✅ Period values: ['YTD' '28-Day' '7-Day']
2025-07-29 07:34:57,332 - CompleteSCRPAProcessor - INFO - ✅ Total columns: 59
