2025-08-04 21:24:01,695 - ComprehensiveSCRPAFixV8_5 - INFO - === Comprehensive SCRPA Fix V8.5 - Cycle Calendar Integration Version ===
2025-08-04 21:24:02,400 - ComprehensiveSCRPAFixV8_5 - INFO - Loaded call type reference: 592 records
2025-08-04 21:24:02,400 - ComprehensiveSCRPAFixV8_5 - INFO - Reference file columns: ['Incident', 'Category Type', 'Response Type']
2025-08-04 21:24:02,401 - ComprehensiveSCRPAFixV8_5 - INFO - Incident column forced to string type with 592 records
2025-08-04 21:24:02,502 - ComprehensiveSCRPAFixV8_5 - INFO - Loaded zone/grid reference: 1368 records
2025-08-04 21:24:02,517 - ComprehensiveSCRPAFixV8_5 - INFO - Loaded cycle calendar: 52 records
2025-08-04 21:24:02,517 - ComprehensiveSCRPAFixV8_5 - INFO - Cycle calendar columns: ['Report_Due_Date', '7_Day_Start', '7_Day_End', '28_Day_Start', '28_Day_End', 'Report_Name']
2025-08-04 21:24:02,519 - ComprehensiveSCRPAFixV8_5 - INFO - Current cycle: C08W31, Date: 20250804
2025-08-04 21:24:02,519 - ComprehensiveSCRPAFixV8_5 - INFO - 🧪 Running Performance Monitoring Demo
2025-08-04 21:24:02,520 - ComprehensiveSCRPAFixV8_5 - INFO - 🚀 Starting Performance Test Demo... (Memory: 99.7MB)
2025-08-04 21:24:02,520 - ComprehensiveSCRPAFixV8_5 - INFO - 🚀 Starting Large DataFrame Creation... (Memory: 99.7MB)
2025-08-04 21:24:02,522 - ComprehensiveSCRPAFixV8_5 - INFO - ⚡ Completed Large DataFrame Creation (Fast):
2025-08-04 21:24:02,522 - ComprehensiveSCRPAFixV8_5 - INFO -   ⏱️ Duration: 0.00s
2025-08-04 21:24:02,523 - ComprehensiveSCRPAFixV8_5 - INFO -   💾 Memory: 100.8MB (Δ+1.0MB)
2025-08-04 21:24:02,528 - ComprehensiveSCRPAFixV8_5 - INFO - 💾 Test DataFrame memory optimized: 0.7MB → 0.1MB (saved 0.6MB)
2025-08-04 21:24:02,528 - ComprehensiveSCRPAFixV8_5 - INFO - 🚀 Starting DataFrame Operations... (Memory: 101.0MB)
2025-08-04 21:24:02,533 - ComprehensiveSCRPAFixV8_5 - INFO - ⚡ Completed DataFrame Operations (Fast):
2025-08-04 21:24:02,533 - ComprehensiveSCRPAFixV8_5 - INFO -   ⏱️ Duration: 0.00s
2025-08-04 21:24:02,534 - ComprehensiveSCRPAFixV8_5 - INFO -   💾 Memory: 101.2MB (Δ+0.2MB)
2025-08-04 21:24:02,556 - ComprehensiveSCRPAFixV8_5 - INFO - 📊 System Performance Summary: {'memory_rss_mb': 101.1796875, 'memory_vms_mb': 813.6328125, 'cpu_percent': 0.0, 'num_threads': 26, 'system_memory_percent': 79.8, 'system_cpu_percent': 26.9}
2025-08-04 21:24:02,571 - ComprehensiveSCRPAFixV8_5 - INFO - ⚡ Completed Performance Test Demo (Fast):
2025-08-04 21:24:02,571 - ComprehensiveSCRPAFixV8_5 - INFO -   ⏱️ Duration: 0.05s
2025-08-04 21:24:02,572 - ComprehensiveSCRPAFixV8_5 - INFO -   💾 Memory: 101.2MB (Δ+1.5MB)
2025-08-04 21:24:02,572 - ComprehensiveSCRPAFixV8_5 - INFO - ✅ Performance monitoring demo completed successfully
2025-08-04 21:24:02,572 - ComprehensiveSCRPAFixV8_5 - INFO - 🧪 Testing chunked processing functionality
2025-08-04 21:24:02,573 - ComprehensiveSCRPAFixV8_5 - INFO - 🚀 Starting Creating test dataset... (Memory: 101.2MB)
2025-08-04 21:24:02,591 - ComprehensiveSCRPAFixV8_5 - INFO - 📁 Created test file: C:\Users\carucci_r\OneDrive - City of Hackensack\01_DataSources\SCRPA_Time_v2\03_output\temp\test_large_dataset_2500_rows.csv (2,500 rows)
2025-08-04 21:24:02,591 - ComprehensiveSCRPAFixV8_5 - INFO - ⚡ Completed Creating test dataset (Fast):
2025-08-04 21:24:02,591 - ComprehensiveSCRPAFixV8_5 - INFO -   ⏱️ Duration: 0.02s
2025-08-04 21:24:02,591 - ComprehensiveSCRPAFixV8_5 - INFO -   💾 Memory: 101.9MB (Δ+0.7MB)
2025-08-04 21:24:02,591 - ComprehensiveSCRPAFixV8_5 - INFO - 🚀 Starting Chunked processing test... (Memory: 101.9MB)
2025-08-04 21:24:02,595 - ComprehensiveSCRPAFixV8_5 - INFO - 📚 Processing large dataset: 2500 rows in chunks of 500
2025-08-04 21:24:02,595 - ComprehensiveSCRPAFixV8_5 - INFO - 🚀 Starting Chunked processing (2500 rows)... (Memory: 101.9MB)
2025-08-04 21:24:02,602 - ComprehensiveSCRPAFixV8_5 - INFO - 🚀 Starting Chunk 1... (Memory: 103.7MB)
2025-08-04 21:24:02,620 - ComprehensiveSCRPAFixV8_5 - INFO - 📊 Progress: 500/2,500 rows (20.0%)
2025-08-04 21:24:02,620 - ComprehensiveSCRPAFixV8_5 - INFO - ⚡ Completed Chunk 1 (Fast):
2025-08-04 21:24:02,620 - ComprehensiveSCRPAFixV8_5 - INFO -   ⏱️ Duration: 0.02s
2025-08-04 21:24:02,620 - ComprehensiveSCRPAFixV8_5 - INFO -   💾 Memory: 103.8MB (Δ+0.1MB)
2025-08-04 21:24:02,625 - ComprehensiveSCRPAFixV8_5 - INFO - 🚀 Starting Chunk 2... (Memory: 104.0MB)
2025-08-04 21:24:02,640 - ComprehensiveSCRPAFixV8_5 - INFO - 📊 Progress: 1,000/2,500 rows (40.0%)
2025-08-04 21:24:02,641 - ComprehensiveSCRPAFixV8_5 - INFO - ⚡ Completed Chunk 2 (Fast):
2025-08-04 21:24:02,641 - ComprehensiveSCRPAFixV8_5 - INFO -   ⏱️ Duration: 0.02s
2025-08-04 21:24:02,641 - ComprehensiveSCRPAFixV8_5 - INFO -   💾 Memory: 104.1MB (Δ+0.0MB)
2025-08-04 21:24:02,646 - ComprehensiveSCRPAFixV8_5 - INFO - 🚀 Starting Chunk 3... (Memory: 104.2MB)
2025-08-04 21:24:02,662 - ComprehensiveSCRPAFixV8_5 - INFO - 📊 Progress: 1,500/2,500 rows (60.0%)
2025-08-04 21:24:02,663 - ComprehensiveSCRPAFixV8_5 - INFO - ⚡ Completed Chunk 3 (Fast):
2025-08-04 21:24:02,663 - ComprehensiveSCRPAFixV8_5 - INFO -   ⏱️ Duration: 0.02s
2025-08-04 21:24:02,663 - ComprehensiveSCRPAFixV8_5 - INFO -   💾 Memory: 104.3MB (Δ+0.1MB)
2025-08-04 21:24:02,668 - ComprehensiveSCRPAFixV8_5 - INFO - 🚀 Starting Chunk 4... (Memory: 103.8MB)
2025-08-04 21:24:02,684 - ComprehensiveSCRPAFixV8_5 - INFO - 📊 Progress: 2,000/2,500 rows (80.0%)
2025-08-04 21:24:02,685 - ComprehensiveSCRPAFixV8_5 - INFO - ⚡ Completed Chunk 4 (Fast):
2025-08-04 21:24:02,685 - ComprehensiveSCRPAFixV8_5 - INFO -   ⏱️ Duration: 0.02s
2025-08-04 21:24:02,685 - ComprehensiveSCRPAFixV8_5 - INFO -   💾 Memory: 103.8MB (Δ+0.0MB)
2025-08-04 21:24:02,689 - ComprehensiveSCRPAFixV8_5 - INFO - 🚀 Starting Chunk 5... (Memory: 104.0MB)
2025-08-04 21:24:02,704 - ComprehensiveSCRPAFixV8_5 - INFO - 📊 Progress: 2,500/2,500 rows (100.0%)
2025-08-04 21:24:02,704 - ComprehensiveSCRPAFixV8_5 - INFO - ⚡ Completed Chunk 5 (Fast):
2025-08-04 21:24:02,704 - ComprehensiveSCRPAFixV8_5 - INFO -   ⏱️ Duration: 0.02s
2025-08-04 21:24:02,705 - ComprehensiveSCRPAFixV8_5 - INFO -   💾 Memory: 104.1MB (Δ+0.1MB)
2025-08-04 21:24:02,706 - ComprehensiveSCRPAFixV8_5 - INFO - 🔗 Combining processed chunks...
2025-08-04 21:24:02,735 - ComprehensiveSCRPAFixV8_5 - INFO - ⚡ Completed Chunked processing (2500 rows) (Fast):
2025-08-04 21:24:02,735 - ComprehensiveSCRPAFixV8_5 - INFO -   ⏱️ Duration: 0.14s
2025-08-04 21:24:02,735 - ComprehensiveSCRPAFixV8_5 - INFO -   💾 Memory: 103.1MB (Δ+1.2MB)
2025-08-04 21:24:02,735 - ComprehensiveSCRPAFixV8_5 - INFO - ✅ Large dataset processing complete: 2,500 total records
2025-08-04 21:24:02,736 - ComprehensiveSCRPAFixV8_5 - INFO - ⚡ Completed Chunked processing test (Fast):
2025-08-04 21:24:02,736 - ComprehensiveSCRPAFixV8_5 - INFO -   ⏱️ Duration: 0.15s
2025-08-04 21:24:02,736 - ComprehensiveSCRPAFixV8_5 - INFO -   💾 Memory: 103.1MB (Δ+1.2MB)
2025-08-04 21:24:02,736 - ComprehensiveSCRPAFixV8_5 - INFO - ✅ Chunked processing test validation:
2025-08-04 21:24:02,736 - ComprehensiveSCRPAFixV8_5 - INFO -   📊 Original rows: 2,500
2025-08-04 21:24:02,736 - ComprehensiveSCRPAFixV8_5 - INFO -   📊 Processed rows: 2,500
2025-08-04 21:24:02,736 - ComprehensiveSCRPAFixV8_5 - INFO -   📊 Columns: 8
2025-08-04 21:24:02,738 - ComprehensiveSCRPAFixV8_5 - INFO -   📊 Memory usage: 0.6MB
2025-08-04 21:24:02,738 - ComprehensiveSCRPAFixV8_5 - INFO - ✅ Data integrity check PASSED
2025-08-04 21:24:02,739 - ComprehensiveSCRPAFixV8_5 - INFO - 🗑️ Cleaned up test file: test_large_dataset_2500_rows.csv
2025-08-04 21:24:02,739 - ComprehensiveSCRPAFixV8_5 - INFO - ✅ Chunked processing test completed
2025-08-04 21:24:02,740 - ComprehensiveSCRPAFixV8_5 - INFO - 🧪 Testing large file writing functionality
2025-08-04 21:24:02,741 - ComprehensiveSCRPAFixV8_5 - INFO - 🚀 Starting Creating large test dataset... (Memory: 103.1MB)
2025-08-04 21:24:02,748 - ComprehensiveSCRPAFixV8_5 - INFO - 📊 Created large test dataset: 5,000 rows, 10 columns
2025-08-04 21:24:02,753 - ComprehensiveSCRPAFixV8_5 - INFO - 📊 Memory usage: 2.2MB
2025-08-04 21:24:02,753 - ComprehensiveSCRPAFixV8_5 - INFO - ⚡ Completed Creating large test dataset (Fast):
2025-08-04 21:24:02,754 - ComprehensiveSCRPAFixV8_5 - INFO -   ⏱️ Duration: 0.01s
2025-08-04 21:24:02,754 - ComprehensiveSCRPAFixV8_5 - INFO -   💾 Memory: 104.8MB (Δ+1.7MB)
2025-08-04 21:24:02,754 - ComprehensiveSCRPAFixV8_5 - INFO - 💾 Writing large CSV: 5,000 rows in chunks of 1,000
2025-08-04 21:24:02,754 - ComprehensiveSCRPAFixV8_5 - INFO - 🚀 Starting Large CSV write (5,000 rows)... (Memory: 104.8MB)
2025-08-04 21:24:02,762 - ComprehensiveSCRPAFixV8_5 - INFO - 📝 Write progress: 1,000/5,000 rows (20.0%)
2025-08-04 21:24:02,766 - ComprehensiveSCRPAFixV8_5 - INFO - 📝 Write progress: 2,000/5,000 rows (40.0%)
2025-08-04 21:24:02,773 - ComprehensiveSCRPAFixV8_5 - INFO - 📝 Write progress: 3,000/5,000 rows (60.0%)
2025-08-04 21:24:02,778 - ComprehensiveSCRPAFixV8_5 - INFO - 📝 Write progress: 4,000/5,000 rows (80.0%)
2025-08-04 21:24:02,785 - ComprehensiveSCRPAFixV8_5 - INFO - 📝 Write progress: 5,000/5,000 rows (100.0%)
2025-08-04 21:24:02,785 - ComprehensiveSCRPAFixV8_5 - INFO - ⚡ Completed Large CSV write (5,000 rows) (Fast):
2025-08-04 21:24:02,785 - ComprehensiveSCRPAFixV8_5 - INFO -   ⏱️ Duration: 0.03s
2025-08-04 21:24:02,785 - ComprehensiveSCRPAFixV8_5 - INFO -   💾 Memory: 105.0MB (Δ+0.2MB)
2025-08-04 21:24:02,786 - ComprehensiveSCRPAFixV8_5 - INFO - ✅ Large CSV write complete: C:\Users\carucci_r\OneDrive - City of Hackensack\01_DataSources\SCRPA_Time_v2\03_output\temp\test_large_export_5000_rows.csv
2025-08-04 21:24:02,786 - ComprehensiveSCRPAFixV8_5 - INFO - ✅ CSV file created: 0.7MB
2025-08-04 21:24:02,795 - ComprehensiveSCRPAFixV8_5 - INFO - ✅ CSV verification: 5 sample rows read successfully
2025-08-04 21:24:02,795 - ComprehensiveSCRPAFixV8_5 - INFO - 📊 Writing large Excel: 5,000 rows in chunks of 1,000
2025-08-04 21:24:02,795 - ComprehensiveSCRPAFixV8_5 - INFO - 🚀 Starting Large Excel write (5,000 rows)... (Memory: 105.3MB)
2025-08-04 21:24:02,820 - ComprehensiveSCRPAFixV8_5 - INFO - 📝 Excel write progress: 1,000/5,000 rows (20.0%)
2025-08-04 21:24:02,842 - ComprehensiveSCRPAFixV8_5 - INFO - 📝 Excel write progress: 2,000/5,000 rows (40.0%)
2025-08-04 21:24:02,865 - ComprehensiveSCRPAFixV8_5 - INFO - 📝 Excel write progress: 3,000/5,000 rows (60.0%)
2025-08-04 21:24:02,886 - ComprehensiveSCRPAFixV8_5 - INFO - 📝 Excel write progress: 4,000/5,000 rows (80.0%)
2025-08-04 21:24:02,930 - ComprehensiveSCRPAFixV8_5 - INFO - 📝 Excel write progress: 5,000/5,000 rows (100.0%)
2025-08-04 21:24:03,273 - ComprehensiveSCRPAFixV8_5 - INFO - ⚡ Completed Large Excel write (5,000 rows) (Fast):
2025-08-04 21:24:03,274 - ComprehensiveSCRPAFixV8_5 - INFO -   ⏱️ Duration: 0.48s
2025-08-04 21:24:03,274 - ComprehensiveSCRPAFixV8_5 - INFO -   💾 Memory: 121.0MB (Δ+15.7MB)
2025-08-04 21:24:03,274 - ComprehensiveSCRPAFixV8_5 - INFO - ✅ Large Excel write complete: C:\Users\carucci_r\OneDrive - City of Hackensack\01_DataSources\SCRPA_Time_v2\03_output\temp\test_large_export_5000_rows.xlsx
2025-08-04 21:24:03,274 - ComprehensiveSCRPAFixV8_5 - INFO - ✅ Excel file created: 0.3MB
2025-08-04 21:24:03,276 - ComprehensiveSCRPAFixV8_5 - INFO - 🗑️ Cleaned up test file: test_large_export_5000_rows.csv
2025-08-04 21:24:03,277 - ComprehensiveSCRPAFixV8_5 - INFO - 🗑️ Cleaned up test file: test_large_export_5000_rows.xlsx
2025-08-04 21:24:03,277 - ComprehensiveSCRPAFixV8_5 - INFO - ✅ Large file writing test completed
2025-08-04 21:24:03,278 - ComprehensiveSCRPAFixV8_5 - INFO - 🚀 Starting Complete SCRPA Pipeline V8.5... (Memory: 118.5MB)
2025-08-04 21:24:03,278 - ComprehensiveSCRPAFixV8_5 - INFO - Starting Comprehensive SCRPA Fix V8.5 pipeline...
2025-08-04 21:24:03,279 - ComprehensiveSCRPAFixV8_5 - INFO - ⚡ Completed Complete SCRPA Pipeline V8.5 (Fast):
2025-08-04 21:24:03,279 - ComprehensiveSCRPAFixV8_5 - INFO -   ⏱️ Duration: 0.00s
2025-08-04 21:24:03,279 - ComprehensiveSCRPAFixV8_5 - INFO -   💾 Memory: 118.5MB (Δ+0.0MB)
2025-08-04 21:24:03,280 - ComprehensiveSCRPAFixV8_5 - INFO - Latest CAD file: 2025_08_01_19_38_12_SCRPA_CAD.xlsx
2025-08-04 21:24:03,281 - ComprehensiveSCRPAFixV8_5 - INFO - Latest RMS file: 2025_08_01_19_38_12_SCRPA_RMS.xlsx
2025-08-04 21:24:03,282 - ComprehensiveSCRPAFixV8_5 - INFO - 🚀 Starting RMS Data Processing - 2025_08_01_19_38_12_SCRPA_RMS.xlsx... (Memory: 118.5MB)
2025-08-04 21:24:03,282 - ComprehensiveSCRPAFixV8_5 - INFO - Processing RMS data: 2025_08_01_19_38_12_SCRPA_RMS.xlsx
2025-08-04 21:24:03,282 - ComprehensiveSCRPAFixV8_5 - INFO - 🚀 Starting RMS File Loading... (Memory: 118.5MB)
2025-08-04 21:24:03,318 - ComprehensiveSCRPAFixV8_5 - INFO - Loaded RMS file with 140 rows and 31 columns
2025-08-04 21:24:03,318 - ComprehensiveSCRPAFixV8_5 - INFO - RMS columns found: ['Case Number', 'Incident Date', 'Incident Time', 'Incident Date_Between', 'Incident Time_Between', 'Report Date', 'Report Time', 'Incident Type_1', 'Incident Type_2', 'Incident Type_3', 'FullAddress', 'Grid', 'Zone', 'Narrative', 'Total Value Stolen', 'Total Value Recover', 'Registration 1', 'Make1', 'Model1', 'Reg State 1', 'Registration 2', 'Reg State 2', 'Make2', 'Model2', 'Reviewed By', 'CompleteCalc', 'Officer of Record', 'Squad', 'Det_Assigned', 'Case_Status', 'NIBRS Classification']
2025-08-04 21:24:03,318 - ComprehensiveSCRPAFixV8_5 - INFO - ⚡ Completed RMS File Loading (Fast):
2025-08-04 21:24:03,319 - ComprehensiveSCRPAFixV8_5 - INFO -   ⏱️ Duration: 0.04s
2025-08-04 21:24:03,319 - ComprehensiveSCRPAFixV8_5 - INFO -   💾 Memory: 119.1MB (Δ+0.6MB)
2025-08-04 21:24:03,319 - ComprehensiveSCRPAFixV8_5 - INFO - 🚀 Starting RMS Header Normalization & Column Mapping... (Memory: 119.1MB)
2025-08-04 21:24:03,319 - ComprehensiveSCRPAFixV8_5 - INFO - Normalized RMS headers to lowercase snake_case: ['case_number', 'incident_date', 'incident_time', 'incident_date_between', 'incident_time_between', 'report_date', 'report_time', 'incident_type_1', 'incident_type_2', 'incident_type_3', 'full_address', 'grid', 'zone', 'narrative', 'total_value_stolen', 'total_value_recover', 'registration_1', 'make_1', 'model_1', 'reg_state_1', 'registration_2', 'reg_state_2', 'make_2', 'model_2', 'reviewed_by', 'complete_calc', 'officer_of_record', 'squad', 'det_assigned', 'case_status', 'nibrs_classification']
2025-08-04 21:24:03,320 - ComprehensiveSCRPAFixV8_5 - INFO - ⚡ Completed RMS Header Normalization & Column Mapping (Fast):
2025-08-04 21:24:03,320 - ComprehensiveSCRPAFixV8_5 - INFO -   ⏱️ Duration: 0.00s
2025-08-04 21:24:03,320 - ComprehensiveSCRPAFixV8_5 - INFO -   💾 Memory: 119.1MB (Δ+0.0MB)
2025-08-04 21:24:03,321 - ComprehensiveSCRPAFixV8_5 - INFO - ⚡ Completed RMS Data Processing - 2025_08_01_19_38_12_SCRPA_RMS.xlsx (Fast):
2025-08-04 21:24:03,321 - ComprehensiveSCRPAFixV8_5 - INFO -   ⏱️ Duration: 0.04s
2025-08-04 21:24:03,321 - ComprehensiveSCRPAFixV8_5 - INFO -   💾 Memory: 119.1MB (Δ+0.6MB)
2025-08-04 21:24:03,321 - ComprehensiveSCRPAFixV8_5 - INFO - Applied column mapping: {}
2025-08-04 21:24:03,361 - ComprehensiveSCRPAFixV8_5 - INFO - Available date columns: ['incident_date', 'incident_date_between', 'report_date']
2025-08-04 21:24:03,361 - ComprehensiveSCRPAFixV8_5 - INFO - incident_date populated: 136/140
2025-08-04 21:24:03,362 - ComprehensiveSCRPAFixV8_5 - INFO - Sample incident_date values: [Timestamp('2025-01-03 00:00:00'), Timestamp('2025-01-07 00:00:00'), Timestamp('2025-01-06 00:00:00')]
2025-08-04 21:24:03,362 - ComprehensiveSCRPAFixV8_5 - INFO - incident_date_between populated: 62/140
2025-08-04 21:24:03,363 - ComprehensiveSCRPAFixV8_5 - INFO - Sample incident_date_between values: [Timestamp('2025-01-04 00:00:00'), Timestamp('2025-01-10 00:00:00'), Timestamp('2025-01-16 00:00:00')]
2025-08-04 21:24:03,363 - ComprehensiveSCRPAFixV8_5 - INFO - report_date populated: 140/140
2025-08-04 21:24:03,363 - ComprehensiveSCRPAFixV8_5 - INFO - Sample report_date values: [Timestamp('2025-01-04 00:00:00'), Timestamp('2025-01-10 00:00:00'), Timestamp('2025-01-10 00:00:00')]
2025-08-04 21:24:03,365 - ComprehensiveSCRPAFixV8_5 - INFO - Incident dates after cascading: 140/140
2025-08-04 21:24:03,366 - ComprehensiveSCRPAFixV8_5 - INFO - Sample cascaded dates: [datetime.date(2025, 1, 3), datetime.date(2025, 1, 7), datetime.date(2025, 1, 6), datetime.date(2025, 1, 13), datetime.date(2025, 1, 14)]
2025-08-04 21:24:03,370 - ComprehensiveSCRPAFixV8_5 - INFO - Sample incident_date values: [datetime.date(2025, 1, 3), datetime.date(2025, 1, 7), datetime.date(2025, 1, 6), datetime.date(2025, 1, 13), datetime.date(2025, 1, 14)]
2025-08-04 21:24:03,370 - ComprehensiveSCRPAFixV8_5 - INFO - Null incident_date count: 0
2025-08-04 21:24:03,370 - ComprehensiveSCRPAFixV8_5 - INFO - Date types: object
2025-08-04 21:24:03,371 - ComprehensiveSCRPAFixV8_5 - INFO - Period calculation results: {'YTD': 115, '28-Day': 20, '7-Day': 4, 'Historical': 1}
2025-08-04 21:24:03,374 - ComprehensiveSCRPAFixV8_5 - INFO - Date/Period Analysis Summary:
2025-08-04 21:24:03,374 - ComprehensiveSCRPAFixV8_5 - INFO -   - 7-Day period records: 4
2025-08-04 21:24:03,375 - ComprehensiveSCRPAFixV8_5 - INFO -   - 28-Day period records: 20
2025-08-04 21:24:03,375 - ComprehensiveSCRPAFixV8_5 - INFO -   - YTD period records: 115
2025-08-04 21:24:03,375 - ComprehensiveSCRPAFixV8_5 - INFO -   - Historical period records: 1
2025-08-04 21:24:03,375 - ComprehensiveSCRPAFixV8_5 - INFO - ✅ Date processing working correctly - mix of periods found
2025-08-04 21:24:03,501 - ComprehensiveSCRPAFixV8_5 - INFO - ✅ RMS header validation PASSED: All 46 columns follow lowercase snake_case
2025-08-04 21:24:03,501 - ComprehensiveSCRPAFixV8_5 - INFO - RMS headers validation passed - all headers are lowercase snake_case
2025-08-04 21:24:03,502 - ComprehensiveSCRPAFixV8_5 - INFO - RMS records before filtering: 140
2025-08-04 21:24:03,503 - ComprehensiveSCRPAFixV8_5 - INFO - Period distribution: {'YTD': 115, '28-Day': 20, '7-Day': 4, 'Historical': 1}
2025-08-04 21:24:03,503 - ComprehensiveSCRPAFixV8_5 - INFO - Non-historical records: 139
2025-08-04 21:24:03,503 - ComprehensiveSCRPAFixV8_5 - INFO - Sample case numbers: ['25-000813', '25-002564', '25-002635', '25-003362', '25-003813']
2025-08-04 21:24:03,504 - ComprehensiveSCRPAFixV8_5 - INFO - Records with excluded case number '25-057654': 1
2025-08-04 21:24:03,504 - ComprehensiveSCRPAFixV8_5 - INFO - Incident dates populated: 140/140
2025-08-04 21:24:03,504 - ComprehensiveSCRPAFixV8_5 - INFO - Sample incident dates: [Timestamp('2025-01-03 00:00:00'), Timestamp('2025-01-07 00:00:00'), Timestamp('2025-01-06 00:00:00'), Timestamp('2025-01-13 00:00:00'), Timestamp('2025-01-14 00:00:00')]
2025-08-04 21:24:03,505 - ComprehensiveSCRPAFixV8_5 - INFO - Date range: 2017-06-20 00:00:00 to 2025-07-31 00:00:00
2025-08-04 21:24:03,505 - ComprehensiveSCRPAFixV8_5 - INFO - After case number filter: 139/140 records
2025-08-04 21:24:03,506 - ComprehensiveSCRPAFixV8_5 - INFO - After period filter: 138/140 records
2025-08-04 21:24:03,506 - ComprehensiveSCRPAFixV8_5 - ERROR - RMS data processing failed - received None
2025-08-04 21:24:03,536 - ComprehensiveSCRPAFixV8_5 - INFO - Found 30 duplicate incidents in reference file.
2025-08-04 21:24:03,536 - ComprehensiveSCRPAFixV8_5 - INFO - Applying priority-based duplicate resolution:
2025-08-04 21:24:03,537 - ComprehensiveSCRPAFixV8_5 - INFO -   'DOMESTIC DISPUTE': 3 variants -> keeping highest priority
2025-08-04 21:24:03,537 - ComprehensiveSCRPAFixV8_5 - INFO -   'SHOPLIFTING 2C:20-11': 3 variants -> keeping highest priority
2025-08-04 21:24:03,537 - ComprehensiveSCRPAFixV8_5 - INFO -   'SIMPLE ASSAULT 2C:12-1A': 4 variants -> keeping highest priority
2025-08-04 21:24:03,537 - ComprehensiveSCRPAFixV8_5 - INFO -   'TARGETED AREA PATROL': 3 variants -> keeping highest priority
2025-08-04 21:24:03,538 - ComprehensiveSCRPAFixV8_5 - INFO -   'TERRORISTIC THREATS 2C:12-3': 3 variants -> keeping highest priority
2025-08-04 21:24:03,538 - ComprehensiveSCRPAFixV8_5 - INFO -   'WEAPONS SEIZURE - 2C:25-21D': 2 variants -> keeping highest priority
2025-08-04 21:24:03,538 - ComprehensiveSCRPAFixV8_5 - INFO -   'WEATHER ALERTS': 2 variants -> keeping highest priority
2025-08-04 21:24:03,538 - ComprehensiveSCRPAFixV8_5 - INFO -   'WELFARE CHECK': 2 variants -> keeping highest priority
2025-08-04 21:24:03,540 - ComprehensiveSCRPAFixV8_5 - INFO -   'WIDESPREAD DAMAGE - 2C:17-2': 2 variants -> keeping highest priority
2025-08-04 21:24:03,540 - ComprehensiveSCRPAFixV8_5 - INFO -   'WIRE DOWN': 2 variants -> keeping highest priority
2025-08-04 21:24:03,540 - ComprehensiveSCRPAFixV8_5 - INFO -   'WITNESS TAMPERING - 2C:28-5': 2 variants -> keeping highest priority
2025-08-04 21:24:03,540 - ComprehensiveSCRPAFixV8_5 - INFO -   'WRONGFUL IMPERSONATING - 2C:21-1': 2 variants -> keeping highest priority
2025-08-04 21:24:03,544 - ComprehensiveSCRPAFixV8_5 - INFO - Priority-based resolution completed: 30 duplicates resolved
2025-08-04 21:24:03,560 - ComprehensiveSCRPAFixV8_5 - INFO - Enhanced call type reference loaded successfully:
2025-08-04 21:24:03,561 - ComprehensiveSCRPAFixV8_5 - INFO -   - Total records: 592
2025-08-04 21:24:03,561 - ComprehensiveSCRPAFixV8_5 - INFO -   - Unique incidents: 574
2025-08-04 21:24:03,561 - ComprehensiveSCRPAFixV8_5 - INFO -   - Duplicates found: 30
2025-08-04 21:24:03,561 - ComprehensiveSCRPAFixV8_5 - INFO -   - Duplicates resolved: 30
2025-08-04 21:24:03,562 - ComprehensiveSCRPAFixV8_5 - INFO -   - Normalized columns: ['incident', 'category_type', 'response_type']
2025-08-04 21:24:03,562 - ComprehensiveSCRPAFixV8_5 - INFO - 🚀 Starting CAD Data Processing - 2025_08_01_19_38_12_SCRPA_CAD.xlsx... (Memory: 120.1MB)
2025-08-04 21:24:03,562 - ComprehensiveSCRPAFixV8_5 - INFO - Processing CAD data: 2025_08_01_19_38_12_SCRPA_CAD.xlsx
2025-08-04 21:24:03,562 - ComprehensiveSCRPAFixV8_5 - INFO - ⚡ Completed CAD Data Processing - 2025_08_01_19_38_12_SCRPA_CAD.xlsx (Fast):
2025-08-04 21:24:03,563 - ComprehensiveSCRPAFixV8_5 - INFO -   ⏱️ Duration: 0.00s
2025-08-04 21:24:03,563 - ComprehensiveSCRPAFixV8_5 - INFO -   💾 Memory: 120.1MB (Δ+0.0MB)
2025-08-04 21:24:03,600 - ComprehensiveSCRPAFixV8_5 - INFO - Loaded CAD file with 115 rows and 20 columns
2025-08-04 21:24:03,600 - ComprehensiveSCRPAFixV8_5 - INFO - CAD columns found: ['ReportNumberNew', 'Incident', 'How Reported', 'FullAddress2', 'PDZone', 'Grid', 'Time of Call', 'cYear', 'cMonth', 'HourMinuetsCalc', 'DayofWeek', 'Time Dispatched', 'Time Out', 'Time In', 'Time Spent', 'Time Response', 'Officer', 'Disposition', 'Response Type', 'CADNotes']
2025-08-04 21:24:03,600 - ComprehensiveSCRPAFixV8_5 - INFO - Applied dtype={'How Reported': str} to prevent Excel auto-parsing '9-1-1' as date
2025-08-04 21:24:03,601 - ComprehensiveSCRPAFixV8_5 - INFO - Applied additional fixes to prevent '9-1-1' date conversion
2025-08-04 21:24:03,602 - ComprehensiveSCRPAFixV8_5 - INFO - Applied column mapping: {'ReportNumberNew': 'case_number', 'Incident': 'incident', 'How Reported': 'how_reported', 'FullAddress2': 'full_address_raw', 'PDZone': 'post', 'Grid': 'grid_raw', 'Time of Call': 'time_of_call', 'cYear': 'call_year', 'cMonth': 'call_month', 'HourMinuetsCalc': 'hour_minutes_calc', 'DayofWeek': 'day_of_week_raw', 'Time Dispatched': 'time_dispatched', 'Time Out': 'time_out', 'Time In': 'time_in', 'Time Spent': 'time_spent_raw', 'Time Response': 'time_response_raw', 'Officer': 'officer', 'Disposition': 'disposition', 'Response Type': 'response_type_fallback', 'CADNotes': 'cad_notes_raw'}
2025-08-04 21:24:03,603 - ComprehensiveSCRPAFixV8_5 - INFO - Normalized CAD headers to lowercase snake_case: ['case_number', 'incident', 'how_reported', 'full_address_raw', 'post', 'grid_raw', 'time_of_call', 'call_year', 'call_month', 'hour_minutes_calc', 'day_of_week_raw', 'time_dispatched', 'time_out', 'time_in', 'time_spent_raw', 'time_response_raw', 'officer', 'disposition', 'response_type_fallback', 'cad_notes_raw']
2025-08-04 21:24:03,612 - ComprehensiveSCRPAFixV8_5 - INFO - Starting proper CallType_Categories.xlsx mapping for 115 CAD records
2025-08-04 21:24:03,613 - ComprehensiveSCRPAFixV8_5 - INFO - Sample incident values: ['Motor Vehicle Theft - 2C:20-3', 'Criminal Sexual Contact - 2C:14-3a', 'Burglary - Auto - 2C:18-2', 'Burglary - Residence - 2C:18-2', 'Motor Vehicle Theft - 2C:20-3']
2025-08-04 21:24:03,639 - ComprehensiveSCRPAFixV8_5 - INFO - Loaded CallType_Categories.xlsx with 592 records
2025-08-04 21:24:03,639 - ComprehensiveSCRPAFixV8_5 - INFO - CallType columns: ['Incident', 'Category Type', 'Response Type']
2025-08-04 21:24:03,654 - ComprehensiveSCRPAFixV8_5 - INFO - Created mapping dictionary with 574 entries
2025-08-04 21:24:03,655 - ComprehensiveSCRPAFixV8_5 - INFO - CallType_Categories.xlsx mapping results:
2025-08-04 21:24:03,655 - ComprehensiveSCRPAFixV8_5 - INFO -   - Total incidents: 115
2025-08-04 21:24:03,655 - ComprehensiveSCRPAFixV8_5 - INFO -   - Mapped incidents: 115
2025-08-04 21:24:03,655 - ComprehensiveSCRPAFixV8_5 - INFO -   - Unmapped incidents: 0
2025-08-04 21:24:03,655 - ComprehensiveSCRPAFixV8_5 - INFO -   - Mapping rate: 100.0%
2025-08-04 21:24:03,656 - ComprehensiveSCRPAFixV8_5 - INFO - Category type distribution: {'Criminal Incidents': 115}
2025-08-04 21:24:03,657 - ComprehensiveSCRPAFixV8_5 - INFO - Top 10 response types: {'Emergency': 81, 'Routine': 34}
2025-08-04 21:24:03,659 - ComprehensiveSCRPAFixV8_5 - INFO - Final column coverage:
2025-08-04 21:24:03,659 - ComprehensiveSCRPAFixV8_5 - INFO -   - response_type coverage: 100.0%
2025-08-04 21:24:03,659 - ComprehensiveSCRPAFixV8_5 - INFO -   - category_type coverage: 100.0%
2025-08-04 21:24:03,665 - ComprehensiveSCRPAFixV8_5 - INFO - Grid processing: 108/115 records have grid values
2025-08-04 21:24:03,708 - ComprehensiveSCRPAFixV8_5 - INFO - CAD notes parsing complete: 115 records processed
2025-08-04 21:24:03,781 - ComprehensiveSCRPAFixV8_5 - INFO - CAD response_type populated in 115/115 records
2025-08-04 21:24:03,782 - ComprehensiveSCRPAFixV8_5 - INFO - CAD grid populated in 108/115 records
2025-08-04 21:24:03,782 - ComprehensiveSCRPAFixV8_5 - INFO - CAD post populated in 111/115 records
2025-08-04 21:24:03,782 - ComprehensiveSCRPAFixV8_5 - INFO - ✅ CAD header validation PASSED: All 34 columns follow lowercase snake_case
2025-08-04 21:24:03,783 - ComprehensiveSCRPAFixV8_5 - INFO - CAD headers validation passed - all headers are lowercase snake_case
2025-08-04 21:24:03,783 - ComprehensiveSCRPAFixV8_5 - INFO - CAD processing complete: 115 records
2025-08-04 21:24:03,784 - ComprehensiveSCRPAFixV8_5 - INFO - Final CAD columns: ['case_number', 'incident', 'response_type', 'category_type', 'how_reported', 'location', 'block', 'grid', 'post', 'time_of_call', 'time_dispatched', 'time_out', 'time_in', 'time_spent_minutes', 'time_response_minutes', 'time_spent_formatted', 'time_response_formatted', 'officer', 'disposition', 'cad_notes_cleaned', 'cad_username', 'cad_timestamp', 'cycle_name']
2025-08-04 21:24:03,816 - ComprehensiveSCRPAFixV8_5 - INFO - ✅ CAD header validation PASSED: All 23 columns follow lowercase snake_case
2025-08-04 21:24:03,816 - ComprehensiveSCRPAFixV8_5 - INFO - 💾 Writing standard CSV: 115 rows
