2025-08-05 17:05:06,540 - ComprehensiveSCRPAFixV8_5 - INFO - === Comprehensive SCRPA Fix V8.5 - Cycle Calendar Integration Version ===
2025-08-05 17:05:07,192 - ComprehensiveSCRPAFixV8_5 - INFO - Loaded call type reference: 592 records
2025-08-05 17:05:07,192 - ComprehensiveSCRPAFixV8_5 - INFO - Reference file columns: ['Incident', 'Category Type', 'Response Type']
2025-08-05 17:05:07,193 - ComprehensiveSCRPAFixV8_5 - INFO - Incident column forced to string type with 592 records
2025-08-05 17:05:07,304 - ComprehensiveSCRPAFixV8_5 - INFO - Loaded zone/grid reference: 1368 records
2025-08-05 17:05:07,330 - ComprehensiveSCRPAFixV8_5 - INFO - Loaded cycle calendar: 52 records
2025-08-05 17:05:07,330 - ComprehensiveSCRPAFixV8_5 - INFO - Cycle calendar columns: ['Report_Due_Date', '7_Day_Start', '7_Day_End', '28_Day_Start', '28_Day_End', 'Report_Name']
2025-08-05 17:05:07,333 - ComprehensiveSCRPAFixV8_5 - INFO - Current cycle: C08W32, Date: 20250805
2025-08-05 17:05:07,333 - ComprehensiveSCRPAFixV8_5 - INFO - 🚀 Starting Complete SCRPA Pipeline V8.5... (Memory: 95.6MB)
2025-08-05 17:05:07,333 - ComprehensiveSCRPAFixV8_5 - INFO - Starting Comprehensive SCRPA Fix V8.5 pipeline...
2025-08-05 17:05:07,333 - ComprehensiveSCRPAFixV8_5 - INFO - ⚡ Completed Complete SCRPA Pipeline V8.5 (Fast):
2025-08-05 17:05:07,334 - ComprehensiveSCRPAFixV8_5 - INFO -   ⏱️ Duration: 0.00s
2025-08-05 17:05:07,334 - ComprehensiveSCRPAFixV8_5 - INFO -   💾 Memory: 95.6MB (Δ+0.0MB)
2025-08-05 17:05:07,335 - ComprehensiveSCRPAFixV8_5 - INFO - Latest CAD file: 2025_08_01_19_38_12_SCRPA_CAD.xlsx
2025-08-05 17:05:07,336 - ComprehensiveSCRPAFixV8_5 - INFO - Latest RMS file: 2025_08_01_19_38_12_SCRPA_RMS.xlsx
2025-08-05 17:05:07,336 - ComprehensiveSCRPAFixV8_5 - INFO - 🚀 Starting RMS Data Processing - 2025_08_01_19_38_12_SCRPA_RMS.xlsx... (Memory: 95.6MB)
2025-08-05 17:05:07,337 - ComprehensiveSCRPAFixV8_5 - INFO - Processing RMS data: 2025_08_01_19_38_12_SCRPA_RMS.xlsx
2025-08-05 17:05:07,337 - ComprehensiveSCRPAFixV8_5 - INFO - 🚀 Starting RMS File Loading... (Memory: 95.6MB)
2025-08-05 17:05:07,389 - ComprehensiveSCRPAFixV8_5 - INFO - Loaded RMS file with 140 rows and 31 columns
2025-08-05 17:05:07,389 - ComprehensiveSCRPAFixV8_5 - INFO - ⚡ Completed RMS File Loading (Fast):
2025-08-05 17:05:07,389 - ComprehensiveSCRPAFixV8_5 - INFO -   ⏱️ Duration: 0.05s
2025-08-05 17:05:07,390 - ComprehensiveSCRPAFixV8_5 - INFO -   💾 Memory: 96.3MB (Δ+0.7MB)
2025-08-05 17:05:07,390 - ComprehensiveSCRPAFixV8_5 - INFO - Normalized RMS headers: ['case_number', 'incident_date', 'incident_time', 'incident_date_between', 'incident_time_between', 'report_date', 'report_time', 'incident_type_1', 'incident_type_2', 'incident_type_3', 'full_address', 'grid', 'zone', 'narrative', 'total_value_stolen', 'total_value_recover', 'registration_1', 'make_1', 'model_1', 'reg_state_1', 'registration_2', 'reg_state_2', 'make_2', 'model_2', 'reviewed_by', 'complete_calc', 'officer_of_record', 'squad', 'det_assigned', 'case_status', 'nibrs_classification']
2025-08-05 17:05:07,391 - ComprehensiveSCRPAFixV8_5 - INFO - Applied column mapping to 25 columns.
2025-08-05 17:05:07,432 - ComprehensiveSCRPAFixV8_5 - INFO - Cascaded incident dates populated: 140/140
2025-08-05 17:05:07,437 - ComprehensiveSCRPAFixV8_5 - INFO - Cascaded incident times populated: 140/140
2025-08-05 17:05:07,439 - ComprehensiveSCRPAFixV8_5 - INFO - Time of Day populated: 140/140
2025-08-05 17:05:07,532 - ComprehensiveSCRPAFixV8_5 - INFO - Formatted incident_date to mm/dd/yy
2025-08-05 17:05:07,532 - ComprehensiveSCRPAFixV8_5 - WARNING - full_address_raw column not found - location will be None
2025-08-05 17:05:07,599 - ComprehensiveSCRPAFixV8_5 - INFO - After case status filter: 120 records
2025-08-05 17:05:07,600 - ComprehensiveSCRPAFixV8_5 - INFO - RMS processing complete: 119 records after filtering from 140
2025-08-05 17:05:07,628 - ComprehensiveSCRPAFixV8_5 - INFO - ⚡ Completed RMS Data Processing - 2025_08_01_19_38_12_SCRPA_RMS.xlsx (Fast):
2025-08-05 17:05:07,628 - ComprehensiveSCRPAFixV8_5 - INFO -   ⏱️ Duration: 0.29s
2025-08-05 17:05:07,629 - ComprehensiveSCRPAFixV8_5 - INFO -   💾 Memory: 97.8MB (Δ+2.3MB)
2025-08-05 17:05:07,629 - ComprehensiveSCRPAFixV8_5 - INFO - 🚀 Starting CAD Data Processing - 2025_08_01_19_38_12_SCRPA_CAD.xlsx... (Memory: 97.8MB)
2025-08-05 17:05:07,629 - ComprehensiveSCRPAFixV8_5 - INFO - Processing CAD data: 2025_08_01_19_38_12_SCRPA_CAD.xlsx
2025-08-05 17:05:07,629 - ComprehensiveSCRPAFixV8_5 - INFO - ⚡ Completed CAD Data Processing - 2025_08_01_19_38_12_SCRPA_CAD.xlsx (Fast):
2025-08-05 17:05:07,630 - ComprehensiveSCRPAFixV8_5 - INFO -   ⏱️ Duration: 0.00s
2025-08-05 17:05:07,630 - ComprehensiveSCRPAFixV8_5 - INFO -   💾 Memory: 97.8MB (Δ+0.0MB)
2025-08-05 17:05:07,667 - ComprehensiveSCRPAFixV8_5 - INFO - Loaded CAD file with 115 rows and 20 columns
2025-08-05 17:05:07,668 - ComprehensiveSCRPAFixV8_5 - INFO - Applied dtype={'How Reported': str} to prevent Excel auto-parsing '9-1-1' as date
2025-08-05 17:05:07,669 - ComprehensiveSCRPAFixV8_5 - INFO - Applied enhanced fixes to prevent '9-1-1' date conversion
2025-08-05 17:05:07,883 - ComprehensiveSCRPAFixV8_5 - INFO - CAD processing complete: 115 records
2025-08-05 17:05:07,925 - ComprehensiveSCRPAFixV8_5 - INFO - 💾 Writing standard CSV: 119 rows
2025-08-05 17:05:07,935 - ComprehensiveSCRPAFixV8_5 - INFO - RMS data saved: C:\Users\carucci_r\OneDrive - City of Hackensack\01_DataSources\SCRPA_Time_v2\04_powerbi\C08W32_20250805_7Day_rms_data_standardized_v3.csv
2025-08-05 17:05:07,937 - ComprehensiveSCRPAFixV8_5 - INFO - 💾 Writing standard CSV: 115 rows
2025-08-05 17:05:07,943 - ComprehensiveSCRPAFixV8_5 - INFO - CAD data saved: C:\Users\carucci_r\OneDrive - City of Hackensack\01_DataSources\SCRPA_Time_v2\04_powerbi\C08W32_20250805_7Day_cad_data_standardized_v2.csv
2025-08-05 17:05:07,943 - ComprehensiveSCRPAFixV8_5 - INFO - Starting CAD-RMS matching: RMS=119 records, CAD=115 records
2025-08-05 17:05:07,949 - ComprehensiveSCRPAFixV8_5 - INFO - CAD-RMS matching complete: 119 records with a 62.2% match rate.
2025-08-05 17:05:07,955 - ComprehensiveSCRPAFixV8_5 - INFO - 💾 Writing standard CSV: 119 rows
2025-08-05 17:05:07,962 - ComprehensiveSCRPAFixV8_5 - INFO - Joined data saved: C:\Users\carucci_r\OneDrive - City of Hackensack\01_DataSources\SCRPA_Time_v2\04_powerbi\C08W32_20250805_7Day_cad_rms_matched_standardized.csv
2025-08-05 17:05:07,963 - ComprehensiveSCRPAFixV8_5 - INFO - Starting 7-Day SCRPA incident export...
2025-08-05 17:05:07,964 - ComprehensiveSCRPAFixV8_5 - INFO - 7-Day period records found: 1
2025-08-05 17:05:07,970 - ComprehensiveSCRPAFixV8_5 - INFO - After multi-column crime filtering: 1 records
2025-08-05 17:05:07,972 - ComprehensiveSCRPAFixV8_5 - INFO - 💾 Writing standard CSV: 1 rows
2025-08-05 17:05:07,976 - ComprehensiveSCRPAFixV8_5 - INFO - 7-Day SCRPA export complete: 1 incidents saved to C:\Users\carucci_r\OneDrive - City of Hackensack\01_DataSources\SCRPA_Time_v2\04_powerbi\C08W32_20250805_7Day_SCRPA_Incidents.csv
2025-08-05 17:05:07,976 - ComprehensiveSCRPAFixV8_5 - INFO - ============================================================
2025-08-05 17:05:07,977 - ComprehensiveSCRPAFixV8_5 - INFO - FINAL VALIDATION SUMMARY
2025-08-05 17:05:07,977 - ComprehensiveSCRPAFixV8_5 - INFO - ============================================================
2025-08-05 17:05:07,977 - ComprehensiveSCRPAFixV8_5 - INFO - ✅ RMS records processed: 119
2025-08-05 17:05:07,977 - ComprehensiveSCRPAFixV8_5 - INFO - ✅ CAD records processed: 115
2025-08-05 17:05:07,977 - ComprehensiveSCRPAFixV8_5 - INFO - ✅ Matched records created: 119
2025-08-05 17:05:07,977 - ComprehensiveSCRPAFixV8_5 - WARNING - ⚠️ RECORD COUNT VALIDATION: Expected 135, got 119
2025-08-05 17:05:07,978 - ComprehensiveSCRPAFixV8_5 - INFO - ✅ COLUMN NAMING VALIDATION: PASSED (all lowercase_snake_case)
2025-08-05 17:05:07,978 - ComprehensiveSCRPAFixV8_5 - INFO - ✅ CRITICAL COLUMNS VALIDATION: PASSED
