2025-08-05 00:13:57,371 - ComprehensiveSCRPAFixV8_5 - INFO - === Comprehensive SCRPA Fix V8.5 - Cycle Calendar Integration Version ===
2025-08-05 00:13:57,691 - ComprehensiveSCRPAFixV8_5 - INFO - Loaded call type reference: 592 records
2025-08-05 00:13:57,692 - ComprehensiveSCRPAFixV8_5 - INFO - Reference file columns: ['Incident', 'Category Type', 'Response Type']
2025-08-05 00:13:57,692 - ComprehensiveSCRPAFixV8_5 - INFO - Incident column forced to string type with 592 records
2025-08-05 00:13:57,758 - ComprehensiveSCRPAFixV8_5 - INFO - Loaded zone/grid reference: 1368 records
2025-08-05 00:13:57,772 - ComprehensiveSCRPAFixV8_5 - INFO - Loaded cycle calendar: 52 records
2025-08-05 00:13:57,773 - ComprehensiveSCRPAFixV8_5 - INFO - Cycle calendar columns: ['Report_Due_Date', '7_Day_Start', '7_Day_End', '28_Day_Start', '28_Day_End', 'Report_Name']
2025-08-05 00:13:57,774 - ComprehensiveSCRPAFixV8_5 - INFO - Current cycle: C08W32, Date: 20250805
2025-08-05 00:13:57,774 - ComprehensiveSCRPAFixV8_5 - INFO - 🧪 Running Performance Monitoring Demo
2025-08-05 00:13:57,775 - ComprehensiveSCRPAFixV8_5 - INFO - 🚀 Starting Performance Test Demo... (Memory: 98.4MB)
2025-08-05 00:13:57,775 - ComprehensiveSCRPAFixV8_5 - INFO - 🚀 Starting Large DataFrame Creation... (Memory: 98.4MB)
2025-08-05 00:13:57,776 - ComprehensiveSCRPAFixV8_5 - INFO - ⚡ Completed Large DataFrame Creation (Fast):
2025-08-05 00:13:57,776 - ComprehensiveSCRPAFixV8_5 - INFO -   ⏱️ Duration: 0.00s
2025-08-05 00:13:57,777 - ComprehensiveSCRPAFixV8_5 - INFO -   💾 Memory: 99.4MB (Δ+1.0MB)
2025-08-05 00:13:57,780 - ComprehensiveSCRPAFixV8_5 - INFO - 💾 Test DataFrame memory optimized: 0.7MB → 0.1MB (saved 0.6MB)
2025-08-05 00:13:57,780 - ComprehensiveSCRPAFixV8_5 - INFO - 🚀 Starting DataFrame Operations... (Memory: 99.7MB)
2025-08-05 00:13:57,790 - ComprehensiveSCRPAFixV8_5 - INFO - ⚡ Completed DataFrame Operations (Fast):
2025-08-05 00:13:57,790 - ComprehensiveSCRPAFixV8_5 - INFO -   ⏱️ Duration: 0.01s
2025-08-05 00:13:57,791 - ComprehensiveSCRPAFixV8_5 - INFO -   💾 Memory: 99.9MB (Δ+0.2MB)
2025-08-05 00:13:57,796 - ComprehensiveSCRPAFixV8_5 - INFO - 📊 System Performance Summary: {'memory_rss_mb': 99.9140625, 'memory_vms_mb': 426.21875, 'cpu_percent': 0.0, 'num_threads': 15, 'system_memory_percent': 70.9, 'system_cpu_percent': 21.0}
2025-08-05 00:13:57,827 - ComprehensiveSCRPAFixV8_5 - INFO - ⚡ Completed Performance Test Demo (Fast):
2025-08-05 00:13:57,828 - ComprehensiveSCRPAFixV8_5 - INFO -   ⏱️ Duration: 0.05s
2025-08-05 00:13:57,828 - ComprehensiveSCRPAFixV8_5 - INFO -   💾 Memory: 100.7MB (Δ+2.3MB)
2025-08-05 00:13:57,828 - ComprehensiveSCRPAFixV8_5 - INFO - ✅ Performance monitoring demo completed successfully
2025-08-05 00:13:57,828 - ComprehensiveSCRPAFixV8_5 - INFO - 🧪 Testing chunked processing functionality
2025-08-05 00:13:57,829 - ComprehensiveSCRPAFixV8_5 - INFO - 🚀 Starting Creating test dataset... (Memory: 100.7MB)
2025-08-05 00:13:57,846 - ComprehensiveSCRPAFixV8_5 - INFO - 📁 Created test file: C:\Users\carucci_r\OneDrive - City of Hackensack\01_DataSources\SCRPA_Time_v2\03_output\temp\test_large_dataset_2500_rows.csv (2,500 rows)
2025-08-05 00:13:57,847 - ComprehensiveSCRPAFixV8_5 - INFO - ⚡ Completed Creating test dataset (Fast):
2025-08-05 00:13:57,847 - ComprehensiveSCRPAFixV8_5 - INFO -   ⏱️ Duration: 0.02s
2025-08-05 00:13:57,847 - ComprehensiveSCRPAFixV8_5 - INFO -   💾 Memory: 101.4MB (Δ+0.7MB)
2025-08-05 00:13:57,848 - ComprehensiveSCRPAFixV8_5 - INFO - 🚀 Starting Chunked processing test... (Memory: 101.4MB)
2025-08-05 00:13:57,989 - ComprehensiveSCRPAFixV8_5 - INFO - 📚 Processing large dataset: 2500 rows in chunks of 500
2025-08-05 00:13:57,990 - ComprehensiveSCRPAFixV8_5 - INFO - 🚀 Starting Chunked processing (2500 rows)... (Memory: 101.4MB)
2025-08-05 00:13:57,993 - ComprehensiveSCRPAFixV8_5 - INFO - 🚀 Starting Chunk 1... (Memory: 102.7MB)
2025-08-05 00:13:58,014 - ComprehensiveSCRPAFixV8_5 - INFO - 📊 Progress: 500/2,500 rows (20.0%)
2025-08-05 00:13:58,015 - ComprehensiveSCRPAFixV8_5 - INFO - ⚡ Completed Chunk 1 (Fast):
2025-08-05 00:13:58,016 - ComprehensiveSCRPAFixV8_5 - INFO -   ⏱️ Duration: 0.02s
2025-08-05 00:13:58,017 - ComprehensiveSCRPAFixV8_5 - INFO -   💾 Memory: 100.9MB (Δ-1.8MB)
2025-08-05 00:13:58,026 - ComprehensiveSCRPAFixV8_5 - INFO - 🚀 Starting Chunk 2... (Memory: 102.3MB)
2025-08-05 00:13:58,046 - ComprehensiveSCRPAFixV8_5 - INFO - 📊 Progress: 1,000/2,500 rows (40.0%)
2025-08-05 00:13:58,046 - ComprehensiveSCRPAFixV8_5 - INFO - ⚡ Completed Chunk 2 (Fast):
2025-08-05 00:13:58,046 - ComprehensiveSCRPAFixV8_5 - INFO -   ⏱️ Duration: 0.02s
2025-08-05 00:13:58,046 - ComprehensiveSCRPAFixV8_5 - INFO -   💾 Memory: 102.3MB (Δ+0.0MB)
2025-08-05 00:13:58,057 - ComprehensiveSCRPAFixV8_5 - INFO - 🚀 Starting Chunk 3... (Memory: 102.5MB)
2025-08-05 00:13:58,074 - ComprehensiveSCRPAFixV8_5 - INFO - 📊 Progress: 1,500/2,500 rows (60.0%)
2025-08-05 00:13:58,074 - ComprehensiveSCRPAFixV8_5 - INFO - ⚡ Completed Chunk 3 (Fast):
2025-08-05 00:13:58,074 - ComprehensiveSCRPAFixV8_5 - INFO -   ⏱️ Duration: 0.02s
2025-08-05 00:13:58,075 - ComprehensiveSCRPAFixV8_5 - INFO -   💾 Memory: 102.5MB (Δ+0.0MB)
2025-08-05 00:13:58,078 - ComprehensiveSCRPAFixV8_5 - INFO - 🚀 Starting Chunk 4... (Memory: 102.9MB)
2025-08-05 00:13:58,094 - ComprehensiveSCRPAFixV8_5 - INFO - 📊 Progress: 2,000/2,500 rows (80.0%)
2025-08-05 00:13:58,094 - ComprehensiveSCRPAFixV8_5 - INFO - ⚡ Completed Chunk 4 (Fast):
2025-08-05 00:13:58,095 - ComprehensiveSCRPAFixV8_5 - INFO -   ⏱️ Duration: 0.02s
2025-08-05 00:13:58,095 - ComprehensiveSCRPAFixV8_5 - INFO -   💾 Memory: 102.9MB (Δ+0.0MB)
2025-08-05 00:13:58,102 - ComprehensiveSCRPAFixV8_5 - INFO - 🚀 Starting Chunk 5... (Memory: 103.0MB)
2025-08-05 00:13:58,123 - ComprehensiveSCRPAFixV8_5 - INFO - 📊 Progress: 2,500/2,500 rows (100.0%)
2025-08-05 00:13:58,123 - ComprehensiveSCRPAFixV8_5 - INFO - ⚡ Completed Chunk 5 (Fast):
2025-08-05 00:13:58,123 - ComprehensiveSCRPAFixV8_5 - INFO -   ⏱️ Duration: 0.02s
2025-08-05 00:13:58,123 - ComprehensiveSCRPAFixV8_5 - INFO -   💾 Memory: 103.0MB (Δ+0.0MB)
2025-08-05 00:13:58,124 - ComprehensiveSCRPAFixV8_5 - INFO - 🔗 Combining processed chunks...
2025-08-05 00:13:58,162 - ComprehensiveSCRPAFixV8_5 - INFO - ⚡ Completed Chunked processing (2500 rows) (Fast):
2025-08-05 00:13:58,162 - ComprehensiveSCRPAFixV8_5 - INFO -   ⏱️ Duration: 0.17s
2025-08-05 00:13:58,162 - ComprehensiveSCRPAFixV8_5 - INFO -   💾 Memory: 102.1MB (Δ+0.7MB)
2025-08-05 00:13:58,162 - ComprehensiveSCRPAFixV8_5 - INFO - ✅ Large dataset processing complete: 2,500 total records
2025-08-05 00:13:58,163 - ComprehensiveSCRPAFixV8_5 - INFO - ⚡ Completed Chunked processing test (Fast):
2025-08-05 00:13:58,163 - ComprehensiveSCRPAFixV8_5 - INFO -   ⏱️ Duration: 0.32s
2025-08-05 00:13:58,164 - ComprehensiveSCRPAFixV8_5 - INFO -   💾 Memory: 102.1MB (Δ+0.7MB)
2025-08-05 00:13:58,164 - ComprehensiveSCRPAFixV8_5 - INFO - ✅ Chunked processing test validation:
2025-08-05 00:13:58,164 - ComprehensiveSCRPAFixV8_5 - INFO -   📊 Original rows: 2,500
2025-08-05 00:13:58,164 - ComprehensiveSCRPAFixV8_5 - INFO -   📊 Processed rows: 2,500
2025-08-05 00:13:58,165 - ComprehensiveSCRPAFixV8_5 - INFO -   📊 Columns: 8
2025-08-05 00:13:58,171 - ComprehensiveSCRPAFixV8_5 - INFO -   📊 Memory usage: 0.6MB
2025-08-05 00:13:58,171 - ComprehensiveSCRPAFixV8_5 - INFO - ✅ Data integrity check PASSED
2025-08-05 00:13:58,173 - ComprehensiveSCRPAFixV8_5 - INFO - 🗑️ Cleaned up test file: test_large_dataset_2500_rows.csv
2025-08-05 00:13:58,173 - ComprehensiveSCRPAFixV8_5 - INFO - ✅ Chunked processing test completed
2025-08-05 00:13:58,174 - ComprehensiveSCRPAFixV8_5 - INFO - 🧪 Testing large file writing functionality
2025-08-05 00:13:58,176 - ComprehensiveSCRPAFixV8_5 - INFO - 🚀 Starting Creating large test dataset... (Memory: 102.1MB)
2025-08-05 00:13:58,191 - ComprehensiveSCRPAFixV8_5 - INFO - 📊 Created large test dataset: 5,000 rows, 10 columns
2025-08-05 00:13:58,195 - ComprehensiveSCRPAFixV8_5 - INFO - 📊 Memory usage: 2.2MB
2025-08-05 00:13:58,195 - ComprehensiveSCRPAFixV8_5 - INFO - ⚡ Completed Creating large test dataset (Fast):
2025-08-05 00:13:58,195 - ComprehensiveSCRPAFixV8_5 - INFO -   ⏱️ Duration: 0.02s
2025-08-05 00:13:58,195 - ComprehensiveSCRPAFixV8_5 - INFO -   💾 Memory: 103.2MB (Δ+1.2MB)
2025-08-05 00:13:58,196 - ComprehensiveSCRPAFixV8_5 - INFO - 💾 Writing large CSV: 5,000 rows in chunks of 1,000
2025-08-05 00:13:58,196 - ComprehensiveSCRPAFixV8_5 - INFO - 🚀 Starting Large CSV write (5,000 rows)... (Memory: 103.2MB)
2025-08-05 00:13:58,211 - ComprehensiveSCRPAFixV8_5 - INFO - 📝 Write progress: 1,000/5,000 rows (20.0%)
2025-08-05 00:13:58,218 - ComprehensiveSCRPAFixV8_5 - INFO - 📝 Write progress: 2,000/5,000 rows (40.0%)
2025-08-05 00:13:58,228 - ComprehensiveSCRPAFixV8_5 - INFO - 📝 Write progress: 3,000/5,000 rows (60.0%)
2025-08-05 00:13:58,234 - ComprehensiveSCRPAFixV8_5 - INFO - 📝 Write progress: 4,000/5,000 rows (80.0%)
2025-08-05 00:13:58,243 - ComprehensiveSCRPAFixV8_5 - INFO - 📝 Write progress: 5,000/5,000 rows (100.0%)
2025-08-05 00:13:58,243 - ComprehensiveSCRPAFixV8_5 - INFO - ⚡ Completed Large CSV write (5,000 rows) (Fast):
2025-08-05 00:13:58,244 - ComprehensiveSCRPAFixV8_5 - INFO -   ⏱️ Duration: 0.05s
2025-08-05 00:13:58,244 - ComprehensiveSCRPAFixV8_5 - INFO -   💾 Memory: 103.4MB (Δ+0.2MB)
2025-08-05 00:13:58,244 - ComprehensiveSCRPAFixV8_5 - INFO - ✅ Large CSV write complete: C:\Users\carucci_r\OneDrive - City of Hackensack\01_DataSources\SCRPA_Time_v2\03_output\temp\test_large_export_5000_rows.csv
2025-08-05 00:13:58,244 - ComprehensiveSCRPAFixV8_5 - INFO - ✅ CSV file created: 0.7MB
2025-08-05 00:13:58,278 - ComprehensiveSCRPAFixV8_5 - INFO - ✅ CSV verification: 5 sample rows read successfully
2025-08-05 00:13:58,278 - ComprehensiveSCRPAFixV8_5 - INFO - 📊 Writing large Excel: 5,000 rows in chunks of 1,000
2025-08-05 00:13:58,278 - ComprehensiveSCRPAFixV8_5 - INFO - 🚀 Starting Large Excel write (5,000 rows)... (Memory: 103.6MB)
2025-08-05 00:13:58,321 - ComprehensiveSCRPAFixV8_5 - INFO - 📝 Excel write progress: 1,000/5,000 rows (20.0%)
2025-08-05 00:13:58,345 - ComprehensiveSCRPAFixV8_5 - INFO - 📝 Excel write progress: 2,000/5,000 rows (40.0%)
2025-08-05 00:13:58,373 - ComprehensiveSCRPAFixV8_5 - INFO - 📝 Excel write progress: 3,000/5,000 rows (60.0%)
2025-08-05 00:13:58,408 - ComprehensiveSCRPAFixV8_5 - INFO - 📝 Excel write progress: 4,000/5,000 rows (80.0%)
2025-08-05 00:13:58,495 - ComprehensiveSCRPAFixV8_5 - INFO - 📝 Excel write progress: 5,000/5,000 rows (100.0%)
2025-08-05 00:13:59,197 - ComprehensiveSCRPAFixV8_5 - INFO - ⚡ Completed Large Excel write (5,000 rows) (Fast):
2025-08-05 00:13:59,199 - ComprehensiveSCRPAFixV8_5 - INFO -   ⏱️ Duration: 0.92s
2025-08-05 00:13:59,200 - ComprehensiveSCRPAFixV8_5 - INFO -   💾 Memory: 118.2MB (Δ+14.6MB)
2025-08-05 00:13:59,201 - ComprehensiveSCRPAFixV8_5 - INFO - ✅ Large Excel write complete: C:\Users\carucci_r\OneDrive - City of Hackensack\01_DataSources\SCRPA_Time_v2\03_output\temp\test_large_export_5000_rows.xlsx
2025-08-05 00:13:59,201 - ComprehensiveSCRPAFixV8_5 - INFO - ✅ Excel file created: 0.3MB
2025-08-05 00:13:59,205 - ComprehensiveSCRPAFixV8_5 - INFO - 🗑️ Cleaned up test file: test_large_export_5000_rows.csv
2025-08-05 00:13:59,208 - ComprehensiveSCRPAFixV8_5 - INFO - 🗑️ Cleaned up test file: test_large_export_5000_rows.xlsx
2025-08-05 00:13:59,209 - ComprehensiveSCRPAFixV8_5 - INFO - ✅ Large file writing test completed
2025-08-05 00:13:59,210 - ComprehensiveSCRPAFixV8_5 - INFO - 🚀 Starting Complete SCRPA Pipeline V8.5... (Memory: 117.3MB)
2025-08-05 00:13:59,210 - ComprehensiveSCRPAFixV8_5 - INFO - Starting Comprehensive SCRPA Fix V8.5 pipeline...
2025-08-05 00:13:59,211 - ComprehensiveSCRPAFixV8_5 - INFO - ⚡ Completed Complete SCRPA Pipeline V8.5 (Fast):
2025-08-05 00:13:59,211 - ComprehensiveSCRPAFixV8_5 - INFO -   ⏱️ Duration: 0.00s
2025-08-05 00:13:59,211 - ComprehensiveSCRPAFixV8_5 - INFO -   💾 Memory: 117.3MB (Δ+0.0MB)
2025-08-05 00:13:59,214 - ComprehensiveSCRPAFixV8_5 - INFO - Latest CAD file: 2025_08_01_19_38_12_SCRPA_CAD.xlsx
2025-08-05 00:13:59,219 - ComprehensiveSCRPAFixV8_5 - INFO - Latest RMS file: 2025_08_01_19_38_12_SCRPA_RMS.xlsx
2025-08-05 00:13:59,222 - ComprehensiveSCRPAFixV8_5 - INFO - 🚀 Starting RMS Data Processing - 2025_08_01_19_38_12_SCRPA_RMS.xlsx... (Memory: 117.3MB)
2025-08-05 00:13:59,222 - ComprehensiveSCRPAFixV8_5 - INFO - Processing RMS data: 2025_08_01_19_38_12_SCRPA_RMS.xlsx
2025-08-05 00:13:59,222 - ComprehensiveSCRPAFixV8_5 - INFO - 🚀 Starting RMS File Loading... (Memory: 117.3MB)
2025-08-05 00:13:59,273 - ComprehensiveSCRPAFixV8_5 - INFO - Loaded RMS file with 140 rows and 31 columns
2025-08-05 00:13:59,274 - ComprehensiveSCRPAFixV8_5 - INFO - RMS columns found: ['Case Number', 'Incident Date', 'Incident Time', 'Incident Date_Between', 'Incident Time_Between', 'Report Date', 'Report Time', 'Incident Type_1', 'Incident Type_2', 'Incident Type_3', 'FullAddress', 'Grid', 'Zone', 'Narrative', 'Total Value Stolen', 'Total Value Recover', 'Registration 1', 'Make1', 'Model1', 'Reg State 1', 'Registration 2', 'Reg State 2', 'Make2', 'Model2', 'Reviewed By', 'CompleteCalc', 'Officer of Record', 'Squad', 'Det_Assigned', 'Case_Status', 'NIBRS Classification']
2025-08-05 00:13:59,274 - ComprehensiveSCRPAFixV8_5 - INFO - ⚡ Completed RMS File Loading (Fast):
2025-08-05 00:13:59,274 - ComprehensiveSCRPAFixV8_5 - INFO -   ⏱️ Duration: 0.05s
2025-08-05 00:13:59,274 - ComprehensiveSCRPAFixV8_5 - INFO -   💾 Memory: 117.3MB (Δ+0.1MB)
2025-08-05 00:13:59,274 - ComprehensiveSCRPAFixV8_5 - INFO - 🚀 Starting RMS Header Normalization & Column Mapping... (Memory: 117.3MB)
2025-08-05 00:13:59,275 - ComprehensiveSCRPAFixV8_5 - INFO - Normalized RMS headers to lowercase snake_case: ['case_number', 'incident_date', 'incident_time', 'incident_date_between', 'incident_time_between', 'report_date', 'report_time', 'incident_type_1', 'incident_type_2', 'incident_type_3', 'full_address', 'grid', 'zone', 'narrative', 'total_value_stolen', 'total_value_recover', 'registration_1', 'make_1', 'model_1', 'reg_state_1', 'registration_2', 'reg_state_2', 'make_2', 'model_2', 'reviewed_by', 'complete_calc', 'officer_of_record', 'squad', 'det_assigned', 'case_status', 'nibrs_classification']
2025-08-05 00:13:59,276 - ComprehensiveSCRPAFixV8_5 - INFO - ⚡ Completed RMS Header Normalization & Column Mapping (Fast):
2025-08-05 00:13:59,276 - ComprehensiveSCRPAFixV8_5 - INFO -   ⏱️ Duration: 0.00s
2025-08-05 00:13:59,276 - ComprehensiveSCRPAFixV8_5 - INFO -   💾 Memory: 117.4MB (Δ+0.0MB)
2025-08-05 00:13:59,276 - ComprehensiveSCRPAFixV8_5 - INFO - ⚡ Completed RMS Data Processing - 2025_08_01_19_38_12_SCRPA_RMS.xlsx (Fast):
2025-08-05 00:13:59,276 - ComprehensiveSCRPAFixV8_5 - INFO -   ⏱️ Duration: 0.05s
2025-08-05 00:13:59,277 - ComprehensiveSCRPAFixV8_5 - INFO -   💾 Memory: 117.4MB (Δ+0.1MB)
2025-08-05 00:13:59,277 - ComprehensiveSCRPAFixV8_5 - INFO - Applied column mapping: {'full_address': 'full_address_raw'}
2025-08-05 00:13:59,326 - ComprehensiveSCRPAFixV8_5 - INFO - Available date columns: ['incident_date', 'incident_date_between', 'report_date']
2025-08-05 00:13:59,327 - ComprehensiveSCRPAFixV8_5 - INFO - incident_date populated: 136/140
2025-08-05 00:13:59,327 - ComprehensiveSCRPAFixV8_5 - INFO - Sample incident_date values: [Timestamp('2025-01-03 00:00:00'), Timestamp('2025-01-07 00:00:00'), Timestamp('2025-01-06 00:00:00')]
2025-08-05 00:13:59,328 - ComprehensiveSCRPAFixV8_5 - INFO - incident_date_between populated: 62/140
2025-08-05 00:13:59,328 - ComprehensiveSCRPAFixV8_5 - INFO - Sample incident_date_between values: [Timestamp('2025-01-04 00:00:00'), Timestamp('2025-01-10 00:00:00'), Timestamp('2025-01-16 00:00:00')]
2025-08-05 00:13:59,330 - ComprehensiveSCRPAFixV8_5 - INFO - report_date populated: 140/140
2025-08-05 00:13:59,333 - ComprehensiveSCRPAFixV8_5 - INFO - Sample report_date values: [Timestamp('2025-01-04 00:00:00'), Timestamp('2025-01-10 00:00:00'), Timestamp('2025-01-10 00:00:00')]
2025-08-05 00:13:59,340 - ComprehensiveSCRPAFixV8_5 - INFO - Incident dates after cascading and formatting: 140/140
2025-08-05 00:13:59,341 - ComprehensiveSCRPAFixV8_5 - INFO - Sample formatted dates: ['01/03/25', '01/07/25', '01/06/25', '01/13/25', '01/14/25']
2025-08-05 00:13:59,344 - ComprehensiveSCRPAFixV8_5 - INFO - Incident times after cascading: 0/140
2025-08-05 00:13:59,358 - ComprehensiveSCRPAFixV8_5 - INFO - Sample incident_date values: ['01/03/25', '01/07/25', '01/06/25', '01/13/25', '01/14/25']
2025-08-05 00:13:59,359 - ComprehensiveSCRPAFixV8_5 - INFO - Null incident_date count: 0
2025-08-05 00:13:59,359 - ComprehensiveSCRPAFixV8_5 - INFO - Date types: object
2025-08-05 00:13:59,372 - ComprehensiveSCRPAFixV8_5 - INFO - Period calculation results: {'YTD': 116, '28-Day': 21, '7-Day': 2, 'Historical': 1}
2025-08-05 00:13:59,374 - ComprehensiveSCRPAFixV8_5 - INFO - Date/Period Analysis Summary:
2025-08-05 00:13:59,374 - ComprehensiveSCRPAFixV8_5 - INFO -   - 7-Day period records: 2
2025-08-05 00:13:59,374 - ComprehensiveSCRPAFixV8_5 - INFO -   - 28-Day period records: 21
2025-08-05 00:13:59,375 - ComprehensiveSCRPAFixV8_5 - INFO -   - YTD period records: 116
2025-08-05 00:13:59,375 - ComprehensiveSCRPAFixV8_5 - INFO -   - Historical period records: 1
2025-08-05 00:13:59,375 - ComprehensiveSCRPAFixV8_5 - INFO - ✅ Date processing working correctly - mix of periods found
2025-08-05 00:13:59,475 - ComprehensiveSCRPAFixV8_5 - WARNING - Removing Jersey City address: 128 Christopher Columbus Drive, Jersey City, NJ 07302, Hackensack, NJ, 07601
2025-08-05 00:13:59,475 - ComprehensiveSCRPAFixV8_5 - INFO - Address validation: 139/140 addresses validated
2025-08-05 00:13:59,476 - ComprehensiveSCRPAFixV8_5 - INFO - Block calculation: 140/140 blocks calculated
2025-08-05 00:13:59,527 - ComprehensiveSCRPAFixV8_5 - INFO - Grid/Post backfill: 133/140 grids, 129/140 posts
2025-08-05 00:13:59,585 - ComprehensiveSCRPAFixV8_5 - INFO - Narrative cleaning: 140/140 narratives cleaned
2025-08-05 00:13:59,588 - ComprehensiveSCRPAFixV8_5 - INFO - ✅ RMS header validation PASSED: All 50 columns follow lowercase snake_case
2025-08-05 00:13:59,588 - ComprehensiveSCRPAFixV8_5 - INFO - RMS headers validation passed - all headers are lowercase snake_case
2025-08-05 00:13:59,589 - ComprehensiveSCRPAFixV8_5 - INFO - RMS records before filtering: 140
2025-08-05 00:13:59,590 - ComprehensiveSCRPAFixV8_5 - INFO - Period distribution: {'YTD': 116, '28-Day': 21, '7-Day': 2, 'Historical': 1}
2025-08-05 00:13:59,591 - ComprehensiveSCRPAFixV8_5 - INFO - Non-historical records: 139
2025-08-05 00:13:59,591 - ComprehensiveSCRPAFixV8_5 - INFO - Sample case numbers: ['25-000813', '25-002564', '25-002635', '25-003362', '25-003813']
2025-08-05 00:13:59,591 - ComprehensiveSCRPAFixV8_5 - INFO - Records with excluded case number '25-057654': 1
2025-08-05 00:13:59,592 - ComprehensiveSCRPAFixV8_5 - INFO - Incident dates populated: 140/140
2025-08-05 00:13:59,592 - ComprehensiveSCRPAFixV8_5 - INFO - Sample incident dates: ['01/03/25', '01/07/25', '01/06/25', '01/13/25', '01/14/25']
2025-08-05 00:13:59,592 - ComprehensiveSCRPAFixV8_5 - INFO - Date range: 01/03/25 to 07/31/25
2025-08-05 00:13:59,593 - ComprehensiveSCRPAFixV8_5 - INFO - After case number filter: 139/140 records
2025-08-05 00:13:59,593 - ComprehensiveSCRPAFixV8_5 - INFO - After period filter: 138/140 records
2025-08-05 00:13:59,593 - ComprehensiveSCRPAFixV8_5 - INFO - RMS processing complete: 138 records after filtering
2025-08-05 00:13:59,594 - ComprehensiveSCRPAFixV8_5 - INFO - Final RMS columns: ['case_number', 'incident_date', 'incident_time', 'time_of_day', 'time_of_day_sort_order', 'period', 'season', 'day_of_week', 'day_type', 'location', 'block', 'grid', 'post', 'incident_type', 'all_incidents', 'vehicle_1', 'vehicle_2', 'vehicle_1_and_vehicle_2', 'narrative', 'total_value_stolen', 'squad', 'officer_of_record', 'nibrs_classification', 'cycle_name']
2025-08-05 00:13:59,594 - ComprehensiveSCRPAFixV8_5 - INFO - REMOVED CAD-specific columns: incident_type, crime_category, response_type
2025-08-05 00:13:59,771 - ComprehensiveSCRPAFixV8_5 - INFO - Found 30 duplicate incidents in reference file.
2025-08-05 00:13:59,772 - ComprehensiveSCRPAFixV8_5 - INFO - Applying priority-based duplicate resolution:
2025-08-05 00:13:59,773 - ComprehensiveSCRPAFixV8_5 - INFO -   'DOMESTIC DISPUTE': 3 variants -> keeping highest priority
2025-08-05 00:13:59,773 - ComprehensiveSCRPAFixV8_5 - INFO -   'SHOPLIFTING 2C:20-11': 3 variants -> keeping highest priority
2025-08-05 00:13:59,774 - ComprehensiveSCRPAFixV8_5 - INFO -   'SIMPLE ASSAULT 2C:12-1A': 4 variants -> keeping highest priority
2025-08-05 00:13:59,774 - ComprehensiveSCRPAFixV8_5 - INFO -   'TARGETED AREA PATROL': 3 variants -> keeping highest priority
2025-08-05 00:13:59,775 - ComprehensiveSCRPAFixV8_5 - INFO -   'TERRORISTIC THREATS 2C:12-3': 3 variants -> keeping highest priority
2025-08-05 00:13:59,775 - ComprehensiveSCRPAFixV8_5 - INFO -   'WEAPONS SEIZURE - 2C:25-21D': 2 variants -> keeping highest priority
2025-08-05 00:13:59,775 - ComprehensiveSCRPAFixV8_5 - INFO -   'WEATHER ALERTS': 2 variants -> keeping highest priority
2025-08-05 00:13:59,776 - ComprehensiveSCRPAFixV8_5 - INFO -   'WELFARE CHECK': 2 variants -> keeping highest priority
2025-08-05 00:13:59,776 - ComprehensiveSCRPAFixV8_5 - INFO -   'WIDESPREAD DAMAGE - 2C:17-2': 2 variants -> keeping highest priority
2025-08-05 00:13:59,777 - ComprehensiveSCRPAFixV8_5 - INFO -   'WIRE DOWN': 2 variants -> keeping highest priority
2025-08-05 00:13:59,777 - ComprehensiveSCRPAFixV8_5 - INFO -   'WITNESS TAMPERING - 2C:28-5': 2 variants -> keeping highest priority
2025-08-05 00:13:59,777 - ComprehensiveSCRPAFixV8_5 - INFO -   'WRONGFUL IMPERSONATING - 2C:21-1': 2 variants -> keeping highest priority
2025-08-05 00:13:59,790 - ComprehensiveSCRPAFixV8_5 - INFO - Priority-based resolution completed: 30 duplicates resolved
2025-08-05 00:13:59,809 - ComprehensiveSCRPAFixV8_5 - INFO - Enhanced call type reference loaded successfully:
2025-08-05 00:13:59,809 - ComprehensiveSCRPAFixV8_5 - INFO -   - Total records: 592
2025-08-05 00:13:59,810 - ComprehensiveSCRPAFixV8_5 - INFO -   - Unique incidents: 574
2025-08-05 00:13:59,810 - ComprehensiveSCRPAFixV8_5 - INFO -   - Duplicates found: 30
2025-08-05 00:13:59,810 - ComprehensiveSCRPAFixV8_5 - INFO -   - Duplicates resolved: 30
2025-08-05 00:13:59,810 - ComprehensiveSCRPAFixV8_5 - INFO -   - Normalized columns: ['incident', 'category_type', 'response_type']
2025-08-05 00:13:59,810 - ComprehensiveSCRPAFixV8_5 - INFO - 🚀 Starting CAD Data Processing - 2025_08_01_19_38_12_SCRPA_CAD.xlsx... (Memory: 115.8MB)
2025-08-05 00:13:59,811 - ComprehensiveSCRPAFixV8_5 - INFO - Processing CAD data: 2025_08_01_19_38_12_SCRPA_CAD.xlsx
2025-08-05 00:13:59,811 - ComprehensiveSCRPAFixV8_5 - INFO - ⚡ Completed CAD Data Processing - 2025_08_01_19_38_12_SCRPA_CAD.xlsx (Fast):
2025-08-05 00:13:59,811 - ComprehensiveSCRPAFixV8_5 - INFO -   ⏱️ Duration: 0.00s
2025-08-05 00:13:59,811 - ComprehensiveSCRPAFixV8_5 - INFO -   💾 Memory: 115.8MB (Δ+0.0MB)
2025-08-05 00:13:59,843 - ComprehensiveSCRPAFixV8_5 - INFO - Loaded CAD file with 115 rows and 20 columns
2025-08-05 00:13:59,843 - ComprehensiveSCRPAFixV8_5 - INFO - CAD columns found: ['ReportNumberNew', 'Incident', 'How Reported', 'FullAddress2', 'PDZone', 'Grid', 'Time of Call', 'cYear', 'cMonth', 'HourMinuetsCalc', 'DayofWeek', 'Time Dispatched', 'Time Out', 'Time In', 'Time Spent', 'Time Response', 'Officer', 'Disposition', 'Response Type', 'CADNotes']
2025-08-05 00:13:59,843 - ComprehensiveSCRPAFixV8_5 - INFO - Applied dtype={'How Reported': str} to prevent Excel auto-parsing '9-1-1' as date
2025-08-05 00:13:59,847 - ComprehensiveSCRPAFixV8_5 - INFO - Applied enhanced fixes to prevent '9-1-1' date conversion
2025-08-05 00:13:59,853 - ComprehensiveSCRPAFixV8_5 - INFO - Applied column mapping: {'ReportNumberNew': 'case_number', 'Incident': 'incident', 'How Reported': 'how_reported', 'FullAddress2': 'full_address_raw', 'PDZone': 'post', 'Grid': 'grid_raw', 'Time of Call': 'time_of_call', 'cYear': 'call_year', 'cMonth': 'call_month', 'HourMinuetsCalc': 'hour_minutes_calc', 'DayofWeek': 'day_of_week_raw', 'Time Dispatched': 'time_dispatched', 'Time Out': 'time_out', 'Time In': 'time_in', 'Time Spent': 'time_spent_raw', 'Time Response': 'time_response_raw', 'Officer': 'officer', 'Disposition': 'disposition', 'Response Type': 'response_type_fallback', 'CADNotes': 'cad_notes_raw'}
2025-08-05 00:13:59,855 - ComprehensiveSCRPAFixV8_5 - INFO - Normalized CAD headers to lowercase snake_case: ['case_number', 'incident', 'how_reported', 'full_address_raw', 'post', 'grid_raw', 'time_of_call', 'call_year', 'call_month', 'hour_minutes_calc', 'day_of_week_raw', 'time_dispatched', 'time_out', 'time_in', 'time_spent_raw', 'time_response_raw', 'officer', 'disposition', 'response_type_fallback', 'cad_notes_raw']
2025-08-05 00:13:59,874 - ComprehensiveSCRPAFixV8_5 - INFO - Starting proper CallType_Categories.xlsx mapping for 115 CAD records
2025-08-05 00:13:59,875 - ComprehensiveSCRPAFixV8_5 - INFO - Sample incident values: ['Motor Vehicle Theft - 2C:20-3', 'Criminal Sexual Contact - 2C:14-3a', 'Burglary - Auto - 2C:18-2', 'Burglary - Residence - 2C:18-2', 'Motor Vehicle Theft - 2C:20-3']
2025-08-05 00:13:59,905 - ComprehensiveSCRPAFixV8_5 - INFO - Loaded CallType_Categories.xlsx with 592 records
2025-08-05 00:13:59,905 - ComprehensiveSCRPAFixV8_5 - INFO - CallType columns: ['Incident', 'Category Type', 'Response Type']
2025-08-05 00:13:59,922 - ComprehensiveSCRPAFixV8_5 - INFO - Created mapping dictionary with 574 entries
2025-08-05 00:13:59,923 - ComprehensiveSCRPAFixV8_5 - INFO - CallType_Categories.xlsx mapping results:
2025-08-05 00:13:59,923 - ComprehensiveSCRPAFixV8_5 - INFO -   - Total incidents: 115
2025-08-05 00:13:59,923 - ComprehensiveSCRPAFixV8_5 - INFO -   - Mapped incidents: 115
2025-08-05 00:13:59,924 - ComprehensiveSCRPAFixV8_5 - INFO -   - Unmapped incidents: 0
2025-08-05 00:13:59,924 - ComprehensiveSCRPAFixV8_5 - INFO -   - Mapping rate: 100.0%
2025-08-05 00:13:59,924 - ComprehensiveSCRPAFixV8_5 - INFO - Category type distribution: {'Criminal Incidents': 115}
2025-08-05 00:13:59,925 - ComprehensiveSCRPAFixV8_5 - INFO - Top 10 response types: {'Emergency': 81, 'Routine': 34}
2025-08-05 00:13:59,925 - ComprehensiveSCRPAFixV8_5 - INFO - Final column coverage:
2025-08-05 00:13:59,925 - ComprehensiveSCRPAFixV8_5 - INFO -   - response_type coverage: 100.0%
2025-08-05 00:13:59,925 - ComprehensiveSCRPAFixV8_5 - INFO -   - category_type coverage: 100.0%
2025-08-05 00:13:59,935 - ComprehensiveSCRPAFixV8_5 - INFO - Grid processing: 108/115 records have grid values
2025-08-05 00:13:59,978 - ComprehensiveSCRPAFixV8_5 - INFO - CAD notes parsing complete: 115 records processed
2025-08-05 00:14:00,099 - ComprehensiveSCRPAFixV8_5 - INFO - CAD response_type populated in 115/115 records
2025-08-05 00:14:00,102 - ComprehensiveSCRPAFixV8_5 - INFO - CAD grid populated in 108/115 records
2025-08-05 00:14:00,102 - ComprehensiveSCRPAFixV8_5 - INFO - CAD post populated in 111/115 records
2025-08-05 00:14:00,103 - ComprehensiveSCRPAFixV8_5 - INFO - ✅ CAD header validation PASSED: All 36 columns follow lowercase snake_case
2025-08-05 00:14:00,103 - ComprehensiveSCRPAFixV8_5 - INFO - CAD headers validation passed - all headers are lowercase snake_case
2025-08-05 00:14:00,105 - ComprehensiveSCRPAFixV8_5 - INFO - CAD processing complete: 115 records
2025-08-05 00:14:00,105 - ComprehensiveSCRPAFixV8_5 - INFO - Final CAD columns: ['case_number', 'incident', 'response_type', 'category_type', 'response_type_cad', 'category_type_cad', 'how_reported', 'location', 'block', 'grid', 'post', 'time_of_call', 'time_dispatched', 'time_out', 'time_in', 'time_spent_minutes', 'time_response_minutes', 'time_spent_formatted', 'time_response_formatted', 'officer', 'disposition', 'cad_notes_cleaned', 'cad_username', 'cad_timestamp', 'cycle_name']
2025-08-05 00:14:00,155 - ComprehensiveSCRPAFixV8_5 - INFO - ✅ RMS header validation PASSED: All 24 columns follow lowercase snake_case
2025-08-05 00:14:00,155 - ComprehensiveSCRPAFixV8_5 - INFO - 💾 Writing standard CSV: 138 rows
