2025-08-02 23:00:10,889 - ComprehensiveSCRPAFixV8_5 - INFO - === Comprehensive SCRPA Fix V8.5 - Cycle Calendar Integration Version ===
2025-08-02 23:00:11,071 - ComprehensiveSCRPAFixV8_5 - INFO - Loaded call type reference: 592 records
2025-08-02 23:00:11,072 - ComprehensiveSCRPAFixV8_5 - INFO - Reference file columns after standardization: ['incident', 'category_type', 'response_type']
2025-08-02 23:00:11,126 - ComprehensiveSCRPAFixV8_5 - INFO - Loaded zone/grid reference: 1368 records
2025-08-02 23:00:11,133 - ComprehensiveSCRPAFixV8_5 - INFO - Loaded cycle calendar: 52 records
2025-08-02 23:00:11,133 - ComprehensiveSCRPAFixV8_5 - INFO - Cycle calendar columns: ['Report_Due_Date', '7_Day_Start', '7_Day_End', '28_Day_Start', '28_Day_End', 'Report_Name']
2025-08-02 23:00:11,137 - ComprehensiveSCRPAFixV8_5 - INFO - Current cycle: C08W31, Date: 20250802
2025-08-02 23:00:11,137 - ComprehensiveSCRPAFixV8_5 - INFO - Starting Comprehensive SCRPA Fix V8.5 pipeline...
2025-08-02 23:00:11,138 - ComprehensiveSCRPAFixV8_5 - INFO - Latest CAD file: 2025_07_29_13_02_40_SCRPA_CAD.xlsx
2025-08-02 23:00:11,139 - ComprehensiveSCRPAFixV8_5 - INFO - Latest RMS file: 2025_07_29_13_02_46_SCRPA_RMS.xlsx
2025-08-02 23:00:11,139 - ComprehensiveSCRPAFixV8_5 - INFO - Processing RMS data: 2025_07_29_13_02_46_SCRPA_RMS.xlsx
2025-08-02 23:00:11,162 - ComprehensiveSCRPAFixV8_5 - INFO - Loaded RMS file with 136 rows and 31 columns
2025-08-02 23:00:11,163 - ComprehensiveSCRPAFixV8_5 - INFO - RMS columns found: ['Case Number', 'Incident Date', 'Incident Time', 'Incident Date_Between', 'Incident Time_Between', 'Report Date', 'Report Time', 'Incident Type_1', 'Incident Type_2', 'Incident Type_3', 'FullAddress', 'Grid', 'Zone', 'Narrative', 'Total Value Stolen', 'Total Value Recover', 'Registration 1', 'Make1', 'Model1', 'Reg State 1', 'Registration 2', 'Reg State 2', 'Make2', 'Model2', 'Reviewed By', 'CompleteCalc', 'Officer of Record', 'Squad', 'Det_Assigned', 'Case_Status', 'NIBRS Classification']
2025-08-02 23:00:11,163 - ComprehensiveSCRPAFixV8_5 - INFO - Normalized RMS headers to lowercase snake_case: ['case_number', 'incident_date', 'incident_time', 'incident_date_between', 'incident_time_between', 'report_date', 'report_time', 'incident_type_1', 'incident_type_2', 'incident_type_3', 'full_address', 'grid', 'zone', 'narrative', 'total_value_stolen', 'total_value_recover', 'registration_1', 'make_1', 'model_1', 'reg_state_1', 'registration_2', 'reg_state_2', 'make_2', 'model_2', 'reviewed_by', 'complete_calc', 'officer_of_record', 'squad', 'det_assigned', 'case_status', 'nibrs_classification']
2025-08-02 23:00:11,163 - ComprehensiveSCRPAFixV8_5 - INFO - Applied column mapping: {}
2025-08-02 23:00:11,220 - ComprehensiveSCRPAFixV8_5 - INFO - ✅ RMS header validation PASSED: All 48 columns follow lowercase snake_case
2025-08-02 23:00:11,220 - ComprehensiveSCRPAFixV8_5 - INFO - RMS headers validation passed - all headers are lowercase snake_case
2025-08-02 23:00:11,223 - ComprehensiveSCRPAFixV8_5 - INFO - RMS processing complete: 0 records after filtering
2025-08-02 23:00:11,223 - ComprehensiveSCRPAFixV8_5 - INFO - Final RMS columns: ['case_number', 'incident_date', 'incident_time', 'time_of_day', 'time_of_day_sort_order', 'period', 'season', 'day_of_week', 'day_type', 'location', 'block', 'grid', 'post', 'incident_type', 'all_incidents', 'vehicle_1', 'vehicle_2', 'vehicle_1_and_vehicle_2', 'narrative', 'total_value_stolen', 'squad', 'officer_of_record', 'nibrs_classification', 'cycle_name']
2025-08-02 23:00:11,223 - ComprehensiveSCRPAFixV8_5 - INFO - REMOVED CAD-specific columns: incident_type, crime_category, response_type
2025-08-02 23:00:11,240 - ComprehensiveSCRPAFixV8_5 - INFO - Found 30 duplicate incidents in reference file.
2025-08-02 23:00:11,240 - ComprehensiveSCRPAFixV8_5 - INFO - Applying priority-based duplicate resolution:
2025-08-02 23:00:11,240 - ComprehensiveSCRPAFixV8_5 - INFO -   'DOMESTIC DISPUTE': 3 variants -> keeping highest priority
2025-08-02 23:00:11,240 - ComprehensiveSCRPAFixV8_5 - INFO -   'SHOPLIFTING 2C:20-11': 3 variants -> keeping highest priority
2025-08-02 23:00:11,240 - ComprehensiveSCRPAFixV8_5 - INFO -   'SIMPLE ASSAULT 2C:12-1A': 4 variants -> keeping highest priority
2025-08-02 23:00:11,240 - ComprehensiveSCRPAFixV8_5 - INFO -   'TARGETED AREA PATROL': 3 variants -> keeping highest priority
2025-08-02 23:00:11,240 - ComprehensiveSCRPAFixV8_5 - INFO -   'TERRORISTIC THREATS 2C:12-3': 3 variants -> keeping highest priority
2025-08-02 23:00:11,240 - ComprehensiveSCRPAFixV8_5 - INFO -   'WEAPONS SEIZURE - 2C:25-21D': 2 variants -> keeping highest priority
2025-08-02 23:00:11,240 - ComprehensiveSCRPAFixV8_5 - INFO -   'WEATHER ALERTS': 2 variants -> keeping highest priority
2025-08-02 23:00:11,240 - ComprehensiveSCRPAFixV8_5 - INFO -   'WELFARE CHECK': 2 variants -> keeping highest priority
2025-08-02 23:00:11,240 - ComprehensiveSCRPAFixV8_5 - INFO -   'WIDESPREAD DAMAGE - 2C:17-2': 2 variants -> keeping highest priority
2025-08-02 23:00:11,240 - ComprehensiveSCRPAFixV8_5 - INFO -   'WIRE DOWN': 2 variants -> keeping highest priority
2025-08-02 23:00:11,240 - ComprehensiveSCRPAFixV8_5 - INFO -   'WITNESS TAMPERING - 2C:28-5': 2 variants -> keeping highest priority
2025-08-02 23:00:11,240 - ComprehensiveSCRPAFixV8_5 - INFO -   'WRONGFUL IMPERSONATING - 2C:21-1': 2 variants -> keeping highest priority
2025-08-02 23:00:11,245 - ComprehensiveSCRPAFixV8_5 - INFO - Priority-based resolution completed: 30 duplicates resolved
2025-08-02 23:00:11,255 - ComprehensiveSCRPAFixV8_5 - INFO - Enhanced call type reference loaded successfully:
2025-08-02 23:00:11,255 - ComprehensiveSCRPAFixV8_5 - INFO -   - Total records: 592
2025-08-02 23:00:11,255 - ComprehensiveSCRPAFixV8_5 - INFO -   - Unique incidents: 574
2025-08-02 23:00:11,255 - ComprehensiveSCRPAFixV8_5 - INFO -   - Duplicates found: 30
2025-08-02 23:00:11,255 - ComprehensiveSCRPAFixV8_5 - INFO -   - Duplicates resolved: 30
2025-08-02 23:00:11,255 - ComprehensiveSCRPAFixV8_5 - INFO -   - Normalized columns: ['incident', 'category_type', 'response_type']
2025-08-02 23:00:11,255 - ComprehensiveSCRPAFixV8_5 - INFO - Processing CAD data: 2025_07_29_13_02_40_SCRPA_CAD.xlsx
2025-08-02 23:00:11,275 - ComprehensiveSCRPAFixV8_5 - INFO - Loaded CAD file with 114 rows and 20 columns
2025-08-02 23:00:11,275 - ComprehensiveSCRPAFixV8_5 - INFO - CAD columns found: ['ReportNumberNew', 'Incident', 'How Reported', 'FullAddress2', 'PDZone', 'Grid', 'Time of Call', 'cYear', 'cMonth', 'HourMinuetsCalc', 'DayofWeek', 'Time Dispatched', 'Time Out', 'Time In', 'Time Spent', 'Time Response', 'Officer', 'Disposition', 'Response Type', 'CADNotes']
2025-08-02 23:00:11,275 - ComprehensiveSCRPAFixV8_5 - INFO - Applied column mapping: {'ReportNumberNew': 'case_number', 'Incident': 'incident', 'How Reported': 'how_reported', 'FullAddress2': 'full_address_raw', 'PDZone': 'post', 'Grid': 'grid_raw', 'Time of Call': 'time_of_call', 'cYear': 'call_year', 'cMonth': 'call_month', 'HourMinuetsCalc': 'hour_minutes_calc', 'DayofWeek': 'day_of_week_raw', 'Time Dispatched': 'time_dispatched', 'Time Out': 'time_out', 'Time In': 'time_in', 'Time Spent': 'time_spent_raw', 'Time Response': 'time_response_raw', 'Officer': 'officer', 'Disposition': 'disposition', 'Response Type': 'response_type_fallback', 'CADNotes': 'cad_notes_raw'}
2025-08-02 23:00:11,276 - ComprehensiveSCRPAFixV8_5 - INFO - Normalized CAD headers to lowercase snake_case: ['case_number', 'incident', 'how_reported', 'full_address_raw', 'post', 'grid_raw', 'time_of_call', 'call_year', 'call_month', 'hour_minutes_calc', 'day_of_week_raw', 'time_dispatched', 'time_out', 'time_in', 'time_spent_raw', 'time_response_raw', 'officer', 'disposition', 'response_type_fallback', 'cad_notes_raw']
2025-08-02 23:00:11,283 - ComprehensiveSCRPAFixV8_5 - INFO - Starting enhanced call type mapping for 114 CAD records
2025-08-02 23:00:11,283 - ComprehensiveSCRPAFixV8_5 - INFO - Sample incident values: ['Motor Vehicle Theft - 2C:20-3', 'Criminal Sexual Contact - 2C:14-3a', 'Burglary - Auto - 2C:18-2', 'Burglary - Residence - 2C:18-2', 'Motor Vehicle Theft - 2C:20-3']
2025-08-02 23:00:11,285 - ComprehensiveSCRPAFixV8_5 - INFO - Unified column coverage:
2025-08-02 23:00:11,285 - ComprehensiveSCRPAFixV8_5 - INFO -   - response_type coverage: 100.0%
2025-08-02 23:00:11,285 - ComprehensiveSCRPAFixV8_5 - INFO -   - category_type coverage: 100.0%
2025-08-02 23:00:11,285 - ComprehensiveSCRPAFixV8_5 - INFO - Enhanced mapping results:
2025-08-02 23:00:11,285 - ComprehensiveSCRPAFixV8_5 - INFO -   - Total incidents: 114
2025-08-02 23:00:11,285 - ComprehensiveSCRPAFixV8_5 - INFO -   - Mapped incidents: 114
2025-08-02 23:00:11,285 - ComprehensiveSCRPAFixV8_5 - INFO -   - Unmapped incidents: 0
2025-08-02 23:00:11,285 - ComprehensiveSCRPAFixV8_5 - INFO -   - Mapping rate: 100.0%
2025-08-02 23:00:11,286 - ComprehensiveSCRPAFixV8_5 - INFO - Category type distribution: {'Criminal Incidents': 114}
2025-08-02 23:00:11,286 - ComprehensiveSCRPAFixV8_5 - INFO - Top 10 response types: {'Emergency': 80, 'Routine': 34}
2025-08-02 23:00:11,346 - ComprehensiveSCRPAFixV8_5 - INFO - CAD response_type populated in 114/114 records
2025-08-02 23:00:11,347 - ComprehensiveSCRPAFixV8_5 - INFO - CAD grid populated in 107/114 records
2025-08-02 23:00:11,347 - ComprehensiveSCRPAFixV8_5 - INFO - CAD post populated in 110/114 records
2025-08-02 23:00:11,347 - ComprehensiveSCRPAFixV8_5 - INFO - ✅ CAD header validation PASSED: All 36 columns follow lowercase snake_case
2025-08-02 23:00:11,347 - ComprehensiveSCRPAFixV8_5 - INFO - CAD headers validation passed - all headers are lowercase snake_case
2025-08-02 23:00:11,350 - ComprehensiveSCRPAFixV8_5 - INFO - CAD processing complete: 114 records
2025-08-02 23:00:11,350 - ComprehensiveSCRPAFixV8_5 - INFO - Final CAD columns: ['case_number', 'incident', 'response_type', 'category_type', 'response_type_cad', 'category_type_cad', 'how_reported', 'location', 'block', 'grid', 'post', 'time_of_call', 'time_dispatched', 'time_out', 'time_in', 'time_spent_minutes', 'time_response_minutes', 'time_spent_formatted', 'time_response_formatted', 'officer', 'disposition', 'cad_notes_cleaned', 'cad_notes_username', 'cad_notes_timestamp', 'cycle_name']
2025-08-02 23:00:11,356 - ComprehensiveSCRPAFixV8_5 - INFO - CAD data saved: C:\Users\carucci_r\OneDrive - City of Hackensack\01_DataSources\SCRPA_Time_v2\04_powerbi\C08W31_20250802_7Day_cad_data_standardized.csv
2025-08-02 23:00:11,356 - ComprehensiveSCRPAFixV8_5 - INFO - ============================================================
2025-08-02 23:00:11,356 - ComprehensiveSCRPAFixV8_5 - INFO - COMPREHENSIVE SCRPA FIX V8.5 COMPLETE - VALIDATION SUMMARY
2025-08-02 23:00:11,356 - ComprehensiveSCRPAFixV8_5 - INFO - ============================================================
2025-08-02 23:00:11,356 - ComprehensiveSCRPAFixV8_5 - INFO - ✅ RMS records processed: 0
2025-08-02 23:00:11,356 - ComprehensiveSCRPAFixV8_5 - INFO - ✅ CAD records processed: 114
2025-08-02 23:00:11,356 - ComprehensiveSCRPAFixV8_5 - INFO - ✅ Output directory: C:\Users\carucci_r\OneDrive - City of Hackensack\01_DataSources\SCRPA_Time_v2\04_powerbi
2025-08-02 23:00:11,356 - ComprehensiveSCRPAFixV8_5 - INFO - ============================================================
