2025-08-04 03:43:50,991 - ComprehensiveSCRPAFixV8_5 - INFO - === Comprehensive SCRPA Fix V8.5 - Cycle Calendar Integration Version ===
2025-08-04 03:43:51,237 - ComprehensiveSCRPAFixV8_5 - INFO - Loaded call type reference: 592 records
2025-08-04 03:43:51,237 - ComprehensiveSCRPAFixV8_5 - INFO - Reference file columns: ['Incident', 'Category Type', 'Response Type']
2025-08-04 03:43:51,237 - ComprehensiveSCRPAFixV8_5 - INFO - Incident column forced to string type with 592 records
2025-08-04 03:43:51,288 - ComprehensiveSCRPAFixV8_5 - INFO - Loaded zone/grid reference: 1368 records
2025-08-04 03:43:51,298 - ComprehensiveSCRPAFixV8_5 - INFO - Loaded cycle calendar: 52 records
2025-08-04 03:43:51,298 - ComprehensiveSCRPAFixV8_5 - INFO - Cycle calendar columns: ['Report_Due_Date', '7_Day_Start', '7_Day_End', '28_Day_Start', '28_Day_End', 'Report_Name']
2025-08-04 03:43:51,299 - ComprehensiveSCRPAFixV8_5 - INFO - Current cycle: C08W31, Date: 20250804
2025-08-04 03:43:51,299 - ComprehensiveSCRPAFixV8_5 - INFO - Starting Comprehensive SCRPA Fix V8.5 pipeline...
2025-08-04 03:43:51,300 - ComprehensiveSCRPAFixV8_5 - INFO - Latest CAD file: 2025_08_01_19_38_12_SCRPA_CAD.xlsx
2025-08-04 03:43:51,300 - ComprehensiveSCRPAFixV8_5 - INFO - Latest RMS file: 2025_08_01_19_38_12_SCRPA_RMS.xlsx
2025-08-04 03:43:51,300 - ComprehensiveSCRPAFixV8_5 - INFO - Processing RMS data: 2025_08_01_19_38_12_SCRPA_RMS.xlsx
2025-08-04 03:43:51,321 - ComprehensiveSCRPAFixV8_5 - INFO - Loaded RMS file with 140 rows and 31 columns
2025-08-04 03:43:51,321 - ComprehensiveSCRPAFixV8_5 - INFO - RMS columns found: ['Case Number', 'Incident Date', 'Incident Time', 'Incident Date_Between', 'Incident Time_Between', 'Report Date', 'Report Time', 'Incident Type_1', 'Incident Type_2', 'Incident Type_3', 'FullAddress', 'Grid', 'Zone', 'Narrative', 'Total Value Stolen', 'Total Value Recover', 'Registration 1', 'Make1', 'Model1', 'Reg State 1', 'Registration 2', 'Reg State 2', 'Make2', 'Model2', 'Reviewed By', 'CompleteCalc', 'Officer of Record', 'Squad', 'Det_Assigned', 'Case_Status', 'NIBRS Classification']
2025-08-04 03:43:51,321 - ComprehensiveSCRPAFixV8_5 - INFO - Normalized RMS headers to lowercase snake_case: ['case_number', 'incident_date', 'incident_time', 'incident_date_between', 'incident_time_between', 'report_date', 'report_time', 'incident_type_1', 'incident_type_2', 'incident_type_3', 'full_address', 'grid', 'zone', 'narrative', 'total_value_stolen', 'total_value_recover', 'registration_1', 'make_1', 'model_1', 'reg_state_1', 'registration_2', 'reg_state_2', 'make_2', 'model_2', 'reviewed_by', 'complete_calc', 'officer_of_record', 'squad', 'det_assigned', 'case_status', 'nibrs_classification']
2025-08-04 03:43:51,322 - ComprehensiveSCRPAFixV8_5 - INFO - Applied column mapping: {}
2025-08-04 03:43:51,353 - ComprehensiveSCRPAFixV8_5 - INFO - Available date columns: ['incident_date', 'incident_date_between', 'report_date']
2025-08-04 03:43:51,353 - ComprehensiveSCRPAFixV8_5 - INFO - incident_date populated: 136/140
2025-08-04 03:43:51,354 - ComprehensiveSCRPAFixV8_5 - INFO - Sample incident_date values: [Timestamp('2025-01-03 00:00:00'), Timestamp('2025-01-07 00:00:00'), Timestamp('2025-01-06 00:00:00')]
2025-08-04 03:43:51,354 - ComprehensiveSCRPAFixV8_5 - INFO - incident_date_between populated: 62/140
2025-08-04 03:43:51,354 - ComprehensiveSCRPAFixV8_5 - INFO - Sample incident_date_between values: [Timestamp('2025-01-04 00:00:00'), Timestamp('2025-01-10 00:00:00'), Timestamp('2025-01-16 00:00:00')]
2025-08-04 03:43:51,354 - ComprehensiveSCRPAFixV8_5 - INFO - report_date populated: 140/140
2025-08-04 03:43:51,354 - ComprehensiveSCRPAFixV8_5 - INFO - Sample report_date values: [Timestamp('2025-01-04 00:00:00'), Timestamp('2025-01-10 00:00:00'), Timestamp('2025-01-10 00:00:00')]
2025-08-04 03:43:51,356 - ComprehensiveSCRPAFixV8_5 - INFO - Incident dates after cascading: 140/140
2025-08-04 03:43:51,356 - ComprehensiveSCRPAFixV8_5 - INFO - Sample cascaded dates: [datetime.date(2025, 1, 3), datetime.date(2025, 1, 7), datetime.date(2025, 1, 6), datetime.date(2025, 1, 13), datetime.date(2025, 1, 14)]
2025-08-04 03:43:51,359 - ComprehensiveSCRPAFixV8_5 - INFO - Sample incident_date values: [datetime.date(2025, 1, 3), datetime.date(2025, 1, 7), datetime.date(2025, 1, 6), datetime.date(2025, 1, 13), datetime.date(2025, 1, 14)]
2025-08-04 03:43:51,360 - ComprehensiveSCRPAFixV8_5 - INFO - Null incident_date count: 0
2025-08-04 03:43:51,360 - ComprehensiveSCRPAFixV8_5 - INFO - Date types: object
2025-08-04 03:43:51,360 - ComprehensiveSCRPAFixV8_5 - INFO - Period calculation results: {'YTD': 115, '28-Day': 20, '7-Day': 4, 'Historical': 1}
2025-08-04 03:43:51,362 - ComprehensiveSCRPAFixV8_5 - INFO - Date/Period Analysis Summary:
2025-08-04 03:43:51,362 - ComprehensiveSCRPAFixV8_5 - INFO -   - 7-Day period records: 4
2025-08-04 03:43:51,362 - ComprehensiveSCRPAFixV8_5 - INFO -   - 28-Day period records: 20
2025-08-04 03:43:51,362 - ComprehensiveSCRPAFixV8_5 - INFO -   - YTD period records: 115
2025-08-04 03:43:51,362 - ComprehensiveSCRPAFixV8_5 - INFO -   - Historical period records: 1
2025-08-04 03:43:51,362 - ComprehensiveSCRPAFixV8_5 - INFO - ✅ Date processing working correctly - mix of periods found
2025-08-04 03:43:51,448 - ComprehensiveSCRPAFixV8_5 - INFO - ✅ RMS header validation PASSED: All 46 columns follow lowercase snake_case
2025-08-04 03:43:51,449 - ComprehensiveSCRPAFixV8_5 - INFO - RMS headers validation passed - all headers are lowercase snake_case
2025-08-04 03:43:51,449 - ComprehensiveSCRPAFixV8_5 - INFO - RMS records before filtering: 140
2025-08-04 03:43:51,450 - ComprehensiveSCRPAFixV8_5 - INFO - Period distribution: {'YTD': 115, '28-Day': 20, '7-Day': 4, 'Historical': 1}
2025-08-04 03:43:51,450 - ComprehensiveSCRPAFixV8_5 - INFO - Non-historical records: 139
2025-08-04 03:43:51,450 - ComprehensiveSCRPAFixV8_5 - INFO - Sample case numbers: ['25-000813', '25-002564', '25-002635', '25-003362', '25-003813']
2025-08-04 03:43:51,450 - ComprehensiveSCRPAFixV8_5 - INFO - Records with excluded case number '25-057654': 1
2025-08-04 03:43:51,450 - ComprehensiveSCRPAFixV8_5 - INFO - Incident dates populated: 140/140
2025-08-04 03:43:51,451 - ComprehensiveSCRPAFixV8_5 - INFO - Sample incident dates: [Timestamp('2025-01-03 00:00:00'), Timestamp('2025-01-07 00:00:00'), Timestamp('2025-01-06 00:00:00'), Timestamp('2025-01-13 00:00:00'), Timestamp('2025-01-14 00:00:00')]
2025-08-04 03:43:51,451 - ComprehensiveSCRPAFixV8_5 - INFO - Date range: 2017-06-20 00:00:00 to 2025-07-31 00:00:00
2025-08-04 03:43:51,452 - ComprehensiveSCRPAFixV8_5 - INFO - After case number filter: 139/140 records
2025-08-04 03:43:51,452 - ComprehensiveSCRPAFixV8_5 - INFO - After period filter: 138/140 records
2025-08-04 03:43:51,452 - ComprehensiveSCRPAFixV8_5 - INFO - RMS processing complete: 138 records after filtering
2025-08-04 03:43:51,452 - ComprehensiveSCRPAFixV8_5 - INFO - Final RMS columns: ['case_number', 'incident_date', 'incident_time', 'time_of_day', 'time_of_day_sort_order', 'period', 'season', 'day_of_week', 'day_type', 'location', 'block', 'grid', 'post', 'incident_type', 'all_incidents', 'vehicle_1', 'vehicle_2', 'vehicle_1_and_vehicle_2', 'narrative', 'total_value_stolen', 'squad', 'officer_of_record', 'nibrs_classification', 'cycle_name']
2025-08-04 03:43:51,452 - ComprehensiveSCRPAFixV8_5 - INFO - REMOVED CAD-specific columns: incident_type, crime_category, response_type
2025-08-04 03:43:51,468 - ComprehensiveSCRPAFixV8_5 - INFO - Found 30 duplicate incidents in reference file.
2025-08-04 03:43:51,468 - ComprehensiveSCRPAFixV8_5 - INFO - Applying priority-based duplicate resolution:
2025-08-04 03:43:51,468 - ComprehensiveSCRPAFixV8_5 - INFO -   'DOMESTIC DISPUTE': 3 variants -> keeping highest priority
2025-08-04 03:43:51,469 - ComprehensiveSCRPAFixV8_5 - INFO -   'SHOPLIFTING 2C:20-11': 3 variants -> keeping highest priority
2025-08-04 03:43:51,469 - ComprehensiveSCRPAFixV8_5 - INFO -   'SIMPLE ASSAULT 2C:12-1A': 4 variants -> keeping highest priority
2025-08-04 03:43:51,469 - ComprehensiveSCRPAFixV8_5 - INFO -   'TARGETED AREA PATROL': 3 variants -> keeping highest priority
2025-08-04 03:43:51,469 - ComprehensiveSCRPAFixV8_5 - INFO -   'TERRORISTIC THREATS 2C:12-3': 3 variants -> keeping highest priority
2025-08-04 03:43:51,469 - ComprehensiveSCRPAFixV8_5 - INFO -   'WEAPONS SEIZURE - 2C:25-21D': 2 variants -> keeping highest priority
2025-08-04 03:43:51,469 - ComprehensiveSCRPAFixV8_5 - INFO -   'WEATHER ALERTS': 2 variants -> keeping highest priority
2025-08-04 03:43:51,469 - ComprehensiveSCRPAFixV8_5 - INFO -   'WELFARE CHECK': 2 variants -> keeping highest priority
2025-08-04 03:43:51,469 - ComprehensiveSCRPAFixV8_5 - INFO -   'WIDESPREAD DAMAGE - 2C:17-2': 2 variants -> keeping highest priority
2025-08-04 03:43:51,469 - ComprehensiveSCRPAFixV8_5 - INFO -   'WIRE DOWN': 2 variants -> keeping highest priority
2025-08-04 03:43:51,469 - ComprehensiveSCRPAFixV8_5 - INFO -   'WITNESS TAMPERING - 2C:28-5': 2 variants -> keeping highest priority
2025-08-04 03:43:51,469 - ComprehensiveSCRPAFixV8_5 - INFO -   'WRONGFUL IMPERSONATING - 2C:21-1': 2 variants -> keeping highest priority
2025-08-04 03:43:51,472 - ComprehensiveSCRPAFixV8_5 - INFO - Priority-based resolution completed: 30 duplicates resolved
2025-08-04 03:43:51,482 - ComprehensiveSCRPAFixV8_5 - INFO - Enhanced call type reference loaded successfully:
2025-08-04 03:43:51,482 - ComprehensiveSCRPAFixV8_5 - INFO -   - Total records: 592
2025-08-04 03:43:51,482 - ComprehensiveSCRPAFixV8_5 - INFO -   - Unique incidents: 574
2025-08-04 03:43:51,482 - ComprehensiveSCRPAFixV8_5 - INFO -   - Duplicates found: 30
2025-08-04 03:43:51,482 - ComprehensiveSCRPAFixV8_5 - INFO -   - Duplicates resolved: 30
2025-08-04 03:43:51,482 - ComprehensiveSCRPAFixV8_5 - INFO -   - Normalized columns: ['incident', 'category_type', 'response_type']
2025-08-04 03:43:51,482 - ComprehensiveSCRPAFixV8_5 - INFO - Processing CAD data: 2025_08_01_19_38_12_SCRPA_CAD.xlsx
2025-08-04 03:43:51,501 - ComprehensiveSCRPAFixV8_5 - INFO - Loaded CAD file with 115 rows and 20 columns
2025-08-04 03:43:51,501 - ComprehensiveSCRPAFixV8_5 - INFO - CAD columns found: ['ReportNumberNew', 'Incident', 'How Reported', 'FullAddress2', 'PDZone', 'Grid', 'Time of Call', 'cYear', 'cMonth', 'HourMinuetsCalc', 'DayofWeek', 'Time Dispatched', 'Time Out', 'Time In', 'Time Spent', 'Time Response', 'Officer', 'Disposition', 'Response Type', 'CADNotes']
2025-08-04 03:43:51,501 - ComprehensiveSCRPAFixV8_5 - INFO - Applied dtype={'How Reported': str} to prevent Excel auto-parsing '9-1-1' as date
2025-08-04 03:43:51,502 - ComprehensiveSCRPAFixV8_5 - INFO - Applied column mapping: {'ReportNumberNew': 'case_number', 'Incident': 'incident', 'How Reported': 'how_reported', 'FullAddress2': 'full_address_raw', 'PDZone': 'post', 'Grid': 'grid_raw', 'Time of Call': 'time_of_call', 'cYear': 'call_year', 'cMonth': 'call_month', 'HourMinuetsCalc': 'hour_minutes_calc', 'DayofWeek': 'day_of_week_raw', 'Time Dispatched': 'time_dispatched', 'Time Out': 'time_out', 'Time In': 'time_in', 'Time Spent': 'time_spent_raw', 'Time Response': 'time_response_raw', 'Officer': 'officer', 'Disposition': 'disposition', 'Response Type': 'response_type_fallback', 'CADNotes': 'cad_notes_raw'}
2025-08-04 03:43:51,502 - ComprehensiveSCRPAFixV8_5 - INFO - Normalized CAD headers to lowercase snake_case: ['case_number', 'incident', 'how_reported', 'full_address_raw', 'post', 'grid_raw', 'time_of_call', 'call_year', 'call_month', 'hour_minutes_calc', 'day_of_week_raw', 'time_dispatched', 'time_out', 'time_in', 'time_spent_raw', 'time_response_raw', 'officer', 'disposition', 'response_type_fallback', 'cad_notes_raw']
2025-08-04 03:43:51,511 - ComprehensiveSCRPAFixV8_5 - INFO - Starting enhanced call type mapping for 115 CAD records
2025-08-04 03:43:51,511 - ComprehensiveSCRPAFixV8_5 - INFO - Sample incident values: ['Motor Vehicle Theft - 2C:20-3', 'Criminal Sexual Contact - 2C:14-3a', 'Burglary - Auto - 2C:18-2', 'Burglary - Residence - 2C:18-2', 'Motor Vehicle Theft - 2C:20-3']
2025-08-04 03:43:51,550 - ComprehensiveSCRPAFixV8_5 - INFO - Enhanced mapping results:
2025-08-04 03:43:51,550 - ComprehensiveSCRPAFixV8_5 - INFO -   - Total incidents: 115
2025-08-04 03:43:51,550 - ComprehensiveSCRPAFixV8_5 - INFO -   - Mapped incidents: 115
2025-08-04 03:43:51,550 - ComprehensiveSCRPAFixV8_5 - INFO -   - Unmapped incidents: 0
2025-08-04 03:43:51,550 - ComprehensiveSCRPAFixV8_5 - INFO -   - Mapping rate: 100.0%
2025-08-04 03:43:51,550 - ComprehensiveSCRPAFixV8_5 - INFO - Category type distribution: {'Criminal Incidents': 115}
2025-08-04 03:43:51,550 - ComprehensiveSCRPAFixV8_5 - INFO - Top 10 response types: {'Emergency': 81, 'Routine': 34}
2025-08-04 03:43:51,551 - ComprehensiveSCRPAFixV8_5 - INFO - Final column coverage:
2025-08-04 03:43:51,551 - ComprehensiveSCRPAFixV8_5 - INFO -   - response_type coverage: 100.0%
2025-08-04 03:43:51,551 - ComprehensiveSCRPAFixV8_5 - INFO -   - category_type coverage: 100.0%
2025-08-04 03:43:51,582 - ComprehensiveSCRPAFixV8_5 - INFO - CAD notes parsing complete: 115 records processed
2025-08-04 03:43:51,656 - ComprehensiveSCRPAFixV8_5 - INFO - CAD response_type populated in 115/115 records
2025-08-04 03:43:51,656 - ComprehensiveSCRPAFixV8_5 - INFO - CAD grid populated in 108/115 records
2025-08-04 03:43:51,656 - ComprehensiveSCRPAFixV8_5 - INFO - CAD post populated in 111/115 records
2025-08-04 03:43:51,656 - ComprehensiveSCRPAFixV8_5 - INFO - ✅ CAD header validation PASSED: All 34 columns follow lowercase snake_case
2025-08-04 03:43:51,656 - ComprehensiveSCRPAFixV8_5 - INFO - CAD headers validation passed - all headers are lowercase snake_case
2025-08-04 03:43:51,657 - ComprehensiveSCRPAFixV8_5 - INFO - CAD processing complete: 115 records
2025-08-04 03:43:51,657 - ComprehensiveSCRPAFixV8_5 - INFO - Final CAD columns: ['case_number', 'incident', 'response_type', 'category_type', 'how_reported', 'location', 'block', 'grid', 'post', 'time_of_call', 'time_dispatched', 'time_out', 'time_in', 'time_spent_minutes', 'time_response_minutes', 'time_spent_formatted', 'time_response_formatted', 'officer', 'disposition', 'cad_notes_cleaned', 'cad_username', 'cad_timestamp', 'cycle_name']
2025-08-04 03:43:51,661 - ComprehensiveSCRPAFixV8_5 - INFO - ✅ RMS header validation PASSED: All 24 columns follow lowercase snake_case
2025-08-04 03:43:51,665 - ComprehensiveSCRPAFixV8_5 - INFO - RMS data saved: C:\Users\carucci_r\OneDrive - City of Hackensack\01_DataSources\SCRPA_Time_v2\04_powerbi\C08W31_20250804_7Day_rms_data_standardized.csv
2025-08-04 03:43:51,667 - ComprehensiveSCRPAFixV8_5 - INFO - ✅ CAD header validation PASSED: All 23 columns follow lowercase snake_case
2025-08-04 03:43:51,669 - ComprehensiveSCRPAFixV8_5 - INFO - CAD data saved: C:\Users\carucci_r\OneDrive - City of Hackensack\01_DataSources\SCRPA_Time_v2\04_powerbi\C08W31_20250804_7Day_cad_data_standardized.csv
2025-08-04 03:43:51,670 - ComprehensiveSCRPAFixV8_5 - INFO - ✅ CAD Data header validation PASSED: All 23 columns follow lowercase snake_case
2025-08-04 03:43:51,670 - ComprehensiveSCRPAFixV8_5 - INFO - ================================================================================
2025-08-04 03:43:51,670 - ComprehensiveSCRPAFixV8_5 - INFO - COMPREHENSIVE QC REPORT - CAD INCIDENT MAPPING
2025-08-04 03:43:51,670 - ComprehensiveSCRPAFixV8_5 - INFO - ================================================================================
2025-08-04 03:43:51,670 - ComprehensiveSCRPAFixV8_5 - INFO - 1. REFERENCE FILE VALIDATION
2025-08-04 03:43:51,670 - ComprehensiveSCRPAFixV8_5 - INFO - OK Reference file loaded: 592 records
2025-08-04 03:43:51,670 - ComprehensiveSCRPAFixV8_5 - INFO - OK Unique incidents: 574
2025-08-04 03:43:51,670 - ComprehensiveSCRPAFixV8_5 - INFO - OK Duplicates found: 30
2025-08-04 03:43:51,670 - ComprehensiveSCRPAFixV8_5 - INFO - OK Duplicates resolved: 30 (deterministic)
2025-08-04 03:43:51,670 - ComprehensiveSCRPAFixV8_5 - INFO - OK Resolution method: priority_based_deterministic
2025-08-04 03:43:51,670 - ComprehensiveSCRPAFixV8_5 - INFO - 
2025-08-04 03:43:51,670 - ComprehensiveSCRPAFixV8_5 - INFO - 2. MAPPING PERFORMANCE VALIDATION
2025-08-04 03:43:51,670 - ComprehensiveSCRPAFixV8_5 - INFO - OK Mapping success rate: 100.0% (>= 98.0%)
2025-08-04 03:43:51,670 - ComprehensiveSCRPAFixV8_5 - INFO - OK Mapped incidents: 115/115
2025-08-04 03:43:51,670 - ComprehensiveSCRPAFixV8_5 - INFO - 
2025-08-04 03:43:51,670 - ComprehensiveSCRPAFixV8_5 - INFO - 3. DATA QUALITY VALIDATION
2025-08-04 03:43:51,670 - ComprehensiveSCRPAFixV8_5 - ERROR - FAIL Missing required columns
2025-08-04 03:43:51,670 - ComprehensiveSCRPAFixV8_5 - ERROR -      Missing: response_type_cad
2025-08-04 03:43:51,670 - ComprehensiveSCRPAFixV8_5 - ERROR -      Missing: category_type_cad
2025-08-04 03:43:51,670 - ComprehensiveSCRPAFixV8_5 - INFO - 
2025-08-04 03:43:51,670 - ComprehensiveSCRPAFixV8_5 - INFO - 4. HEADER COMPLIANCE VALIDATION
2025-08-04 03:43:51,670 - ComprehensiveSCRPAFixV8_5 - INFO - OK All headers lowercase snake_case: 23/23
2025-08-04 03:43:51,670 - ComprehensiveSCRPAFixV8_5 - INFO - 
2025-08-04 03:43:51,670 - ComprehensiveSCRPAFixV8_5 - INFO - 6. OVERALL QC STATUS
2025-08-04 03:43:51,670 - ComprehensiveSCRPAFixV8_5 - ERROR - FAIL OVERALL STATUS: FAIL
2025-08-04 03:43:51,670 - ComprehensiveSCRPAFixV8_5 - ERROR -    - Required columns missing
2025-08-04 03:43:51,671 - ComprehensiveSCRPAFixV8_5 - ERROR - FAIL Pipeline requires attention before production use
2025-08-04 03:43:51,671 - ComprehensiveSCRPAFixV8_5 - INFO - ================================================================================
2025-08-04 03:43:51,671 - ComprehensiveSCRPAFixV8_5 - INFO - Enhanced QC Report Status: FAIL
2025-08-04 03:43:51,671 - ComprehensiveSCRPAFixV8_5 - WARNING - Critical Issues Found: ['Required columns missing']
2025-08-04 03:43:51,671 - ComprehensiveSCRPAFixV8_5 - INFO - Starting CAD-RMS matching: RMS=138 records, CAD=115 records
2025-08-04 03:43:51,674 - ComprehensiveSCRPAFixV8_5 - INFO - Implementing CAD-first, RMS-fallback logic for response_type and category_type...
