2025-08-06 13:13:18,312 - ComprehensiveSCRPAFixV8_5 - INFO - === Comprehensive SCRPA Fix V8.5 - Cycle Calendar Integration Version ===
2025-08-06 13:13:19,130 - ComprehensiveSCRPAFixV8_5 - INFO - Loaded call type reference: 592 records
2025-08-06 13:13:19,130 - ComprehensiveSCRPAFixV8_5 - INFO - Reference file columns: ['Incident', 'Category Type', 'Response Type']
2025-08-06 13:13:19,131 - ComprehensiveSCRPAFixV8_5 - INFO - Incident column forced to string type with 592 records
2025-08-06 13:13:19,225 - ComprehensiveSCRPAFixV8_5 - INFO - Loaded zone/grid reference: 1368 records
2025-08-06 13:13:19,242 - ComprehensiveSCRPAFixV8_5 - INFO - Loaded cycle calendar: 52 records
2025-08-06 13:13:19,244 - ComprehensiveSCRPAFixV8_5 - INFO - Cycle calendar columns: ['Report_Due_Date', '7_Day_Start', '7_Day_End', '28_Day_Start', '28_Day_End', 'Report_Name']
2025-08-06 13:13:19,245 - ComprehensiveSCRPAFixV8_5 - INFO - Current cycle: C08W32, Date: 20250806
2025-08-06 13:13:19,245 - ComprehensiveSCRPAFixV8_5 - INFO - 🧪 Running Performance Monitoring Demo
2025-08-06 13:13:19,245 - ComprehensiveSCRPAFixV8_5 - INFO - 🚀 Starting Performance Test Demo... (Memory: 98.4MB)
2025-08-06 13:13:19,245 - ComprehensiveSCRPAFixV8_5 - INFO - 🚀 Starting Large DataFrame Creation... (Memory: 98.4MB)
2025-08-06 13:13:19,247 - ComprehensiveSCRPAFixV8_5 - INFO - ⚡ Completed Large DataFrame Creation (Fast):
2025-08-06 13:13:19,248 - ComprehensiveSCRPAFixV8_5 - INFO -   ⏱️ Duration: 0.00s
2025-08-06 13:13:19,248 - ComprehensiveSCRPAFixV8_5 - INFO -   💾 Memory: 99.4MB (Δ+1.0MB)
2025-08-06 13:13:19,252 - ComprehensiveSCRPAFixV8_5 - INFO - 💾 Test DataFrame memory optimized: 0.7MB → 0.1MB (saved 0.6MB)
2025-08-06 13:13:19,252 - ComprehensiveSCRPAFixV8_5 - INFO - 🚀 Starting DataFrame Operations... (Memory: 99.6MB)
2025-08-06 13:13:19,256 - ComprehensiveSCRPAFixV8_5 - INFO - ⚡ Completed DataFrame Operations (Fast):
2025-08-06 13:13:19,256 - ComprehensiveSCRPAFixV8_5 - INFO -   ⏱️ Duration: 0.00s
2025-08-06 13:13:19,256 - ComprehensiveSCRPAFixV8_5 - INFO -   💾 Memory: 99.8MB (Δ+0.2MB)
2025-08-06 13:13:19,263 - ComprehensiveSCRPAFixV8_5 - INFO - 📊 System Performance Summary: {'memory_rss_mb': 99.8046875, 'memory_vms_mb': 814.1328125, 'cpu_percent': 0.0, 'num_threads': 26, 'system_memory_percent': 58.3, 'system_cpu_percent': 18.3}
2025-08-06 13:13:19,291 - ComprehensiveSCRPAFixV8_5 - INFO - ⚡ Completed Performance Test Demo (Fast):
2025-08-06 13:13:19,291 - ComprehensiveSCRPAFixV8_5 - INFO -   ⏱️ Duration: 0.05s
2025-08-06 13:13:19,291 - ComprehensiveSCRPAFixV8_5 - INFO -   💾 Memory: 100.7MB (Δ+2.2MB)
2025-08-06 13:13:19,291 - ComprehensiveSCRPAFixV8_5 - INFO - ✅ Performance monitoring demo completed successfully
2025-08-06 13:13:19,291 - ComprehensiveSCRPAFixV8_5 - INFO - 🧪 Testing chunked processing functionality
2025-08-06 13:13:19,292 - ComprehensiveSCRPAFixV8_5 - INFO - 🚀 Starting Creating test dataset... (Memory: 100.7MB)
2025-08-06 13:13:19,310 - ComprehensiveSCRPAFixV8_5 - INFO - 📁 Created test file: C:\Users\carucci_r\OneDrive - City of Hackensack\01_DataSources\SCRPA_Time_v2\03_output\temp\test_large_dataset_2500_rows.csv (2,500 rows)
2025-08-06 13:13:19,310 - ComprehensiveSCRPAFixV8_5 - INFO - ⚡ Completed Creating test dataset (Fast):
2025-08-06 13:13:19,310 - ComprehensiveSCRPAFixV8_5 - INFO -   ⏱️ Duration: 0.02s
2025-08-06 13:13:19,311 - ComprehensiveSCRPAFixV8_5 - INFO -   💾 Memory: 101.1MB (Δ+0.5MB)
2025-08-06 13:13:19,311 - ComprehensiveSCRPAFixV8_5 - INFO - 🚀 Starting Chunked processing test... (Memory: 101.1MB)
2025-08-06 13:13:19,314 - ComprehensiveSCRPAFixV8_5 - INFO - 📚 Processing large dataset: 2500 rows in chunks of 500
2025-08-06 13:13:19,314 - ComprehensiveSCRPAFixV8_5 - INFO - 🚀 Starting Chunked processing (2500 rows)... (Memory: 101.1MB)
2025-08-06 13:13:19,320 - ComprehensiveSCRPAFixV8_5 - INFO - 🚀 Starting Chunk 1... (Memory: 102.4MB)
2025-08-06 13:13:19,336 - ComprehensiveSCRPAFixV8_5 - INFO - 📊 Progress: 500/2,500 rows (20.0%)
2025-08-06 13:13:19,336 - ComprehensiveSCRPAFixV8_5 - INFO - ⚡ Completed Chunk 1 (Fast):
2025-08-06 13:13:19,336 - ComprehensiveSCRPAFixV8_5 - INFO -   ⏱️ Duration: 0.02s
2025-08-06 13:13:19,337 - ComprehensiveSCRPAFixV8_5 - INFO -   💾 Memory: 101.4MB (Δ-1.0MB)
2025-08-06 13:13:19,341 - ComprehensiveSCRPAFixV8_5 - INFO - 🚀 Starting Chunk 2... (Memory: 102.1MB)
2025-08-06 13:13:19,357 - ComprehensiveSCRPAFixV8_5 - INFO - 📊 Progress: 1,000/2,500 rows (40.0%)
2025-08-06 13:13:19,357 - ComprehensiveSCRPAFixV8_5 - INFO - ⚡ Completed Chunk 2 (Fast):
2025-08-06 13:13:19,357 - ComprehensiveSCRPAFixV8_5 - INFO -   ⏱️ Duration: 0.02s
2025-08-06 13:13:19,357 - ComprehensiveSCRPAFixV8_5 - INFO -   💾 Memory: 102.1MB (Δ+0.0MB)
2025-08-06 13:13:19,362 - ComprehensiveSCRPAFixV8_5 - INFO - 🚀 Starting Chunk 3... (Memory: 102.2MB)
2025-08-06 13:13:19,376 - ComprehensiveSCRPAFixV8_5 - INFO - 📊 Progress: 1,500/2,500 rows (60.0%)
2025-08-06 13:13:19,377 - ComprehensiveSCRPAFixV8_5 - INFO - ⚡ Completed Chunk 3 (Fast):
2025-08-06 13:13:19,377 - ComprehensiveSCRPAFixV8_5 - INFO -   ⏱️ Duration: 0.02s
2025-08-06 13:13:19,377 - ComprehensiveSCRPAFixV8_5 - INFO -   💾 Memory: 102.3MB (Δ+0.1MB)
2025-08-06 13:13:19,381 - ComprehensiveSCRPAFixV8_5 - INFO - 🚀 Starting Chunk 4... (Memory: 102.4MB)
2025-08-06 13:13:19,397 - ComprehensiveSCRPAFixV8_5 - INFO - 📊 Progress: 2,000/2,500 rows (80.0%)
2025-08-06 13:13:19,397 - ComprehensiveSCRPAFixV8_5 - INFO - ⚡ Completed Chunk 4 (Fast):
2025-08-06 13:13:19,397 - ComprehensiveSCRPAFixV8_5 - INFO -   ⏱️ Duration: 0.02s
2025-08-06 13:13:19,397 - ComprehensiveSCRPAFixV8_5 - INFO -   💾 Memory: 102.4MB (Δ+0.0MB)
2025-08-06 13:13:19,401 - ComprehensiveSCRPAFixV8_5 - INFO - 🚀 Starting Chunk 5... (Memory: 102.6MB)
2025-08-06 13:13:19,416 - ComprehensiveSCRPAFixV8_5 - INFO - 📊 Progress: 2,500/2,500 rows (100.0%)
2025-08-06 13:13:19,416 - ComprehensiveSCRPAFixV8_5 - INFO - ⚡ Completed Chunk 5 (Fast):
2025-08-06 13:13:19,417 - ComprehensiveSCRPAFixV8_5 - INFO -   ⏱️ Duration: 0.01s
2025-08-06 13:13:19,417 - ComprehensiveSCRPAFixV8_5 - INFO -   💾 Memory: 102.6MB (Δ+0.1MB)
2025-08-06 13:13:19,417 - ComprehensiveSCRPAFixV8_5 - INFO - 🔗 Combining processed chunks...
2025-08-06 13:13:19,466 - ComprehensiveSCRPAFixV8_5 - INFO - ⚡ Completed Chunked processing (2500 rows) (Fast):
2025-08-06 13:13:19,467 - ComprehensiveSCRPAFixV8_5 - INFO -   ⏱️ Duration: 0.15s
2025-08-06 13:13:19,467 - ComprehensiveSCRPAFixV8_5 - INFO -   💾 Memory: 102.8MB (Δ+1.6MB)
2025-08-06 13:13:19,467 - ComprehensiveSCRPAFixV8_5 - INFO - ✅ Large dataset processing complete: 2,500 total records
2025-08-06 13:13:19,467 - ComprehensiveSCRPAFixV8_5 - INFO - ⚡ Completed Chunked processing test (Fast):
2025-08-06 13:13:19,467 - ComprehensiveSCRPAFixV8_5 - INFO -   ⏱️ Duration: 0.16s
2025-08-06 13:13:19,467 - ComprehensiveSCRPAFixV8_5 - INFO -   💾 Memory: 102.8MB (Δ+1.6MB)
2025-08-06 13:13:19,467 - ComprehensiveSCRPAFixV8_5 - INFO - ✅ Chunked processing test validation:
2025-08-06 13:13:19,468 - ComprehensiveSCRPAFixV8_5 - INFO -   📊 Original rows: 2,500
2025-08-06 13:13:19,468 - ComprehensiveSCRPAFixV8_5 - INFO -   📊 Processed rows: 2,500
2025-08-06 13:13:19,468 - ComprehensiveSCRPAFixV8_5 - INFO -   📊 Columns: 8
2025-08-06 13:13:19,469 - ComprehensiveSCRPAFixV8_5 - INFO -   📊 Memory usage: 0.6MB
2025-08-06 13:13:19,469 - ComprehensiveSCRPAFixV8_5 - INFO - ✅ Data integrity check PASSED
2025-08-06 13:13:19,470 - ComprehensiveSCRPAFixV8_5 - INFO - 🗑️ Cleaned up test file: test_large_dataset_2500_rows.csv
2025-08-06 13:13:19,470 - ComprehensiveSCRPAFixV8_5 - INFO - ✅ Chunked processing test completed
2025-08-06 13:13:19,471 - ComprehensiveSCRPAFixV8_5 - INFO - 🧪 Testing large file writing functionality
2025-08-06 13:13:19,471 - ComprehensiveSCRPAFixV8_5 - INFO - 🚀 Starting Creating large test dataset... (Memory: 101.8MB)
2025-08-06 13:13:19,477 - ComprehensiveSCRPAFixV8_5 - INFO - 📊 Created large test dataset: 5,000 rows, 10 columns
2025-08-06 13:13:19,481 - ComprehensiveSCRPAFixV8_5 - INFO - 📊 Memory usage: 2.2MB
2025-08-06 13:13:19,482 - ComprehensiveSCRPAFixV8_5 - INFO - ⚡ Completed Creating large test dataset (Fast):
2025-08-06 13:13:19,482 - ComprehensiveSCRPAFixV8_5 - INFO -   ⏱️ Duration: 0.01s
2025-08-06 13:13:19,482 - ComprehensiveSCRPAFixV8_5 - INFO -   💾 Memory: 103.4MB (Δ+1.6MB)
2025-08-06 13:13:19,482 - ComprehensiveSCRPAFixV8_5 - INFO - 💾 Writing large CSV: 5,000 rows in chunks of 1,000
2025-08-06 13:13:19,482 - ComprehensiveSCRPAFixV8_5 - INFO - 🚀 Starting Large CSV write (5,000 rows)... (Memory: 103.4MB)
2025-08-06 13:13:19,489 - ComprehensiveSCRPAFixV8_5 - INFO - 📝 Write progress: 1,000/5,000 rows (20.0%)
2025-08-06 13:13:19,494 - ComprehensiveSCRPAFixV8_5 - INFO - 📝 Write progress: 2,000/5,000 rows (40.0%)
2025-08-06 13:13:19,499 - ComprehensiveSCRPAFixV8_5 - INFO - 📝 Write progress: 3,000/5,000 rows (60.0%)
2025-08-06 13:13:19,505 - ComprehensiveSCRPAFixV8_5 - INFO - 📝 Write progress: 4,000/5,000 rows (80.0%)
2025-08-06 13:13:19,511 - ComprehensiveSCRPAFixV8_5 - INFO - 📝 Write progress: 5,000/5,000 rows (100.0%)
2025-08-06 13:13:19,511 - ComprehensiveSCRPAFixV8_5 - INFO - ⚡ Completed Large CSV write (5,000 rows) (Fast):
2025-08-06 13:13:19,511 - ComprehensiveSCRPAFixV8_5 - INFO -   ⏱️ Duration: 0.03s
2025-08-06 13:13:19,511 - ComprehensiveSCRPAFixV8_5 - INFO -   💾 Memory: 103.5MB (Δ+0.1MB)
2025-08-06 13:13:19,511 - ComprehensiveSCRPAFixV8_5 - INFO - ✅ Large CSV write complete: C:\Users\carucci_r\OneDrive - City of Hackensack\01_DataSources\SCRPA_Time_v2\03_output\temp\test_large_export_5000_rows.csv
2025-08-06 13:13:19,512 - ComprehensiveSCRPAFixV8_5 - INFO - ✅ CSV file created: 0.7MB
2025-08-06 13:13:19,519 - ComprehensiveSCRPAFixV8_5 - INFO - ✅ CSV verification: 5 sample rows read successfully
2025-08-06 13:13:19,519 - ComprehensiveSCRPAFixV8_5 - INFO - 📊 Writing large Excel: 5,000 rows in chunks of 1,000
2025-08-06 13:13:19,519 - ComprehensiveSCRPAFixV8_5 - INFO - 🚀 Starting Large Excel write (5,000 rows)... (Memory: 103.5MB)
2025-08-06 13:13:19,547 - ComprehensiveSCRPAFixV8_5 - INFO - 📝 Excel write progress: 1,000/5,000 rows (20.0%)
2025-08-06 13:13:19,567 - ComprehensiveSCRPAFixV8_5 - INFO - 📝 Excel write progress: 2,000/5,000 rows (40.0%)
2025-08-06 13:13:19,590 - ComprehensiveSCRPAFixV8_5 - INFO - 📝 Excel write progress: 3,000/5,000 rows (60.0%)
2025-08-06 13:13:19,611 - ComprehensiveSCRPAFixV8_5 - INFO - 📝 Excel write progress: 4,000/5,000 rows (80.0%)
2025-08-06 13:13:19,651 - ComprehensiveSCRPAFixV8_5 - INFO - 📝 Excel write progress: 5,000/5,000 rows (100.0%)
2025-08-06 13:13:19,983 - ComprehensiveSCRPAFixV8_5 - INFO - ⚡ Completed Large Excel write (5,000 rows) (Fast):
2025-08-06 13:13:19,984 - ComprehensiveSCRPAFixV8_5 - INFO -   ⏱️ Duration: 0.46s
2025-08-06 13:13:19,984 - ComprehensiveSCRPAFixV8_5 - INFO -   💾 Memory: 119.2MB (Δ+15.7MB)
2025-08-06 13:13:19,984 - ComprehensiveSCRPAFixV8_5 - INFO - ✅ Large Excel write complete: C:\Users\carucci_r\OneDrive - City of Hackensack\01_DataSources\SCRPA_Time_v2\03_output\temp\test_large_export_5000_rows.xlsx
2025-08-06 13:13:19,984 - ComprehensiveSCRPAFixV8_5 - INFO - ✅ Excel file created: 0.3MB
2025-08-06 13:13:19,986 - ComprehensiveSCRPAFixV8_5 - INFO - 🗑️ Cleaned up test file: test_large_export_5000_rows.csv
2025-08-06 13:13:19,987 - ComprehensiveSCRPAFixV8_5 - INFO - 🗑️ Cleaned up test file: test_large_export_5000_rows.xlsx
2025-08-06 13:13:19,987 - ComprehensiveSCRPAFixV8_5 - INFO - ✅ Large file writing test completed
2025-08-06 13:13:19,988 - ComprehensiveSCRPAFixV8_5 - INFO - 🚀 Starting Complete SCRPA Pipeline V8.5... (Memory: 119.2MB)
2025-08-06 13:13:19,988 - ComprehensiveSCRPAFixV8_5 - INFO - Starting Comprehensive SCRPA Fix V8.5 pipeline...
2025-08-06 13:13:19,988 - ComprehensiveSCRPAFixV8_5 - INFO - ⚡ Completed Complete SCRPA Pipeline V8.5 (Fast):
2025-08-06 13:13:19,988 - ComprehensiveSCRPAFixV8_5 - INFO -   ⏱️ Duration: 0.00s
2025-08-06 13:13:19,988 - ComprehensiveSCRPAFixV8_5 - INFO -   💾 Memory: 119.2MB (Δ+0.0MB)
2025-08-06 13:13:19,989 - ComprehensiveSCRPAFixV8_5 - INFO - Latest CAD file: 2025_08_01_19_38_12_SCRPA_CAD.xlsx
2025-08-06 13:13:19,990 - ComprehensiveSCRPAFixV8_5 - INFO - Latest RMS file: 2025_08_01_19_38_12_SCRPA_RMS.xlsx
2025-08-06 13:13:19,991 - ComprehensiveSCRPAFixV8_5 - INFO - 🚀 Starting RMS Data Processing - 2025_08_01_19_38_12_SCRPA_RMS.xlsx... (Memory: 119.2MB)
2025-08-06 13:13:19,991 - ComprehensiveSCRPAFixV8_5 - INFO - Processing RMS data: 2025_08_01_19_38_12_SCRPA_RMS.xlsx
2025-08-06 13:13:19,991 - ComprehensiveSCRPAFixV8_5 - INFO - 🚀 Starting RMS File Loading... (Memory: 119.2MB)
2025-08-06 13:13:20,043 - ComprehensiveSCRPAFixV8_5 - INFO - Loaded RMS file with 140 rows and 31 columns
2025-08-06 13:13:20,043 - ComprehensiveSCRPAFixV8_5 - INFO - RMS columns found: ['Case Number', 'Incident Date', 'Incident Time', 'Incident Date_Between', 'Incident Time_Between', 'Report Date', 'Report Time', 'Incident Type_1', 'Incident Type_2', 'Incident Type_3', 'FullAddress', 'Grid', 'Zone', 'Narrative', 'Total Value Stolen', 'Total Value Recover', 'Registration 1', 'Make1', 'Model1', 'Reg State 1', 'Registration 2', 'Reg State 2', 'Make2', 'Model2', 'Reviewed By', 'CompleteCalc', 'Officer of Record', 'Squad', 'Det_Assigned', 'Case_Status', 'NIBRS Classification']
2025-08-06 13:13:20,044 - ComprehensiveSCRPAFixV8_5 - INFO - ⚡ Completed RMS File Loading (Fast):
2025-08-06 13:13:20,044 - ComprehensiveSCRPAFixV8_5 - INFO -   ⏱️ Duration: 0.05s
2025-08-06 13:13:20,044 - ComprehensiveSCRPAFixV8_5 - INFO -   💾 Memory: 119.3MB (Δ+0.0MB)
2025-08-06 13:13:20,044 - ComprehensiveSCRPAFixV8_5 - INFO - 🚀 Starting RMS Header Normalization & Column Mapping... (Memory: 119.3MB)
2025-08-06 13:13:20,045 - ComprehensiveSCRPAFixV8_5 - INFO - Normalized RMS headers to lowercase snake_case: ['case_number', 'incident_date', 'incident_time', 'incident_date_between', 'incident_time_between', 'report_date', 'report_time', 'incident_type_1', 'incident_type_2', 'incident_type_3', 'full_address', 'grid', 'zone', 'narrative', 'total_value_stolen', 'total_value_recover', 'registration_1', 'make_1', 'model_1', 'reg_state_1', 'registration_2', 'reg_state_2', 'make_2', 'model_2', 'reviewed_by', 'complete_calc', 'officer_of_record', 'squad', 'det_assigned', 'case_status', 'nibrs_classification']
2025-08-06 13:13:20,045 - ComprehensiveSCRPAFixV8_5 - INFO - ⚡ Completed RMS Header Normalization & Column Mapping (Fast):
2025-08-06 13:13:20,045 - ComprehensiveSCRPAFixV8_5 - INFO -   ⏱️ Duration: 0.00s
2025-08-06 13:13:20,046 - ComprehensiveSCRPAFixV8_5 - INFO -   💾 Memory: 119.3MB (Δ+0.0MB)
2025-08-06 13:13:20,046 - ComprehensiveSCRPAFixV8_5 - INFO - ⚡ Completed RMS Data Processing - 2025_08_01_19_38_12_SCRPA_RMS.xlsx (Fast):
2025-08-06 13:13:20,046 - ComprehensiveSCRPAFixV8_5 - INFO -   ⏱️ Duration: 0.06s
2025-08-06 13:13:20,046 - ComprehensiveSCRPAFixV8_5 - INFO -   💾 Memory: 119.3MB (Δ+0.0MB)
2025-08-06 13:13:20,046 - ComprehensiveSCRPAFixV8_5 - INFO - Applied column mapping: {}
2025-08-06 13:13:20,083 - ComprehensiveSCRPAFixV8_5 - INFO - Available date columns: ['incident_date', 'incident_date_between', 'report_date']
2025-08-06 13:13:20,084 - ComprehensiveSCRPAFixV8_5 - INFO - incident_date populated: 136/140
2025-08-06 13:13:20,084 - ComprehensiveSCRPAFixV8_5 - INFO - Sample incident_date values: [Timestamp('2025-01-03 00:00:00'), Timestamp('2025-01-07 00:00:00'), Timestamp('2025-01-06 00:00:00')]
2025-08-06 13:13:20,084 - ComprehensiveSCRPAFixV8_5 - INFO - incident_date_between populated: 62/140
2025-08-06 13:13:20,085 - ComprehensiveSCRPAFixV8_5 - INFO - Sample incident_date_between values: [Timestamp('2025-01-04 00:00:00'), Timestamp('2025-01-10 00:00:00'), Timestamp('2025-01-16 00:00:00')]
2025-08-06 13:13:20,085 - ComprehensiveSCRPAFixV8_5 - INFO - report_date populated: 140/140
2025-08-06 13:13:20,085 - ComprehensiveSCRPAFixV8_5 - INFO - Sample report_date values: [Timestamp('2025-01-04 00:00:00'), Timestamp('2025-01-10 00:00:00'), Timestamp('2025-01-10 00:00:00')]
2025-08-06 13:13:20,086 - ComprehensiveSCRPAFixV8_5 - INFO - Cascading RMS date columns...
2025-08-06 13:13:20,087 - ComprehensiveSCRPAFixV8_5 - INFO - incident_date populated: 0/140
2025-08-06 13:13:20,087 - ComprehensiveSCRPAFixV8_5 - INFO - Time columns before cascade:
2025-08-06 13:13:20,088 - ComprehensiveSCRPAFixV8_5 - INFO -   - incident_time populated: 135/140
2025-08-06 13:13:20,088 - ComprehensiveSCRPAFixV8_5 - INFO -   - incident_time_between populated: 61/140
2025-08-06 13:13:20,088 - ComprehensiveSCRPAFixV8_5 - INFO -   - report_time populated: 140/140
2025-08-06 13:13:20,089 - ComprehensiveSCRPAFixV8_5 - INFO -   - Sample incident_time values: [Timedelta('0 days 21:30:00'), Timedelta('0 days 14:00:00'), Timedelta('0 days 15:30:00')]
2025-08-06 13:13:20,089 - ComprehensiveSCRPAFixV8_5 - INFO - Processing RMS time columns with Excel format handling...
2025-08-06 13:13:20,090 - ComprehensiveSCRPAFixV8_5 - INFO - incident_time: 0/140 populated
2025-08-06 13:13:20,091 - ComprehensiveSCRPAFixV8_5 - INFO - incident_time_between: 0/140 populated
2025-08-06 13:13:20,092 - ComprehensiveSCRPAFixV8_5 - INFO - report_time: 0/140 populated
2025-08-06 13:13:20,093 - ComprehensiveSCRPAFixV8_5 - INFO - Final incident_time: 0/140 populated
2025-08-06 13:13:20,093 - ComprehensiveSCRPAFixV8_5 - INFO - Time cascade results: 0/140 times populated
2025-08-06 13:13:20,093 - ComprehensiveSCRPAFixV8_5 - ERROR - CRITICAL: No incident times after cascade - time_of_day will fail!
2025-08-06 13:13:20,094 - ComprehensiveSCRPAFixV8_5 - INFO - After cascade - Dates: 0/140, Times: 0/140
2025-08-06 13:13:20,094 - ComprehensiveSCRPAFixV8_5 - ERROR - CRITICAL: No incident dates after cascade - all records will be 'Historical'
2025-08-06 13:13:20,094 - ComprehensiveSCRPAFixV8_5 - INFO - Times available for time_of_day calculation: 0/140
2025-08-06 13:13:20,095 - ComprehensiveSCRPAFixV8_5 - INFO - Time_of_day populated: 140/140
2025-08-06 13:13:20,095 - ComprehensiveSCRPAFixV8_5 - INFO - Time_of_day distribution: {'Unknown': 140}
2025-08-06 13:13:20,097 - ComprehensiveSCRPAFixV8_5 - INFO - Sample incident_date values after conversion: []
2025-08-06 13:13:20,098 - ComprehensiveSCRPAFixV8_5 - INFO - Null incident_date count: 140
2025-08-06 13:13:20,098 - ComprehensiveSCRPAFixV8_5 - INFO - Date types: datetime64[ns]
2025-08-06 13:13:20,098 - ComprehensiveSCRPAFixV8_5 - INFO - Period calculation results: {'Historical': 140}
2025-08-06 13:13:20,100 - ComprehensiveSCRPAFixV8_5 - INFO - Date/Period Analysis Summary:
2025-08-06 13:13:20,101 - ComprehensiveSCRPAFixV8_5 - INFO -   - 7-Day period records: 0
2025-08-06 13:13:20,101 - ComprehensiveSCRPAFixV8_5 - INFO -   - 28-Day period records: 0
2025-08-06 13:13:20,101 - ComprehensiveSCRPAFixV8_5 - INFO -   - YTD period records: 0
2025-08-06 13:13:20,101 - ComprehensiveSCRPAFixV8_5 - INFO -   - Historical period records: 0
2025-08-06 13:13:20,101 - ComprehensiveSCRPAFixV8_5 - WARNING - ⚠️ ALL RECORDS DEFAULTING TO HISTORICAL - Date processing issue detected!
2025-08-06 13:13:20,103 - ComprehensiveSCRPAFixV8_5 - WARNING - Removing Jersey City address: 128 Christopher Columbus Drive, Jersey City, NJ 07302, Hackensack, NJ, 07601
2025-08-06 13:13:20,104 - ComprehensiveSCRPAFixV8_5 - INFO - Address validation: 139/140 addresses validated
2025-08-06 13:13:20,104 - ComprehensiveSCRPAFixV8_5 - INFO - Block calculation: 140/140 blocks calculated
2025-08-06 13:13:20,127 - ComprehensiveSCRPAFixV8_5 - INFO - Grid/Post backfill: 133/140 grids, 129/140 posts
2025-08-06 13:13:20,176 - ComprehensiveSCRPAFixV8_5 - INFO - Narrative cleaning: 140/140 narratives cleaned
2025-08-06 13:13:20,177 - ComprehensiveSCRPAFixV8_5 - INFO - ✅ RMS header validation PASSED: All 50 columns follow lowercase snake_case
2025-08-06 13:13:20,177 - ComprehensiveSCRPAFixV8_5 - INFO - RMS headers validation passed - all headers are lowercase snake_case
2025-08-06 13:13:20,178 - ComprehensiveSCRPAFixV8_5 - INFO - RMS records before filtering: 140
2025-08-06 13:13:20,178 - ComprehensiveSCRPAFixV8_5 - INFO - Period distribution: {'Historical': 140}
2025-08-06 13:13:20,179 - ComprehensiveSCRPAFixV8_5 - ERROR - CRITICAL: All records are 'Historical' - date cascade failed!
2025-08-06 13:13:20,179 - ComprehensiveSCRPAFixV8_5 - INFO - Sample incident dates: []
2025-08-06 13:13:20,180 - ComprehensiveSCRPAFixV8_5 - INFO - After case number filter: 139/140 records
2025-08-06 13:13:20,180 - ComprehensiveSCRPAFixV8_5 - INFO - Period filter removed 139 Historical records
2025-08-06 13:13:20,180 - ComprehensiveSCRPAFixV8_5 - INFO - After period filter: 0/140 records kept
2025-08-06 13:13:20,180 - ComprehensiveSCRPAFixV8_5 - ERROR - ZERO RECORDS after period filter - check date cascade logic!
2025-08-06 13:13:20,180 - ComprehensiveSCRPAFixV8_5 - INFO - RMS processing complete: 0 records after filtering
2025-08-06 13:13:20,181 - ComprehensiveSCRPAFixV8_5 - INFO - Final RMS columns: ['case_number', 'incident_date', 'incident_time', 'time_of_day', 'time_of_day_sort_order', 'period', 'season', 'day_of_week', 'day_type', 'location', 'block', 'grid', 'post', 'incident_type', 'all_incidents', 'vehicle_1', 'vehicle_2', 'vehicle_1_and_vehicle_2', 'narrative', 'total_value_stolen', 'squad', 'officer_of_record', 'nibrs_classification', 'cycle_name']
2025-08-06 13:13:20,181 - ComprehensiveSCRPAFixV8_5 - INFO - REMOVED CAD-specific columns: incident_type, crime_category, response_type
2025-08-06 13:13:20,244 - ComprehensiveSCRPAFixV8_5 - INFO - Found 30 duplicate incidents in reference file.
2025-08-06 13:13:20,244 - ComprehensiveSCRPAFixV8_5 - INFO - Applying priority-based duplicate resolution:
2025-08-06 13:13:20,244 - ComprehensiveSCRPAFixV8_5 - INFO -   'DOMESTIC DISPUTE': 3 variants -> keeping highest priority
2025-08-06 13:13:20,244 - ComprehensiveSCRPAFixV8_5 - INFO -   'SHOPLIFTING 2C:20-11': 3 variants -> keeping highest priority
2025-08-06 13:13:20,244 - ComprehensiveSCRPAFixV8_5 - INFO -   'SIMPLE ASSAULT 2C:12-1A': 4 variants -> keeping highest priority
2025-08-06 13:13:20,245 - ComprehensiveSCRPAFixV8_5 - INFO -   'TARGETED AREA PATROL': 3 variants -> keeping highest priority
2025-08-06 13:13:20,245 - ComprehensiveSCRPAFixV8_5 - INFO -   'TERRORISTIC THREATS 2C:12-3': 3 variants -> keeping highest priority
2025-08-06 13:13:20,245 - ComprehensiveSCRPAFixV8_5 - INFO -   'WEAPONS SEIZURE - 2C:25-21D': 2 variants -> keeping highest priority
2025-08-06 13:13:20,245 - ComprehensiveSCRPAFixV8_5 - INFO -   'WEATHER ALERTS': 2 variants -> keeping highest priority
2025-08-06 13:13:20,246 - ComprehensiveSCRPAFixV8_5 - INFO -   'WELFARE CHECK': 2 variants -> keeping highest priority
2025-08-06 13:13:20,246 - ComprehensiveSCRPAFixV8_5 - INFO -   'WIDESPREAD DAMAGE - 2C:17-2': 2 variants -> keeping highest priority
2025-08-06 13:13:20,246 - ComprehensiveSCRPAFixV8_5 - INFO -   'WIRE DOWN': 2 variants -> keeping highest priority
2025-08-06 13:13:20,246 - ComprehensiveSCRPAFixV8_5 - INFO -   'WITNESS TAMPERING - 2C:28-5': 2 variants -> keeping highest priority
2025-08-06 13:13:20,246 - ComprehensiveSCRPAFixV8_5 - INFO -   'WRONGFUL IMPERSONATING - 2C:21-1': 2 variants -> keeping highest priority
2025-08-06 13:13:20,250 - ComprehensiveSCRPAFixV8_5 - INFO - Priority-based resolution completed: 30 duplicates resolved
2025-08-06 13:13:20,261 - ComprehensiveSCRPAFixV8_5 - INFO - Enhanced call type reference loaded successfully:
2025-08-06 13:13:20,262 - ComprehensiveSCRPAFixV8_5 - INFO -   - Total records: 592
2025-08-06 13:13:20,262 - ComprehensiveSCRPAFixV8_5 - INFO -   - Unique incidents: 574
2025-08-06 13:13:20,262 - ComprehensiveSCRPAFixV8_5 - INFO -   - Duplicates found: 30
2025-08-06 13:13:20,262 - ComprehensiveSCRPAFixV8_5 - INFO -   - Duplicates resolved: 30
2025-08-06 13:13:20,262 - ComprehensiveSCRPAFixV8_5 - INFO -   - Normalized columns: ['incident', 'category_type', 'response_type']
2025-08-06 13:13:20,262 - ComprehensiveSCRPAFixV8_5 - INFO - 🚀 Starting CAD Data Processing - 2025_08_01_19_38_12_SCRPA_CAD.xlsx... (Memory: 115.4MB)
2025-08-06 13:13:20,262 - ComprehensiveSCRPAFixV8_5 - INFO - Processing CAD data: 2025_08_01_19_38_12_SCRPA_CAD.xlsx
2025-08-06 13:13:20,263 - ComprehensiveSCRPAFixV8_5 - INFO - ⚡ Completed CAD Data Processing - 2025_08_01_19_38_12_SCRPA_CAD.xlsx (Fast):
2025-08-06 13:13:20,263 - ComprehensiveSCRPAFixV8_5 - INFO -   ⏱️ Duration: 0.00s
2025-08-06 13:13:20,263 - ComprehensiveSCRPAFixV8_5 - INFO -   💾 Memory: 115.4MB (Δ+0.0MB)
2025-08-06 13:13:20,304 - ComprehensiveSCRPAFixV8_5 - INFO - Loaded CAD file with 115 rows and 20 columns
2025-08-06 13:13:20,305 - ComprehensiveSCRPAFixV8_5 - INFO - CAD columns found: ['ReportNumberNew', 'Incident', 'How Reported', 'FullAddress2', 'PDZone', 'Grid', 'Time of Call', 'cYear', 'cMonth', 'HourMinuetsCalc', 'DayofWeek', 'Time Dispatched', 'Time Out', 'Time In', 'Time Spent', 'Time Response', 'Officer', 'Disposition', 'Response Type', 'CADNotes']
2025-08-06 13:13:20,305 - ComprehensiveSCRPAFixV8_5 - INFO - Applied dtype={'How Reported': str} to prevent Excel auto-parsing '9-1-1' as date
2025-08-06 13:13:20,307 - ComprehensiveSCRPAFixV8_5 - INFO - Applied enhanced fixes to prevent '9-1-1' date conversion
2025-08-06 13:13:20,307 - ComprehensiveSCRPAFixV8_5 - INFO - Applied column mapping: {'ReportNumberNew': 'case_number', 'Incident': 'incident', 'How Reported': 'how_reported', 'FullAddress2': 'full_address_raw', 'PDZone': 'post', 'Grid': 'grid_raw', 'Time of Call': 'time_of_call', 'cYear': 'call_year', 'cMonth': 'call_month', 'HourMinuetsCalc': 'hour_minutes_calc', 'DayofWeek': 'day_of_week_raw', 'Time Dispatched': 'time_dispatched', 'Time Out': 'time_out', 'Time In': 'time_in', 'Time Spent': 'time_spent_raw', 'Time Response': 'time_response_raw', 'Officer': 'officer', 'Disposition': 'disposition', 'Response Type': 'response_type_fallback', 'CADNotes': 'cad_notes_raw'}
2025-08-06 13:13:20,308 - ComprehensiveSCRPAFixV8_5 - INFO - Normalized CAD headers to lowercase snake_case: ['case_number', 'incident', 'how_reported', 'full_address_raw', 'post', 'grid_raw', 'time_of_call', 'call_year', 'call_month', 'hour_minutes_calc', 'day_of_week_raw', 'time_dispatched', 'time_out', 'time_in', 'time_spent_raw', 'time_response_raw', 'officer', 'disposition', 'response_type_fallback', 'cad_notes_raw']
2025-08-06 13:13:20,317 - ComprehensiveSCRPAFixV8_5 - INFO - Starting proper CallType_Categories.xlsx mapping for 115 CAD records
2025-08-06 13:13:20,317 - ComprehensiveSCRPAFixV8_5 - INFO - Sample incident values: ['Motor Vehicle Theft - 2C:20-3', 'Criminal Sexual Contact - 2C:14-3a', 'Burglary - Auto - 2C:18-2', 'Burglary - Residence - 2C:18-2', 'Motor Vehicle Theft - 2C:20-3']
2025-08-06 13:13:20,340 - ComprehensiveSCRPAFixV8_5 - INFO - Loaded CallType_Categories.xlsx with 592 records
2025-08-06 13:13:20,340 - ComprehensiveSCRPAFixV8_5 - INFO - CallType columns: ['Incident', 'Category Type', 'Response Type']
2025-08-06 13:13:20,352 - ComprehensiveSCRPAFixV8_5 - INFO - Created mapping dictionary with 574 entries
2025-08-06 13:13:20,353 - ComprehensiveSCRPAFixV8_5 - INFO - CallType_Categories.xlsx mapping results:
2025-08-06 13:13:20,353 - ComprehensiveSCRPAFixV8_5 - INFO -   - Total incidents: 115
2025-08-06 13:13:20,353 - ComprehensiveSCRPAFixV8_5 - INFO -   - Mapped incidents: 115
2025-08-06 13:13:20,353 - ComprehensiveSCRPAFixV8_5 - INFO -   - Unmapped incidents: 0
2025-08-06 13:13:20,353 - ComprehensiveSCRPAFixV8_5 - INFO -   - Mapping rate: 100.0%
2025-08-06 13:13:20,354 - ComprehensiveSCRPAFixV8_5 - INFO - Category type distribution: {'Criminal Incidents': 115}
2025-08-06 13:13:20,354 - ComprehensiveSCRPAFixV8_5 - INFO - Top 10 response types: {'Emergency': 81, 'Routine': 34}
2025-08-06 13:13:20,355 - ComprehensiveSCRPAFixV8_5 - INFO - Final column coverage:
2025-08-06 13:13:20,355 - ComprehensiveSCRPAFixV8_5 - INFO -   - response_type coverage: 100.0%
2025-08-06 13:13:20,355 - ComprehensiveSCRPAFixV8_5 - INFO -   - category_type coverage: 100.0%
2025-08-06 13:13:20,360 - ComprehensiveSCRPAFixV8_5 - INFO - Grid processing: 108/115 records have grid values
2025-08-06 13:13:20,391 - ComprehensiveSCRPAFixV8_5 - INFO - CAD notes parsing complete: 115 records processed
2025-08-06 13:13:20,454 - ComprehensiveSCRPAFixV8_5 - INFO - CAD response_type populated in 115/115 records
2025-08-06 13:13:20,454 - ComprehensiveSCRPAFixV8_5 - INFO - CAD grid populated in 108/115 records
2025-08-06 13:13:20,455 - ComprehensiveSCRPAFixV8_5 - INFO - CAD post populated in 111/115 records
2025-08-06 13:13:20,455 - ComprehensiveSCRPAFixV8_5 - INFO - ✅ CAD header validation PASSED: All 36 columns follow lowercase snake_case
2025-08-06 13:13:20,455 - ComprehensiveSCRPAFixV8_5 - INFO - CAD headers validation passed - all headers are lowercase snake_case
2025-08-06 13:13:20,456 - ComprehensiveSCRPAFixV8_5 - INFO - CAD processing complete: 115 records
2025-08-06 13:13:20,456 - ComprehensiveSCRPAFixV8_5 - INFO - Final CAD columns: ['case_number', 'incident', 'response_type', 'category_type', 'response_type_cad', 'category_type_cad', 'how_reported', 'location', 'block', 'grid', 'post', 'time_of_call', 'time_dispatched', 'time_out', 'time_in', 'time_spent_minutes', 'time_response_minutes', 'time_spent_formatted', 'time_response_formatted', 'officer', 'disposition', 'cad_notes_cleaned', 'cad_username', 'cad_timestamp', 'cycle_name']
2025-08-06 13:13:20,476 - ComprehensiveSCRPAFixV8_5 - INFO - ✅ CAD header validation PASSED: All 25 columns follow lowercase snake_case
2025-08-06 13:13:20,476 - ComprehensiveSCRPAFixV8_5 - INFO - 💾 Writing standard CSV: 115 rows
2025-08-06 13:13:20,480 - ComprehensiveSCRPAFixV8_5 - INFO - CAD data saved: C:\Users\carucci_r\OneDrive - City of Hackensack\01_DataSources\SCRPA_Time_v2\04_powerbi\C08W32_20250806_7Day_cad_data_standardized_v2.csv
2025-08-06 13:13:20,481 - ComprehensiveSCRPAFixV8_5 - INFO - ✅ CAD Data header validation PASSED: All 25 columns follow lowercase snake_case
2025-08-06 13:13:20,481 - ComprehensiveSCRPAFixV8_5 - INFO - ================================================================================
2025-08-06 13:13:20,481 - ComprehensiveSCRPAFixV8_5 - INFO - COMPREHENSIVE QC REPORT - CAD INCIDENT MAPPING
2025-08-06 13:13:20,481 - ComprehensiveSCRPAFixV8_5 - INFO - ================================================================================
2025-08-06 13:13:20,481 - ComprehensiveSCRPAFixV8_5 - INFO - 1. REFERENCE FILE VALIDATION
2025-08-06 13:13:20,481 - ComprehensiveSCRPAFixV8_5 - INFO - OK Reference file loaded: 592 records
2025-08-06 13:13:20,482 - ComprehensiveSCRPAFixV8_5 - INFO - OK Unique incidents: 574
2025-08-06 13:13:20,482 - ComprehensiveSCRPAFixV8_5 - INFO - OK Duplicates found: 30
2025-08-06 13:13:20,482 - ComprehensiveSCRPAFixV8_5 - INFO - OK Duplicates resolved: 30 (deterministic)
2025-08-06 13:13:20,482 - ComprehensiveSCRPAFixV8_5 - INFO - OK Resolution method: priority_based_deterministic
2025-08-06 13:13:20,482 - ComprehensiveSCRPAFixV8_5 - INFO - 
2025-08-06 13:13:20,482 - ComprehensiveSCRPAFixV8_5 - INFO - 2. MAPPING PERFORMANCE VALIDATION
2025-08-06 13:13:20,482 - ComprehensiveSCRPAFixV8_5 - INFO - OK Mapping success rate: 100.0% (>= 98.0%)
2025-08-06 13:13:20,482 - ComprehensiveSCRPAFixV8_5 - INFO - OK Mapped incidents: 115/115
2025-08-06 13:13:20,483 - ComprehensiveSCRPAFixV8_5 - INFO - 
2025-08-06 13:13:20,483 - ComprehensiveSCRPAFixV8_5 - INFO - 3. DATA QUALITY VALIDATION
2025-08-06 13:13:20,483 - ComprehensiveSCRPAFixV8_5 - INFO - OK All required columns present
2025-08-06 13:13:20,483 - ComprehensiveSCRPAFixV8_5 - INFO - OK Total records: 115
2025-08-06 13:13:20,483 - ComprehensiveSCRPAFixV8_5 - INFO - OK Incident populated: 115/115
2025-08-06 13:13:20,483 - ComprehensiveSCRPAFixV8_5 - INFO - OK Response type populated: 115/115
2025-08-06 13:13:20,483 - ComprehensiveSCRPAFixV8_5 - INFO - OK Category type populated: 115/115
2025-08-06 13:13:20,484 - ComprehensiveSCRPAFixV8_5 - INFO - OK No data loss: record count maintained
2025-08-06 13:13:20,484 - ComprehensiveSCRPAFixV8_5 - INFO - 
2025-08-06 13:13:20,484 - ComprehensiveSCRPAFixV8_5 - INFO - 4. HEADER COMPLIANCE VALIDATION
2025-08-06 13:13:20,484 - ComprehensiveSCRPAFixV8_5 - INFO - OK All headers lowercase snake_case: 25/25
2025-08-06 13:13:20,484 - ComprehensiveSCRPAFixV8_5 - INFO - 
2025-08-06 13:13:20,484 - ComprehensiveSCRPAFixV8_5 - INFO - 6. OVERALL QC STATUS
2025-08-06 13:13:20,484 - ComprehensiveSCRPAFixV8_5 - INFO - SUCCESS OVERALL STATUS: PASS - All validations successful
2025-08-06 13:13:20,484 - ComprehensiveSCRPAFixV8_5 - INFO - OK CAD incident mapping pipeline is fully operational
2025-08-06 13:13:20,484 - ComprehensiveSCRPAFixV8_5 - INFO - OK Ready for production use
2025-08-06 13:13:20,485 - ComprehensiveSCRPAFixV8_5 - INFO - ================================================================================
2025-08-06 13:13:20,485 - ComprehensiveSCRPAFixV8_5 - INFO - Enhanced QC Report Status: PASS
2025-08-06 13:13:20,485 - ComprehensiveSCRPAFixV8_5 - INFO - All QC validations passed successfully
2025-08-06 13:13:20,485 - ComprehensiveSCRPAFixV8_5 - INFO - ============================================================
2025-08-06 13:13:20,485 - ComprehensiveSCRPAFixV8_5 - INFO - COMPREHENSIVE SCRPA FIX V8.5 COMPLETE - VALIDATION SUMMARY
2025-08-06 13:13:20,485 - ComprehensiveSCRPAFixV8_5 - INFO - ============================================================
2025-08-06 13:13:20,485 - ComprehensiveSCRPAFixV8_5 - INFO - ✅ RMS records processed: 0
2025-08-06 13:13:20,485 - ComprehensiveSCRPAFixV8_5 - INFO - ✅ CAD records processed: 115
2025-08-06 13:13:20,486 - ComprehensiveSCRPAFixV8_5 - INFO - ✅ Output directory: C:\Users\carucci_r\OneDrive - City of Hackensack\01_DataSources\SCRPA_Time_v2\04_powerbi
2025-08-06 13:13:20,486 - ComprehensiveSCRPAFixV8_5 - INFO - ============================================================
2025-08-06 13:13:20,486 - ComprehensiveSCRPAFixV8_5 - INFO - Running comprehensive export consistency validation...
2025-08-06 13:13:20,487 - ComprehensiveSCRPAFixV8_5 - INFO - Found 8 CSV files for validation
2025-08-06 13:13:20,487 - ComprehensiveSCRPAFixV8_5 - INFO - ======================================================================
2025-08-06 13:13:20,487 - ComprehensiveSCRPAFixV8_5 - INFO - COMPREHENSIVE EXPORT CONSISTENCY VALIDATION
2025-08-06 13:13:20,488 - ComprehensiveSCRPAFixV8_5 - INFO - ======================================================================
2025-08-06 13:13:21,261 - ComprehensiveSCRPAFixV8_5 - INFO - Analyzing: C08W32_20250805_7Day_cad_data_standardized_v2-PD_BCI_LTP.csv (115 rows, 25 columns)
2025-08-06 13:13:21,262 - ComprehensiveSCRPAFixV8_5 - INFO - ✅ C08W32_20250805_7Day_cad_data_standardized_v2-PD_BCI_LTP.csv header validation PASSED: All 25 columns follow lowercase snake_case
2025-08-06 13:13:21,262 - ComprehensiveSCRPAFixV8_5 - INFO -   Headers: All 25 columns follow lowercase_snake_case
2025-08-06 13:13:21,269 - ComprehensiveSCRPAFixV8_5 - INFO -   Data Types: 22 string, 3 numeric, 0 datetime, 0 mixed
2025-08-06 13:13:21,269 - ComprehensiveSCRPAFixV8_5 - WARNING -   Data Quality Issues: 1
2025-08-06 13:13:21,270 - ComprehensiveSCRPAFixV8_5 - WARNING -     - Column 'cad_username' contains mixed numeric/string data
2025-08-06 13:13:21,276 - ComprehensiveSCRPAFixV8_5 - INFO -   Power BI Ready: No import issues detected
2025-08-06 13:13:21,282 - ComprehensiveSCRPAFixV8_5 - INFO - Analyzing: C08W32_20250805_7Day_cad_data_standardized_v2.csv (115 rows, 25 columns)
2025-08-06 13:13:21,282 - ComprehensiveSCRPAFixV8_5 - INFO - ✅ C08W32_20250805_7Day_cad_data_standardized_v2.csv header validation PASSED: All 25 columns follow lowercase snake_case
2025-08-06 13:13:21,282 - ComprehensiveSCRPAFixV8_5 - INFO -   Headers: All 25 columns follow lowercase_snake_case
2025-08-06 13:13:21,287 - ComprehensiveSCRPAFixV8_5 - INFO -   Data Types: 20 string, 5 numeric, 0 datetime, 0 mixed
2025-08-06 13:13:21,288 - ComprehensiveSCRPAFixV8_5 - WARNING -   Data Quality Issues: 5
2025-08-06 13:13:21,288 - ComprehensiveSCRPAFixV8_5 - WARNING -     - Column 'time_spent_minutes' has high null percentage: 100.0%
2025-08-06 13:13:21,288 - ComprehensiveSCRPAFixV8_5 - WARNING -     - Column 'time_response_minutes' has high null percentage: 100.0%
2025-08-06 13:13:21,288 - ComprehensiveSCRPAFixV8_5 - WARNING -     - Column 'time_spent_formatted' has high null percentage: 100.0%
2025-08-06 13:13:21,294 - ComprehensiveSCRPAFixV8_5 - WARNING -   Power BI Issues: 1
2025-08-06 13:13:21,294 - ComprehensiveSCRPAFixV8_5 - WARNING -     - Completely empty columns found: time_spent_minutes, time_response_minutes, time_spent_formatted, time_response_formatted
2025-08-06 13:13:21,307 - ComprehensiveSCRPAFixV8_5 - INFO - Analyzing: C08W32_20250805_7Day_cad_rms_matched_standardized-PD_BCI_LTP.csv (120 rows, 32 columns)
2025-08-06 13:13:21,307 - ComprehensiveSCRPAFixV8_5 - INFO - ✅ C08W32_20250805_7Day_cad_rms_matched_standardized-PD_BCI_LTP.csv header validation PASSED: All 32 columns follow lowercase snake_case
2025-08-06 13:13:21,307 - ComprehensiveSCRPAFixV8_5 - INFO -   Headers: All 32 columns follow lowercase_snake_case
2025-08-06 13:13:21,315 - ComprehensiveSCRPAFixV8_5 - INFO -   Data Types: 28 string, 4 numeric, 0 datetime, 0 mixed
2025-08-06 13:13:21,315 - ComprehensiveSCRPAFixV8_5 - WARNING -   Data Quality Issues: 3
2025-08-06 13:13:21,315 - ComprehensiveSCRPAFixV8_5 - WARNING -     - Column 'vehicle_2' has high null percentage: 96.7%
2025-08-06 13:13:21,315 - ComprehensiveSCRPAFixV8_5 - WARNING -     - Column 'vehicle_1_and_vehicle_2' has high null percentage: 96.7%
2025-08-06 13:13:21,315 - ComprehensiveSCRPAFixV8_5 - WARNING -     - Column 'total_value_stolen' has high null percentage: 95.8%
2025-08-06 13:13:21,326 - ComprehensiveSCRPAFixV8_5 - INFO -   Power BI Ready: No import issues detected
2025-08-06 13:13:21,338 - ComprehensiveSCRPAFixV8_5 - INFO - Analyzing: C08W32_20250805_7Day_cad_rms_matched_standardized.csv (138 rows, 32 columns)
2025-08-06 13:13:21,338 - ComprehensiveSCRPAFixV8_5 - INFO - ✅ C08W32_20250805_7Day_cad_rms_matched_standardized.csv header validation PASSED: All 32 columns follow lowercase snake_case
2025-08-06 13:13:21,338 - ComprehensiveSCRPAFixV8_5 - INFO -   Headers: All 32 columns follow lowercase_snake_case
2025-08-06 13:13:21,346 - ComprehensiveSCRPAFixV8_5 - INFO -   Data Types: 28 string, 4 numeric, 0 datetime, 0 mixed
2025-08-06 13:13:21,346 - ComprehensiveSCRPAFixV8_5 - WARNING -   Data Quality Issues: 3
2025-08-06 13:13:21,347 - ComprehensiveSCRPAFixV8_5 - WARNING -     - Column 'vehicle_2' has high null percentage: 97.1%
2025-08-06 13:13:21,347 - ComprehensiveSCRPAFixV8_5 - WARNING -     - Column 'vehicle_1_and_vehicle_2' has high null percentage: 97.1%
2025-08-06 13:13:21,347 - ComprehensiveSCRPAFixV8_5 - WARNING -     - Column 'total_value_stolen' has high null percentage: 96.4%
2025-08-06 13:13:21,357 - ComprehensiveSCRPAFixV8_5 - INFO -   Power BI Ready: No import issues detected
2025-08-06 13:13:22,397 - ComprehensiveSCRPAFixV8_5 - INFO - Analyzing: C08W32_20250805_7Day_rms_data_standardized_v3-PD_BCI_LTP.csv (120 rows, 25 columns)
2025-08-06 13:13:22,399 - ComprehensiveSCRPAFixV8_5 - INFO - ✅ C08W32_20250805_7Day_rms_data_standardized_v3-PD_BCI_LTP.csv header validation PASSED: All 25 columns follow lowercase snake_case
2025-08-06 13:13:22,399 - ComprehensiveSCRPAFixV8_5 - INFO -   Headers: All 25 columns follow lowercase_snake_case
2025-08-06 13:13:22,405 - ComprehensiveSCRPAFixV8_5 - INFO -   Data Types: 22 string, 3 numeric, 0 datetime, 0 mixed
2025-08-06 13:13:22,405 - ComprehensiveSCRPAFixV8_5 - WARNING -   Data Quality Issues: 3
2025-08-06 13:13:22,405 - ComprehensiveSCRPAFixV8_5 - WARNING -     - Column 'vehicle_2' has high null percentage: 96.7%
2025-08-06 13:13:22,405 - ComprehensiveSCRPAFixV8_5 - WARNING -     - Column 'vehicle_1_and_vehicle_2' has high null percentage: 96.7%
2025-08-06 13:13:22,406 - ComprehensiveSCRPAFixV8_5 - WARNING -     - Column 'total_value_stolen' has high null percentage: 95.8%
2025-08-06 13:13:22,415 - ComprehensiveSCRPAFixV8_5 - INFO -   Power BI Ready: No import issues detected
2025-08-06 13:13:22,428 - ComprehensiveSCRPAFixV8_5 - INFO - Analyzing: C08W32_20250805_7Day_rms_data_standardized_v3.csv (138 rows, 25 columns)
2025-08-06 13:13:22,428 - ComprehensiveSCRPAFixV8_5 - INFO - ✅ C08W32_20250805_7Day_rms_data_standardized_v3.csv header validation PASSED: All 25 columns follow lowercase snake_case
2025-08-06 13:13:22,428 - ComprehensiveSCRPAFixV8_5 - INFO -   Headers: All 25 columns follow lowercase_snake_case
2025-08-06 13:13:22,435 - ComprehensiveSCRPAFixV8_5 - INFO -   Data Types: 22 string, 3 numeric, 0 datetime, 0 mixed
2025-08-06 13:13:22,435 - ComprehensiveSCRPAFixV8_5 - WARNING -   Data Quality Issues: 3
2025-08-06 13:13:22,435 - ComprehensiveSCRPAFixV8_5 - WARNING -     - Column 'vehicle_2' has high null percentage: 97.1%
2025-08-06 13:13:22,435 - ComprehensiveSCRPAFixV8_5 - WARNING -     - Column 'vehicle_1_and_vehicle_2' has high null percentage: 97.1%
2025-08-06 13:13:22,435 - ComprehensiveSCRPAFixV8_5 - WARNING -     - Column 'total_value_stolen' has high null percentage: 96.4%
2025-08-06 13:13:22,446 - ComprehensiveSCRPAFixV8_5 - INFO -   Power BI Ready: No import issues detected
2025-08-06 13:13:22,452 - ComprehensiveSCRPAFixV8_5 - INFO - Analyzing: C08W32_20250805_7Day_SCRPA_Incidents.csv (2 rows, 9 columns)
2025-08-06 13:13:22,452 - ComprehensiveSCRPAFixV8_5 - INFO - ✅ C08W32_20250805_7Day_SCRPA_Incidents.csv header validation PASSED: All 9 columns follow lowercase snake_case
2025-08-06 13:13:22,453 - ComprehensiveSCRPAFixV8_5 - INFO -   Headers: All 9 columns follow lowercase_snake_case
2025-08-06 13:13:22,457 - ComprehensiveSCRPAFixV8_5 - INFO -   Data Types: 9 string, 0 numeric, 0 datetime, 0 mixed
2025-08-06 13:13:22,461 - ComprehensiveSCRPAFixV8_5 - INFO -   Power BI Ready: No import issues detected
2025-08-06 13:13:22,464 - ComprehensiveSCRPAFixV8_5 - INFO - Analyzing: C08W32_20250806_7Day_cad_data_standardized_v2.csv (115 rows, 25 columns)
2025-08-06 13:13:22,464 - ComprehensiveSCRPAFixV8_5 - INFO - ✅ C08W32_20250806_7Day_cad_data_standardized_v2.csv header validation PASSED: All 25 columns follow lowercase snake_case
2025-08-06 13:13:22,464 - ComprehensiveSCRPAFixV8_5 - INFO -   Headers: All 25 columns follow lowercase_snake_case
2025-08-06 13:13:22,471 - ComprehensiveSCRPAFixV8_5 - INFO -   Data Types: 22 string, 3 numeric, 0 datetime, 0 mixed
2025-08-06 13:13:22,471 - ComprehensiveSCRPAFixV8_5 - WARNING -   Data Quality Issues: 1
2025-08-06 13:13:22,471 - ComprehensiveSCRPAFixV8_5 - WARNING -     - Column 'cad_username' contains mixed numeric/string data
2025-08-06 13:13:22,478 - ComprehensiveSCRPAFixV8_5 - INFO -   Power BI Ready: No import issues detected
2025-08-06 13:13:22,479 - ComprehensiveSCRPAFixV8_5 - INFO - Cross-File Compatibility Analysis:
2025-08-06 13:13:22,479 - ComprehensiveSCRPAFixV8_5 - INFO -   Total unique columns across all files: 54
2025-08-06 13:13:22,479 - ComprehensiveSCRPAFixV8_5 - INFO -   Common columns across all files: 1
2025-08-06 13:13:22,480 - ComprehensiveSCRPAFixV8_5 - INFO -   C08W32_20250805_7Day_cad_data_standardized_v2-PD_BCI_LTP.csv specific columns: 24
2025-08-06 13:13:22,480 - ComprehensiveSCRPAFixV8_5 - INFO -     - category_type_cad, time_out, response_type_cad, response_type, cycle_name (and 19 more)
2025-08-06 13:13:22,480 - ComprehensiveSCRPAFixV8_5 - INFO -   C08W32_20250805_7Day_cad_data_standardized_v2.csv specific columns: 24
2025-08-06 13:13:22,480 - ComprehensiveSCRPAFixV8_5 - INFO -     - category_type_cad, time_out, response_type_cad, response_type, cycle_name (and 19 more)
2025-08-06 13:13:22,480 - ComprehensiveSCRPAFixV8_5 - INFO -   C08W32_20250805_7Day_cad_rms_matched_standardized-PD_BCI_LTP.csv specific columns: 31
2025-08-06 13:13:22,481 - ComprehensiveSCRPAFixV8_5 - INFO -     - time_of_day_sort_order, squad, category_type_cad, response_type, cycle_name (and 26 more)
2025-08-06 13:13:22,481 - ComprehensiveSCRPAFixV8_5 - INFO -   C08W32_20250805_7Day_cad_rms_matched_standardized.csv specific columns: 31
2025-08-06 13:13:22,481 - ComprehensiveSCRPAFixV8_5 - INFO -     - time_of_day_sort_order, squad, category_type_cad, response_type, cycle_name (and 26 more)
2025-08-06 13:13:22,481 - ComprehensiveSCRPAFixV8_5 - INFO -   C08W32_20250805_7Day_rms_data_standardized_v3-PD_BCI_LTP.csv specific columns: 24
2025-08-06 13:13:22,481 - ComprehensiveSCRPAFixV8_5 - INFO -     - time_of_day_sort_order, narrative, case_status, squad, officer_of_record (and 19 more)
2025-08-06 13:13:22,482 - ComprehensiveSCRPAFixV8_5 - INFO -   C08W32_20250805_7Day_rms_data_standardized_v3.csv specific columns: 24
2025-08-06 13:13:22,482 - ComprehensiveSCRPAFixV8_5 - INFO -     - time_of_day_sort_order, narrative, case_status, squad, officer_of_record (and 19 more)
2025-08-06 13:13:22,482 - ComprehensiveSCRPAFixV8_5 - INFO -   C08W32_20250805_7Day_SCRPA_Incidents.csv specific columns: 8
2025-08-06 13:13:22,482 - ComprehensiveSCRPAFixV8_5 - INFO -     - status, narrative, vehicle_registration, crime_category, incident_date_time (and 3 more)
2025-08-06 13:13:22,482 - ComprehensiveSCRPAFixV8_5 - INFO -   C08W32_20250806_7Day_cad_data_standardized_v2.csv specific columns: 24
2025-08-06 13:13:22,482 - ComprehensiveSCRPAFixV8_5 - INFO -     - category_type_cad, time_out, response_type_cad, response_type, cycle_name (and 19 more)
2025-08-06 13:13:22,483 - ComprehensiveSCRPAFixV8_5 - INFO -   All common columns have consistent data types
2025-08-06 13:13:22,483 - ComprehensiveSCRPAFixV8_5 - INFO - ======================================================================
2025-08-06 13:13:22,483 - ComprehensiveSCRPAFixV8_5 - INFO - EXPORT CONSISTENCY VALIDATION SUMMARY
2025-08-06 13:13:22,483 - ComprehensiveSCRPAFixV8_5 - INFO - ======================================================================
2025-08-06 13:13:22,483 - ComprehensiveSCRPAFixV8_5 - INFO - Overall Status: WARNING
2025-08-06 13:13:22,484 - ComprehensiveSCRPAFixV8_5 - INFO - Files Validated: 8
2025-08-06 13:13:22,484 - ComprehensiveSCRPAFixV8_5 - INFO - Issues Found: 1
2025-08-06 13:13:22,484 - ComprehensiveSCRPAFixV8_5 - INFO - Power BI Ready Files: 7/8
2025-08-06 13:13:22,484 - ComprehensiveSCRPAFixV8_5 - INFO - Recommendations:
2025-08-06 13:13:22,484 - ComprehensiveSCRPAFixV8_5 - INFO -   - Review header naming conventions to ensure lowercase_snake_case compliance
2025-08-06 13:13:22,484 - ComprehensiveSCRPAFixV8_5 - INFO -   - Standardize data types for common columns across all files
2025-08-06 13:13:22,485 - ComprehensiveSCRPAFixV8_5 - INFO -   - Address Power BI compatibility issues before import
2025-08-06 13:13:22,485 - ComprehensiveSCRPAFixV8_5 - INFO -   - C08W32_20250805_7Day_cad_data_standardized_v2.csv: Consider reviewing columns with >75% null values: time_spent_minutes, time_response_minutes, time_spent_formatted
2025-08-06 13:13:22,485 - ComprehensiveSCRPAFixV8_5 - INFO -   - C08W32_20250805_7Day_cad_rms_matched_standardized-PD_BCI_LTP.csv: Consider reviewing columns with >75% null values: vehicle_2, vehicle_1_and_vehicle_2, total_value_stolen
2025-08-06 13:13:22,485 - ComprehensiveSCRPAFixV8_5 - INFO - ======================================================================
2025-08-06 13:13:22,485 - ComprehensiveSCRPAFixV8_5 - WARNING - ⚠️ Export validation completed with warnings - review before Power BI import
