2025-08-04 21:12:04,794 - ComprehensiveSCRPAFixV8_5 - INFO - === Comprehensive SCRPA Fix V8.5 - Cycle Calendar Integration Version ===
2025-08-04 21:12:05,600 - ComprehensiveSCRPAFixV8_5 - INFO - Loaded call type reference: 592 records
2025-08-04 21:12:05,601 - ComprehensiveSCRPAFixV8_5 - INFO - Reference file columns: ['Incident', 'Category Type', 'Response Type']
2025-08-04 21:12:05,602 - ComprehensiveSCRPAFixV8_5 - INFO - Incident column forced to string type with 592 records
2025-08-04 21:12:05,731 - ComprehensiveSCRPAFixV8_5 - INFO - Loaded zone/grid reference: 1368 records
2025-08-04 21:12:05,748 - ComprehensiveSCRPAFixV8_5 - INFO - Loaded cycle calendar: 52 records
2025-08-04 21:12:05,749 - ComprehensiveSCRPAFixV8_5 - INFO - Cycle calendar columns: ['Report_Due_Date', '7_Day_Start', '7_Day_End', '28_Day_Start', '28_Day_End', 'Report_Name']
2025-08-04 21:12:05,750 - ComprehensiveSCRPAFixV8_5 - INFO - Current cycle: C08W31, Date: 20250804
2025-08-04 21:12:05,751 - ComprehensiveSCRPAFixV8_5 - INFO - 🧪 Running Performance Monitoring Demo
2025-08-04 21:12:05,751 - ComprehensiveSCRPAFixV8_5 - INFO - 🚀 Starting Performance Test Demo... (Memory: 99.4MB)
2025-08-04 21:12:05,751 - ComprehensiveSCRPAFixV8_5 - INFO - 🚀 Starting Large DataFrame Creation... (Memory: 99.4MB)
2025-08-04 21:12:05,754 - ComprehensiveSCRPAFixV8_5 - INFO - ⚡ Completed Large DataFrame Creation (Fast):
2025-08-04 21:12:05,754 - ComprehensiveSCRPAFixV8_5 - INFO -   ⏱️ Duration: 0.00s
2025-08-04 21:12:05,754 - ComprehensiveSCRPAFixV8_5 - INFO -   💾 Memory: 100.5MB (Δ+1.0MB)
2025-08-04 21:12:05,762 - ComprehensiveSCRPAFixV8_5 - INFO - 💾 Test DataFrame memory optimized: 0.7MB → 0.1MB (saved 0.6MB)
2025-08-04 21:12:05,762 - ComprehensiveSCRPAFixV8_5 - INFO - 🚀 Starting DataFrame Operations... (Memory: 100.6MB)
2025-08-04 21:12:05,769 - ComprehensiveSCRPAFixV8_5 - INFO - ⚡ Completed DataFrame Operations (Fast):
2025-08-04 21:12:05,769 - ComprehensiveSCRPAFixV8_5 - INFO -   ⏱️ Duration: 0.01s
2025-08-04 21:12:05,769 - ComprehensiveSCRPAFixV8_5 - INFO -   💾 Memory: 100.9MB (Δ+0.2MB)
2025-08-04 21:12:05,795 - ComprehensiveSCRPAFixV8_5 - INFO - 📊 System Performance Summary: {'memory_rss_mb': 100.859375, 'memory_vms_mb': 813.48046875, 'cpu_percent': 0.0, 'num_threads': 26, 'system_memory_percent': 79.3, 'system_cpu_percent': 37.7}
2025-08-04 21:12:05,817 - ComprehensiveSCRPAFixV8_5 - INFO - ⚡ Completed Performance Test Demo (Fast):
2025-08-04 21:12:05,818 - ComprehensiveSCRPAFixV8_5 - INFO -   ⏱️ Duration: 0.07s
2025-08-04 21:12:05,818 - ComprehensiveSCRPAFixV8_5 - INFO -   💾 Memory: 100.9MB (Δ+1.5MB)
2025-08-04 21:12:05,818 - ComprehensiveSCRPAFixV8_5 - INFO - ✅ Performance monitoring demo completed successfully
2025-08-04 21:12:05,819 - ComprehensiveSCRPAFixV8_5 - INFO - 🧪 Testing chunked processing functionality
2025-08-04 21:12:05,819 - ComprehensiveSCRPAFixV8_5 - INFO - 🚀 Starting Creating test dataset... (Memory: 100.9MB)
2025-08-04 21:12:05,841 - ComprehensiveSCRPAFixV8_5 - INFO - 📁 Created test file: C:\Users\carucci_r\OneDrive - City of Hackensack\01_DataSources\SCRPA_Time_v2\03_output\temp\test_large_dataset_2500_rows.csv (2,500 rows)
2025-08-04 21:12:05,841 - ComprehensiveSCRPAFixV8_5 - INFO - ⚡ Completed Creating test dataset (Fast):
2025-08-04 21:12:05,842 - ComprehensiveSCRPAFixV8_5 - INFO -   ⏱️ Duration: 0.02s
2025-08-04 21:12:05,842 - ComprehensiveSCRPAFixV8_5 - INFO -   💾 Memory: 101.5MB (Δ+0.6MB)
2025-08-04 21:12:05,842 - ComprehensiveSCRPAFixV8_5 - INFO - 🚀 Starting Chunked processing test... (Memory: 101.5MB)
2025-08-04 21:12:05,847 - ComprehensiveSCRPAFixV8_5 - INFO - 📚 Processing large dataset: 2500 rows in chunks of 500
2025-08-04 21:12:05,848 - ComprehensiveSCRPAFixV8_5 - INFO - 🚀 Starting Chunked processing (2500 rows)... (Memory: 101.5MB)
2025-08-04 21:12:05,854 - ComprehensiveSCRPAFixV8_5 - INFO - 🚀 Starting Chunk 1... (Memory: 103.4MB)
2025-08-04 21:12:05,879 - ComprehensiveSCRPAFixV8_5 - INFO - 📊 Progress: 500/2,500 rows (20.0%)
2025-08-04 21:12:05,879 - ComprehensiveSCRPAFixV8_5 - INFO - ⚡ Completed Chunk 1 (Fast):
2025-08-04 21:12:05,880 - ComprehensiveSCRPAFixV8_5 - INFO -   ⏱️ Duration: 0.03s
2025-08-04 21:12:05,880 - ComprehensiveSCRPAFixV8_5 - INFO -   💾 Memory: 103.5MB (Δ+0.1MB)
2025-08-04 21:12:05,887 - ComprehensiveSCRPAFixV8_5 - INFO - 🚀 Starting Chunk 2... (Memory: 103.6MB)
2025-08-04 21:12:05,908 - ComprehensiveSCRPAFixV8_5 - INFO - 📊 Progress: 1,000/2,500 rows (40.0%)
2025-08-04 21:12:05,909 - ComprehensiveSCRPAFixV8_5 - INFO - ⚡ Completed Chunk 2 (Fast):
2025-08-04 21:12:05,909 - ComprehensiveSCRPAFixV8_5 - INFO -   ⏱️ Duration: 0.02s
2025-08-04 21:12:05,909 - ComprehensiveSCRPAFixV8_5 - INFO -   💾 Memory: 103.6MB (Δ+0.1MB)
2025-08-04 21:12:05,915 - ComprehensiveSCRPAFixV8_5 - INFO - 🚀 Starting Chunk 3... (Memory: 103.7MB)
2025-08-04 21:12:05,936 - ComprehensiveSCRPAFixV8_5 - INFO - 📊 Progress: 1,500/2,500 rows (60.0%)
2025-08-04 21:12:05,936 - ComprehensiveSCRPAFixV8_5 - INFO - ⚡ Completed Chunk 3 (Fast):
2025-08-04 21:12:05,937 - ComprehensiveSCRPAFixV8_5 - INFO -   ⏱️ Duration: 0.02s
2025-08-04 21:12:05,937 - ComprehensiveSCRPAFixV8_5 - INFO -   💾 Memory: 103.8MB (Δ+0.1MB)
2025-08-04 21:12:05,942 - ComprehensiveSCRPAFixV8_5 - INFO - 🚀 Starting Chunk 4... (Memory: 104.3MB)
2025-08-04 21:12:05,962 - ComprehensiveSCRPAFixV8_5 - INFO - 📊 Progress: 2,000/2,500 rows (80.0%)
2025-08-04 21:12:05,963 - ComprehensiveSCRPAFixV8_5 - INFO - ⚡ Completed Chunk 4 (Fast):
2025-08-04 21:12:05,963 - ComprehensiveSCRPAFixV8_5 - INFO -   ⏱️ Duration: 0.02s
2025-08-04 21:12:05,964 - ComprehensiveSCRPAFixV8_5 - INFO -   💾 Memory: 104.3MB (Δ+0.0MB)
2025-08-04 21:12:05,968 - ComprehensiveSCRPAFixV8_5 - INFO - 🚀 Starting Chunk 5... (Memory: 103.7MB)
2025-08-04 21:12:05,989 - ComprehensiveSCRPAFixV8_5 - INFO - 📊 Progress: 2,500/2,500 rows (100.0%)
2025-08-04 21:12:05,990 - ComprehensiveSCRPAFixV8_5 - INFO - ⚡ Completed Chunk 5 (Fast):
2025-08-04 21:12:05,990 - ComprehensiveSCRPAFixV8_5 - INFO -   ⏱️ Duration: 0.02s
2025-08-04 21:12:05,990 - ComprehensiveSCRPAFixV8_5 - INFO -   💾 Memory: 103.7MB (Δ+0.0MB)
2025-08-04 21:12:05,991 - ComprehensiveSCRPAFixV8_5 - INFO - 🔗 Combining processed chunks...
2025-08-04 21:12:06,026 - ComprehensiveSCRPAFixV8_5 - INFO - ⚡ Completed Chunked processing (2500 rows) (Fast):
2025-08-04 21:12:06,026 - ComprehensiveSCRPAFixV8_5 - INFO -   ⏱️ Duration: 0.18s
2025-08-04 21:12:06,026 - ComprehensiveSCRPAFixV8_5 - INFO -   💾 Memory: 103.1MB (Δ+1.6MB)
2025-08-04 21:12:06,027 - ComprehensiveSCRPAFixV8_5 - INFO - ✅ Large dataset processing complete: 2,500 total records
2025-08-04 21:12:06,027 - ComprehensiveSCRPAFixV8_5 - INFO - ⚡ Completed Chunked processing test (Fast):
2025-08-04 21:12:06,027 - ComprehensiveSCRPAFixV8_5 - INFO -   ⏱️ Duration: 0.18s
2025-08-04 21:12:06,028 - ComprehensiveSCRPAFixV8_5 - INFO -   💾 Memory: 103.1MB (Δ+1.6MB)
2025-08-04 21:12:06,028 - ComprehensiveSCRPAFixV8_5 - INFO - ✅ Chunked processing test validation:
2025-08-04 21:12:06,028 - ComprehensiveSCRPAFixV8_5 - INFO -   📊 Original rows: 2,500
2025-08-04 21:12:06,028 - ComprehensiveSCRPAFixV8_5 - INFO -   📊 Processed rows: 2,500
2025-08-04 21:12:06,028 - ComprehensiveSCRPAFixV8_5 - INFO -   📊 Columns: 8
2025-08-04 21:12:06,030 - ComprehensiveSCRPAFixV8_5 - INFO -   📊 Memory usage: 0.6MB
2025-08-04 21:12:06,031 - ComprehensiveSCRPAFixV8_5 - INFO - ✅ Data integrity check PASSED
2025-08-04 21:12:06,032 - ComprehensiveSCRPAFixV8_5 - INFO - 🗑️ Cleaned up test file: test_large_dataset_2500_rows.csv
2025-08-04 21:12:06,032 - ComprehensiveSCRPAFixV8_5 - INFO - ✅ Chunked processing test completed
2025-08-04 21:12:06,032 - ComprehensiveSCRPAFixV8_5 - INFO - 🧪 Testing large file writing functionality
2025-08-04 21:12:06,033 - ComprehensiveSCRPAFixV8_5 - INFO - 🚀 Starting Creating large test dataset... (Memory: 103.1MB)
2025-08-04 21:12:06,044 - ComprehensiveSCRPAFixV8_5 - INFO - 📊 Created large test dataset: 5,000 rows, 10 columns
2025-08-04 21:12:06,050 - ComprehensiveSCRPAFixV8_5 - INFO - 📊 Memory usage: 2.2MB
2025-08-04 21:12:06,050 - ComprehensiveSCRPAFixV8_5 - INFO - ⚡ Completed Creating large test dataset (Fast):
2025-08-04 21:12:06,050 - ComprehensiveSCRPAFixV8_5 - INFO -   ⏱️ Duration: 0.02s
2025-08-04 21:12:06,051 - ComprehensiveSCRPAFixV8_5 - INFO -   💾 Memory: 104.1MB (Δ+0.9MB)
2025-08-04 21:12:06,051 - ComprehensiveSCRPAFixV8_5 - INFO - 💾 Writing large CSV: 5,000 rows in chunks of 1,000
2025-08-04 21:12:06,052 - ComprehensiveSCRPAFixV8_5 - INFO - 🚀 Starting Large CSV write (5,000 rows)... (Memory: 104.1MB)
2025-08-04 21:12:06,061 - ComprehensiveSCRPAFixV8_5 - INFO - 📝 Write progress: 1,000/5,000 rows (20.0%)
2025-08-04 21:12:06,068 - ComprehensiveSCRPAFixV8_5 - INFO - 📝 Write progress: 2,000/5,000 rows (40.0%)
2025-08-04 21:12:06,076 - ComprehensiveSCRPAFixV8_5 - INFO - 📝 Write progress: 3,000/5,000 rows (60.0%)
2025-08-04 21:12:06,083 - ComprehensiveSCRPAFixV8_5 - INFO - 📝 Write progress: 4,000/5,000 rows (80.0%)
2025-08-04 21:12:06,090 - ComprehensiveSCRPAFixV8_5 - INFO - 📝 Write progress: 5,000/5,000 rows (100.0%)
2025-08-04 21:12:06,090 - ComprehensiveSCRPAFixV8_5 - INFO - ⚡ Completed Large CSV write (5,000 rows) (Fast):
2025-08-04 21:12:06,091 - ComprehensiveSCRPAFixV8_5 - INFO -   ⏱️ Duration: 0.04s
2025-08-04 21:12:06,091 - ComprehensiveSCRPAFixV8_5 - INFO -   💾 Memory: 104.3MB (Δ+0.3MB)
2025-08-04 21:12:06,091 - ComprehensiveSCRPAFixV8_5 - INFO - ✅ Large CSV write complete: C:\Users\carucci_r\OneDrive - City of Hackensack\01_DataSources\SCRPA_Time_v2\03_output\temp\test_large_export_5000_rows.csv
2025-08-04 21:12:06,092 - ComprehensiveSCRPAFixV8_5 - INFO - ✅ CSV file created: 0.7MB
2025-08-04 21:12:06,102 - ComprehensiveSCRPAFixV8_5 - INFO - ✅ CSV verification: 5 sample rows read successfully
2025-08-04 21:12:06,102 - ComprehensiveSCRPAFixV8_5 - INFO - 📊 Writing large Excel: 5,000 rows in chunks of 1,000
2025-08-04 21:12:06,103 - ComprehensiveSCRPAFixV8_5 - INFO - 🚀 Starting Large Excel write (5,000 rows)... (Memory: 105.0MB)
2025-08-04 21:12:06,133 - ComprehensiveSCRPAFixV8_5 - INFO - 📝 Excel write progress: 1,000/5,000 rows (20.0%)
2025-08-04 21:12:06,159 - ComprehensiveSCRPAFixV8_5 - INFO - 📝 Excel write progress: 2,000/5,000 rows (40.0%)
2025-08-04 21:12:06,186 - ComprehensiveSCRPAFixV8_5 - INFO - 📝 Excel write progress: 3,000/5,000 rows (60.0%)
2025-08-04 21:12:06,211 - ComprehensiveSCRPAFixV8_5 - INFO - 📝 Excel write progress: 4,000/5,000 rows (80.0%)
2025-08-04 21:12:06,259 - ComprehensiveSCRPAFixV8_5 - INFO - 📝 Excel write progress: 5,000/5,000 rows (100.0%)
2025-08-04 21:12:06,686 - ComprehensiveSCRPAFixV8_5 - INFO - ⚡ Completed Large Excel write (5,000 rows) (Fast):
2025-08-04 21:12:06,686 - ComprehensiveSCRPAFixV8_5 - INFO -   ⏱️ Duration: 0.58s
2025-08-04 21:12:06,687 - ComprehensiveSCRPAFixV8_5 - INFO -   💾 Memory: 120.3MB (Δ+15.3MB)
2025-08-04 21:12:06,687 - ComprehensiveSCRPAFixV8_5 - INFO - ✅ Large Excel write complete: C:\Users\carucci_r\OneDrive - City of Hackensack\01_DataSources\SCRPA_Time_v2\03_output\temp\test_large_export_5000_rows.xlsx
2025-08-04 21:12:06,687 - ComprehensiveSCRPAFixV8_5 - INFO - ✅ Excel file created: 0.3MB
2025-08-04 21:12:06,689 - ComprehensiveSCRPAFixV8_5 - INFO - 🗑️ Cleaned up test file: test_large_export_5000_rows.csv
2025-08-04 21:12:06,690 - ComprehensiveSCRPAFixV8_5 - INFO - 🗑️ Cleaned up test file: test_large_export_5000_rows.xlsx
2025-08-04 21:12:06,691 - ComprehensiveSCRPAFixV8_5 - INFO - ✅ Large file writing test completed
2025-08-04 21:12:06,692 - ComprehensiveSCRPAFixV8_5 - INFO - 🚀 Starting Complete SCRPA Pipeline V8.5... (Memory: 118.0MB)
2025-08-04 21:12:06,692 - ComprehensiveSCRPAFixV8_5 - INFO - Starting Comprehensive SCRPA Fix V8.5 pipeline...
2025-08-04 21:12:06,692 - ComprehensiveSCRPAFixV8_5 - INFO - ⚡ Completed Complete SCRPA Pipeline V8.5 (Fast):
2025-08-04 21:12:06,692 - ComprehensiveSCRPAFixV8_5 - INFO -   ⏱️ Duration: 0.00s
2025-08-04 21:12:06,692 - ComprehensiveSCRPAFixV8_5 - INFO -   💾 Memory: 118.0MB (Δ+0.0MB)
2025-08-04 21:12:06,693 - ComprehensiveSCRPAFixV8_5 - INFO - Latest CAD file: 2025_08_01_19_38_12_SCRPA_CAD.xlsx
2025-08-04 21:12:06,694 - ComprehensiveSCRPAFixV8_5 - INFO - Latest RMS file: 2025_08_01_19_38_12_SCRPA_RMS.xlsx
2025-08-04 21:12:06,695 - ComprehensiveSCRPAFixV8_5 - INFO - 🚀 Starting RMS Data Processing - 2025_08_01_19_38_12_SCRPA_RMS.xlsx... (Memory: 118.0MB)
2025-08-04 21:12:06,695 - ComprehensiveSCRPAFixV8_5 - INFO - Processing RMS data: 2025_08_01_19_38_12_SCRPA_RMS.xlsx
2025-08-04 21:12:06,695 - ComprehensiveSCRPAFixV8_5 - INFO - 🚀 Starting RMS File Loading... (Memory: 118.0MB)
2025-08-04 21:12:06,740 - ComprehensiveSCRPAFixV8_5 - INFO - Loaded RMS file with 140 rows and 31 columns
2025-08-04 21:12:06,740 - ComprehensiveSCRPAFixV8_5 - INFO - RMS columns found: ['Case Number', 'Incident Date', 'Incident Time', 'Incident Date_Between', 'Incident Time_Between', 'Report Date', 'Report Time', 'Incident Type_1', 'Incident Type_2', 'Incident Type_3', 'FullAddress', 'Grid', 'Zone', 'Narrative', 'Total Value Stolen', 'Total Value Recover', 'Registration 1', 'Make1', 'Model1', 'Reg State 1', 'Registration 2', 'Reg State 2', 'Make2', 'Model2', 'Reviewed By', 'CompleteCalc', 'Officer of Record', 'Squad', 'Det_Assigned', 'Case_Status', 'NIBRS Classification']
2025-08-04 21:12:06,740 - ComprehensiveSCRPAFixV8_5 - INFO - ⚡ Completed RMS File Loading (Fast):
2025-08-04 21:12:06,740 - ComprehensiveSCRPAFixV8_5 - INFO -   ⏱️ Duration: 0.05s
2025-08-04 21:12:06,741 - ComprehensiveSCRPAFixV8_5 - INFO -   💾 Memory: 118.7MB (Δ+0.7MB)
2025-08-04 21:12:06,741 - ComprehensiveSCRPAFixV8_5 - INFO - 🚀 Starting RMS Header Normalization & Column Mapping... (Memory: 118.7MB)
2025-08-04 21:12:06,742 - ComprehensiveSCRPAFixV8_5 - INFO - Normalized RMS headers to lowercase snake_case: ['case_number', 'incident_date', 'incident_time', 'incident_date_between', 'incident_time_between', 'report_date', 'report_time', 'incident_type_1', 'incident_type_2', 'incident_type_3', 'full_address', 'grid', 'zone', 'narrative', 'total_value_stolen', 'total_value_recover', 'registration_1', 'make_1', 'model_1', 'reg_state_1', 'registration_2', 'reg_state_2', 'make_2', 'model_2', 'reviewed_by', 'complete_calc', 'officer_of_record', 'squad', 'det_assigned', 'case_status', 'nibrs_classification']
2025-08-04 21:12:06,742 - ComprehensiveSCRPAFixV8_5 - INFO - ⚡ Completed RMS Header Normalization & Column Mapping (Fast):
2025-08-04 21:12:06,743 - ComprehensiveSCRPAFixV8_5 - INFO -   ⏱️ Duration: 0.00s
2025-08-04 21:12:06,743 - ComprehensiveSCRPAFixV8_5 - INFO -   💾 Memory: 118.7MB (Δ+0.0MB)
2025-08-04 21:12:06,743 - ComprehensiveSCRPAFixV8_5 - INFO - ⚡ Completed RMS Data Processing - 2025_08_01_19_38_12_SCRPA_RMS.xlsx (Fast):
2025-08-04 21:12:06,744 - ComprehensiveSCRPAFixV8_5 - INFO -   ⏱️ Duration: 0.05s
2025-08-04 21:12:06,744 - ComprehensiveSCRPAFixV8_5 - INFO -   💾 Memory: 118.7MB (Δ+0.7MB)
2025-08-04 21:12:06,744 - ComprehensiveSCRPAFixV8_5 - INFO - Applied column mapping: {}
2025-08-04 21:12:06,791 - ComprehensiveSCRPAFixV8_5 - INFO - Available date columns: ['incident_date', 'incident_date_between', 'report_date']
2025-08-04 21:12:06,792 - ComprehensiveSCRPAFixV8_5 - INFO - incident_date populated: 136/140
2025-08-04 21:12:06,793 - ComprehensiveSCRPAFixV8_5 - INFO - Sample incident_date values: [Timestamp('2025-01-03 00:00:00'), Timestamp('2025-01-07 00:00:00'), Timestamp('2025-01-06 00:00:00')]
2025-08-04 21:12:06,794 - ComprehensiveSCRPAFixV8_5 - INFO - incident_date_between populated: 62/140
2025-08-04 21:12:06,795 - ComprehensiveSCRPAFixV8_5 - INFO - Sample incident_date_between values: [Timestamp('2025-01-04 00:00:00'), Timestamp('2025-01-10 00:00:00'), Timestamp('2025-01-16 00:00:00')]
2025-08-04 21:12:06,795 - ComprehensiveSCRPAFixV8_5 - INFO - report_date populated: 140/140
2025-08-04 21:12:06,795 - ComprehensiveSCRPAFixV8_5 - INFO - Sample report_date values: [Timestamp('2025-01-04 00:00:00'), Timestamp('2025-01-10 00:00:00'), Timestamp('2025-01-10 00:00:00')]
2025-08-04 21:12:06,799 - ComprehensiveSCRPAFixV8_5 - INFO - Incident dates after cascading: 140/140
2025-08-04 21:12:06,799 - ComprehensiveSCRPAFixV8_5 - INFO - Sample cascaded dates: [datetime.date(2025, 1, 3), datetime.date(2025, 1, 7), datetime.date(2025, 1, 6), datetime.date(2025, 1, 13), datetime.date(2025, 1, 14)]
2025-08-04 21:12:06,803 - ComprehensiveSCRPAFixV8_5 - INFO - Sample incident_date values: [datetime.date(2025, 1, 3), datetime.date(2025, 1, 7), datetime.date(2025, 1, 6), datetime.date(2025, 1, 13), datetime.date(2025, 1, 14)]
2025-08-04 21:12:06,803 - ComprehensiveSCRPAFixV8_5 - INFO - Null incident_date count: 0
2025-08-04 21:12:06,803 - ComprehensiveSCRPAFixV8_5 - INFO - Date types: object
2025-08-04 21:12:06,805 - ComprehensiveSCRPAFixV8_5 - INFO - Period calculation results: {'YTD': 115, '28-Day': 20, '7-Day': 4, 'Historical': 1}
2025-08-04 21:12:06,808 - ComprehensiveSCRPAFixV8_5 - INFO - Date/Period Analysis Summary:
2025-08-04 21:12:06,809 - ComprehensiveSCRPAFixV8_5 - INFO -   - 7-Day period records: 4
2025-08-04 21:12:06,809 - ComprehensiveSCRPAFixV8_5 - INFO -   - 28-Day period records: 20
2025-08-04 21:12:06,809 - ComprehensiveSCRPAFixV8_5 - INFO -   - YTD period records: 115
2025-08-04 21:12:06,809 - ComprehensiveSCRPAFixV8_5 - INFO -   - Historical period records: 1
2025-08-04 21:12:06,810 - ComprehensiveSCRPAFixV8_5 - INFO - ✅ Date processing working correctly - mix of periods found
2025-08-04 21:12:06,979 - ComprehensiveSCRPAFixV8_5 - INFO - ✅ RMS header validation PASSED: All 46 columns follow lowercase snake_case
2025-08-04 21:12:06,979 - ComprehensiveSCRPAFixV8_5 - INFO - RMS headers validation passed - all headers are lowercase snake_case
2025-08-04 21:12:06,981 - ComprehensiveSCRPAFixV8_5 - INFO - RMS records before filtering: 140
2025-08-04 21:12:06,982 - ComprehensiveSCRPAFixV8_5 - INFO - Period distribution: {'YTD': 115, '28-Day': 20, '7-Day': 4, 'Historical': 1}
2025-08-04 21:12:06,982 - ComprehensiveSCRPAFixV8_5 - INFO - Non-historical records: 139
2025-08-04 21:12:06,983 - ComprehensiveSCRPAFixV8_5 - INFO - Sample case numbers: ['25-000813', '25-002564', '25-002635', '25-003362', '25-003813']
2025-08-04 21:12:06,983 - ComprehensiveSCRPAFixV8_5 - INFO - Records with excluded case number '25-057654': 1
2025-08-04 21:12:06,984 - ComprehensiveSCRPAFixV8_5 - INFO - Incident dates populated: 140/140
2025-08-04 21:12:06,984 - ComprehensiveSCRPAFixV8_5 - INFO - Sample incident dates: [Timestamp('2025-01-03 00:00:00'), Timestamp('2025-01-07 00:00:00'), Timestamp('2025-01-06 00:00:00'), Timestamp('2025-01-13 00:00:00'), Timestamp('2025-01-14 00:00:00')]
2025-08-04 21:12:06,985 - ComprehensiveSCRPAFixV8_5 - INFO - Date range: 2017-06-20 00:00:00 to 2025-07-31 00:00:00
2025-08-04 21:12:06,986 - ComprehensiveSCRPAFixV8_5 - INFO - After case number filter: 139/140 records
2025-08-04 21:12:06,987 - ComprehensiveSCRPAFixV8_5 - INFO - After period filter: 138/140 records
2025-08-04 21:12:06,987 - ComprehensiveSCRPAFixV8_5 - ERROR - RMS data processing failed - received None
2025-08-04 21:12:07,019 - ComprehensiveSCRPAFixV8_5 - INFO - Found 30 duplicate incidents in reference file.
2025-08-04 21:12:07,020 - ComprehensiveSCRPAFixV8_5 - INFO - Applying priority-based duplicate resolution:
2025-08-04 21:12:07,020 - ComprehensiveSCRPAFixV8_5 - INFO -   'DOMESTIC DISPUTE': 3 variants -> keeping highest priority
2025-08-04 21:12:07,020 - ComprehensiveSCRPAFixV8_5 - INFO -   'SHOPLIFTING 2C:20-11': 3 variants -> keeping highest priority
2025-08-04 21:12:07,020 - ComprehensiveSCRPAFixV8_5 - INFO -   'SIMPLE ASSAULT 2C:12-1A': 4 variants -> keeping highest priority
2025-08-04 21:12:07,021 - ComprehensiveSCRPAFixV8_5 - INFO -   'TARGETED AREA PATROL': 3 variants -> keeping highest priority
2025-08-04 21:12:07,021 - ComprehensiveSCRPAFixV8_5 - INFO -   'TERRORISTIC THREATS 2C:12-3': 3 variants -> keeping highest priority
2025-08-04 21:12:07,021 - ComprehensiveSCRPAFixV8_5 - INFO -   'WEAPONS SEIZURE - 2C:25-21D': 2 variants -> keeping highest priority
2025-08-04 21:12:07,021 - ComprehensiveSCRPAFixV8_5 - INFO -   'WEATHER ALERTS': 2 variants -> keeping highest priority
2025-08-04 21:12:07,021 - ComprehensiveSCRPAFixV8_5 - INFO -   'WELFARE CHECK': 2 variants -> keeping highest priority
2025-08-04 21:12:07,022 - ComprehensiveSCRPAFixV8_5 - INFO -   'WIDESPREAD DAMAGE - 2C:17-2': 2 variants -> keeping highest priority
2025-08-04 21:12:07,022 - ComprehensiveSCRPAFixV8_5 - INFO -   'WIRE DOWN': 2 variants -> keeping highest priority
2025-08-04 21:12:07,022 - ComprehensiveSCRPAFixV8_5 - INFO -   'WITNESS TAMPERING - 2C:28-5': 2 variants -> keeping highest priority
2025-08-04 21:12:07,023 - ComprehensiveSCRPAFixV8_5 - INFO -   'WRONGFUL IMPERSONATING - 2C:21-1': 2 variants -> keeping highest priority
2025-08-04 21:12:07,029 - ComprehensiveSCRPAFixV8_5 - INFO - Priority-based resolution completed: 30 duplicates resolved
2025-08-04 21:12:07,050 - ComprehensiveSCRPAFixV8_5 - INFO - Enhanced call type reference loaded successfully:
2025-08-04 21:12:07,050 - ComprehensiveSCRPAFixV8_5 - INFO -   - Total records: 592
2025-08-04 21:12:07,051 - ComprehensiveSCRPAFixV8_5 - INFO -   - Unique incidents: 574
2025-08-04 21:12:07,051 - ComprehensiveSCRPAFixV8_5 - INFO -   - Duplicates found: 30
2025-08-04 21:12:07,051 - ComprehensiveSCRPAFixV8_5 - INFO -   - Duplicates resolved: 30
2025-08-04 21:12:07,051 - ComprehensiveSCRPAFixV8_5 - INFO -   - Normalized columns: ['incident', 'category_type', 'response_type']
2025-08-04 21:12:07,052 - ComprehensiveSCRPAFixV8_5 - INFO - 🚀 Starting CAD Data Processing - 2025_08_01_19_38_12_SCRPA_CAD.xlsx... (Memory: 119.3MB)
2025-08-04 21:12:07,052 - ComprehensiveSCRPAFixV8_5 - INFO - Processing CAD data: 2025_08_01_19_38_12_SCRPA_CAD.xlsx
2025-08-04 21:12:07,052 - ComprehensiveSCRPAFixV8_5 - INFO - ⚡ Completed CAD Data Processing - 2025_08_01_19_38_12_SCRPA_CAD.xlsx (Fast):
2025-08-04 21:12:07,053 - ComprehensiveSCRPAFixV8_5 - INFO -   ⏱️ Duration: 0.00s
2025-08-04 21:12:07,053 - ComprehensiveSCRPAFixV8_5 - INFO -   💾 Memory: 119.3MB (Δ+0.0MB)
2025-08-04 21:12:07,101 - ComprehensiveSCRPAFixV8_5 - INFO - Loaded CAD file with 115 rows and 20 columns
2025-08-04 21:12:07,101 - ComprehensiveSCRPAFixV8_5 - INFO - CAD columns found: ['ReportNumberNew', 'Incident', 'How Reported', 'FullAddress2', 'PDZone', 'Grid', 'Time of Call', 'cYear', 'cMonth', 'HourMinuetsCalc', 'DayofWeek', 'Time Dispatched', 'Time Out', 'Time In', 'Time Spent', 'Time Response', 'Officer', 'Disposition', 'Response Type', 'CADNotes']
2025-08-04 21:12:07,102 - ComprehensiveSCRPAFixV8_5 - INFO - Applied dtype={'How Reported': str} to prevent Excel auto-parsing '9-1-1' as date
2025-08-04 21:12:07,104 - ComprehensiveSCRPAFixV8_5 - INFO - Applied additional fixes to prevent '9-1-1' date conversion
2025-08-04 21:12:07,104 - ComprehensiveSCRPAFixV8_5 - INFO - Applied column mapping: {'ReportNumberNew': 'case_number', 'Incident': 'incident', 'How Reported': 'how_reported', 'FullAddress2': 'full_address_raw', 'PDZone': 'post', 'Grid': 'grid_raw', 'Time of Call': 'time_of_call', 'cYear': 'call_year', 'cMonth': 'call_month', 'HourMinuetsCalc': 'hour_minutes_calc', 'DayofWeek': 'day_of_week_raw', 'Time Dispatched': 'time_dispatched', 'Time Out': 'time_out', 'Time In': 'time_in', 'Time Spent': 'time_spent_raw', 'Time Response': 'time_response_raw', 'Officer': 'officer', 'Disposition': 'disposition', 'Response Type': 'response_type_fallback', 'CADNotes': 'cad_notes_raw'}
2025-08-04 21:12:07,105 - ComprehensiveSCRPAFixV8_5 - INFO - Normalized CAD headers to lowercase snake_case: ['case_number', 'incident', 'how_reported', 'full_address_raw', 'post', 'grid_raw', 'time_of_call', 'call_year', 'call_month', 'hour_minutes_calc', 'day_of_week_raw', 'time_dispatched', 'time_out', 'time_in', 'time_spent_raw', 'time_response_raw', 'officer', 'disposition', 'response_type_fallback', 'cad_notes_raw']
2025-08-04 21:12:07,118 - ComprehensiveSCRPAFixV8_5 - INFO - Starting proper CallType_Categories.xlsx mapping for 115 CAD records
2025-08-04 21:12:07,118 - ComprehensiveSCRPAFixV8_5 - INFO - Sample incident values: ['Motor Vehicle Theft - 2C:20-3', 'Criminal Sexual Contact - 2C:14-3a', 'Burglary - Auto - 2C:18-2', 'Burglary - Residence - 2C:18-2', 'Motor Vehicle Theft - 2C:20-3']
2025-08-04 21:12:07,155 - ComprehensiveSCRPAFixV8_5 - INFO - Loaded CallType_Categories.xlsx with 592 records
2025-08-04 21:12:07,155 - ComprehensiveSCRPAFixV8_5 - INFO - CallType columns: ['Incident', 'Category Type', 'Response Type']
2025-08-04 21:12:07,175 - ComprehensiveSCRPAFixV8_5 - INFO - Created mapping dictionary with 574 entries
2025-08-04 21:12:07,176 - ComprehensiveSCRPAFixV8_5 - INFO - CallType_Categories.xlsx mapping results:
2025-08-04 21:12:07,176 - ComprehensiveSCRPAFixV8_5 - INFO -   - Total incidents: 115
2025-08-04 21:12:07,177 - ComprehensiveSCRPAFixV8_5 - INFO -   - Mapped incidents: 115
2025-08-04 21:12:07,177 - ComprehensiveSCRPAFixV8_5 - INFO -   - Unmapped incidents: 0
2025-08-04 21:12:07,177 - ComprehensiveSCRPAFixV8_5 - INFO -   - Mapping rate: 100.0%
2025-08-04 21:12:07,178 - ComprehensiveSCRPAFixV8_5 - INFO - Category type distribution: {'Criminal Incidents': 115}
2025-08-04 21:12:07,179 - ComprehensiveSCRPAFixV8_5 - INFO - Top 10 response types: {'Emergency': 81, 'Routine': 34}
2025-08-04 21:12:07,181 - ComprehensiveSCRPAFixV8_5 - INFO - Final column coverage:
2025-08-04 21:12:07,181 - ComprehensiveSCRPAFixV8_5 - INFO -   - response_type coverage: 100.0%
2025-08-04 21:12:07,181 - ComprehensiveSCRPAFixV8_5 - INFO -   - category_type coverage: 100.0%
2025-08-04 21:12:07,189 - ComprehensiveSCRPAFixV8_5 - INFO - Grid processing: 108/115 records have grid values
2025-08-04 21:12:07,240 - ComprehensiveSCRPAFixV8_5 - INFO - CAD notes parsing complete: 115 records processed
