2025-08-04 02:45:04,275 - ComprehensiveSCRPAFixV8_5 - INFO - === Comprehensive SCRPA Fix V8.5 - Cycle Calendar Integration Version ===
2025-08-04 02:45:04,328 - ComprehensiveSCRPAFixV8_5 - INFO - Loaded call type reference: 592 records
2025-08-04 02:45:04,330 - ComprehensiveSCRPAFixV8_5 - INFO - Reference file columns: ['Incident', 'Category Type', 'Response Type']
2025-08-04 02:45:04,332 - ComprehensiveSCRPAFixV8_5 - INFO - Incident column forced to string type with 592 records
2025-08-04 02:45:04,437 - ComprehensiveSCRPAFixV8_5 - INFO - Loaded zone/grid reference: 1368 records
2025-08-04 02:45:04,452 - ComprehensiveSCRPAFixV8_5 - INFO - Loaded cycle calendar: 52 records
2025-08-04 02:45:04,452 - ComprehensiveSCRPAFixV8_5 - INFO - Cycle calendar columns: ['Report_Due_Date', '7_Day_Start', '7_Day_End', '28_Day_Start', '28_Day_End', 'Report_Name']
2025-08-04 02:45:04,454 - ComprehensiveSCRPAFixV8_5 - INFO - Current cycle: C08W31, Date: 20250804
2025-08-04 02:45:04,457 - ComprehensiveSCRPAFixV8_5 - WARNING - Error getting cycle for date 2025-08-01 00:00:00: Cannot compare Timestamp with datetime.date. Use ts == pd.Timestamp(date) or ts.date() == date instead.
2025-08-04 02:45:04,458 - ComprehensiveSCRPAFixV8_5 - WARNING - Error getting cycle for date 2025-08-05 00:00:00: Cannot compare Timestamp with datetime.date. Use ts == pd.Timestamp(date) or ts.date() == date instead.
2025-08-04 02:45:04,462 - ComprehensiveSCRPAFixV8_5 - WARNING - Error getting cycle for date 2025-08-10 00:00:00: Cannot compare Timestamp with datetime.date. Use ts == pd.Timestamp(date) or ts.date() == date instead.
2025-08-04 02:45:04,465 - ComprehensiveSCRPAFixV8_5 - WARNING - Error getting cycle for date 2025-08-20 00:00:00: Cannot compare Timestamp with datetime.date. Use ts == pd.Timestamp(date) or ts.date() == date instead.
2025-08-04 02:45:04,468 - ComprehensiveSCRPAFixV8_5 - WARNING - Error getting cycle for date 2025-08-25 00:00:00: Cannot compare Timestamp with datetime.date. Use ts == pd.Timestamp(date) or ts.date() == date instead.
2025-08-04 02:45:04,473 - ComprehensiveSCRPAFixV8_5 - WARNING - Error getting cycle for date 2025-09-01 00:00:00: Cannot compare Timestamp with datetime.date. Use ts == pd.Timestamp(date) or ts.date() == date instead.
2025-08-04 02:45:04,480 - ComprehensiveSCRPAFixV8_5 - INFO - Current cycle: C08W31, Date: 20250804
2025-08-04 02:45:04,487 - ComprehensiveSCRPAFixV8_5 - INFO - === Comprehensive SCRPA Fix V8.5 - Cycle Calendar Integration Version ===
2025-08-04 02:45:04,530 - ComprehensiveSCRPAFixV8_5 - INFO - Loaded call type reference: 592 records
2025-08-04 02:45:04,532 - ComprehensiveSCRPAFixV8_5 - INFO - Reference file columns: ['Incident', 'Category Type', 'Response Type']
2025-08-04 02:45:04,534 - ComprehensiveSCRPAFixV8_5 - INFO - Incident column forced to string type with 592 records
2025-08-04 02:45:04,635 - ComprehensiveSCRPAFixV8_5 - INFO - Loaded zone/grid reference: 1368 records
2025-08-04 02:45:04,641 - ComprehensiveSCRPAFixV8_5 - INFO - Loaded cycle calendar: 52 records
2025-08-04 02:45:04,642 - ComprehensiveSCRPAFixV8_5 - INFO - Cycle calendar columns: ['Report_Due_Date', '7_Day_Start', '7_Day_End', '28_Day_Start', '28_Day_End', 'Report_Name']
2025-08-04 02:45:04,649 - ComprehensiveSCRPAFixV8_5 - INFO - Current cycle: C08W31, Date: 20250804
2025-08-04 02:45:04,649 - ComprehensiveSCRPAFixV8_5 - ERROR - ❌ Test Export header validation FAILED: 2 non-compliant columns
2025-08-04 02:45:04,655 - ComprehensiveSCRPAFixV8_5 - ERROR - Non-compliant columns: ['CaseNumber', 'IncidentDate']
2025-08-04 02:45:04,657 - ComprehensiveSCRPAFixV8_5 - INFO - ✅ Compliant Export header validation PASSED: All 3 columns follow lowercase snake_case
2025-08-04 02:45:04,679 - ComprehensiveSCRPAFixV8_5 - INFO - === Comprehensive SCRPA Fix V8.5 - Cycle Calendar Integration Version ===
2025-08-04 02:45:04,719 - ComprehensiveSCRPAFixV8_5 - INFO - Loaded call type reference: 592 records
2025-08-04 02:45:04,720 - ComprehensiveSCRPAFixV8_5 - INFO - Reference file columns: ['Incident', 'Category Type', 'Response Type']
2025-08-04 02:45:04,721 - ComprehensiveSCRPAFixV8_5 - INFO - Incident column forced to string type with 592 records
2025-08-04 02:45:04,816 - ComprehensiveSCRPAFixV8_5 - INFO - Loaded zone/grid reference: 1368 records
2025-08-04 02:45:04,830 - ComprehensiveSCRPAFixV8_5 - INFO - Loaded cycle calendar: 52 records
2025-08-04 02:45:04,832 - ComprehensiveSCRPAFixV8_5 - INFO - Cycle calendar columns: ['Report_Due_Date', '7_Day_Start', '7_Day_End', '28_Day_Start', '28_Day_End', 'Report_Name']
2025-08-04 02:45:04,835 - ComprehensiveSCRPAFixV8_5 - INFO - Current cycle: C08W31, Date: 20250804
2025-08-04 02:45:04,836 - ComprehensiveSCRPAFixV8_5 - WARNING - Error getting cycle for date 2025-08-01 00:00:00: Cannot compare Timestamp with datetime.date. Use ts == pd.Timestamp(date) or ts.date() == date instead.
2025-08-04 02:45:04,838 - ComprehensiveSCRPAFixV8_5 - WARNING - Error getting cycle for date 2025-08-05 00:00:00: Cannot compare Timestamp with datetime.date. Use ts == pd.Timestamp(date) or ts.date() == date instead.
2025-08-04 02:45:04,840 - ComprehensiveSCRPAFixV8_5 - WARNING - Error getting cycle for date 2025-08-10 00:00:00: Cannot compare Timestamp with datetime.date. Use ts == pd.Timestamp(date) or ts.date() == date instead.
2025-08-04 02:45:04,847 - ComprehensiveSCRPAFixV8_5 - WARNING - Error getting cycle for date 2025-08-15 00:00:00: Cannot compare Timestamp with datetime.date. Use ts == pd.Timestamp(date) or ts.date() == date instead.
2025-08-04 02:45:04,849 - ComprehensiveSCRPAFixV8_5 - WARNING - Error getting cycle for date 2025-08-20 00:00:00: Cannot compare Timestamp with datetime.date. Use ts == pd.Timestamp(date) or ts.date() == date instead.
2025-08-04 02:45:04,866 - ComprehensiveSCRPAFixV8_5 - WARNING - Error getting cycle for date 2025-08-01 00:00:00: Cannot compare Timestamp with datetime.date. Use ts == pd.Timestamp(date) or ts.date() == date instead.
2025-08-04 02:45:04,870 - ComprehensiveSCRPAFixV8_5 - WARNING - Error getting cycle for date 2025-08-02 00:00:00: Cannot compare Timestamp with datetime.date. Use ts == pd.Timestamp(date) or ts.date() == date instead.
2025-08-04 02:45:04,874 - ComprehensiveSCRPAFixV8_5 - WARNING - Error getting cycle for date 2025-08-03 00:00:00: Cannot compare Timestamp with datetime.date. Use ts == pd.Timestamp(date) or ts.date() == date instead.
2025-08-04 02:45:04,879 - ComprehensiveSCRPAFixV8_5 - WARNING - Error getting cycle for date 2025-08-04 00:00:00: Cannot compare Timestamp with datetime.date. Use ts == pd.Timestamp(date) or ts.date() == date instead.
2025-08-04 02:45:04,881 - ComprehensiveSCRPAFixV8_5 - WARNING - Error getting cycle for date 2025-08-05 00:00:00: Cannot compare Timestamp with datetime.date. Use ts == pd.Timestamp(date) or ts.date() == date instead.
2025-08-04 02:45:04,884 - ComprehensiveSCRPAFixV8_5 - WARNING - Error getting cycle for date 2025-08-06 00:00:00: Cannot compare Timestamp with datetime.date. Use ts == pd.Timestamp(date) or ts.date() == date instead.
2025-08-04 02:45:04,886 - ComprehensiveSCRPAFixV8_5 - WARNING - Error getting cycle for date 2025-08-07 00:00:00: Cannot compare Timestamp with datetime.date. Use ts == pd.Timestamp(date) or ts.date() == date instead.
2025-08-04 02:45:04,888 - ComprehensiveSCRPAFixV8_5 - WARNING - Error getting cycle for date 2025-08-08 00:00:00: Cannot compare Timestamp with datetime.date. Use ts == pd.Timestamp(date) or ts.date() == date instead.
2025-08-04 02:45:04,896 - ComprehensiveSCRPAFixV8_5 - WARNING - Error getting cycle for date 2025-08-09 00:00:00: Cannot compare Timestamp with datetime.date. Use ts == pd.Timestamp(date) or ts.date() == date instead.
2025-08-04 02:45:04,899 - ComprehensiveSCRPAFixV8_5 - WARNING - Error getting cycle for date 2025-08-10 00:00:00: Cannot compare Timestamp with datetime.date. Use ts == pd.Timestamp(date) or ts.date() == date instead.
2025-08-04 02:45:04,902 - ComprehensiveSCRPAFixV8_5 - WARNING - Error getting cycle for date 2025-08-11 00:00:00: Cannot compare Timestamp with datetime.date. Use ts == pd.Timestamp(date) or ts.date() == date instead.
2025-08-04 02:45:04,909 - ComprehensiveSCRPAFixV8_5 - WARNING - Error getting cycle for date 2025-08-12 00:00:00: Cannot compare Timestamp with datetime.date. Use ts == pd.Timestamp(date) or ts.date() == date instead.
2025-08-04 02:45:04,916 - ComprehensiveSCRPAFixV8_5 - WARNING - Error getting cycle for date 2025-08-13 00:00:00: Cannot compare Timestamp with datetime.date. Use ts == pd.Timestamp(date) or ts.date() == date instead.
2025-08-04 02:45:04,919 - ComprehensiveSCRPAFixV8_5 - WARNING - Error getting cycle for date 2025-08-14 00:00:00: Cannot compare Timestamp with datetime.date. Use ts == pd.Timestamp(date) or ts.date() == date instead.
2025-08-04 02:45:04,921 - ComprehensiveSCRPAFixV8_5 - WARNING - Error getting cycle for date 2025-08-15 00:00:00: Cannot compare Timestamp with datetime.date. Use ts == pd.Timestamp(date) or ts.date() == date instead.
2025-08-04 02:45:04,924 - ComprehensiveSCRPAFixV8_5 - WARNING - Error getting cycle for date 2025-08-16 00:00:00: Cannot compare Timestamp with datetime.date. Use ts == pd.Timestamp(date) or ts.date() == date instead.
2025-08-04 02:45:04,931 - ComprehensiveSCRPAFixV8_5 - WARNING - Error getting cycle for date 2025-08-17 00:00:00: Cannot compare Timestamp with datetime.date. Use ts == pd.Timestamp(date) or ts.date() == date instead.
2025-08-04 02:45:04,933 - ComprehensiveSCRPAFixV8_5 - WARNING - Error getting cycle for date 2025-08-18 00:00:00: Cannot compare Timestamp with datetime.date. Use ts == pd.Timestamp(date) or ts.date() == date instead.
2025-08-04 02:45:04,936 - ComprehensiveSCRPAFixV8_5 - WARNING - Error getting cycle for date 2025-08-19 00:00:00: Cannot compare Timestamp with datetime.date. Use ts == pd.Timestamp(date) or ts.date() == date instead.
2025-08-04 02:45:04,942 - ComprehensiveSCRPAFixV8_5 - WARNING - Error getting cycle for date 2025-08-20 00:00:00: Cannot compare Timestamp with datetime.date. Use ts == pd.Timestamp(date) or ts.date() == date instead.
2025-08-04 02:45:04,947 - ComprehensiveSCRPAFixV8_5 - WARNING - Error getting cycle for date 2025-08-21 00:00:00: Cannot compare Timestamp with datetime.date. Use ts == pd.Timestamp(date) or ts.date() == date instead.
2025-08-04 02:45:04,951 - ComprehensiveSCRPAFixV8_5 - WARNING - Error getting cycle for date 2025-08-22 00:00:00: Cannot compare Timestamp with datetime.date. Use ts == pd.Timestamp(date) or ts.date() == date instead.
2025-08-04 02:45:04,953 - ComprehensiveSCRPAFixV8_5 - WARNING - Error getting cycle for date 2025-08-23 00:00:00: Cannot compare Timestamp with datetime.date. Use ts == pd.Timestamp(date) or ts.date() == date instead.
2025-08-04 02:45:04,957 - ComprehensiveSCRPAFixV8_5 - WARNING - Error getting cycle for date 2025-08-24 00:00:00: Cannot compare Timestamp with datetime.date. Use ts == pd.Timestamp(date) or ts.date() == date instead.
2025-08-04 02:45:04,965 - ComprehensiveSCRPAFixV8_5 - WARNING - Error getting cycle for date 2025-08-25 00:00:00: Cannot compare Timestamp with datetime.date. Use ts == pd.Timestamp(date) or ts.date() == date instead.
2025-08-04 02:45:04,967 - ComprehensiveSCRPAFixV8_5 - WARNING - Error getting cycle for date 2025-08-26 00:00:00: Cannot compare Timestamp with datetime.date. Use ts == pd.Timestamp(date) or ts.date() == date instead.
2025-08-04 02:45:04,970 - ComprehensiveSCRPAFixV8_5 - WARNING - Error getting cycle for date 2025-08-27 00:00:00: Cannot compare Timestamp with datetime.date. Use ts == pd.Timestamp(date) or ts.date() == date instead.
2025-08-04 02:45:04,973 - ComprehensiveSCRPAFixV8_5 - WARNING - Error getting cycle for date 2025-08-28 00:00:00: Cannot compare Timestamp with datetime.date. Use ts == pd.Timestamp(date) or ts.date() == date instead.
