2025-08-01 22:01:12,559 - ComprehensiveSCRPAFixV8_0 - INFO - === Comprehensive SCRPA Fix V8.0 - Column Standardization Version ===
2025-08-01 22:01:12,938 - ComprehensiveSCRPAFixV8_0 - INFO - Loaded call type reference: 592 records
2025-08-01 22:01:12,941 - ComprehensiveSCRPAFixV8_0 - INFO - Reference file columns after standardization: ['incident', 'category_type', 'response_type']
2025-08-01 22:01:13,026 - ComprehensiveSCRPAFixV8_0 - INFO - Loaded zone/grid reference: 1368 records
2025-08-01 22:01:13,027 - ComprehensiveSCRPAFixV8_0 - DEBUG - Testing column: 'case_number' against pattern: ^[a-z]+(_[a-z0-9]+)*$
2025-08-01 22:01:13,029 - ComprehensiveSCRPAFixV8_0 - DEBUG - Column 'case_number' PASSED validation
2025-08-01 22:01:13,029 - ComprehensiveSCRPAFixV8_0 - DEBUG - Testing column: 'incident_date' against pattern: ^[a-z]+(_[a-z0-9]+)*$
2025-08-01 22:01:13,029 - ComprehensiveSCRPAFixV8_0 - DEBUG - Column 'incident_date' PASSED validation
2025-08-01 22:01:13,029 - ComprehensiveSCRPAFixV8_0 - DEBUG - Testing column: 'incident_time' against pattern: ^[a-z]+(_[a-z0-9]+)*$
2025-08-01 22:01:13,029 - ComprehensiveSCRPAFixV8_0 - DEBUG - Column 'incident_time' PASSED validation
2025-08-01 22:01:13,029 - ComprehensiveSCRPAFixV8_0 - DEBUG - Testing column: 'incident_type' against pattern: ^[a-z]+(_[a-z0-9]+)*$
2025-08-01 22:01:13,030 - ComprehensiveSCRPAFixV8_0 - DEBUG - Column 'incident_type' PASSED validation
2025-08-01 22:01:13,030 - ComprehensiveSCRPAFixV8_0 - DEBUG - Testing column: 'full_address' against pattern: ^[a-z]+(_[a-z0-9]+)*$
2025-08-01 22:01:13,030 - ComprehensiveSCRPAFixV8_0 - DEBUG - Column 'full_address' PASSED validation
2025-08-01 22:01:13,030 - ComprehensiveSCRPAFixV8_0 - DEBUG - Testing column: 'grid' against pattern: ^[a-z]+(_[a-z0-9]+)*$
2025-08-01 22:01:13,030 - ComprehensiveSCRPAFixV8_0 - DEBUG - Column 'grid' PASSED validation
2025-08-01 22:01:13,030 - ComprehensiveSCRPAFixV8_0 - DEBUG - Testing column: 'zone' against pattern: ^[a-z]+(_[a-z0-9]+)*$
2025-08-01 22:01:13,031 - ComprehensiveSCRPAFixV8_0 - DEBUG - Column 'zone' PASSED validation
2025-08-01 22:01:13,031 - ComprehensiveSCRPAFixV8_0 - DEBUG - Testing column: 'narrative' against pattern: ^[a-z]+(_[a-z0-9]+)*$
2025-08-01 22:01:13,031 - ComprehensiveSCRPAFixV8_0 - DEBUG - Column 'narrative' PASSED validation
2025-08-01 22:01:13,031 - ComprehensiveSCRPAFixV8_0 - DEBUG - Testing column: 'vehicle_1' against pattern: ^[a-z]+(_[a-z0-9]+)*$
2025-08-01 22:01:13,032 - ComprehensiveSCRPAFixV8_0 - DEBUG - Column 'vehicle_1' PASSED validation
2025-08-01 22:01:13,032 - ComprehensiveSCRPAFixV8_0 - DEBUG - Testing column: 'vehicle_2' against pattern: ^[a-z]+(_[a-z0-9]+)*$
2025-08-01 22:01:13,032 - ComprehensiveSCRPAFixV8_0 - DEBUG - Column 'vehicle_2' PASSED validation
2025-08-01 22:01:13,032 - ComprehensiveSCRPAFixV8_0 - DEBUG - Testing column: 'vehicle_1_and_vehicle_2' against pattern: ^[a-z]+(_[a-z0-9]+)*$
2025-08-01 22:01:13,032 - ComprehensiveSCRPAFixV8_0 - DEBUG - Column 'vehicle_1_and_vehicle_2' PASSED validation
2025-08-01 22:01:13,033 - ComprehensiveSCRPAFixV8_0 - DEBUG - Testing column: 'vehicle_make' against pattern: ^[a-z]+(_[a-z0-9]+)*$
2025-08-01 22:01:13,033 - ComprehensiveSCRPAFixV8_0 - DEBUG - Column 'vehicle_make' PASSED validation
2025-08-01 22:01:13,033 - ComprehensiveSCRPAFixV8_0 - DEBUG - Testing column: 'vehicle_model' against pattern: ^[a-z]+(_[a-z0-9]+)*$
2025-08-01 22:01:13,033 - ComprehensiveSCRPAFixV8_0 - DEBUG - Column 'vehicle_model' PASSED validation
2025-08-01 22:01:13,033 - ComprehensiveSCRPAFixV8_0 - DEBUG - Testing column: 'vehicle_year' against pattern: ^[a-z]+(_[a-z0-9]+)*$
2025-08-01 22:01:13,034 - ComprehensiveSCRPAFixV8_0 - DEBUG - Column 'vehicle_year' PASSED validation
2025-08-01 22:01:13,036 - ComprehensiveSCRPAFixV8_0 - DEBUG - Testing column: 'vehicle_color' against pattern: ^[a-z]+(_[a-z0-9]+)*$
2025-08-01 22:01:13,037 - ComprehensiveSCRPAFixV8_0 - DEBUG - Column 'vehicle_color' PASSED validation
2025-08-01 22:01:13,037 - ComprehensiveSCRPAFixV8_0 - DEBUG - Testing column: 'vehicle_plate' against pattern: ^[a-z]+(_[a-z0-9]+)*$
2025-08-01 22:01:13,038 - ComprehensiveSCRPAFixV8_0 - DEBUG - Column 'vehicle_plate' PASSED validation
2025-08-01 22:01:13,038 - ComprehensiveSCRPAFixV8_0 - DEBUG - Testing column: 'vehicle_state' against pattern: ^[a-z]+(_[a-z0-9]+)*$
2025-08-01 22:01:13,038 - ComprehensiveSCRPAFixV8_0 - DEBUG - Column 'vehicle_state' PASSED validation
2025-08-01 22:01:13,038 - ComprehensiveSCRPAFixV8_0 - DEBUG - Testing column: 'report_date' against pattern: ^[a-z]+(_[a-z0-9]+)*$
2025-08-01 22:01:13,038 - ComprehensiveSCRPAFixV8_0 - DEBUG - Column 'report_date' PASSED validation
2025-08-01 22:01:13,039 - ComprehensiveSCRPAFixV8_0 - DEBUG - Testing column: 'report_time' against pattern: ^[a-z]+(_[a-z0-9]+)*$
2025-08-01 22:01:13,039 - ComprehensiveSCRPAFixV8_0 - DEBUG - Column 'report_time' PASSED validation
2025-08-01 22:01:13,039 - ComprehensiveSCRPAFixV8_0 - DEBUG - Testing column: 'officer' against pattern: ^[a-z]+(_[a-z0-9]+)*$
2025-08-01 22:01:13,040 - ComprehensiveSCRPAFixV8_0 - DEBUG - Column 'officer' PASSED validation
2025-08-01 22:01:13,041 - ComprehensiveSCRPAFixV8_0 - DEBUG - Testing column: 'disposition' against pattern: ^[a-z]+(_[a-z0-9]+)*$
2025-08-01 22:01:13,042 - ComprehensiveSCRPAFixV8_0 - DEBUG - Column 'disposition' PASSED validation
