2025-08-04 20:37:57,187 - ComprehensiveSCRPAFixV8_5 - INFO - === Comprehensive SCRPA Fix V8.5 - Cycle Calendar Integration Version ===
2025-08-04 20:37:58,009 - ComprehensiveSCRPAFixV8_5 - INFO - Loaded call type reference: 592 records
2025-08-04 20:37:58,009 - ComprehensiveSCRPAFixV8_5 - INFO - Reference file columns: ['Incident', 'Category Type', 'Response Type']
2025-08-04 20:37:58,010 - ComprehensiveSCRPAFixV8_5 - INFO - Incident column forced to string type with 592 records
2025-08-04 20:37:58,147 - ComprehensiveSCRPAFixV8_5 - INFO - Loaded zone/grid reference: 1368 records
2025-08-04 20:37:58,164 - ComprehensiveSCRPAFixV8_5 - INFO - Loaded cycle calendar: 52 records
2025-08-04 20:37:58,164 - ComprehensiveSCRPAFixV8_5 - INFO - Cycle calendar columns: ['Report_Due_Date', '7_Day_Start', '7_Day_End', '28_Day_Start', '28_Day_End', 'Report_Name']
2025-08-04 20:37:58,166 - ComprehensiveSCRPAFixV8_5 - INFO - Current cycle: C08W31, Date: 20250804
2025-08-04 20:37:58,166 - ComprehensiveSCRPAFixV8_5 - INFO - 🧪 Running Performance Monitoring Demo
2025-08-04 20:37:58,167 - ComprehensiveSCRPAFixV8_5 - INFO - 🚀 Starting Performance Test Demo... (Memory: 99.2MB)
2025-08-04 20:37:58,167 - ComprehensiveSCRPAFixV8_5 - INFO - 🚀 Starting Large DataFrame Creation... (Memory: 99.2MB)
2025-08-04 20:37:58,170 - ComprehensiveSCRPAFixV8_5 - INFO - ⚡ Completed Large DataFrame Creation (Fast):
2025-08-04 20:37:58,171 - ComprehensiveSCRPAFixV8_5 - INFO -   ⏱️ Duration: 0.00s
2025-08-04 20:37:58,171 - ComprehensiveSCRPAFixV8_5 - INFO -   💾 Memory: 100.1MB (Δ+1.0MB)
2025-08-04 20:37:58,176 - ComprehensiveSCRPAFixV8_5 - INFO - 💾 Test DataFrame memory optimized: 0.7MB → 0.1MB (saved 0.6MB)
2025-08-04 20:37:58,176 - ComprehensiveSCRPAFixV8_5 - INFO - 🚀 Starting DataFrame Operations... (Memory: 100.3MB)
2025-08-04 20:37:58,183 - ComprehensiveSCRPAFixV8_5 - INFO - ⚡ Completed DataFrame Operations (Fast):
2025-08-04 20:37:58,184 - ComprehensiveSCRPAFixV8_5 - INFO -   ⏱️ Duration: 0.01s
2025-08-04 20:37:58,184 - ComprehensiveSCRPAFixV8_5 - INFO -   💾 Memory: 100.6MB (Δ+0.2MB)
2025-08-04 20:37:58,232 - ComprehensiveSCRPAFixV8_5 - INFO - 📊 System Performance Summary: {'memory_rss_mb': 100.5703125, 'memory_vms_mb': 813.125, 'cpu_percent': 0.0, 'num_threads': 26, 'system_memory_percent': 70.5, 'system_cpu_percent': 39.5}
2025-08-04 20:37:58,263 - ComprehensiveSCRPAFixV8_5 - INFO - ⚡ Completed Performance Test Demo (Fast):
2025-08-04 20:37:58,264 - ComprehensiveSCRPAFixV8_5 - INFO -   ⏱️ Duration: 0.10s
2025-08-04 20:37:58,264 - ComprehensiveSCRPAFixV8_5 - INFO -   💾 Memory: 100.6MB (Δ+1.4MB)
2025-08-04 20:37:58,265 - ComprehensiveSCRPAFixV8_5 - INFO - ✅ Performance monitoring demo completed successfully
2025-08-04 20:37:58,265 - ComprehensiveSCRPAFixV8_5 - INFO - 🧪 Testing chunked processing functionality
2025-08-04 20:37:58,266 - ComprehensiveSCRPAFixV8_5 - INFO - 🚀 Starting Creating test dataset... (Memory: 100.6MB)
2025-08-04 20:37:58,294 - ComprehensiveSCRPAFixV8_5 - INFO - 📁 Created test file: C:\Users\carucci_r\OneDrive - City of Hackensack\01_DataSources\SCRPA_Time_v2\03_output\temp\test_large_dataset_2500_rows.csv (2,500 rows)
2025-08-04 20:37:58,295 - ComprehensiveSCRPAFixV8_5 - INFO - ⚡ Completed Creating test dataset (Fast):
2025-08-04 20:37:58,295 - ComprehensiveSCRPAFixV8_5 - INFO -   ⏱️ Duration: 0.03s
2025-08-04 20:37:58,295 - ComprehensiveSCRPAFixV8_5 - INFO -   💾 Memory: 101.3MB (Δ+0.7MB)
2025-08-04 20:37:58,296 - ComprehensiveSCRPAFixV8_5 - INFO - 🚀 Starting Chunked processing test... (Memory: 101.3MB)
2025-08-04 20:37:58,302 - ComprehensiveSCRPAFixV8_5 - INFO - 📚 Processing large dataset: 2500 rows in chunks of 500
2025-08-04 20:37:58,302 - ComprehensiveSCRPAFixV8_5 - INFO - 🚀 Starting Chunked processing (2500 rows)... (Memory: 101.3MB)
2025-08-04 20:37:58,312 - ComprehensiveSCRPAFixV8_5 - INFO - 🚀 Starting Chunk 1... (Memory: 103.2MB)
2025-08-04 20:37:58,335 - ComprehensiveSCRPAFixV8_5 - INFO - 📊 Progress: 500/2,500 rows (20.0%)
2025-08-04 20:37:58,335 - ComprehensiveSCRPAFixV8_5 - INFO - ⚡ Completed Chunk 1 (Fast):
2025-08-04 20:37:58,336 - ComprehensiveSCRPAFixV8_5 - INFO -   ⏱️ Duration: 0.02s
2025-08-04 20:37:58,336 - ComprehensiveSCRPAFixV8_5 - INFO -   💾 Memory: 103.2MB (Δ+0.1MB)
2025-08-04 20:37:58,341 - ComprehensiveSCRPAFixV8_5 - INFO - 🚀 Starting Chunk 2... (Memory: 103.4MB)
2025-08-04 20:37:58,372 - ComprehensiveSCRPAFixV8_5 - INFO - 📊 Progress: 1,000/2,500 rows (40.0%)
2025-08-04 20:37:58,372 - ComprehensiveSCRPAFixV8_5 - INFO - ⚡ Completed Chunk 2 (Fast):
2025-08-04 20:37:58,373 - ComprehensiveSCRPAFixV8_5 - INFO -   ⏱️ Duration: 0.03s
2025-08-04 20:37:58,373 - ComprehensiveSCRPAFixV8_5 - INFO -   💾 Memory: 103.4MB (Δ+0.0MB)
2025-08-04 20:37:58,378 - ComprehensiveSCRPAFixV8_5 - INFO - 🚀 Starting Chunk 3... (Memory: 103.5MB)
2025-08-04 20:37:58,398 - ComprehensiveSCRPAFixV8_5 - INFO - 📊 Progress: 1,500/2,500 rows (60.0%)
2025-08-04 20:37:58,399 - ComprehensiveSCRPAFixV8_5 - INFO - ⚡ Completed Chunk 3 (Fast):
2025-08-04 20:37:58,399 - ComprehensiveSCRPAFixV8_5 - INFO -   ⏱️ Duration: 0.02s
2025-08-04 20:37:58,399 - ComprehensiveSCRPAFixV8_5 - INFO -   💾 Memory: 103.6MB (Δ+0.1MB)
2025-08-04 20:37:58,404 - ComprehensiveSCRPAFixV8_5 - INFO - 🚀 Starting Chunk 4... (Memory: 103.1MB)
2025-08-04 20:37:58,427 - ComprehensiveSCRPAFixV8_5 - INFO - 📊 Progress: 2,000/2,500 rows (80.0%)
2025-08-04 20:37:58,427 - ComprehensiveSCRPAFixV8_5 - INFO - ⚡ Completed Chunk 4 (Fast):
2025-08-04 20:37:58,427 - ComprehensiveSCRPAFixV8_5 - INFO -   ⏱️ Duration: 0.02s
2025-08-04 20:37:58,428 - ComprehensiveSCRPAFixV8_5 - INFO -   💾 Memory: 103.1MB (Δ+0.0MB)
2025-08-04 20:37:58,433 - ComprehensiveSCRPAFixV8_5 - INFO - 🚀 Starting Chunk 5... (Memory: 103.3MB)
2025-08-04 20:37:58,454 - ComprehensiveSCRPAFixV8_5 - INFO - 📊 Progress: 2,500/2,500 rows (100.0%)
2025-08-04 20:37:58,455 - ComprehensiveSCRPAFixV8_5 - INFO - ⚡ Completed Chunk 5 (Fast):
2025-08-04 20:37:58,455 - ComprehensiveSCRPAFixV8_5 - INFO -   ⏱️ Duration: 0.02s
2025-08-04 20:37:58,455 - ComprehensiveSCRPAFixV8_5 - INFO -   💾 Memory: 103.4MB (Δ+0.1MB)
2025-08-04 20:37:58,456 - ComprehensiveSCRPAFixV8_5 - INFO - 🔗 Combining processed chunks...
2025-08-04 20:37:58,491 - ComprehensiveSCRPAFixV8_5 - INFO - ⚡ Completed Chunked processing (2500 rows) (Fast):
2025-08-04 20:37:58,491 - ComprehensiveSCRPAFixV8_5 - INFO -   ⏱️ Duration: 0.19s
2025-08-04 20:37:58,491 - ComprehensiveSCRPAFixV8_5 - INFO -   💾 Memory: 102.5MB (Δ+1.1MB)
2025-08-04 20:37:58,492 - ComprehensiveSCRPAFixV8_5 - INFO - ✅ Large dataset processing complete: 2,500 total records
2025-08-04 20:37:58,492 - ComprehensiveSCRPAFixV8_5 - INFO - ⚡ Completed Chunked processing test (Fast):
2025-08-04 20:37:58,492 - ComprehensiveSCRPAFixV8_5 - INFO -   ⏱️ Duration: 0.20s
2025-08-04 20:37:58,492 - ComprehensiveSCRPAFixV8_5 - INFO -   💾 Memory: 102.5MB (Δ+1.1MB)
2025-08-04 20:37:58,492 - ComprehensiveSCRPAFixV8_5 - INFO - ✅ Chunked processing test validation:
2025-08-04 20:37:58,493 - ComprehensiveSCRPAFixV8_5 - INFO -   📊 Original rows: 2,500
2025-08-04 20:37:58,493 - ComprehensiveSCRPAFixV8_5 - INFO -   📊 Processed rows: 2,500
2025-08-04 20:37:58,493 - ComprehensiveSCRPAFixV8_5 - INFO -   📊 Columns: 8
2025-08-04 20:37:58,495 - ComprehensiveSCRPAFixV8_5 - INFO -   📊 Memory usage: 0.6MB
2025-08-04 20:37:58,495 - ComprehensiveSCRPAFixV8_5 - INFO - ✅ Data integrity check PASSED
2025-08-04 20:37:58,496 - ComprehensiveSCRPAFixV8_5 - INFO - 🗑️ Cleaned up test file: test_large_dataset_2500_rows.csv
2025-08-04 20:37:58,496 - ComprehensiveSCRPAFixV8_5 - INFO - ✅ Chunked processing test completed
2025-08-04 20:37:58,497 - ComprehensiveSCRPAFixV8_5 - INFO - 🧪 Testing large file writing functionality
2025-08-04 20:37:58,498 - ComprehensiveSCRPAFixV8_5 - INFO - 🚀 Starting Creating large test dataset... (Memory: 102.5MB)
2025-08-04 20:37:58,507 - ComprehensiveSCRPAFixV8_5 - INFO - 📊 Created large test dataset: 5,000 rows, 10 columns
2025-08-04 20:37:58,513 - ComprehensiveSCRPAFixV8_5 - INFO - 📊 Memory usage: 2.2MB
2025-08-04 20:37:58,513 - ComprehensiveSCRPAFixV8_5 - INFO - ⚡ Completed Creating large test dataset (Fast):
2025-08-04 20:37:58,513 - ComprehensiveSCRPAFixV8_5 - INFO -   ⏱️ Duration: 0.02s
2025-08-04 20:37:58,514 - ComprehensiveSCRPAFixV8_5 - INFO -   💾 Memory: 104.2MB (Δ+1.7MB)
2025-08-04 20:37:58,514 - ComprehensiveSCRPAFixV8_5 - INFO - 💾 Writing large CSV: 5,000 rows in chunks of 1,000
2025-08-04 20:37:58,515 - ComprehensiveSCRPAFixV8_5 - INFO - 🚀 Starting Large CSV write (5,000 rows)... (Memory: 104.2MB)
2025-08-04 20:37:58,524 - ComprehensiveSCRPAFixV8_5 - INFO - 📝 Write progress: 1,000/5,000 rows (20.0%)
2025-08-04 20:37:58,533 - ComprehensiveSCRPAFixV8_5 - INFO - 📝 Write progress: 2,000/5,000 rows (40.0%)
2025-08-04 20:37:58,540 - ComprehensiveSCRPAFixV8_5 - INFO - 📝 Write progress: 3,000/5,000 rows (60.0%)
2025-08-04 20:37:58,547 - ComprehensiveSCRPAFixV8_5 - INFO - 📝 Write progress: 4,000/5,000 rows (80.0%)
2025-08-04 20:37:58,554 - ComprehensiveSCRPAFixV8_5 - INFO - 📝 Write progress: 5,000/5,000 rows (100.0%)
2025-08-04 20:37:58,555 - ComprehensiveSCRPAFixV8_5 - INFO - ⚡ Completed Large CSV write (5,000 rows) (Fast):
2025-08-04 20:37:58,555 - ComprehensiveSCRPAFixV8_5 - INFO -   ⏱️ Duration: 0.04s
2025-08-04 20:37:58,555 - ComprehensiveSCRPAFixV8_5 - INFO -   💾 Memory: 104.4MB (Δ+0.2MB)
2025-08-04 20:37:58,555 - ComprehensiveSCRPAFixV8_5 - INFO - ✅ Large CSV write complete: C:\Users\carucci_r\OneDrive - City of Hackensack\01_DataSources\SCRPA_Time_v2\03_output\temp\test_large_export_5000_rows.csv
2025-08-04 20:37:58,556 - ComprehensiveSCRPAFixV8_5 - INFO - ✅ CSV file created: 0.7MB
2025-08-04 20:37:58,564 - ComprehensiveSCRPAFixV8_5 - INFO - ✅ CSV verification: 5 sample rows read successfully
2025-08-04 20:37:58,564 - ComprehensiveSCRPAFixV8_5 - INFO - 📊 Writing large Excel: 5,000 rows in chunks of 1,000
2025-08-04 20:37:58,565 - ComprehensiveSCRPAFixV8_5 - INFO - 🚀 Starting Large Excel write (5,000 rows)... (Memory: 104.4MB)
2025-08-04 20:37:58,594 - ComprehensiveSCRPAFixV8_5 - INFO - 📝 Excel write progress: 1,000/5,000 rows (20.0%)
2025-08-04 20:37:58,618 - ComprehensiveSCRPAFixV8_5 - INFO - 📝 Excel write progress: 2,000/5,000 rows (40.0%)
2025-08-04 20:37:58,642 - ComprehensiveSCRPAFixV8_5 - INFO - 📝 Excel write progress: 3,000/5,000 rows (60.0%)
2025-08-04 20:37:58,666 - ComprehensiveSCRPAFixV8_5 - INFO - 📝 Excel write progress: 4,000/5,000 rows (80.0%)
2025-08-04 20:37:58,724 - ComprehensiveSCRPAFixV8_5 - INFO - 📝 Excel write progress: 5,000/5,000 rows (100.0%)
2025-08-04 20:37:59,158 - ComprehensiveSCRPAFixV8_5 - INFO - ⚡ Completed Large Excel write (5,000 rows) (Fast):
2025-08-04 20:37:59,159 - ComprehensiveSCRPAFixV8_5 - INFO -   ⏱️ Duration: 0.59s
2025-08-04 20:37:59,159 - ComprehensiveSCRPAFixV8_5 - INFO -   💾 Memory: 121.1MB (Δ+16.7MB)
2025-08-04 20:37:59,159 - ComprehensiveSCRPAFixV8_5 - INFO - ✅ Large Excel write complete: C:\Users\carucci_r\OneDrive - City of Hackensack\01_DataSources\SCRPA_Time_v2\03_output\temp\test_large_export_5000_rows.xlsx
2025-08-04 20:37:59,159 - ComprehensiveSCRPAFixV8_5 - INFO - ✅ Excel file created: 0.3MB
2025-08-04 20:37:59,161 - ComprehensiveSCRPAFixV8_5 - INFO - 🗑️ Cleaned up test file: test_large_export_5000_rows.csv
2025-08-04 20:37:59,162 - ComprehensiveSCRPAFixV8_5 - INFO - 🗑️ Cleaned up test file: test_large_export_5000_rows.xlsx
2025-08-04 20:37:59,162 - ComprehensiveSCRPAFixV8_5 - INFO - ✅ Large file writing test completed
2025-08-04 20:37:59,163 - ComprehensiveSCRPAFixV8_5 - INFO - 🚀 Starting Complete SCRPA Pipeline V8.5... (Memory: 119.6MB)
2025-08-04 20:37:59,163 - ComprehensiveSCRPAFixV8_5 - INFO - Starting Comprehensive SCRPA Fix V8.5 pipeline...
2025-08-04 20:37:59,163 - ComprehensiveSCRPAFixV8_5 - INFO - ⚡ Completed Complete SCRPA Pipeline V8.5 (Fast):
2025-08-04 20:37:59,163 - ComprehensiveSCRPAFixV8_5 - INFO -   ⏱️ Duration: 0.00s
2025-08-04 20:37:59,163 - ComprehensiveSCRPAFixV8_5 - INFO -   💾 Memory: 119.6MB (Δ+0.0MB)
2025-08-04 20:37:59,164 - ComprehensiveSCRPAFixV8_5 - INFO - Latest CAD file: 2025_08_01_19_38_12_SCRPA_CAD.xlsx
2025-08-04 20:37:59,165 - ComprehensiveSCRPAFixV8_5 - INFO - Latest RMS file: 2025_08_01_19_38_12_SCRPA_RMS.xlsx
2025-08-04 20:37:59,166 - ComprehensiveSCRPAFixV8_5 - INFO - 🚀 Starting RMS Data Processing - 2025_08_01_19_38_12_SCRPA_RMS.xlsx... (Memory: 119.6MB)
2025-08-04 20:37:59,167 - ComprehensiveSCRPAFixV8_5 - INFO - Processing RMS data: 2025_08_01_19_38_12_SCRPA_RMS.xlsx
2025-08-04 20:37:59,167 - ComprehensiveSCRPAFixV8_5 - INFO - 🚀 Starting RMS File Loading... (Memory: 119.6MB)
2025-08-04 20:37:59,205 - ComprehensiveSCRPAFixV8_5 - INFO - Loaded RMS file with 140 rows and 31 columns
2025-08-04 20:37:59,206 - ComprehensiveSCRPAFixV8_5 - INFO - RMS columns found: ['Case Number', 'Incident Date', 'Incident Time', 'Incident Date_Between', 'Incident Time_Between', 'Report Date', 'Report Time', 'Incident Type_1', 'Incident Type_2', 'Incident Type_3', 'FullAddress', 'Grid', 'Zone', 'Narrative', 'Total Value Stolen', 'Total Value Recover', 'Registration 1', 'Make1', 'Model1', 'Reg State 1', 'Registration 2', 'Reg State 2', 'Make2', 'Model2', 'Reviewed By', 'CompleteCalc', 'Officer of Record', 'Squad', 'Det_Assigned', 'Case_Status', 'NIBRS Classification']
2025-08-04 20:37:59,206 - ComprehensiveSCRPAFixV8_5 - INFO - ⚡ Completed RMS File Loading (Fast):
2025-08-04 20:37:59,207 - ComprehensiveSCRPAFixV8_5 - INFO -   ⏱️ Duration: 0.04s
2025-08-04 20:37:59,207 - ComprehensiveSCRPAFixV8_5 - INFO -   💾 Memory: 119.7MB (Δ+0.1MB)
2025-08-04 20:37:59,207 - ComprehensiveSCRPAFixV8_5 - INFO - 🚀 Starting RMS Header Normalization & Column Mapping... (Memory: 119.7MB)
2025-08-04 20:37:59,208 - ComprehensiveSCRPAFixV8_5 - INFO - Normalized RMS headers to lowercase snake_case: ['case_number', 'incident_date', 'incident_time', 'incident_date_between', 'incident_time_between', 'report_date', 'report_time', 'incident_type_1', 'incident_type_2', 'incident_type_3', 'full_address', 'grid', 'zone', 'narrative', 'total_value_stolen', 'total_value_recover', 'registration_1', 'make_1', 'model_1', 'reg_state_1', 'registration_2', 'reg_state_2', 'make_2', 'model_2', 'reviewed_by', 'complete_calc', 'officer_of_record', 'squad', 'det_assigned', 'case_status', 'nibrs_classification']
2025-08-04 20:37:59,209 - ComprehensiveSCRPAFixV8_5 - INFO - ⚡ Completed RMS Header Normalization & Column Mapping (Fast):
2025-08-04 20:37:59,209 - ComprehensiveSCRPAFixV8_5 - INFO -   ⏱️ Duration: 0.00s
2025-08-04 20:37:59,209 - ComprehensiveSCRPAFixV8_5 - INFO -   💾 Memory: 119.7MB (Δ+0.0MB)
2025-08-04 20:37:59,209 - ComprehensiveSCRPAFixV8_5 - INFO - ⚡ Completed RMS Data Processing - 2025_08_01_19_38_12_SCRPA_RMS.xlsx (Fast):
2025-08-04 20:37:59,209 - ComprehensiveSCRPAFixV8_5 - INFO -   ⏱️ Duration: 0.04s
2025-08-04 20:37:59,210 - ComprehensiveSCRPAFixV8_5 - INFO -   💾 Memory: 119.7MB (Δ+0.1MB)
2025-08-04 20:37:59,210 - ComprehensiveSCRPAFixV8_5 - INFO - Applied column mapping: {}
2025-08-04 20:37:59,253 - ComprehensiveSCRPAFixV8_5 - INFO - Available date columns: ['incident_date', 'incident_date_between', 'report_date']
2025-08-04 20:37:59,254 - ComprehensiveSCRPAFixV8_5 - INFO - incident_date populated: 136/140
2025-08-04 20:37:59,254 - ComprehensiveSCRPAFixV8_5 - INFO - Sample incident_date values: [Timestamp('2025-01-03 00:00:00'), Timestamp('2025-01-07 00:00:00'), Timestamp('2025-01-06 00:00:00')]
2025-08-04 20:37:59,255 - ComprehensiveSCRPAFixV8_5 - INFO - incident_date_between populated: 62/140
2025-08-04 20:37:59,255 - ComprehensiveSCRPAFixV8_5 - INFO - Sample incident_date_between values: [Timestamp('2025-01-04 00:00:00'), Timestamp('2025-01-10 00:00:00'), Timestamp('2025-01-16 00:00:00')]
2025-08-04 20:37:59,255 - ComprehensiveSCRPAFixV8_5 - INFO - report_date populated: 140/140
2025-08-04 20:37:59,256 - ComprehensiveSCRPAFixV8_5 - INFO - Sample report_date values: [Timestamp('2025-01-04 00:00:00'), Timestamp('2025-01-10 00:00:00'), Timestamp('2025-01-10 00:00:00')]
2025-08-04 20:37:59,258 - ComprehensiveSCRPAFixV8_5 - INFO - Incident dates after cascading: 140/140
2025-08-04 20:37:59,259 - ComprehensiveSCRPAFixV8_5 - INFO - Sample cascaded dates: [datetime.date(2025, 1, 3), datetime.date(2025, 1, 7), datetime.date(2025, 1, 6), datetime.date(2025, 1, 13), datetime.date(2025, 1, 14)]
2025-08-04 20:37:59,264 - ComprehensiveSCRPAFixV8_5 - INFO - Sample incident_date values: [datetime.date(2025, 1, 3), datetime.date(2025, 1, 7), datetime.date(2025, 1, 6), datetime.date(2025, 1, 13), datetime.date(2025, 1, 14)]
2025-08-04 20:37:59,265 - ComprehensiveSCRPAFixV8_5 - INFO - Null incident_date count: 0
2025-08-04 20:37:59,265 - ComprehensiveSCRPAFixV8_5 - INFO - Date types: object
2025-08-04 20:37:59,266 - ComprehensiveSCRPAFixV8_5 - INFO - Period calculation results: {'YTD': 115, '28-Day': 20, '7-Day': 4, 'Historical': 1}
2025-08-04 20:37:59,269 - ComprehensiveSCRPAFixV8_5 - INFO - Date/Period Analysis Summary:
2025-08-04 20:37:59,270 - ComprehensiveSCRPAFixV8_5 - INFO -   - 7-Day period records: 4
2025-08-04 20:37:59,270 - ComprehensiveSCRPAFixV8_5 - INFO -   - 28-Day period records: 20
2025-08-04 20:37:59,270 - ComprehensiveSCRPAFixV8_5 - INFO -   - YTD period records: 115
2025-08-04 20:37:59,270 - ComprehensiveSCRPAFixV8_5 - INFO -   - Historical period records: 1
2025-08-04 20:37:59,271 - ComprehensiveSCRPAFixV8_5 - INFO - ✅ Date processing working correctly - mix of periods found
2025-08-04 20:37:59,477 - ComprehensiveSCRPAFixV8_5 - INFO - ✅ RMS header validation PASSED: All 46 columns follow lowercase snake_case
2025-08-04 20:37:59,478 - ComprehensiveSCRPAFixV8_5 - INFO - RMS headers validation passed - all headers are lowercase snake_case
2025-08-04 20:37:59,480 - ComprehensiveSCRPAFixV8_5 - INFO - RMS records before filtering: 140
2025-08-04 20:37:59,481 - ComprehensiveSCRPAFixV8_5 - INFO - Period distribution: {'YTD': 115, '28-Day': 20, '7-Day': 4, 'Historical': 1}
2025-08-04 20:37:59,481 - ComprehensiveSCRPAFixV8_5 - INFO - Non-historical records: 139
2025-08-04 20:37:59,482 - ComprehensiveSCRPAFixV8_5 - INFO - Sample case numbers: ['25-000813', '25-002564', '25-002635', '25-003362', '25-003813']
2025-08-04 20:37:59,483 - ComprehensiveSCRPAFixV8_5 - INFO - Records with excluded case number '25-057654': 1
2025-08-04 20:37:59,483 - ComprehensiveSCRPAFixV8_5 - INFO - Incident dates populated: 140/140
2025-08-04 20:37:59,484 - ComprehensiveSCRPAFixV8_5 - INFO - Sample incident dates: [Timestamp('2025-01-03 00:00:00'), Timestamp('2025-01-07 00:00:00'), Timestamp('2025-01-06 00:00:00'), Timestamp('2025-01-13 00:00:00'), Timestamp('2025-01-14 00:00:00')]
2025-08-04 20:37:59,484 - ComprehensiveSCRPAFixV8_5 - INFO - Date range: 2017-06-20 00:00:00 to 2025-07-31 00:00:00
2025-08-04 20:37:59,485 - ComprehensiveSCRPAFixV8_5 - INFO - After case number filter: 139/140 records
2025-08-04 20:37:59,486 - ComprehensiveSCRPAFixV8_5 - INFO - After period filter: 138/140 records
2025-08-04 20:37:59,486 - ComprehensiveSCRPAFixV8_5 - ERROR - RMS data processing failed - received None
2025-08-04 20:37:59,520 - ComprehensiveSCRPAFixV8_5 - INFO - Found 30 duplicate incidents in reference file.
2025-08-04 20:37:59,520 - ComprehensiveSCRPAFixV8_5 - INFO - Applying priority-based duplicate resolution:
2025-08-04 20:37:59,521 - ComprehensiveSCRPAFixV8_5 - INFO -   'DOMESTIC DISPUTE': 3 variants -> keeping highest priority
2025-08-04 20:37:59,521 - ComprehensiveSCRPAFixV8_5 - INFO -   'SHOPLIFTING 2C:20-11': 3 variants -> keeping highest priority
2025-08-04 20:37:59,521 - ComprehensiveSCRPAFixV8_5 - INFO -   'SIMPLE ASSAULT 2C:12-1A': 4 variants -> keeping highest priority
2025-08-04 20:37:59,521 - ComprehensiveSCRPAFixV8_5 - INFO -   'TARGETED AREA PATROL': 3 variants -> keeping highest priority
2025-08-04 20:37:59,523 - ComprehensiveSCRPAFixV8_5 - INFO -   'TERRORISTIC THREATS 2C:12-3': 3 variants -> keeping highest priority
2025-08-04 20:37:59,523 - ComprehensiveSCRPAFixV8_5 - INFO -   'WEAPONS SEIZURE - 2C:25-21D': 2 variants -> keeping highest priority
2025-08-04 20:37:59,523 - ComprehensiveSCRPAFixV8_5 - INFO -   'WEATHER ALERTS': 2 variants -> keeping highest priority
2025-08-04 20:37:59,523 - ComprehensiveSCRPAFixV8_5 - INFO -   'WELFARE CHECK': 2 variants -> keeping highest priority
2025-08-04 20:37:59,524 - ComprehensiveSCRPAFixV8_5 - INFO -   'WIDESPREAD DAMAGE - 2C:17-2': 2 variants -> keeping highest priority
2025-08-04 20:37:59,524 - ComprehensiveSCRPAFixV8_5 - INFO -   'WIRE DOWN': 2 variants -> keeping highest priority
2025-08-04 20:37:59,524 - ComprehensiveSCRPAFixV8_5 - INFO -   'WITNESS TAMPERING - 2C:28-5': 2 variants -> keeping highest priority
2025-08-04 20:37:59,525 - ComprehensiveSCRPAFixV8_5 - INFO -   'WRONGFUL IMPERSONATING - 2C:21-1': 2 variants -> keeping highest priority
2025-08-04 20:37:59,530 - ComprehensiveSCRPAFixV8_5 - INFO - Priority-based resolution completed: 30 duplicates resolved
2025-08-04 20:37:59,548 - ComprehensiveSCRPAFixV8_5 - INFO - Enhanced call type reference loaded successfully:
2025-08-04 20:37:59,548 - ComprehensiveSCRPAFixV8_5 - INFO -   - Total records: 592
2025-08-04 20:37:59,549 - ComprehensiveSCRPAFixV8_5 - INFO -   - Unique incidents: 574
2025-08-04 20:37:59,549 - ComprehensiveSCRPAFixV8_5 - INFO -   - Duplicates found: 30
2025-08-04 20:37:59,549 - ComprehensiveSCRPAFixV8_5 - INFO -   - Duplicates resolved: 30
2025-08-04 20:37:59,550 - ComprehensiveSCRPAFixV8_5 - INFO -   - Normalized columns: ['incident', 'category_type', 'response_type']
2025-08-04 20:37:59,550 - ComprehensiveSCRPAFixV8_5 - INFO - 🚀 Starting CAD Data Processing - 2025_08_01_19_38_12_SCRPA_CAD.xlsx... (Memory: 120.4MB)
2025-08-04 20:37:59,550 - ComprehensiveSCRPAFixV8_5 - INFO - Processing CAD data: 2025_08_01_19_38_12_SCRPA_CAD.xlsx
2025-08-04 20:37:59,551 - ComprehensiveSCRPAFixV8_5 - INFO - ⚡ Completed CAD Data Processing - 2025_08_01_19_38_12_SCRPA_CAD.xlsx (Fast):
2025-08-04 20:37:59,551 - ComprehensiveSCRPAFixV8_5 - INFO -   ⏱️ Duration: 0.00s
2025-08-04 20:37:59,551 - ComprehensiveSCRPAFixV8_5 - INFO -   💾 Memory: 120.4MB (Δ+0.0MB)
2025-08-04 20:37:59,595 - ComprehensiveSCRPAFixV8_5 - INFO - Loaded CAD file with 115 rows and 20 columns
2025-08-04 20:37:59,595 - ComprehensiveSCRPAFixV8_5 - INFO - CAD columns found: ['ReportNumberNew', 'Incident', 'How Reported', 'FullAddress2', 'PDZone', 'Grid', 'Time of Call', 'cYear', 'cMonth', 'HourMinuetsCalc', 'DayofWeek', 'Time Dispatched', 'Time Out', 'Time In', 'Time Spent', 'Time Response', 'Officer', 'Disposition', 'Response Type', 'CADNotes']
2025-08-04 20:37:59,595 - ComprehensiveSCRPAFixV8_5 - INFO - Applied dtype={'How Reported': str} to prevent Excel auto-parsing '9-1-1' as date
2025-08-04 20:37:59,597 - ComprehensiveSCRPAFixV8_5 - INFO - Applied additional fixes to prevent '9-1-1' date conversion
2025-08-04 20:37:59,598 - ComprehensiveSCRPAFixV8_5 - INFO - Applied column mapping: {'ReportNumberNew': 'case_number', 'Incident': 'incident', 'How Reported': 'how_reported', 'FullAddress2': 'full_address_raw', 'PDZone': 'post', 'Grid': 'grid_raw', 'Time of Call': 'time_of_call', 'cYear': 'call_year', 'cMonth': 'call_month', 'HourMinuetsCalc': 'hour_minutes_calc', 'DayofWeek': 'day_of_week_raw', 'Time Dispatched': 'time_dispatched', 'Time Out': 'time_out', 'Time In': 'time_in', 'Time Spent': 'time_spent_raw', 'Time Response': 'time_response_raw', 'Officer': 'officer', 'Disposition': 'disposition', 'Response Type': 'response_type_fallback', 'CADNotes': 'cad_notes_raw'}
2025-08-04 20:37:59,598 - ComprehensiveSCRPAFixV8_5 - INFO - Normalized CAD headers to lowercase snake_case: ['case_number', 'incident', 'how_reported', 'full_address_raw', 'post', 'grid_raw', 'time_of_call', 'call_year', 'call_month', 'hour_minutes_calc', 'day_of_week_raw', 'time_dispatched', 'time_out', 'time_in', 'time_spent_raw', 'time_response_raw', 'officer', 'disposition', 'response_type_fallback', 'cad_notes_raw']
2025-08-04 20:37:59,614 - ComprehensiveSCRPAFixV8_5 - INFO - Starting proper CallType_Categories.xlsx mapping for 115 CAD records
2025-08-04 20:37:59,614 - ComprehensiveSCRPAFixV8_5 - INFO - Sample incident values: ['Motor Vehicle Theft - 2C:20-3', 'Criminal Sexual Contact - 2C:14-3a', 'Burglary - Auto - 2C:18-2', 'Burglary - Residence - 2C:18-2', 'Motor Vehicle Theft - 2C:20-3']
2025-08-04 20:37:59,656 - ComprehensiveSCRPAFixV8_5 - INFO - Loaded CallType_Categories.xlsx with 592 records
2025-08-04 20:37:59,657 - ComprehensiveSCRPAFixV8_5 - INFO - CallType columns: ['Incident', 'Category Type', 'Response Type']
2025-08-04 20:37:59,685 - ComprehensiveSCRPAFixV8_5 - INFO - Created mapping dictionary with 574 entries
2025-08-04 20:37:59,686 - ComprehensiveSCRPAFixV8_5 - INFO - CallType_Categories.xlsx mapping results:
2025-08-04 20:37:59,686 - ComprehensiveSCRPAFixV8_5 - INFO -   - Total incidents: 115
2025-08-04 20:37:59,687 - ComprehensiveSCRPAFixV8_5 - INFO -   - Mapped incidents: 0
2025-08-04 20:37:59,687 - ComprehensiveSCRPAFixV8_5 - INFO -   - Unmapped incidents: 115
2025-08-04 20:37:59,687 - ComprehensiveSCRPAFixV8_5 - INFO -   - Mapping rate: 0.0%
2025-08-04 20:37:59,688 - ComprehensiveSCRPAFixV8_5 - INFO - Category type distribution: {'Other': 115}
2025-08-04 20:37:59,689 - ComprehensiveSCRPAFixV8_5 - INFO - Top 10 response types: {'Unknown': 115}
2025-08-04 20:37:59,692 - ComprehensiveSCRPAFixV8_5 - INFO - Final column coverage:
2025-08-04 20:37:59,692 - ComprehensiveSCRPAFixV8_5 - INFO -   - response_type coverage: 100.0%
2025-08-04 20:37:59,692 - ComprehensiveSCRPAFixV8_5 - INFO -   - category_type coverage: 100.0%
2025-08-04 20:37:59,794 - ComprehensiveSCRPAFixV8_5 - INFO - CAD notes parsing complete: 115 records processed
2025-08-04 20:37:59,952 - ComprehensiveSCRPAFixV8_5 - INFO - CAD response_type populated in 115/115 records
2025-08-04 20:37:59,953 - ComprehensiveSCRPAFixV8_5 - INFO - CAD grid populated in 108/115 records
2025-08-04 20:37:59,953 - ComprehensiveSCRPAFixV8_5 - INFO - CAD post populated in 111/115 records
2025-08-04 20:37:59,953 - ComprehensiveSCRPAFixV8_5 - INFO - ✅ CAD header validation PASSED: All 34 columns follow lowercase snake_case
2025-08-04 20:37:59,954 - ComprehensiveSCRPAFixV8_5 - INFO - CAD headers validation passed - all headers are lowercase snake_case
2025-08-04 20:37:59,956 - ComprehensiveSCRPAFixV8_5 - INFO - CAD processing complete: 115 records
2025-08-04 20:37:59,956 - ComprehensiveSCRPAFixV8_5 - INFO - Final CAD columns: ['case_number', 'incident', 'response_type', 'category_type', 'how_reported', 'location', 'block', 'grid', 'post', 'time_of_call', 'time_dispatched', 'time_out', 'time_in', 'time_spent_minutes', 'time_response_minutes', 'time_spent_formatted', 'time_response_formatted', 'officer', 'disposition', 'cad_notes_cleaned', 'cad_username', 'cad_timestamp', 'cycle_name']
2025-08-04 20:38:00,006 - ComprehensiveSCRPAFixV8_5 - INFO - ✅ CAD header validation PASSED: All 23 columns follow lowercase snake_case
2025-08-04 20:38:00,006 - ComprehensiveSCRPAFixV8_5 - INFO - 💾 Writing standard CSV: 115 rows
2025-08-04 20:38:00,015 - ComprehensiveSCRPAFixV8_5 - INFO - CAD data saved: C:\Users\carucci_r\OneDrive - City of Hackensack\01_DataSources\SCRPA_Time_v2\04_powerbi\C08W31_20250804_7Day_cad_data_standardized.csv
2025-08-04 20:38:00,016 - ComprehensiveSCRPAFixV8_5 - INFO - ✅ CAD Data header validation PASSED: All 23 columns follow lowercase snake_case
2025-08-04 20:38:00,016 - ComprehensiveSCRPAFixV8_5 - INFO - ================================================================================
2025-08-04 20:38:00,016 - ComprehensiveSCRPAFixV8_5 - INFO - COMPREHENSIVE QC REPORT - CAD INCIDENT MAPPING
2025-08-04 20:38:00,016 - ComprehensiveSCRPAFixV8_5 - INFO - ================================================================================
2025-08-04 20:38:00,017 - ComprehensiveSCRPAFixV8_5 - INFO - 1. REFERENCE FILE VALIDATION
2025-08-04 20:38:00,017 - ComprehensiveSCRPAFixV8_5 - INFO - OK Reference file loaded: 592 records
2025-08-04 20:38:00,017 - ComprehensiveSCRPAFixV8_5 - INFO - OK Unique incidents: 574
2025-08-04 20:38:00,017 - ComprehensiveSCRPAFixV8_5 - INFO - OK Duplicates found: 30
2025-08-04 20:38:00,018 - ComprehensiveSCRPAFixV8_5 - INFO - OK Duplicates resolved: 30 (deterministic)
2025-08-04 20:38:00,018 - ComprehensiveSCRPAFixV8_5 - INFO - OK Resolution method: priority_based_deterministic
2025-08-04 20:38:00,018 - ComprehensiveSCRPAFixV8_5 - INFO - 
2025-08-04 20:38:00,018 - ComprehensiveSCRPAFixV8_5 - INFO - 2. MAPPING PERFORMANCE VALIDATION
2025-08-04 20:38:00,019 - ComprehensiveSCRPAFixV8_5 - INFO - OK Mapping success rate: 100.0% (>= 98.0%)
2025-08-04 20:38:00,019 - ComprehensiveSCRPAFixV8_5 - INFO - OK Mapped incidents: 115/115
2025-08-04 20:38:00,019 - ComprehensiveSCRPAFixV8_5 - INFO - 
2025-08-04 20:38:00,019 - ComprehensiveSCRPAFixV8_5 - INFO - 3. DATA QUALITY VALIDATION
2025-08-04 20:38:00,020 - ComprehensiveSCRPAFixV8_5 - ERROR - FAIL Missing required columns
2025-08-04 20:38:00,020 - ComprehensiveSCRPAFixV8_5 - ERROR -      Missing: response_type_cad
2025-08-04 20:38:00,020 - ComprehensiveSCRPAFixV8_5 - ERROR -      Missing: category_type_cad
2025-08-04 20:38:00,020 - ComprehensiveSCRPAFixV8_5 - INFO - 
2025-08-04 20:38:00,021 - ComprehensiveSCRPAFixV8_5 - INFO - 4. HEADER COMPLIANCE VALIDATION
2025-08-04 20:38:00,021 - ComprehensiveSCRPAFixV8_5 - INFO - OK All headers lowercase snake_case: 23/23
2025-08-04 20:38:00,021 - ComprehensiveSCRPAFixV8_5 - INFO - 
2025-08-04 20:38:00,021 - ComprehensiveSCRPAFixV8_5 - INFO - 6. OVERALL QC STATUS
2025-08-04 20:38:00,022 - ComprehensiveSCRPAFixV8_5 - ERROR - FAIL OVERALL STATUS: FAIL
2025-08-04 20:38:00,022 - ComprehensiveSCRPAFixV8_5 - ERROR -    - Required columns missing
2025-08-04 20:38:00,022 - ComprehensiveSCRPAFixV8_5 - ERROR - FAIL Pipeline requires attention before production use
2025-08-04 20:38:00,023 - ComprehensiveSCRPAFixV8_5 - INFO - ================================================================================
2025-08-04 20:38:00,023 - ComprehensiveSCRPAFixV8_5 - INFO - Enhanced QC Report Status: FAIL
2025-08-04 20:38:00,023 - ComprehensiveSCRPAFixV8_5 - WARNING - Critical Issues Found: ['Required columns missing']
2025-08-04 20:38:00,024 - ComprehensiveSCRPAFixV8_5 - INFO - ============================================================
2025-08-04 20:38:00,024 - ComprehensiveSCRPAFixV8_5 - INFO - COMPREHENSIVE SCRPA FIX V8.5 COMPLETE - VALIDATION SUMMARY
2025-08-04 20:38:00,024 - ComprehensiveSCRPAFixV8_5 - INFO - ============================================================
2025-08-04 20:38:00,024 - ComprehensiveSCRPAFixV8_5 - INFO - ✅ RMS records processed: 0
2025-08-04 20:38:00,024 - ComprehensiveSCRPAFixV8_5 - INFO - ✅ CAD records processed: 115
2025-08-04 20:38:00,025 - ComprehensiveSCRPAFixV8_5 - INFO - ✅ Output directory: C:\Users\carucci_r\OneDrive - City of Hackensack\01_DataSources\SCRPA_Time_v2\04_powerbi
2025-08-04 20:38:00,025 - ComprehensiveSCRPAFixV8_5 - INFO - ============================================================
2025-08-04 20:38:00,025 - ComprehensiveSCRPAFixV8_5 - INFO - Running comprehensive export consistency validation...
2025-08-04 20:38:00,027 - ComprehensiveSCRPAFixV8_5 - INFO - Found 4 CSV files for validation
2025-08-04 20:38:00,027 - ComprehensiveSCRPAFixV8_5 - INFO - ======================================================================
2025-08-04 20:38:00,028 - ComprehensiveSCRPAFixV8_5 - INFO - COMPREHENSIVE EXPORT CONSISTENCY VALIDATION
2025-08-04 20:38:00,028 - ComprehensiveSCRPAFixV8_5 - INFO - ======================================================================
2025-08-04 20:38:00,034 - ComprehensiveSCRPAFixV8_5 - INFO - Analyzing: C08W31_20250804_7Day_rms_data_standardized.csv (138 rows, 24 columns)
2025-08-04 20:38:00,034 - ComprehensiveSCRPAFixV8_5 - INFO - ✅ C08W31_20250804_7Day_rms_data_standardized.csv header validation PASSED: All 24 columns follow lowercase snake_case
2025-08-04 20:38:00,035 - ComprehensiveSCRPAFixV8_5 - INFO -   Headers: All 24 columns follow lowercase_snake_case
2025-08-04 20:38:00,046 - ComprehensiveSCRPAFixV8_5 - INFO -   Data Types: 15 string, 9 numeric, 0 datetime, 0 mixed
2025-08-04 20:38:00,046 - ComprehensiveSCRPAFixV8_5 - WARNING -   Data Quality Issues: 10
2025-08-04 20:38:00,047 - ComprehensiveSCRPAFixV8_5 - WARNING -     - Column 'incident_time' has high null percentage: 100.0%
2025-08-04 20:38:00,047 - ComprehensiveSCRPAFixV8_5 - WARNING -     - Column 'location' has high null percentage: 100.0%
2025-08-04 20:38:00,047 - ComprehensiveSCRPAFixV8_5 - WARNING -     - Column 'grid' has high null percentage: 100.0%
2025-08-04 20:38:00,054 - ComprehensiveSCRPAFixV8_5 - WARNING -   Power BI Issues: 1
2025-08-04 20:38:00,055 - ComprehensiveSCRPAFixV8_5 - WARNING -     - Completely empty columns found: incident_time, location, grid, post, incident_type
2025-08-04 20:38:00,063 - ComprehensiveSCRPAFixV8_5 - INFO - Analyzing: C08W31_20250804_7Day_cad_data_standardized.csv (115 rows, 23 columns)
2025-08-04 20:38:00,064 - ComprehensiveSCRPAFixV8_5 - INFO - ✅ C08W31_20250804_7Day_cad_data_standardized.csv header validation PASSED: All 23 columns follow lowercase snake_case
2025-08-04 20:38:00,064 - ComprehensiveSCRPAFixV8_5 - INFO -   Headers: All 23 columns follow lowercase_snake_case
2025-08-04 20:38:00,075 - ComprehensiveSCRPAFixV8_5 - INFO -   Data Types: 19 string, 4 numeric, 0 datetime, 0 mixed
2025-08-04 20:38:00,076 - ComprehensiveSCRPAFixV8_5 - WARNING -   Data Quality Issues: 1
2025-08-04 20:38:00,076 - ComprehensiveSCRPAFixV8_5 - WARNING -     - Column 'grid' has high null percentage: 100.0%
2025-08-04 20:38:00,086 - ComprehensiveSCRPAFixV8_5 - WARNING -   Power BI Issues: 1
2025-08-04 20:38:00,086 - ComprehensiveSCRPAFixV8_5 - WARNING -     - Completely empty columns found: grid
2025-08-04 20:38:00,094 - ComprehensiveSCRPAFixV8_5 - INFO - Analyzing: C08W31_20250804_7Day_cad_rms_matched_standardized.csv (138 rows, 51 columns)
2025-08-04 20:38:00,094 - ComprehensiveSCRPAFixV8_5 - INFO - ✅ C08W31_20250804_7Day_cad_rms_matched_standardized.csv header validation PASSED: All 51 columns follow lowercase snake_case
2025-08-04 20:38:00,094 - ComprehensiveSCRPAFixV8_5 - INFO -   Headers: All 51 columns follow lowercase_snake_case
2025-08-04 20:38:00,119 - ComprehensiveSCRPAFixV8_5 - INFO -   Data Types: 39 string, 12 numeric, 0 datetime, 0 mixed
2025-08-04 20:38:00,120 - ComprehensiveSCRPAFixV8_5 - WARNING -   Data Quality Issues: 11
2025-08-04 20:38:00,120 - ComprehensiveSCRPAFixV8_5 - WARNING -     - Column 'incident_time' has high null percentage: 100.0%
2025-08-04 20:38:00,121 - ComprehensiveSCRPAFixV8_5 - WARNING -     - Column 'location' has high null percentage: 100.0%
2025-08-04 20:38:00,121 - ComprehensiveSCRPAFixV8_5 - WARNING -     - Column 'grid' has high null percentage: 100.0%
2025-08-04 20:38:00,141 - ComprehensiveSCRPAFixV8_5 - WARNING -   Power BI Issues: 1
2025-08-04 20:38:00,142 - ComprehensiveSCRPAFixV8_5 - WARNING -     - Completely empty columns found: incident_time, location, grid, post, incident_type
2025-08-04 20:38:00,146 - ComprehensiveSCRPAFixV8_5 - INFO - Analyzing: C08W31_20250804_7Day_SCRPA_Incidents.csv (1 rows, 10 columns)
2025-08-04 20:38:00,146 - ComprehensiveSCRPAFixV8_5 - ERROR - ❌ C08W31_20250804_7Day_SCRPA_Incidents.csv header validation FAILED: 10 non-compliant columns
2025-08-04 20:38:00,147 - ComprehensiveSCRPAFixV8_5 - ERROR - Non-compliant columns: ['Case_Number', 'Incident_Date_Time', 'Incident_Types', 'Crime_Category', 'Full_Address', 'Narrative', 'Vehicle_Registration', 'Vehicle_Make_Model', 'Grid_Zone', 'Status']
2025-08-04 20:38:00,147 - ComprehensiveSCRPAFixV8_5 - WARNING -   Headers: 10 non-compliant columns
2025-08-04 20:38:00,152 - ComprehensiveSCRPAFixV8_5 - INFO -   Data Types: 10 string, 0 numeric, 0 datetime, 0 mixed
2025-08-04 20:38:00,158 - ComprehensiveSCRPAFixV8_5 - INFO -   Power BI Ready: No import issues detected
2025-08-04 20:38:00,158 - ComprehensiveSCRPAFixV8_5 - INFO - Cross-File Compatibility Analysis:
2025-08-04 20:38:00,158 - ComprehensiveSCRPAFixV8_5 - INFO -   Total unique columns across all files: 76
2025-08-04 20:38:00,160 - ComprehensiveSCRPAFixV8_5 - INFO -   Common columns across all files: 0
2025-08-04 20:38:00,160 - ComprehensiveSCRPAFixV8_5 - INFO -   C08W31_20250804_7Day_rms_data_standardized.csv specific columns: 24
2025-08-04 20:38:00,160 - ComprehensiveSCRPAFixV8_5 - INFO -     - cycle_name, season, case_number, time_of_day, squad (and 19 more)
2025-08-04 20:38:00,160 - ComprehensiveSCRPAFixV8_5 - INFO -   C08W31_20250804_7Day_cad_data_standardized.csv specific columns: 23
2025-08-04 20:38:00,161 - ComprehensiveSCRPAFixV8_5 - INFO -     - cycle_name, disposition, cad_timestamp, time_in, case_number (and 18 more)
2025-08-04 20:38:00,161 - ComprehensiveSCRPAFixV8_5 - INFO -   C08W31_20250804_7Day_cad_rms_matched_standardized.csv specific columns: 51
2025-08-04 20:38:00,161 - ComprehensiveSCRPAFixV8_5 - INFO -     - time_of_call_cad, case_number, cycle_name_cad, how_reported_cad, officer_cad (and 46 more)
2025-08-04 20:38:00,161 - ComprehensiveSCRPAFixV8_5 - INFO -   C08W31_20250804_7Day_SCRPA_Incidents.csv specific columns: 10
2025-08-04 20:38:00,162 - ComprehensiveSCRPAFixV8_5 - INFO -     - Incident_Types, Narrative, Vehicle_Registration, Incident_Date_Time, Grid_Zone (and 5 more)
2025-08-04 20:38:00,162 - ComprehensiveSCRPAFixV8_5 - INFO -   All common columns have consistent data types
2025-08-04 20:38:00,163 - ComprehensiveSCRPAFixV8_5 - INFO - ======================================================================
2025-08-04 20:38:00,163 - ComprehensiveSCRPAFixV8_5 - INFO - EXPORT CONSISTENCY VALIDATION SUMMARY
2025-08-04 20:38:00,163 - ComprehensiveSCRPAFixV8_5 - INFO - ======================================================================
2025-08-04 20:38:00,164 - ComprehensiveSCRPAFixV8_5 - INFO - Overall Status: WARNING
2025-08-04 20:38:00,164 - ComprehensiveSCRPAFixV8_5 - INFO - Files Validated: 4
2025-08-04 20:38:00,164 - ComprehensiveSCRPAFixV8_5 - INFO - Issues Found: 4
2025-08-04 20:38:00,165 - ComprehensiveSCRPAFixV8_5 - INFO - Power BI Ready Files: 1/4
2025-08-04 20:38:00,165 - ComprehensiveSCRPAFixV8_5 - INFO - Recommendations:
2025-08-04 20:38:00,165 - ComprehensiveSCRPAFixV8_5 - INFO -   - Review header naming conventions to ensure lowercase_snake_case compliance
2025-08-04 20:38:00,165 - ComprehensiveSCRPAFixV8_5 - INFO -   - Standardize data types for common columns across all files
2025-08-04 20:38:00,166 - ComprehensiveSCRPAFixV8_5 - INFO -   - Address Power BI compatibility issues before import
2025-08-04 20:38:00,166 - ComprehensiveSCRPAFixV8_5 - INFO -   - C08W31_20250804_7Day_rms_data_standardized.csv: Consider reviewing columns with >75% null values: incident_time, location, grid
2025-08-04 20:38:00,166 - ComprehensiveSCRPAFixV8_5 - INFO -   - C08W31_20250804_7Day_cad_data_standardized.csv: Consider reviewing columns with >75% null values: grid
2025-08-04 20:38:00,166 - ComprehensiveSCRPAFixV8_5 - INFO - ======================================================================
2025-08-04 20:38:00,167 - ComprehensiveSCRPAFixV8_5 - WARNING - ⚠️ Export validation completed with warnings - review before Power BI import
