2025-07-29 08:17:31,043 - FinalSCRPAFixV6 - INFO - Final SCRPA Fix V6 initialized - Unified case number logic
2025-07-29 08:17:31,043 - FinalSCRPAFixV6 - INFO - Starting Final SCRPA Fix V6 - Unified CaseNumber logic
2025-07-29 08:17:31,044 - FinalSCRPAFixV6 - INFO - Latest CAD file: 2025_07_29_00_53_07_SCRPA_CAD.xlsx
2025-07-29 08:17:31,044 - FinalSCRPAFixV6 - INFO - Latest RMS file: 2025_07_28_13_44_25_SCRPA_RMS.xlsx
2025-07-29 08:17:31,044 - FinalSCRPAFixV6 - INFO - Processing CAD data: 2025_07_29_00_53_07_SCRPA_CAD.xlsx
2025-07-29 08:17:31,445 - FinalSCRPAFixV6 - INFO - Loaded CAD data: 114 records
2025-07-29 08:17:31,483 - FinalSCRPAFixV6 - INFO - CAD processing complete: 114 records with unified CaseNumber
2025-07-29 08:17:31,483 - FinalSCRPAFixV6 - INFO - Processing RMS data: 2025_07_28_13_44_25_SCRPA_RMS.xlsx
2025-07-29 08:17:31,507 - FinalSCRPAFixV6 - INFO - Loaded RMS data: 134 records
2025-07-29 08:17:31,547 - FinalSCRPAFixV6 - INFO - Created ALL_INCIDENTS without unpivoting
2025-07-29 08:17:31,552 - FinalSCRPAFixV6 - INFO - RMS processing complete: 134 records with unified CaseNumber (NO unpivoting)
2025-07-29 08:17:31,567 - FinalSCRPAFixV6 - INFO - ============================================================
2025-07-29 08:17:31,567 - FinalSCRPAFixV6 - INFO - FINAL SCRPA FIX V6 COMPLETE
2025-07-29 08:17:31,567 - FinalSCRPAFixV6 - INFO - ============================================================
2025-07-29 08:17:31,567 - FinalSCRPAFixV6 - INFO - ✅ Total records: 248
2025-07-29 08:17:31,567 - FinalSCRPAFixV6 - INFO - ✅ CaseNumber column: CaseNumber
2025-07-29 08:17:31,567 - FinalSCRPAFixV6 - INFO - ✅ Null case numbers: 0
2025-07-29 08:17:31,567 - FinalSCRPAFixV6 - INFO - ✅ Empty case numbers: 0
2025-07-29 08:17:31,567 - FinalSCRPAFixV6 - INFO - ✅ Total missing case numbers: 0 (0.0%)
2025-07-29 08:17:31,567 - FinalSCRPAFixV6 - INFO - ✅ Output: C:\Users\carucci_r\OneDrive - City of Hackensack\01_DataSources\SCRPA_Time_v2\04_powerbi\enhanced_scrpa_data.csv
