2025-08-01 10:04:29,165 - INFO - ================================================================================
2025-08-01 10:04:29,165 - INFO - SCRPA GEOCODING PREPARATION - 20250801_100429
2025-08-01 10:04:29,165 - INFO - ================================================================================
2025-08-01 10:04:29,165 - INFO - 🚀 Starting SCRPA Geocoding Preparation...
2025-08-01 10:04:29,197 - INFO - Collecting and validating unique addresses...
2025-08-01 10:04:29,240 - INFO -   ✅ cad_data_standardized.csv: 114 records, 99 valid addresses
2025-08-01 10:04:29,281 - INFO -   ✅ rms_data_standardized.csv: 134 records, 115 valid addresses
2025-08-01 10:04:29,328 - INFO -   ✅ cad_rms_matched_standardized.csv: 299 records, 0 valid addresses
2025-08-01 10:04:29,330 - INFO - ✅ Address collection complete:
2025-08-01 10:04:29,331 - INFO -   📍 Unique valid addresses: 144
2025-08-01 10:04:29,332 - INFO -   📊 Dataset breakdown:
2025-08-01 10:04:29,333 - INFO -     - cad_data_standardized.csv: 99 valid / 0 invalid
2025-08-01 10:04:29,333 - INFO -     - rms_data_standardized.csv: 115 valid / 0 invalid
2025-08-01 10:04:29,333 - INFO -     - cad_rms_matched_standardized.csv: 0 valid / 0 invalid
2025-08-01 10:04:29,333 - INFO - Creating geocoding input files for 144 addresses...
2025-08-01 10:04:29,340 - INFO -   📄 Master address list: C:\Users\carucci_r\OneDrive - City of Hackensack\01_DataSources\SCRPA_Time_v2\geocoding_input\master_address_list.csv
2025-08-01 10:04:29,353 - INFO -   📦 Batch 1: 50 addresses → batch_01_addresses.csv
2025-08-01 10:04:29,359 - INFO -   📦 Batch 2: 50 addresses → batch_02_addresses.csv
2025-08-01 10:04:29,365 - INFO -   📦 Batch 3: 44 addresses → batch_03_addresses.csv
2025-08-01 10:04:29,367 - INFO - Preparing datasets with spatial column placeholders...
2025-08-01 10:04:29,375 - INFO -   ✅ cad_data_standardized.csv → cad_data_standardized_spatial_ready.csv
2025-08-01 10:04:29,377 - INFO -     - Original columns: 18
2025-08-01 10:04:29,377 - INFO -     - Spatial columns added: 5
2025-08-01 10:04:29,377 - INFO -     - Total columns: 23
2025-08-01 10:04:29,391 - INFO -   ✅ rms_data_standardized.csv → rms_data_standardized_spatial_ready.csv
2025-08-01 10:04:29,392 - INFO -     - Original columns: 23
2025-08-01 10:04:29,392 - INFO -     - Spatial columns added: 5
2025-08-01 10:04:29,393 - INFO -     - Total columns: 28
2025-08-01 10:04:29,419 - INFO -   ✅ cad_rms_matched_standardized.csv → cad_rms_matched_standardized_spatial_ready.csv
2025-08-01 10:04:29,420 - INFO -     - Original columns: 44
2025-08-01 10:04:29,420 - INFO -     - Spatial columns added: 5
2025-08-01 10:04:29,420 - INFO -     - Total columns: 49
2025-08-01 10:04:29,420 - INFO - Creating ArcGIS Pro geocoding instructions...
2025-08-01 10:04:29,421 - INFO - ✅ ArcGIS Pro instructions created: C:\Users\carucci_r\OneDrive - City of Hackensack\01_DataSources\SCRPA_Time_v2\03_output\arcgis_pro_geocoding_instructions_20250801_100429.md
2025-08-01 10:04:29,422 - INFO - Creating geocoding integration script...
2025-08-01 10:04:29,423 - INFO - ✅ Integration script created: C:\Users\carucci_r\OneDrive - City of Hackensack\01_DataSources\SCRPA_Time_v2\01_scripts\integrate_geocoding_results.py
2025-08-01 10:04:29,424 - INFO - Generating preparation report...
2025-08-01 10:04:29,427 - INFO - ✅ Preparation reports generated:
2025-08-01 10:04:29,427 - INFO -   📊 JSON Report: C:\Users\carucci_r\OneDrive - City of Hackensack\01_DataSources\SCRPA_Time_v2\03_output\geocoding_preparation_report_20250801_100429.json
2025-08-01 10:04:29,429 - INFO -   📋 Summary Report: C:\Users\carucci_r\OneDrive - City of Hackensack\01_DataSources\SCRPA_Time_v2\03_output\geocoding_preparation_summary_20250801_100429.md
2025-08-01 10:04:29,429 - INFO - ================================================================================
2025-08-01 10:04:29,430 - INFO - 🎯 SCRPA GEOCODING PREPARATION COMPLETE
2025-08-01 10:04:29,430 - INFO - ================================================================================
2025-08-01 10:04:29,430 - INFO - 📍 Unique Addresses: 144
2025-08-01 10:04:29,431 - INFO - 📦 Geocoding Batches: 3
2025-08-01 10:04:29,431 - INFO - 📊 Datasets Prepared: 3
2025-08-01 10:04:29,432 - INFO - 📋 Instructions: arcgis_pro_geocoding_instructions_20250801_100429.md
2025-08-01 10:04:29,433 - INFO - 📋 Report: geocoding_preparation_summary_20250801_100429.md
2025-08-01 10:04:29,433 - INFO - ================================================================================
2025-08-01 10:04:29,433 - INFO - ✅ READY FOR ARCGIS PRO GEOCODING EXECUTION
2025-08-01 10:04:29,434 - INFO - ================================================================================
