2025-07-27 23:19:53,703 - MasterProcessor - INFO - Logging initialized: C:\Users\carucci_r\OneDrive - City of Hackensack\01_DataSources\SCRPA_Time_v2\03_output\logs\master_processing_20250727_231953.log
2025-07-27 23:19:53,706 - MasterProcessor - INFO - Master SCRPA Processor initialized
2025-07-27 23:19:53,706 - MasterProcessor - INFO - ========================================
2025-07-27 23:19:53,707 - MasterProcessor - INFO - STARTING COMPLETE SCRPA PROCESSING PIPELINE
2025-07-27 23:19:53,707 - MasterProcessor - INFO - ========================================
2025-07-27 23:19:53,709 - MasterProcessor - INFO - Step 1: Auto-detecting data source and loading data
2025-07-27 23:19:53,709 - MasterProcessor - INFO - Searching for latest auto export files
2025-07-27 23:19:53,710 - MasterProcessor - INFO - Latest CAD file: 2025_07_25_13_24_20_ALL_CADS.xlsx
2025-07-27 23:19:53,710 - MasterProcessor - INFO - Loading latest export: 2025_07_25_13_24_20_ALL_CADS.xlsx
2025-07-27 23:19:54,056 - MasterProcessor - INFO - Removed column: cYear
2025-07-27 23:19:54,057 - MasterProcessor - INFO - Removed column: cMonth
2025-07-27 23:19:54,057 - MasterProcessor - INFO - Removed column: DayofWeek
2025-07-27 23:19:54,057 - MasterProcessor - INFO - Detected CAD structure with 112 records
2025-07-27 23:19:54,057 - MasterProcessor - INFO - Step 2: Processing CAD data structure
2025-07-27 23:19:54,057 - MasterProcessor - INFO - Processing CAD structure (no unpivoting needed)
2025-07-27 23:19:54,064 - MasterProcessor - INFO - CAD processing complete: 112 records
2025-07-27 23:19:54,064 - MasterProcessor - INFO - Step 3: Enhanced CADNotes processing
2025-07-27 23:19:54,074 - MasterProcessor - INFO - CADNotes processing complete: 95 notes processed
2025-07-27 23:19:54,074 - MasterProcessor - INFO - Step 4: Adding derived columns (replaces M Code logic)
2025-07-27 23:19:54,101 - MasterProcessor - INFO - All enhancements complete
2025-07-27 23:19:54,101 - MasterProcessor - INFO - Step 5: Data validation and cleanup
2025-07-27 23:19:54,102 - MasterProcessor - INFO - Validation complete: 112 clean records
2025-07-27 23:19:54,102 - MasterProcessor - INFO - Step 6: Exporting for Power BI
2025-07-27 23:19:54,106 - MasterProcessor - INFO - Data successfully exported to C:\Users\carucci_r\OneDrive - City of Hackensack\01_DataSources\SCRPA_Time_v2\04_powerbi\enhanced_scrpa_data.csv
2025-07-27 23:19:54,106 - MasterProcessor - INFO - ========================================
2025-07-27 23:19:54,106 - MasterProcessor - INFO - COMPLETE SCRPA PROCESSING PIPELINE FINISHED
2025-07-27 23:19:54,106 - MasterProcessor - INFO - Output: C:\Users\carucci_r\OneDrive - City of Hackensack\01_DataSources\SCRPA_Time_v2\04_powerbi\enhanced_scrpa_data.csv
2025-07-27 23:19:54,106 - MasterProcessor - INFO - ========================================
