2025-07-27 20:29:54,140 - MasterProcessor - INFO - Logging initialized: C:\Users\carucci_r\OneDrive - City of Hackensack\01_DataSources\SCRPA_Time_v2\03_output\logs\master_processing_20250727_202954.log
2025-07-27 20:29:54,142 - MasterProcessor - INFO - Master SCRPA Processor initialized
Running full processing mode...
2025-07-27 20:29:54,143 - MasterProcessor - INFO - ========================================
2025-07-27 20:29:54,143 - MasterProcessor - INFO - STARTING COMPLETE SCRPA PROCESSING PIPELINE
2025-07-27 20:29:54,143 - MasterProcessor - INFO - ========================================
2025-07-27 20:29:54,145 - MasterProcessor - INFO - Step 1: Auto-detecting data source and loading data
2025-07-27 20:29:54,145 - MasterProcessor - INFO - Searching for latest auto export files
2025-07-27 20:29:54,145 - MasterProcessor - INFO - Latest CAD file: 2025_07_25_13_24_20_ALL_CADS.xlsx
2025-07-27 20:29:54,145 - MasterProcessor - INFO - Loading latest export: 2025_07_25_13_24_20_ALL_CADS.xlsx
2025-07-27 20:29:54,647 - INFO - Detected CAD structure (score: 5/5)
2025-07-27 20:29:54,660 - MasterProcessor - WARNING - 112 null values in Time of Call (unexpected for CAD exports)
2025-07-27 20:29:54,662 - MasterProcessor - INFO - Removed column: cYear
2025-07-27 20:29:54,663 - MasterProcessor - INFO - Removed column: cMonth
2025-07-27 20:29:54,664 - MasterProcessor - INFO - Removed column: DayofWeek
2025-07-27 20:29:54,664 - MasterProcessor - INFO - Detected CAD structure with 112 records
2025-07-27 20:29:54,664 - MasterProcessor - INFO - Step 2: Processing CAD data structure
2025-07-27 20:29:54,664 - MasterProcessor - INFO - Processing CAD structure (no unpivoting needed)
2025-07-27 20:29:54,668 - INFO - CAD disposition filtering: 112 → 112 records
2025-07-27 20:29:54,669 - INFO - CAD data prepared: 112 records ready for processing
2025-07-27 20:29:54,674 - MasterProcessor - INFO - CAD processing complete: 112 records
2025-07-27 20:29:54,675 - MasterProcessor - INFO - Step 3: Enhanced CADNotes processing
2025-07-27 20:29:54,678 - INFO - 🔄 Processing CADNotes for 112 records
2025-07-27 20:29:54,686 - INFO - ✅ CADNotes processing complete in 0.01 seconds
2025-07-27 20:29:54,688 - INFO - 📊 CADNotes Processing Statistics:
2025-07-27 20:29:54,688 - INFO -    Total records: 112
2025-07-27 20:29:54,688 - INFO -    Usernames extracted: 95 (84.8%)
2025-07-27 20:29:54,688 - INFO -    Timestamps extracted: 95 (84.8%)
2025-07-27 20:29:54,688 - INFO -    Text cleaned: 95 (84.8%)
2025-07-27 20:29:54,688 - INFO -    Average quality score: 84.8/100
2025-07-27 20:29:54,689 - MasterProcessor - INFO - CADNotes processing complete: 95 notes processed
2025-07-27 20:29:54,689 - MasterProcessor - INFO - Step 4: Adding derived columns (replaces M Code logic)
2025-07-27 20:29:54,699 - MasterProcessor - INFO - All enhancements complete
2025-07-27 20:29:54,699 - MasterProcessor - INFO - Step 5: Data validation and cleanup
2025-07-27 20:29:54,700 - MasterProcessor - INFO - Validation complete: 112 clean records
2025-07-27 20:29:54,700 - MasterProcessor - INFO - Step 6: Exporting for Power BI
2025-07-27 20:29:54,706 - MasterProcessor - INFO - Data successfully exported to C:\Users\carucci_r\OneDrive - City of Hackensack\01_DataSources\SCRPA_Time_v2\04_powerbi\enhanced_scrpa_data.csv
2025-07-27 20:29:54,706 - MasterProcessor - INFO - ========================================
2025-07-27 20:29:54,706 - MasterProcessor - INFO - COMPLETE SCRPA PROCESSING PIPELINE FINISHED
2025-07-27 20:29:54,706 - MasterProcessor - INFO - Output: C:\Users\carucci_r\OneDrive - City of Hackensack\01_DataSources\SCRPA_Time_v2\04_powerbi\enhanced_scrpa_data.csv
2025-07-27 20:29:54,707 - MasterProcessor - INFO - ========================================

Processing complete!
Final statistics:
   Data Source Detected: None
   Total Input Records: 112
   Total Output Records: 0
   Cadnotes Processed: 95
   Quality Score Avg: 84.82142857142857
   Processing Duration: 0.0
