2025-07-27 03:29:44,693 - MasterProcessor - INFO - Logging initialized: C:\Users\carucci_r\OneDrive - City of Hackensack\01_DataSources\SCRPA_Time_v2\03_output\logs\master_processing_20250727_032944.log
2025-07-27 03:29:44,699 - MasterProcessor - INFO - Master SCRPA Processor initialized
2025-07-27 03:29:44,701 - MasterProcessor - INFO - ================================================================================
2025-07-27 03:29:44,703 - MasterProcessor - INFO - STARTING COMPLETE SCRPA PROCESSING PIPELINE
2025-07-27 03:29:44,704 - MasterProcessor - INFO - ================================================================================
2025-07-27 03:29:44,705 - MasterProcessor - INFO - Step 1: Auto-detecting data source and loading data
2025-07-27 03:29:44,706 - MasterProcessor - INFO - Searching for latest auto export files
2025-07-27 03:29:44,707 - MasterProcessor - INFO -    Latest CAD file: 2025_07_25_13_24_20_ALL_CADS.xlsx
2025-07-27 03:29:44,707 - MasterProcessor - INFO -    Loading latest export: 2025_07_25_13_24_20_ALL_CADS.xlsx
2025-07-27 03:29:44,930 - MasterProcessor - INFO - Detected CAD structure with 112 records
2025-07-27 03:29:44,931 - MasterProcessor - INFO - Step 2: Processing CAD data structure
2025-07-27 03:29:44,931 - MasterProcessor - INFO -    Processing CAD structure (no unpivoting needed)
2025-07-27 03:29:44,943 - MasterProcessor - INFO -    CAD processing complete: 112 records
2025-07-27 03:29:44,943 - MasterProcessor - INFO - Step 3: Enhanced CADNotes processing
2025-07-27 03:29:44,959 - MasterProcessor - INFO -    CADNotes processing complete: 95 notes processed
2025-07-27 03:29:44,959 - MasterProcessor - INFO - Step 4: Adding derived columns (replaces M Code logic)
2025-07-27 03:29:44,990 - MasterProcessor - INFO -    All enhancements complete
2025-07-27 03:29:44,991 - MasterProcessor - INFO - Step 5: Data validation and cleanup
2025-07-27 03:29:44,993 - MasterProcessor - INFO -    Validation complete: 112 clean records
2025-07-27 03:29:44,994 - MasterProcessor - INFO - Step 6: Exporting for Power BI
2025-07-27 03:29:45,010 - MasterProcessor - INFO -    Data successfully exported to C:\Users\carucci_r\OneDrive - City of Hackensack\01_DataSources\SCRPA_Time_v2\04_powerbi\enhanced_scrpa_data.csv
2025-07-27 03:29:45,011 - MasterProcessor - INFO - ================================================================================
2025-07-27 03:29:45,012 - MasterProcessor - INFO - COMPLETE SCRPA PROCESSING PIPELINE FINISHED
2025-07-27 03:29:45,013 - MasterProcessor - INFO - Output: C:\Users\carucci_r\OneDrive - City of Hackensack\01_DataSources\SCRPA_Time_v2\04_powerbi\enhanced_scrpa_data.csv
2025-07-27 03:29:45,014 - MasterProcessor - INFO - ================================================================================
