2025-07-27 03:32:13,127 - MasterProcessor - INFO - Logging initialized: C:\Users\carucci_r\OneDrive - City of Hackensack\01_DataSources\SCRPA_Time_v2\03_output\logs\master_processing_20250727_033213.log
2025-07-27 03:32:13,129 - MasterProcessor - INFO - 🚀 Master SCRPA Processor initialized
2025-07-27 03:32:13,133 - MasterProcessor - INFO - ================================================================================
2025-07-27 03:32:13,134 - MasterProcessor - INFO - 🚀 STARTING COMPLETE SCRPA PROCESSING PIPELINE
2025-07-27 03:32:13,136 - MasterProcessor - INFO - ================================================================================
2025-07-27 03:32:13,137 - MasterProcessor - INFO - 🔍 Step 1: Auto-detecting data source and loading data
2025-07-27 03:32:13,139 - MasterProcessor - INFO - 🔍 Searching for latest auto export files
2025-07-27 03:32:13,141 - MasterProcessor - INFO -    📁 Latest CAD file: 2025_07_25_13_24_20_ALL_CADS.xlsx
2025-07-27 03:32:13,142 - MasterProcessor - INFO -    📂 Loading latest export: 2025_07_25_13_24_20_ALL_CADS.xlsx
2025-07-27 03:32:13,296 - MasterProcessor - INFO - ✅ Detected CAD structure with 112 records
2025-07-27 03:32:13,298 - MasterProcessor - INFO - 🔧 Step 2: Processing CAD data structure
2025-07-27 03:32:13,302 - MasterProcessor - INFO -    📋 Processing CAD structure (no unpivoting needed)
2025-07-27 03:32:13,311 - MasterProcessor - INFO -    ✅ CAD processing complete: 112 records
2025-07-27 03:32:13,313 - MasterProcessor - INFO - 🤖 Step 3: Enhanced CADNotes processing
2025-07-27 03:32:13,329 - MasterProcessor - INFO -    ✅ CADNotes processing complete: 95 notes processed
2025-07-27 03:32:13,331 - MasterProcessor - INFO - 📊 Step 4: Adding derived columns (replaces M Code logic)
2025-07-27 03:32:13,341 - MasterProcessor - INFO -    ✅ All enhancements complete
2025-07-27 03:32:13,344 - MasterProcessor - INFO - 🔍 Step 5: Data validation and cleanup
2025-07-27 03:32:13,347 - MasterProcessor - INFO -    ✅ Validation complete: 112 clean records
2025-07-27 03:32:13,349 - MasterProcessor - INFO - 📊 Step 6: Exporting for Power BI
2025-07-27 03:32:13,358 - MasterProcessor - INFO -    ✅ Data successfully exported to C:\Users\carucci_r\OneDrive - City of Hackensack\01_DataSources\SCRPA_Time_v2\04_powerbi\enhanced_scrpa_data.csv
2025-07-27 03:32:13,362 - MasterProcessor - INFO - ================================================================================
2025-07-27 03:32:13,363 - MasterProcessor - INFO - ✅ COMPLETE SCRPA PROCESSING PIPELINE FINISHED
2025-07-27 03:32:13,365 - MasterProcessor - INFO - 📄 Output: C:\Users\carucci_r\OneDrive - City of Hackensack\01_DataSources\SCRPA_Time_v2\04_powerbi\enhanced_scrpa_data.csv
2025-07-27 03:32:13,368 - MasterProcessor - INFO - ================================================================================
