2025-07-29 06:09:19,420 - MasterProcessor - INFO - Logging initialized: C:\Users\carucci_r\OneDrive - City of Hackensack\01_DataSources\SCRPA_Time_v2\03_output\logs\master_processing_20250729_060919.log
2025-07-29 06:09:19,423 - MasterProcessor - INFO - Master SCRPA Processor initialized with datetime fixes
2025-07-29 06:09:19,424 - MasterProcessor - INFO - ========================================
2025-07-29 06:09:19,424 - MasterProcessor - INFO - STARTING COMPLETE SCRPA PROCESSING PIPELINE
2025-07-29 06:09:19,424 - MasterProcessor - INFO - ========================================
2025-07-29 06:09:19,431 - MasterProcessor - INFO - Step 1: Auto-detecting data source and loading data
2025-07-29 06:09:19,431 - MasterProcessor - INFO - Searching for latest auto export files
2025-07-29 06:09:19,432 - MasterProcessor - INFO - Latest CAD file: 2025_07_29_00_53_07_SCRPA_CAD.xlsx
2025-07-29 06:09:19,432 - MasterProcessor - INFO - Loading latest export: 2025_07_29_00_53_07_SCRPA_CAD.xlsx
2025-07-29 06:09:19,794 - MasterProcessor - INFO - Removed column: cYear
2025-07-29 06:09:19,794 - MasterProcessor - INFO - Removed column: cMonth
2025-07-29 06:09:19,794 - MasterProcessor - INFO - Removed column: DayofWeek
2025-07-29 06:09:19,794 - MasterProcessor - INFO - Detected CAD structure with 114 records
2025-07-29 06:09:19,795 - MasterProcessor - INFO - Step 2: Processing CAD data structure
2025-07-29 06:09:19,795 - MasterProcessor - INFO - Processing CAD data structure...
2025-07-29 06:09:19,795 - MasterProcessor - INFO - Using CAD 'Time of Call' for Incident DateTime.
2025-07-29 06:09:19,796 - MasterProcessor - INFO - Successfully created Incident_DateTime for 114 CAD records
2025-07-29 06:09:19,797 - MasterProcessor - INFO - ✅ All records have valid Incident_DateTime
2025-07-29 06:09:19,797 - MasterProcessor - INFO - Step 3: Enhanced CADNotes processing
2025-07-29 06:09:19,802 - MasterProcessor - INFO - Processed CADNotes from CADNotes column
2025-07-29 06:09:19,802 - MasterProcessor - INFO - CADNotes processing complete: 96 notes processed
2025-07-29 06:09:19,802 - MasterProcessor - INFO - Step 4: Adding derived columns using corrected Incident_DateTime
2025-07-29 06:09:19,805 - MasterProcessor - INFO - Derived enhancements complete: added TimeOfDay, Period, Enhanced_Block, ALL_INCIDENTS, Crime_Category
2025-07-29 06:09:19,805 - MasterProcessor - INFO - Step 5: Data validation and cleanup
2025-07-29 06:09:19,806 - MasterProcessor - INFO - Validation complete: 114 clean records
2025-07-29 06:09:19,806 - MasterProcessor - INFO - Step 6: Exporting for Power BI
2025-07-29 06:09:19,812 - MasterProcessor - INFO - Data successfully exported to C:\Users\carucci_r\OneDrive - City of Hackensack\01_DataSources\SCRPA_Time_v2\04_powerbi\enhanced_scrpa_data.csv
2025-07-29 06:09:19,812 - MasterProcessor - INFO - ========================================
2025-07-29 06:09:19,812 - MasterProcessor - INFO - COMPLETE SCRPA PROCESSING PIPELINE FINISHED
2025-07-29 06:09:19,812 - MasterProcessor - INFO - Output: C:\Users\carucci_r\OneDrive - City of Hackensack\01_DataSources\SCRPA_Time_v2\04_powerbi\enhanced_scrpa_data.csv
2025-07-29 06:09:19,812 - MasterProcessor - INFO - ========================================
