2025-07-27 22:01:59,466 - MasterProcessor - INFO - Logging initialized: C:\Users\carucci_r\OneDrive - City of Hackensack\01_DataSources\SCRPA_Time_v2\03_output\logs\master_processing_20250727_220159.log
2025-07-27 22:01:59,467 - MasterProcessor - INFO - Master SCRPA Processor initialized
2025-07-27 22:01:59,468 - MasterProcessor - INFO - ========================================
2025-07-27 22:01:59,468 - MasterProcessor - INFO - STARTING COMPLETE SCRPA PROCESSING PIPELINE
2025-07-27 22:01:59,468 - MasterProcessor - INFO - ========================================
2025-07-27 22:01:59,468 - MasterProcessor - INFO - Step 1: Auto-detecting data source and loading data
2025-07-27 22:01:59,468 - MasterProcessor - INFO - Searching for latest auto export files
2025-07-27 22:01:59,468 - MasterProcessor - INFO - Latest CAD file: 2025_07_25_13_24_20_ALL_CADS.xlsx
2025-07-27 22:01:59,468 - MasterProcessor - INFO - Loading latest export: 2025_07_25_13_24_20_ALL_CADS.xlsx
2025-07-27 22:01:59,714 - MasterProcessor - WARNING - 112 null values in Time of Call (unexpected for CAD exports)
2025-07-27 22:01:59,715 - MasterProcessor - INFO - Detected CAD structure with 112 records
2025-07-27 22:01:59,715 - MasterProcessor - INFO - Step 2: Processing CAD data structure
2025-07-27 22:01:59,716 - MasterProcessor - INFO - Processing CAD structure (no unpivoting needed)
2025-07-27 22:01:59,720 - MasterProcessor - INFO - CAD processing complete: 112 records
2025-07-27 22:01:59,720 - MasterProcessor - INFO - Step 3: Enhanced CADNotes processing
2025-07-27 22:01:59,728 - MasterProcessor - INFO - CADNotes processing complete: 95 notes processed
2025-07-27 22:01:59,728 - MasterProcessor - INFO - Step 4: Adding derived columns (replaces M Code logic)
2025-07-27 22:01:59,736 - MasterProcessor - INFO - All enhancements complete
2025-07-27 22:01:59,739 - MasterProcessor - INFO - Step 5: Data validation and cleanup
2025-07-27 22:01:59,739 - MasterProcessor - ERROR - PIPELINE FAILED: 'IncidentType'
