2025-07-27 19:58:02,144 - MasterProcessor - INFO - Logging initialized: C:\Users\carucci_r\OneDrive - City of Hackensack\01_DataSources\SCRPA_Time_v2\03_output\logs\master_processing_20250727_195802.log
2025-07-27 19:58:02,145 - MasterProcessor - INFO - Master SCRPA Processor initialized
Running full processing mode...
2025-07-27 19:58:02,145 - MasterProcessor - INFO - ========================================
2025-07-27 19:58:02,145 - MasterProcessor - INFO - STARTING COMPLETE SCRPA PROCESSING PIPELINE
2025-07-27 19:58:02,145 - MasterProcessor - INFO - ========================================
2025-07-27 19:58:02,146 - MasterProcessor - INFO - Step 1: Auto-detecting data source and loading data
2025-07-27 19:58:02,146 - MasterProcessor - INFO - Searching for latest auto export files
2025-07-27 19:58:02,146 - MasterProcessor - INFO - Latest CAD file: 2025_07_25_13_24_20_ALL_CADS.xlsx
2025-07-27 19:58:02,146 - MasterProcessor - INFO - Loading latest export: 2025_07_25_13_24_20_ALL_CADS.xlsx
2025-07-27 19:58:02,300 - INFO - Detected CAD structure (score: 5/5)
2025-07-27 19:58:02,302 - MasterProcessor - WARNING - 112 null values in Time of Call (unexpected for CAD exports)
2025-07-27 19:58:02,302 - MasterProcessor - INFO - Removed column: cYear
2025-07-27 19:58:02,303 - MasterProcessor - INFO - Removed column: cMonth
2025-07-27 19:58:02,303 - MasterProcessor - INFO - Removed column: DayofWeek
2025-07-27 19:58:02,303 - MasterProcessor - INFO - Detected CAD structure with 112 records
2025-07-27 19:58:02,303 - MasterProcessor - INFO - Step 2: Processing CAD data structure
2025-07-27 19:58:02,303 - MasterProcessor - INFO - Processing CAD structure (no unpivoting needed)
2025-07-27 19:58:02,304 - INFO - CAD disposition filtering: 112 → 112 records
2025-07-27 19:58:02,304 - INFO - CAD data prepared: 112 records ready for processing
2025-07-27 19:58:02,306 - MasterProcessor - INFO - CAD processing complete: 112 records
2025-07-27 19:58:02,306 - MasterProcessor - INFO - Step 3: Enhanced CADNotes processing
2025-07-27 19:58:02,307 - INFO - 🔄 Processing CADNotes for 112 records
2025-07-27 19:58:02,311 - INFO - ✅ CADNotes processing complete in 0.00 seconds
2025-07-27 19:58:02,311 - INFO - 📊 CADNotes Processing Statistics:
2025-07-27 19:58:02,311 - INFO -    Total records: 112
2025-07-27 19:58:02,311 - INFO -    Usernames extracted: 95 (84.8%)
2025-07-27 19:58:02,311 - INFO -    Timestamps extracted: 95 (84.8%)
2025-07-27 19:58:02,311 - INFO -    Text cleaned: 95 (84.8%)
2025-07-27 19:58:02,311 - INFO -    Average quality score: 84.8/100
2025-07-27 19:58:02,312 - MasterProcessor - INFO - CADNotes processing complete: 95 notes processed
2025-07-27 19:58:02,312 - MasterProcessor - INFO - Step 4: Adding derived columns (replaces M Code logic)
2025-07-27 19:58:02,316 - MasterProcessor - ERROR - PIPELINE FAILED: 'Incident_Date'

Processing failed: 'Incident_Date'
Check the log files in: C:\Users\carucci_r\OneDrive - City of Hackensack\01_DataSources\SCRPA_Time_v2\03_output\logs
