2025-07-28 00:09:31,413 - MasterProcessor - INFO - Logging initialized: C:\Users\carucci_r\OneDrive - City of Hackensack\01_DataSources\SCRPA_Time_v2\03_output\logs\master_processing_20250728_000931.log
2025-07-28 00:09:31,416 - MasterProcessor - INFO - Master SCRPA Processor initialized
2025-07-28 00:09:31,416 - MasterProcessor - INFO - ========================================
2025-07-28 00:09:31,416 - MasterProcessor - INFO - STARTING COMPLETE SCRPA PROCESSING PIPELINE
2025-07-28 00:09:31,416 - MasterProcessor - INFO - ========================================
2025-07-28 00:09:31,418 - MasterProcessor - INFO - Step 1: Auto-detecting data source and loading data
2025-07-28 00:09:31,418 - MasterProcessor - INFO - Searching for latest auto export files
2025-07-28 00:09:31,419 - MasterProcessor - INFO - Latest CAD file: 2025_07_25_13_24_20_ALL_CADS.xlsx
2025-07-28 00:09:31,419 - MasterProcessor - INFO - Loading latest export: 2025_07_25_13_24_20_ALL_CADS.xlsx
2025-07-28 00:09:31,765 - MasterProcessor - INFO - Removed column: cYear
2025-07-28 00:09:31,765 - MasterProcessor - INFO - Removed column: cMonth
2025-07-28 00:09:31,766 - MasterProcessor - INFO - Removed column: DayofWeek
2025-07-28 00:09:31,766 - MasterProcessor - INFO - Detected CAD structure with 112 records
2025-07-28 00:09:31,766 - MasterProcessor - INFO - Step 2: Processing CAD data structure
2025-07-28 00:09:31,766 - MasterProcessor - INFO - Processing CAD structure (no unpivoting needed)
2025-07-28 00:09:31,771 - MasterProcessor - INFO - CAD processing complete: 112 records
2025-07-28 00:09:31,772 - MasterProcessor - INFO - Step 3: Enhanced CADNotes processing
2025-07-28 00:09:31,780 - MasterProcessor - INFO - CADNotes processing complete: 95 notes processed
2025-07-28 00:09:31,780 - MasterProcessor - INFO - Step 4: Adding derived columns (replaces M Code logic)
2025-07-28 00:09:31,808 - MasterProcessor - INFO - All enhancements complete
2025-07-28 00:09:31,808 - MasterProcessor - INFO - Step 5: Data validation and cleanup
2025-07-28 00:09:31,809 - MasterProcessor - INFO - Validation complete: 112 clean records
2025-07-28 00:09:31,810 - MasterProcessor - INFO - Step 6: Exporting for Power BI
2025-07-28 00:09:31,816 - MasterProcessor - INFO - Data successfully exported to C:\Users\carucci_r\OneDrive - City of Hackensack\01_DataSources\SCRPA_Time_v2\04_powerbi\enhanced_scrpa_data.csv
2025-07-28 00:09:31,816 - MasterProcessor - INFO - ========================================
2025-07-28 00:09:31,816 - MasterProcessor - INFO - COMPLETE SCRPA PROCESSING PIPELINE FINISHED
2025-07-28 00:09:31,816 - MasterProcessor - INFO - Output: C:\Users\carucci_r\OneDrive - City of Hackensack\01_DataSources\SCRPA_Time_v2\04_powerbi\enhanced_scrpa_data.csv
2025-07-28 00:09:31,816 - MasterProcessor - INFO - ========================================
