2025-07-27 23:54:48,573 - MasterProcessor - INFO - Logging initialized: C:\Users\carucci_r\OneDrive - City of Hackensack\01_DataSources\SCRPA_Time_v2\03_output\logs\master_processing_20250727_235448.log
2025-07-27 23:54:48,576 - MasterProcessor - INFO - Master SCRPA Processor initialized
Running full processing mode...
2025-07-27 23:54:48,577 - MasterProcessor - INFO - ========================================
2025-07-27 23:54:48,577 - MasterProcessor - INFO - STARTING COMPLETE SCRPA PROCESSING PIPELINE
2025-07-27 23:54:48,577 - MasterProcessor - INFO - ========================================
2025-07-27 23:54:48,577 - MasterProcessor - INFO - Step 1: Auto-detecting data source and loading data
2025-07-27 23:54:48,577 - MasterProcessor - INFO - Searching for latest auto export files
2025-07-27 23:54:48,578 - MasterProcessor - INFO - Latest CAD file: 2025_07_25_13_24_20_ALL_CADS.xlsx
2025-07-27 23:54:48,578 - MasterProcessor - INFO - Loading latest export: 2025_07_25_13_24_20_ALL_CADS.xlsx
2025-07-27 23:54:49,161 - INFO - Detected CAD structure (score: 5/5)
2025-07-27 23:54:49,194 - MasterProcessor - INFO - Removed column: cYear
2025-07-27 23:54:49,197 - MasterProcessor - INFO - Removed column: cMonth
2025-07-27 23:54:49,199 - MasterProcessor - INFO - Removed column: DayofWeek
2025-07-27 23:54:49,200 - MasterProcessor - INFO - Detected CAD structure with 112 records
2025-07-27 23:54:49,201 - MasterProcessor - INFO - Step 2: Processing CAD data structure
2025-07-27 23:54:49,201 - MasterProcessor - INFO - Processing CAD structure (no unpivoting needed)
2025-07-27 23:54:49,214 - INFO - CAD disposition filtering: 112 → 112 records
2025-07-27 23:54:49,218 - INFO - CAD data prepared: 112 records ready for processing
2025-07-27 23:54:49,235 - MasterProcessor - INFO - CAD processing complete: 112 records
2025-07-27 23:54:49,236 - MasterProcessor - INFO - Step 3: Enhanced CADNotes processing
2025-07-27 23:54:49,241 - INFO - 🔄 Processing CADNotes for 112 records
2025-07-27 23:54:49,272 - INFO - ✅ CADNotes processing complete in 0.03 seconds
2025-07-27 23:54:49,277 - INFO - 📊 CADNotes Processing Statistics:
2025-07-27 23:54:49,279 - INFO -    Total records: 112
2025-07-27 23:54:49,280 - INFO -    Usernames extracted: 95 (84.8%)
2025-07-27 23:54:49,281 - INFO -    Timestamps extracted: 95 (84.8%)
2025-07-27 23:54:49,282 - INFO -    Text cleaned: 95 (84.8%)
2025-07-27 23:54:49,283 - INFO -    Average quality score: 84.8/100
2025-07-27 23:54:49,284 - MasterProcessor - INFO - CADNotes processing complete: 95 notes processed
2025-07-27 23:54:49,285 - MasterProcessor - INFO - Step 4: Adding derived columns (replaces M Code logic)
2025-07-27 23:54:49,374 - MasterProcessor - INFO - All enhancements complete
2025-07-27 23:54:49,375 - MasterProcessor - INFO - Step 5: Data validation and cleanup
2025-07-27 23:54:49,380 - MasterProcessor - INFO - Validation complete: 112 clean records
2025-07-27 23:54:49,380 - MasterProcessor - INFO - Step 6: Exporting for Power BI
2025-07-27 23:54:49,395 - MasterProcessor - INFO - Data successfully exported to C:\Users\carucci_r\OneDrive - City of Hackensack\01_DataSources\SCRPA_Time_v2\04_powerbi\enhanced_scrpa_data.csv
2025-07-27 23:54:49,396 - MasterProcessor - INFO - ========================================
2025-07-27 23:54:49,396 - MasterProcessor - INFO - COMPLETE SCRPA PROCESSING PIPELINE FINISHED
2025-07-27 23:54:49,397 - MasterProcessor - INFO - Output: C:\Users\carucci_r\OneDrive - City of Hackensack\01_DataSources\SCRPA_Time_v2\04_powerbi\enhanced_scrpa_data.csv
2025-07-27 23:54:49,397 - MasterProcessor - INFO - ========================================

Processing complete!
Final statistics:
   Data Source Detected: None
   Total Input Records: 112
   Total Output Records: 0
   Cadnotes Processed: 95
   Quality Score Avg: 0.0
   Processing Duration: 0.0
