2025-07-27 20:07:38,747 - MasterProcessor - INFO - Logging initialized: C:\Users\carucci_r\OneDrive - City of Hackensack\01_DataSources\SCRPA_Time_v2\03_output\logs\master_processing_20250727_200738.log
2025-07-27 20:07:38,748 - MasterProcessor - INFO - Master SCRPA Processor initialized
2025-07-27 20:07:38,749 - MasterProcessor - INFO - ========================================
2025-07-27 20:07:38,749 - MasterProcessor - INFO - STARTING COMPLETE SCRPA PROCESSING PIPELINE
2025-07-27 20:07:38,749 - MasterProcessor - INFO - ========================================
2025-07-27 20:07:38,749 - MasterProcessor - INFO - Step 1: Auto-detecting data source and loading data
2025-07-27 20:07:38,750 - MasterProcessor - INFO - Searching for latest auto export files
2025-07-27 20:07:38,750 - MasterProcessor - INFO - Latest CAD file: 2025_07_25_13_24_20_ALL_CADS.xlsx
2025-07-27 20:07:38,750 - MasterProcessor - INFO - Loading latest export: 2025_07_25_13_24_20_ALL_CADS.xlsx
2025-07-27 20:07:38,905 - MasterProcessor - WARNING - 112 null values in Time of Call (unexpected for CAD exports)
2025-07-27 20:07:38,905 - MasterProcessor - INFO - Removed column: cYear
2025-07-27 20:07:38,906 - MasterProcessor - INFO - Removed column: cMonth
2025-07-27 20:07:38,906 - MasterProcessor - INFO - Removed column: DayofWeek
2025-07-27 20:07:38,906 - MasterProcessor - INFO - Detected CAD structure with 112 records
2025-07-27 20:07:38,906 - MasterProcessor - INFO - Step 2: Processing CAD data structure
2025-07-27 20:07:38,906 - MasterProcessor - INFO - Processing CAD structure (no unpivoting needed)
2025-07-27 20:07:38,909 - MasterProcessor - INFO - CAD processing complete: 112 records
2025-07-27 20:07:38,910 - MasterProcessor - INFO - Step 3: Enhanced CADNotes processing
2025-07-27 20:07:38,916 - MasterProcessor - INFO - CADNotes processing complete: 95 notes processed
2025-07-27 20:07:38,916 - MasterProcessor - INFO - Step 4: Adding derived columns (replaces M Code logic)
2025-07-27 20:07:38,926 - MasterProcessor - INFO - All enhancements complete
2025-07-27 20:07:38,926 - MasterProcessor - INFO - Step 5: Data validation and cleanup
2025-07-27 20:07:38,928 - MasterProcessor - INFO - Validation complete: 112 clean records
2025-07-27 20:07:38,928 - MasterProcessor - INFO - Step 6: Exporting for Power BI
2025-07-27 20:07:38,935 - MasterProcessor - INFO - Data successfully exported to C:\Users\carucci_r\OneDrive - City of Hackensack\01_DataSources\SCRPA_Time_v2\04_powerbi\enhanced_scrpa_data.csv
2025-07-27 20:07:38,936 - MasterProcessor - INFO - ========================================
2025-07-27 20:07:38,936 - MasterProcessor - INFO - COMPLETE SCRPA PROCESSING PIPELINE FINISHED
2025-07-27 20:07:38,936 - MasterProcessor - INFO - Output: C:\Users\carucci_r\OneDrive - City of Hackensack\01_DataSources\SCRPA_Time_v2\04_powerbi\enhanced_scrpa_data.csv
2025-07-27 20:07:38,936 - MasterProcessor - INFO - ========================================
