2025-07-30 19:55:42,622 - ProductionSCRPAPipeline - INFO - Production pipeline logging initialized: C:\Users\carucci_r\OneDrive - City of Hackensack\01_DataSources\SCRPA_Time_v2\logs\production\production_pipeline_20250730_195542.log
2025-07-30 19:55:42,622 - ProductionSCRPAPipeline - INFO - ================================================================================
2025-07-30 19:55:42,622 - ProductionSCRPAPipeline - INFO - PRODUCTION SCRPA PIPELINE v8.0 INITIALIZED
2025-07-30 19:55:42,622 - ProductionSCRPAPipeline - INFO - ================================================================================
2025-07-30 19:55:42,623 - ProductionSCRPAPipeline - INFO - STARTING PRODUCTION PIPELINE EXECUTION
2025-07-30 19:55:42,623 - ProductionSCRPAPipeline - INFO - PERFORMANCE: Full_Pipeline - STARTED
2025-07-30 19:55:42,623 - ProductionSCRPAPipeline - INFO - VALIDATING PROCESSING ORDER...
2025-07-30 19:55:42,623 - ProductionSCRPAPipeline - INFO - PROCESSING ORDER VALIDATION:
2025-07-30 19:55:42,623 - ProductionSCRPAPipeline - INFO -   1. Column mapping applied
2025-07-30 19:55:42,623 - ProductionSCRPAPipeline - INFO -   2. Time cascade fields created
2025-07-30 19:55:42,623 - ProductionSCRPAPipeline - INFO -   3. Date/time derived fields created
2025-07-30 19:55:42,623 - ProductionSCRPAPipeline - INFO -   4. Incident type processing completed
2025-07-30 19:55:42,623 - ProductionSCRPAPipeline - INFO -   5. Vehicle combination completed
2025-07-30 19:55:42,623 - ProductionSCRPAPipeline - INFO -   6. Location/geographic processing completed
2025-07-30 19:55:42,623 - ProductionSCRPAPipeline - INFO -   7. All derived fields validated
2025-07-30 19:55:42,623 - ProductionSCRPAPipeline - INFO -   8. Final column selection (source deletion)
2025-07-30 19:55:42,624 - ProductionSCRPAPipeline - INFO - Processing latest RMS file: 2025_07_29_13_02_46_SCRPA_RMS.xlsx
2025-07-30 19:55:42,624 - ProductionSCRPAPipeline - INFO - PERFORMANCE: RMS_Processing - STARTED
2025-07-30 19:55:42,625 - ProductionSCRPAPipeline - INFO - PRODUCTION RMS PROCESSING: C:\Users\carucci_r\OneDrive - City of Hackensack\01_DataSources\SCRPA_Time_v2\05_Exports\2025_07_29_13_02_46_SCRPA_RMS.xlsx
2025-07-30 19:55:42,625 - ProductionSCRPAPipeline - INFO - STAGE 1: Loading source data...
2025-07-30 19:55:42,918 - ProductionSCRPAPipeline - INFO - Source data loaded: 136 rows, 31 columns
2025-07-30 19:55:42,921 - ProductionSCRPAPipeline - INFO - CHECKPOINT: Source_Loaded - 136 rows, 31 cols, 0.4MB
2025-07-30 19:55:42,921 - ProductionSCRPAPipeline - INFO - STAGE 2: Applying column mapping...
2025-07-30 19:55:42,922 - ProductionSCRPAPipeline - INFO - Column mapping applied: 31 columns mapped
2025-07-30 19:55:42,923 - ProductionSCRPAPipeline - INFO - CHECKPOINT: Columns_Mapped - 136 rows, 31 cols, 0.4MB
2025-07-30 19:55:42,923 - ProductionSCRPAPipeline - INFO - STAGE 3: Creating derived fields from source data...
2025-07-30 19:55:42,923 - ProductionSCRPAPipeline - INFO -   Creating time cascade fields...
2025-07-30 19:55:42,930 - ProductionSCRPAPipeline - INFO -   Time extraction success rate: 100.0%
2025-07-30 19:55:42,930 - ProductionSCRPAPipeline - INFO -   Creating date/time derived fields...
2025-07-30 19:55:42,931 - ProductionSCRPAPipeline - INFO -   Processing incident types...
2025-07-30 19:55:42,935 - ProductionSCRPAPipeline - INFO -   Creating vehicle combinations...
2025-07-30 19:55:42,940 - ProductionSCRPAPipeline - INFO -   Processing geographic fields...
2025-07-30 19:55:42,944 - ProductionSCRPAPipeline - INFO - CHECKPOINT: Derived_Fields_Created - 136 rows, 51 cols, 0.5MB
2025-07-30 19:55:42,944 - ProductionSCRPAPipeline - INFO - STAGE 4: Validating derived field creation...
2025-07-30 19:55:42,945 - ProductionSCRPAPipeline - INFO -   Incident_Date: 100.0% filled
2025-07-30 19:55:42,945 - ProductionSCRPAPipeline - INFO -   Incident_Time: 100.0% filled
2025-07-30 19:55:42,946 - ProductionSCRPAPipeline - INFO -   Time_Of_Day: 100.0% filled
2025-07-30 19:55:42,946 - ProductionSCRPAPipeline - INFO -   Day_Of_Week: 100.0% filled
2025-07-30 19:55:42,947 - ProductionSCRPAPipeline - INFO -   Day_Type: 100.0% filled
2025-07-30 19:55:42,947 - ProductionSCRPAPipeline - INFO -   All_Incidents: 100.0% filled
2025-07-30 19:55:42,947 - ProductionSCRPAPipeline - INFO -   Incident_Type: 100.0% filled
2025-07-30 19:55:42,947 - ProductionSCRPAPipeline - INFO -   Vehicle_1: 54.4% filled
2025-07-30 19:55:42,947 - ProductionSCRPAPipeline - INFO -   Vehicle_2: 2.9% filled
2025-07-30 19:55:42,947 - ProductionSCRPAPipeline - INFO -   Vehicle_1_And_Vehicle_2: 2.9% filled
2025-07-30 19:55:42,947 - ProductionSCRPAPipeline - INFO - STAGE 5: Selecting final columns (source deletion)...
2025-07-30 19:55:42,950 - ProductionSCRPAPipeline - INFO - DATA INTEGRITY: Final_RMS - VALIDATED
2025-07-30 19:55:42,951 - ProductionSCRPAPipeline - INFO - CHECKPOINT: Final_Processing - 136 rows, 23 cols, 0.2MB
2025-07-30 19:55:42,951 - ProductionSCRPAPipeline - INFO - PERFORMANCE: RMS_Processing - COMPLETED in 0.33s
2025-07-30 19:55:42,951 - ProductionSCRPAPipeline - INFO - PRODUCTION RMS PROCESSING COMPLETE: 136 rows, 23 columns
2025-07-30 19:55:42,956 - ProductionSCRPAPipeline - INFO - Production output saved: C:\Users\carucci_r\OneDrive - City of Hackensack\01_DataSources\SCRPA_Time_v2\04_powerbi\rms_data_production_validated.csv
2025-07-30 19:55:42,957 - ProductionSCRPAPipeline - INFO - Performance report generated: C:\Users\carucci_r\OneDrive - City of Hackensack\01_DataSources\SCRPA_Time_v2\performance_report.md
2025-07-30 19:55:42,957 - ProductionSCRPAPipeline - INFO - PERFORMANCE: Full_Pipeline - COMPLETED in 0.33s
2025-07-30 19:55:42,957 - ProductionSCRPAPipeline - INFO - PRODUCTION PIPELINE EXECUTION COMPLETE
